# JRE version: OpenJDK Runtime Environment Temurin-21.0.9+10 (21.0.9+10) (build 21.0.9+10-LTS)
# Java VM: OpenJDK 64-Bit Server VM Temurin-21.0.9+10 (21.0.9+10-LTS, mixed mode, sharing, tiered, compressed oops, compressed class ptrs, parallel gc, windows-amd64)
GC Precious Log:
 CardTable entry size: 512
 CPUs: 8 total, 8 available
 Memory: 15610M
 Large Page Support: Disabled
 NUMA Support: Disabled
 Compressed Oops: Enabled (32-bit)
 Alignments: Space 512K, Generation 512K, Heap 2M
 Heap Min Capacity: 100M
 Heap Initial Capacity: 100M
 Heap Max Capacity: 2G
 Pre-touch: Disabled
 Parallel Workers: 8
Heap:
 PSYoungGen      total 22528K, used 15601K [0x00000000d5580000, 0x00000000d7100000, 0x0000000100000000)
  eden space 21504K, 69% used [0x00000000d5580000,0x00000000d6404ff8,0x00000000d6a80000)
  from space 1024K, 71% used [0x00000000d7000000,0x00000000d70b7458,0x00000000d7100000)
  to   space 1024K, 0% used [0x00000000d6f00000,0x00000000d6f00000,0x00000000d7000000)
 ParOldGen       total 68608K, used 45844K [0x0000000080000000, 0x0000000084300000, 0x00000000d5580000)
  object space 68608K, 66% used [0x0000000080000000,0x0000000082cc5118,0x0000000084300000)
 Metaspace       used 23633K, committed 24576K, reserved 1114112K
  class space    used 2239K, committed 2688K, reserved 1048576K
GC Heap History (20 events):
Event: 18.686 GC heap before
{Heap before GC invocations=22 (full 0):
 PSYoungGen      total 23552K, used 23488K [0x00000000d5580000, 0x00000000d7580000, 0x0000000100000000)
  eden space 21504K, 100% used [0x00000000d5580000,0x00000000d6a80000,0x00000000d6a80000)
  from space 2048K, 96% used [0x00000000d7300000,0x00000000d74f0010,0x00000000d7500000)
  to   space 512K, 0% used [0x00000000d7500000,0x00000000d7500000,0x00000000d7580000)
 ParOldGen       total 68608K, used 37900K [0x0000000080000000, 0x0000000084300000, 0x00000000d5580000)
  object space 68608K, 55% used [0x0000000080000000,0x00000000825030b8,0x0000000084300000)
 Metaspace       used 17686K, committed 18560K, reserved 1114112K
  class space    used 1624K, committed 2048K, reserved 1048576K
}
Event: 18.691 GC heap after
{Heap after GC invocations=22 (full 0):
 PSYoungGen      total 22016K, used 480K [0x00000000d5580000, 0x00000000d7580000, 0x0000000100000000)
  eden space 21504K, 0% used [0x00000000d5580000,0x00000000d5580000,0x00000000d6a80000)
  from space 512K, 93% used [0x00000000d7500000,0x00000000d7578010,0x00000000d7580000)
  to   space 4608K, 0% used [0x00000000d6c80000,0x00000000d6c80000,0x00000000d7100000)
 ParOldGen       total 68608K, used 41566K [0x0000000080000000, 0x0000000084300000, 0x00000000d5580000)
  object space 68608K, 60% used [0x0000000080000000,0x00000000828978c8,0x0000000084300000)
 Metaspace       used 17686K, committed 18560K, reserved 1114112K
  class space    used 1624K, committed 2048K, reserved 1048576K
}
Event: 18.769 GC heap before
{Heap before GC invocations=23 (full 0):
 PSYoungGen      total 22016K, used 21984K [0x00000000d5580000, 0x00000000d7580000, 0x0000000100000000)
  eden space 21504K, 100% used [0x00000000d5580000,0x00000000d6a80000,0x00000000d6a80000)
  from space 512K, 93% used [0x00000000d7500000,0x00000000d7578010,0x00000000d7580000)
  to   space 4608K, 0% used [0x00000000d6c80000,0x00000000d6c80000,0x00000000d7100000)
 ParOldGen       total 68608K, used 41566K [0x0000000080000000, 0x0000000084300000, 0x00000000d5580000)
  object space 68608K, 60% used [0x0000000080000000,0x00000000828978c8,0x0000000084300000)
 Metaspace       used 17700K, committed 18624K, reserved 1114112K
  class space    used 1624K, committed 2048K, reserved 1048576K
}
Event: 18.774 GC heap after
{Heap after GC invocations=23 (full 0):
 PSYoungGen      total 26112K, used 2112K [0x00000000d5580000, 0x00000000d7580000, 0x0000000100000000)
  eden space 21504K, 0% used [0x00000000d5580000,0x00000000d5580000,0x00000000d6a80000)
  from space 4608K, 45% used [0x00000000d6c80000,0x00000000d6e90000,0x00000000d7100000)
  to   space 3072K, 0% used [0x00000000d7280000,0x00000000d7280000,0x00000000d7580000)
 ParOldGen       total 68608K, used 42050K [0x0000000080000000, 0x0000000084300000, 0x00000000d5580000)
  object space 68608K, 61% used [0x0000000080000000,0x0000000082910a00,0x0000000084300000)
 Metaspace       used 17700K, committed 18624K, reserved 1114112K
  class space    used 1624K, committed 2048K, reserved 1048576K
}
Event: 18.837 GC heap before
{Heap before GC invocations=24 (full 0):
 PSYoungGen      total 26112K, used 23616K [0x00000000d5580000, 0x00000000d7580000, 0x0000000100000000)
  eden space 21504K, 100% used [0x00000000d5580000,0x00000000d6a80000,0x00000000d6a80000)
  from space 4608K, 45% used [0x00000000d6c80000,0x00000000d6e90000,0x00000000d7100000)
  to   space 3072K, 0% used [0x00000000d7280000,0x00000000d7280000,0x00000000d7580000)
 ParOldGen       total 68608K, used 42050K [0x0000000080000000, 0x0000000084300000, 0x00000000d5580000)
  object space 68608K, 61% used [0x0000000080000000,0x0000000082910a00,0x0000000084300000)
 Metaspace       used 17714K, committed 18624K, reserved 1114112K
  class space    used 1624K, committed 2048K, reserved 1048576K
}
Event: 18.841 GC heap after
{Heap after GC invocations=24 (full 0):
 PSYoungGen      total 24064K, used 2052K [0x00000000d5580000, 0x00000000d7500000, 0x0000000100000000)
  eden space 21504K, 0% used [0x00000000d5580000,0x00000000d5580000,0x00000000d6a80000)
  from space 2560K, 80% used [0x00000000d7280000,0x00000000d7481000,0x00000000d7500000)
  to   space 2560K, 0% used [0x00000000d7000000,0x00000000d7000000,0x00000000d7280000)
 ParOldGen       total 68608K, used 44032K [0x0000000080000000, 0x0000000084300000, 0x00000000d5580000)
  object space 68608K, 64% used [0x0000000080000000,0x0000000082b003b0,0x0000000084300000)
 Metaspace       used 17714K, committed 18624K, reserved 1114112K
  class space    used 1624K, committed 2048K, reserved 1048576K
}
Event: 18.940 GC heap before
{Heap before GC invocations=25 (full 0):
 PSYoungGen      total 24064K, used 23556K [0x00000000d5580000, 0x00000000d7500000, 0x0000000100000000)
  eden space 21504K, 100% used [0x00000000d5580000,0x00000000d6a80000,0x00000000d6a80000)
  from space 2560K, 80% used [0x00000000d7280000,0x00000000d7481000,0x00000000d7500000)
  to   space 2560K, 0% used [0x00000000d7000000,0x00000000d7000000,0x00000000d7280000)
 ParOldGen       total 68608K, used 44032K [0x0000000080000000, 0x0000000084300000, 0x00000000d5580000)
  object space 68608K, 64% used [0x0000000080000000,0x0000000082b003b0,0x0000000084300000)
 Metaspace       used 17735K, committed 18624K, reserved 1114112K
  class space    used 1625K, committed 2048K, reserved 1048576K
}
Event: 18.945 GC heap after
{Heap after GC invocations=25 (full 0):
 PSYoungGen      total 24064K, used 2176K [0x00000000d5580000, 0x00000000d7300000, 0x0000000100000000)
  eden space 21504K, 0% used [0x00000000d5580000,0x00000000d5580000,0x00000000d6a80000)
  from space 2560K, 85% used [0x00000000d7000000,0x00000000d7220010,0x00000000d7280000)
  to   space 512K, 0% used [0x00000000d7280000,0x00000000d7280000,0x00000000d7300000)
 ParOldGen       total 68608K, used 45977K [0x0000000080000000, 0x0000000084300000, 0x00000000d5580000)
  object space 68608K, 67% used [0x0000000080000000,0x0000000082ce64b0,0x0000000084300000)
 Metaspace       used 17735K, committed 18624K, reserved 1114112K
  class space    used 1625K, committed 2048K, reserved 1048576K
}
Event: 19.047 GC heap before
{Heap before GC invocations=26 (full 0):
 PSYoungGen      total 24064K, used 23680K [0x00000000d5580000, 0x00000000d7300000, 0x0000000100000000)
  eden space 21504K, 100% used [0x00000000d5580000,0x00000000d6a80000,0x00000000d6a80000)
  from space 2560K, 85% used [0x00000000d7000000,0x00000000d7220010,0x00000000d7280000)
  to   space 512K, 0% used [0x00000000d7280000,0x00000000d7280000,0x00000000d7300000)
 ParOldGen       total 68608K, used 45977K [0x0000000080000000, 0x0000000084300000, 0x00000000d5580000)
  object space 68608K, 67% used [0x0000000080000000,0x0000000082ce64b0,0x0000000084300000)
 Metaspace       used 17777K, committed 18752K, reserved 1114112K
  class space    used 1627K, committed 2048K, reserved 1048576K
}
Event: 19.053 GC heap after
{Heap after GC invocations=26 (full 0):
 PSYoungGen      total 22016K, used 512K [0x00000000d5580000, 0x00000000d7300000, 0x0000000100000000)
  eden space 21504K, 0% used [0x00000000d5580000,0x00000000d5580000,0x00000000d6a80000)
  from space 512K, 100% used [0x00000000d7280000,0x00000000d7300000,0x00000000d7300000)
  to   space 4096K, 0% used [0x00000000d6b00000,0x00000000d6b00000,0x00000000d6f00000)
 ParOldGen       total 68608K, used 49217K [0x0000000080000000, 0x0000000084300000, 0x00000000d5580000)
  object space 68608K, 71% used [0x0000000080000000,0x00000000830106c0,0x0000000084300000)
 Metaspace       used 17777K, committed 18752K, reserved 1114112K
  class space    used 1627K, committed 2048K, reserved 1048576K
}
Event: 19.473 GC heap before
{Heap before GC invocations=27 (full 0):
 PSYoungGen      total 22016K, used 22016K [0x00000000d5580000, 0x00000000d7300000, 0x0000000100000000)
  eden space 21504K, 100% used [0x00000000d5580000,0x00000000d6a80000,0x00000000d6a80000)
  from space 512K, 100% used [0x00000000d7280000,0x00000000d7300000,0x00000000d7300000)
  to   space 4096K, 0% used [0x00000000d6b00000,0x00000000d6b00000,0x00000000d6f00000)
 ParOldGen       total 68608K, used 49217K [0x0000000080000000, 0x0000000084300000, 0x00000000d5580000)
  object space 68608K, 71% used [0x0000000080000000,0x00000000830106c0,0x0000000084300000)
 Metaspace       used 19405K, committed 20288K, reserved 1114112K
  class space    used 1847K, committed 2240K, reserved 1048576K
}
Event: 19.476 GC heap after
{Heap after GC invocations=27 (full 0):
 PSYoungGen      total 25600K, used 1400K [0x00000000d5580000, 0x00000000d7300000, 0x0000000100000000)
  eden space 21504K, 0% used [0x00000000d5580000,0x00000000d5580000,0x00000000d6a80000)
  from space 4096K, 34% used [0x00000000d6b00000,0x00000000d6c5e2e8,0x00000000d6f00000)
  to   space 2560K, 0% used [0x00000000d7080000,0x00000000d7080000,0x00000000d7300000)
 ParOldGen       total 68608K, used 49761K [0x0000000080000000, 0x0000000084300000, 0x00000000d5580000)
  object space 68608K, 72% used [0x0000000080000000,0x00000000830986c0,0x0000000084300000)
 Metaspace       used 19405K, committed 20288K, reserved 1114112K
  class space    used 1847K, committed 2240K, reserved 1048576K
}
Event: 20.208 GC heap before
{Heap before GC invocations=28 (full 0):
 PSYoungGen      total 25600K, used 22904K [0x00000000d5580000, 0x00000000d7300000, 0x0000000100000000)
  eden space 21504K, 100% used [0x00000000d5580000,0x00000000d6a80000,0x00000000d6a80000)
  from space 4096K, 34% used [0x00000000d6b00000,0x00000000d6c5e2e8,0x00000000d6f00000)
  to   space 2560K, 0% used [0x00000000d7080000,0x00000000d7080000,0x00000000d7300000)
 ParOldGen       total 68608K, used 49761K [0x0000000080000000, 0x0000000084300000, 0x00000000d5580000)
  object space 68608K, 72% used [0x0000000080000000,0x00000000830986c0,0x0000000084300000)
 Metaspace       used 20652K, committed 21504K, reserved 1114112K
  class space    used 1971K, committed 2368K, reserved 1048576K
}
Event: 20.210 GC heap after
{Heap after GC invocations=28 (full 0):
 PSYoungGen      total 22016K, used 384K [0x00000000d5580000, 0x00000000d7100000, 0x0000000100000000)
  eden space 21504K, 0% used [0x00000000d5580000,0x00000000d5580000,0x00000000d6a80000)
  from space 512K, 75% used [0x00000000d7080000,0x00000000d70e0000,0x00000000d7100000)
  to   space 1024K, 0% used [0x00000000d6f00000,0x00000000d6f00000,0x00000000d7000000)
 ParOldGen       total 68608K, used 51023K [0x0000000080000000, 0x0000000084300000, 0x00000000d5580000)
  object space 68608K, 74% used [0x0000000080000000,0x00000000831d3c00,0x0000000084300000)
 Metaspace       used 20652K, committed 21504K, reserved 1114112K
  class space    used 1971K, committed 2368K, reserved 1048576K
}
Event: 20.210 GC heap before
{Heap before GC invocations=29 (full 1):
 PSYoungGen      total 22016K, used 384K [0x00000000d5580000, 0x00000000d7100000, 0x0000000100000000)
  eden space 21504K, 0% used [0x00000000d5580000,0x00000000d5580000,0x00000000d6a80000)
  from space 512K, 75% used [0x00000000d7080000,0x00000000d70e0000,0x00000000d7100000)
  to   space 1024K, 0% used [0x00000000d6f00000,0x00000000d6f00000,0x00000000d7000000)
 ParOldGen       total 68608K, used 51023K [0x0000000080000000, 0x0000000084300000, 0x00000000d5580000)
  object space 68608K, 74% used [0x0000000080000000,0x00000000831d3c00,0x0000000084300000)
 Metaspace       used 20652K, committed 21504K, reserved 1114112K
  class space    used 1971K, committed 2368K, reserved 1048576K
}
Event: 20.325 GC heap after
{Heap after GC invocations=29 (full 1):
 PSYoungGen      total 22016K, used 0K [0x00000000d5580000, 0x00000000d7100000, 0x0000000100000000)
  eden space 21504K, 0% used [0x00000000d5580000,0x00000000d5580000,0x00000000d6a80000)
  from space 512K, 0% used [0x00000000d7080000,0x00000000d7080000,0x00000000d7100000)
  to   space 1024K, 0% used [0x00000000d6f00000,0x00000000d6f00000,0x00000000d7000000)
 ParOldGen       total 68608K, used 44338K [0x0000000080000000, 0x0000000084300000, 0x00000000d5580000)
  object space 68608K, 64% used [0x0000000080000000,0x0000000082b4cab8,0x0000000084300000)
 Metaspace       used 20644K, committed 21504K, reserved 1114112K
  class space    used 1969K, committed 2368K, reserved 1048576K
}
Event: 20.705 GC heap before
{Heap before GC invocations=30 (full 1):
 PSYoungGen      total 22016K, used 21504K [0x00000000d5580000, 0x00000000d7100000, 0x0000000100000000)
  eden space 21504K, 100% used [0x00000000d5580000,0x00000000d6a80000,0x00000000d6a80000)
  from space 512K, 0% used [0x00000000d7080000,0x00000000d7080000,0x00000000d7100000)
  to   space 1024K, 0% used [0x00000000d6f00000,0x00000000d6f00000,0x00000000d7000000)
 ParOldGen       total 68608K, used 44338K [0x0000000080000000, 0x0000000084300000, 0x00000000d5580000)
  object space 68608K, 64% used [0x0000000080000000,0x0000000082b4cab8,0x0000000084300000)
 Metaspace       used 21794K, committed 22720K, reserved 1114112K
  class space    used 2074K, committed 2496K, reserved 1048576K
}
Event: 20.707 GC heap after
{Heap after GC invocations=30 (full 1):
 PSYoungGen      total 22528K, used 1020K [0x00000000d5580000, 0x00000000d7100000, 0x0000000100000000)
  eden space 21504K, 0% used [0x00000000d5580000,0x00000000d5580000,0x00000000d6a80000)
  from space 1024K, 99% used [0x00000000d6f00000,0x00000000d6fff220,0x00000000d7000000)
  to   space 1024K, 0% used [0x00000000d7000000,0x00000000d7000000,0x00000000d7100000)
 ParOldGen       total 68608K, used 44825K [0x0000000080000000, 0x0000000084300000, 0x00000000d5580000)
  object space 68608K, 65% used [0x0000000080000000,0x0000000082bc6478,0x0000000084300000)
 Metaspace       used 21794K, committed 22720K, reserved 1114112K
  class space    used 2074K, committed 2496K, reserved 1048576K
}
Event: 20.803 GC heap before
{Heap before GC invocations=31 (full 1):
 PSYoungGen      total 22528K, used 22524K [0x00000000d5580000, 0x00000000d7100000, 0x0000000100000000)
  eden space 21504K, 100% used [0x00000000d5580000,0x00000000d6a80000,0x00000000d6a80000)
  from space 1024K, 99% used [0x00000000d6f00000,0x00000000d6fff220,0x00000000d7000000)
  to   space 1024K, 0% used [0x00000000d7000000,0x00000000d7000000,0x00000000d7100000)
 ParOldGen       total 68608K, used 44825K [0x0000000080000000, 0x0000000084300000, 0x00000000d5580000)
  object space 68608K, 65% used [0x0000000080000000,0x0000000082bc6478,0x0000000084300000)
 Metaspace       used 21809K, committed 22720K, reserved 1114112K
  class space    used 2074K, committed 2496K, reserved 1048576K
}
Event: 20.808 GC heap after
{Heap after GC invocations=31 (full 1):
 PSYoungGen      total 22528K, used 733K [0x00000000d5580000, 0x00000000d7100000, 0x0000000100000000)
  eden space 21504K, 0% used [0x00000000d5580000,0x00000000d5580000,0x00000000d6a80000)
  from space 1024K, 71% used [0x00000000d7000000,0x00000000d70b7458,0x00000000d7100000)
  to   space 1024K, 0% used [0x00000000d6f00000,0x00000000d6f00000,0x00000000d7000000)
 ParOldGen       total 68608K, used 45844K [0x0000000080000000, 0x0000000084300000, 0x00000000d5580000)
  object space 68608K, 66% used [0x0000000080000000,0x0000000082cc5118,0x0000000084300000)
 Metaspace       used 21809K, committed 22720K, reserved 1114112K
  class space    used 2074K, committed 2496K, reserved 1048576K
}

