# JRE version: OpenJDK Runtime Environment Temurin-21.0.9+10 (21.0.9+10) (build 21.0.9+10-LTS)
# Java VM: OpenJDK 64-Bit Server VM Temurin-21.0.9+10 (21.0.9+10-LTS, mixed mode, sharing, tiered, compressed oops, compressed class ptrs, parallel gc, windows-amd64)
GC Precious Log:
 CardTable entry size: 512
 CPUs: 8 total, 8 available
 Memory: 15610M
 Large Page Support: Disabled
 NUMA Support: Disabled
 Compressed Oops: Enabled (32-bit)
 Alignments: Space 512K, Generation 512K, Heap 2M
 Heap Min Capacity: 100M
 Heap Initial Capacity: 100M
 Heap Max Capacity: 2G
 Pre-touch: Disabled
 Parallel Workers: 8
Heap:
 PSYoungGen      total 22528K, used 1532K [0x00000000d5580000, 0x00000000d7000000, 0x0000000100000000)
  eden space 20992K, 0% used [0x00000000d5580000,0x00000000d5580000,0x00000000d6a00000)
  from space 1536K, 99% used [0x00000000d6d00000,0x00000000d6e7f0d8,0x00000000d6e80000)
  to   space 1536K, 0% used [0x00000000d6e80000,0x00000000d6e80000,0x00000000d7000000)
 ParOldGen       total 172544K, used 83491K [0x0000000080000000, 0x000000008a880000, 0x00000000d5580000)
  object space 172544K, 48% used [0x0000000080000000,0x0000000085188e18,0x000000008a880000)
 Metaspace       used 43763K, committed 45120K, reserved 1114112K
  class space    used 4232K, committed 4800K, reserved 1048576K
GC Heap History (20 events):
Event: 19.740 GC heap after
{Heap after GC invocations=205 (full 2):
 PSYoungGen      total 25088K, used 0K [0x00000000d5580000, 0x00000000d7600000, 0x0000000100000000)
  eden space 20992K, 0% used [0x00000000d5580000,0x00000000d5580000,0x00000000d6a00000)
  from space 4096K, 0% used [0x00000000d6a00000,0x00000000d6a00000,0x00000000d6e00000)
  to   space 5632K, 0% used [0x00000000d7080000,0x00000000d7080000,0x00000000d7600000)
 ParOldGen       total 172544K, used 72309K [0x0000000080000000, 0x000000008a880000, 0x00000000d5580000)
  object space 172544K, 41% used [0x0000000080000000,0x000000008469d7d0,0x000000008a880000)
 Metaspace       used 34669K, committed 35840K, reserved 1114112K
  class space    used 3207K, committed 3712K, reserved 1048576K
}
Event: 19.905 GC heap before
{Heap before GC invocations=206 (full 2):
 PSYoungGen      total 25088K, used 20992K [0x00000000d5580000, 0x00000000d7600000, 0x0000000100000000)
  eden space 20992K, 100% used [0x00000000d5580000,0x00000000d6a00000,0x00000000d6a00000)
  from space 4096K, 0% used [0x00000000d6a00000,0x00000000d6a00000,0x00000000d6e00000)
  to   space 5632K, 0% used [0x00000000d7080000,0x00000000d7080000,0x00000000d7600000)
 ParOldGen       total 172544K, used 72309K [0x0000000080000000, 0x000000008a880000, 0x00000000d5580000)
  object space 172544K, 41% used [0x0000000080000000,0x000000008469d7d0,0x000000008a880000)
 Metaspace       used 35263K, committed 36480K, reserved 1114112K
  class space    used 3263K, committed 3776K, reserved 1048576K
}
Event: 19.909 GC heap after
{Heap after GC invocations=206 (full 2):
 PSYoungGen      total 24064K, used 3055K [0x00000000d5580000, 0x00000000d7380000, 0x0000000100000000)
  eden space 20992K, 0% used [0x00000000d5580000,0x00000000d5580000,0x00000000d6a00000)
  from space 3072K, 99% used [0x00000000d7080000,0x00000000d737bf00,0x00000000d7380000)
  to   space 4096K, 0% used [0x00000000d6b80000,0x00000000d6b80000,0x00000000d6f80000)
 ParOldGen       total 172544K, used 72309K [0x0000000080000000, 0x000000008a880000, 0x00000000d5580000)
  object space 172544K, 41% used [0x0000000080000000,0x000000008469d7d0,0x000000008a880000)
 Metaspace       used 35263K, committed 36480K, reserved 1114112K
  class space    used 3263K, committed 3776K, reserved 1048576K
}
Event: 20.158 GC heap before
{Heap before GC invocations=207 (full 2):
 PSYoungGen      total 24064K, used 24047K [0x00000000d5580000, 0x00000000d7380000, 0x0000000100000000)
  eden space 20992K, 100% used [0x00000000d5580000,0x00000000d6a00000,0x00000000d6a00000)
  from space 3072K, 99% used [0x00000000d7080000,0x00000000d737bf00,0x00000000d7380000)
  to   space 4096K, 0% used [0x00000000d6b80000,0x00000000d6b80000,0x00000000d6f80000)
 ParOldGen       total 172544K, used 72309K [0x0000000080000000, 0x000000008a880000, 0x00000000d5580000)
  object space 172544K, 41% used [0x0000000080000000,0x000000008469d7d0,0x000000008a880000)
 Metaspace       used 35454K, committed 36736K, reserved 1114112K
  class space    used 3271K, committed 3776K, reserved 1048576K
}
Event: 20.167 GC heap after
{Heap after GC invocations=207 (full 2):
 PSYoungGen      total 25088K, used 4092K [0x00000000d5580000, 0x00000000d7800000, 0x0000000100000000)
  eden space 20992K, 0% used [0x00000000d5580000,0x00000000d5580000,0x00000000d6a00000)
  from space 4096K, 99% used [0x00000000d6b80000,0x00000000d6f7f3f8,0x00000000d6f80000)
  to   space 7168K, 0% used [0x00000000d7100000,0x00000000d7100000,0x00000000d7800000)
 ParOldGen       total 172544K, used 74378K [0x0000000080000000, 0x000000008a880000, 0x00000000d5580000)
  object space 172544K, 43% used [0x0000000080000000,0x00000000848a29b8,0x000000008a880000)
 Metaspace       used 35454K, committed 36736K, reserved 1114112K
  class space    used 3271K, committed 3776K, reserved 1048576K
}
Event: 20.396 GC heap before
{Heap before GC invocations=208 (full 2):
 PSYoungGen      total 25088K, used 25084K [0x00000000d5580000, 0x00000000d7800000, 0x0000000100000000)
  eden space 20992K, 100% used [0x00000000d5580000,0x00000000d6a00000,0x00000000d6a00000)
  from space 4096K, 99% used [0x00000000d6b80000,0x00000000d6f7f3f8,0x00000000d6f80000)
  to   space 7168K, 0% used [0x00000000d7100000,0x00000000d7100000,0x00000000d7800000)
 ParOldGen       total 172544K, used 74378K [0x0000000080000000, 0x000000008a880000, 0x00000000d5580000)
  object space 172544K, 43% used [0x0000000080000000,0x00000000848a29b8,0x000000008a880000)
 Metaspace       used 35644K, committed 36928K, reserved 1114112K
  class space    used 3274K, committed 3840K, reserved 1048576K
}
Event: 20.400 GC heap after
{Heap after GC invocations=208 (full 2):
 PSYoungGen      total 22528K, used 1444K [0x00000000d5580000, 0x00000000d7280000, 0x0000000100000000)
  eden space 20992K, 0% used [0x00000000d5580000,0x00000000d5580000,0x00000000d6a00000)
  from space 1536K, 94% used [0x00000000d7100000,0x00000000d7269210,0x00000000d7280000)
  to   space 3584K, 0% used [0x00000000d6b80000,0x00000000d6b80000,0x00000000d6f00000)
 ParOldGen       total 172544K, used 76664K [0x0000000080000000, 0x000000008a880000, 0x00000000d5580000)
  object space 172544K, 44% used [0x0000000080000000,0x0000000084ade310,0x000000008a880000)
 Metaspace       used 35644K, committed 36928K, reserved 1114112K
  class space    used 3274K, committed 3840K, reserved 1048576K
}
Event: 24.489 GC heap before
{Heap before GC invocations=209 (full 2):
 PSYoungGen      total 22528K, used 22402K [0x00000000d5580000, 0x00000000d7280000, 0x0000000100000000)
  eden space 20992K, 99% used [0x00000000d5580000,0x00000000d69f7978,0x00000000d6a00000)
  from space 1536K, 94% used [0x00000000d7100000,0x00000000d7269210,0x00000000d7280000)
  to   space 3584K, 0% used [0x00000000d6b80000,0x00000000d6b80000,0x00000000d6f00000)
 ParOldGen       total 172544K, used 76664K [0x0000000080000000, 0x000000008a880000, 0x00000000d5580000)
  object space 172544K, 44% used [0x0000000080000000,0x0000000084ade310,0x000000008a880000)
 Metaspace       used 36427K, committed 37632K, reserved 1114112K
  class space    used 3345K, committed 3840K, reserved 1048576K
}
Event: 24.491 GC heap after
{Heap after GC invocations=209 (full 2):
 PSYoungGen      total 24576K, used 952K [0x00000000d5580000, 0x00000000d7180000, 0x0000000100000000)
  eden space 20992K, 0% used [0x00000000d5580000,0x00000000d5580000,0x00000000d6a00000)
  from space 3584K, 26% used [0x00000000d6b80000,0x00000000d6c6e1e0,0x00000000d6f00000)
  to   space 1536K, 0% used [0x00000000d7000000,0x00000000d7000000,0x00000000d7180000)
 ParOldGen       total 172544K, used 77431K [0x0000000080000000, 0x000000008a880000, 0x00000000d5580000)
  object space 172544K, 44% used [0x0000000080000000,0x0000000084b9dde0,0x000000008a880000)
 Metaspace       used 36427K, committed 37632K, reserved 1114112K
  class space    used 3345K, committed 3840K, reserved 1048576K
}
Event: 24.783 GC heap before
{Heap before GC invocations=210 (full 2):
 PSYoungGen      total 24576K, used 21944K [0x00000000d5580000, 0x00000000d7180000, 0x0000000100000000)
  eden space 20992K, 100% used [0x00000000d5580000,0x00000000d6a00000,0x00000000d6a00000)
  from space 3584K, 26% used [0x00000000d6b80000,0x00000000d6c6e1e0,0x00000000d6f00000)
  to   space 1536K, 0% used [0x00000000d7000000,0x00000000d7000000,0x00000000d7180000)
 ParOldGen       total 172544K, used 77431K [0x0000000080000000, 0x000000008a880000, 0x00000000d5580000)
  object space 172544K, 44% used [0x0000000080000000,0x0000000084b9dde0,0x000000008a880000)
 Metaspace       used 37710K, committed 38976K, reserved 1114112K
  class space    used 3473K, committed 4032K, reserved 1048576K
}
Event: 24.786 GC heap after
{Heap after GC invocations=210 (full 2):
 PSYoungGen      total 22528K, used 1531K [0x00000000d5580000, 0x00000000d7180000, 0x0000000100000000)
  eden space 20992K, 0% used [0x00000000d5580000,0x00000000d5580000,0x00000000d6a00000)
  from space 1536K, 99% used [0x00000000d7000000,0x00000000d717ecb8,0x00000000d7180000)
  to   space 2048K, 0% used [0x00000000d6d80000,0x00000000d6d80000,0x00000000d6f80000)
 ParOldGen       total 172544K, used 78285K [0x0000000080000000, 0x000000008a880000, 0x00000000d5580000)
  object space 172544K, 45% used [0x0000000080000000,0x0000000084c736e0,0x000000008a880000)
 Metaspace       used 37710K, committed 38976K, reserved 1114112K
  class space    used 3473K, committed 4032K, reserved 1048576K
}
Event: 25.010 GC heap before
{Heap before GC invocations=211 (full 2):
 PSYoungGen      total 22528K, used 22523K [0x00000000d5580000, 0x00000000d7180000, 0x0000000100000000)
  eden space 20992K, 100% used [0x00000000d5580000,0x00000000d6a00000,0x00000000d6a00000)
  from space 1536K, 99% used [0x00000000d7000000,0x00000000d717ecb8,0x00000000d7180000)
  to   space 2048K, 0% used [0x00000000d6d80000,0x00000000d6d80000,0x00000000d6f80000)
 ParOldGen       total 172544K, used 78285K [0x0000000080000000, 0x000000008a880000, 0x00000000d5580000)
  object space 172544K, 45% used [0x0000000080000000,0x0000000084c736e0,0x000000008a880000)
 Metaspace       used 38519K, committed 39744K, reserved 1114112K
  class space    used 3576K, committed 4096K, reserved 1048576K
}
Event: 25.012 GC heap after
{Heap after GC invocations=211 (full 2):
 PSYoungGen      total 23040K, used 352K [0x00000000d5580000, 0x00000000d7080000, 0x0000000100000000)
  eden space 20992K, 0% used [0x00000000d5580000,0x00000000d5580000,0x00000000d6a00000)
  from space 2048K, 17% used [0x00000000d6d80000,0x00000000d6dd8000,0x00000000d6f80000)
  to   space 1024K, 0% used [0x00000000d6f80000,0x00000000d6f80000,0x00000000d7080000)
 ParOldGen       total 172544K, used 79338K [0x0000000080000000, 0x000000008a880000, 0x00000000d5580000)
  object space 172544K, 45% used [0x0000000080000000,0x0000000084d7aa50,0x000000008a880000)
 Metaspace       used 38519K, committed 39744K, reserved 1114112K
  class space    used 3576K, committed 4096K, reserved 1048576K
}
Event: 25.253 GC heap before
{Heap before GC invocations=212 (full 2):
 PSYoungGen      total 23040K, used 21327K [0x00000000d5580000, 0x00000000d7080000, 0x0000000100000000)
  eden space 20992K, 99% used [0x00000000d5580000,0x00000000d69fbf70,0x00000000d6a00000)
  from space 2048K, 17% used [0x00000000d6d80000,0x00000000d6dd8000,0x00000000d6f80000)
  to   space 1024K, 0% used [0x00000000d6f80000,0x00000000d6f80000,0x00000000d7080000)
 ParOldGen       total 172544K, used 79338K [0x0000000080000000, 0x000000008a880000, 0x00000000d5580000)
  object space 172544K, 45% used [0x0000000080000000,0x0000000084d7aa50,0x000000008a880000)
 Metaspace       used 39509K, committed 40704K, reserved 1114112K
  class space    used 3702K, committed 4224K, reserved 1048576K
}
Event: 25.256 GC heap after
{Heap after GC invocations=212 (full 2):
 PSYoungGen      total 22016K, used 1001K [0x00000000d5580000, 0x00000000d7080000, 0x0000000100000000)
  eden space 20992K, 0% used [0x00000000d5580000,0x00000000d5580000,0x00000000d6a00000)
  from space 1024K, 97% used [0x00000000d6f80000,0x00000000d707a400,0x00000000d7080000)
  to   space 2560K, 0% used [0x00000000d6b80000,0x00000000d6b80000,0x00000000d6e00000)
 ParOldGen       total 172544K, used 80515K [0x0000000080000000, 0x000000008a880000, 0x00000000d5580000)
  object space 172544K, 46% used [0x0000000080000000,0x0000000084ea0ef0,0x000000008a880000)
 Metaspace       used 39509K, committed 40704K, reserved 1114112K
  class space    used 3702K, committed 4224K, reserved 1048576K
}
Event: 25.584 GC heap before
{Heap before GC invocations=213 (full 2):
 PSYoungGen      total 22016K, used 21993K [0x00000000d5580000, 0x00000000d7080000, 0x0000000100000000)
  eden space 20992K, 100% used [0x00000000d5580000,0x00000000d6a00000,0x00000000d6a00000)
  from space 1024K, 97% used [0x00000000d6f80000,0x00000000d707a400,0x00000000d7080000)
  to   space 2560K, 0% used [0x00000000d6b80000,0x00000000d6b80000,0x00000000d6e00000)
 ParOldGen       total 172544K, used 80515K [0x0000000080000000, 0x000000008a880000, 0x00000000d5580000)
  object space 172544K, 46% used [0x0000000080000000,0x0000000084ea0ef0,0x000000008a880000)
 Metaspace       used 41301K, committed 42688K, reserved 1114112K
  class space    used 3915K, committed 4480K, reserved 1048576K
}
Event: 25.586 GC heap after
{Heap after GC invocations=213 (full 2):
 PSYoungGen      total 23552K, used 761K [0x00000000d5580000, 0x00000000d7000000, 0x0000000100000000)
  eden space 20992K, 0% used [0x00000000d5580000,0x00000000d5580000,0x00000000d6a00000)
  from space 2560K, 29% used [0x00000000d6b80000,0x00000000d6c3e5f8,0x00000000d6e00000)
  to   space 1536K, 0% used [0x00000000d6e80000,0x00000000d6e80000,0x00000000d7000000)
 ParOldGen       total 172544K, used 81484K [0x0000000080000000, 0x000000008a880000, 0x00000000d5580000)
  object space 172544K, 47% used [0x0000000080000000,0x0000000084f932f0,0x000000008a880000)
 Metaspace       used 41301K, committed 42688K, reserved 1114112K
  class space    used 3915K, committed 4480K, reserved 1048576K
}
Event: 25.921 GC heap before
{Heap before GC invocations=214 (full 2):
 PSYoungGen      total 23552K, used 21753K [0x00000000d5580000, 0x00000000d7000000, 0x0000000100000000)
  eden space 20992K, 100% used [0x00000000d5580000,0x00000000d6a00000,0x00000000d6a00000)
  from space 2560K, 29% used [0x00000000d6b80000,0x00000000d6c3e5f8,0x00000000d6e00000)
  to   space 1536K, 0% used [0x00000000d6e80000,0x00000000d6e80000,0x00000000d7000000)
 ParOldGen       total 172544K, used 81484K [0x0000000080000000, 0x000000008a880000, 0x00000000d5580000)
  object space 172544K, 47% used [0x0000000080000000,0x0000000084f932f0,0x000000008a880000)
 Metaspace       used 43416K, committed 44736K, reserved 1114112K
  class space    used 4181K, committed 4736K, reserved 1048576K
}
Event: 25.924 GC heap after
{Heap after GC invocations=214 (full 2):
 PSYoungGen      total 22528K, used 1087K [0x00000000d5580000, 0x00000000d7000000, 0x0000000100000000)
  eden space 20992K, 0% used [0x00000000d5580000,0x00000000d5580000,0x00000000d6a00000)
  from space 1536K, 70% used [0x00000000d6e80000,0x00000000d6f8fca8,0x00000000d7000000)
  to   space 1536K, 0% used [0x00000000d6d00000,0x00000000d6d00000,0x00000000d6e80000)
 ParOldGen       total 172544K, used 82075K [0x0000000080000000, 0x000000008a880000, 0x00000000d5580000)
  object space 172544K, 47% used [0x0000000080000000,0x0000000085026c50,0x000000008a880000)
 Metaspace       used 43416K, committed 44736K, reserved 1114112K
  class space    used 4181K, committed 4736K, reserved 1048576K
}
Event: 30.707 GC heap before
{Heap before GC invocations=215 (full 2):
 PSYoungGen      total 22528K, used 22079K [0x00000000d5580000, 0x00000000d7000000, 0x0000000100000000)
  eden space 20992K, 100% used [0x00000000d5580000,0x00000000d6a00000,0x00000000d6a00000)
  from space 1536K, 70% used [0x00000000d6e80000,0x00000000d6f8fca8,0x00000000d7000000)
  to   space 1536K, 0% used [0x00000000d6d00000,0x00000000d6d00000,0x00000000d6e80000)
 ParOldGen       total 172544K, used 82075K [0x0000000080000000, 0x000000008a880000, 0x00000000d5580000)
  object space 172544K, 47% used [0x0000000080000000,0x0000000085026c50,0x000000008a880000)
 Metaspace       used 43763K, committed 45120K, reserved 1114112K
  class space    used 4232K, committed 4800K, reserved 1048576K
}

