# JRE version: OpenJDK Runtime Environment Temurin-21.0.9+10 (21.0.9+10) (build 21.0.9+10-LTS)
# Java VM: OpenJDK 64-Bit Server VM Temurin-21.0.9+10 (21.0.9+10-LTS, mixed mode, sharing, tiered, compressed oops, compressed class ptrs, parallel gc, windows-amd64)
GC Precious Log:
 CardTable entry size: 512
 CPUs: 8 total, 8 available
 Memory: 15610M
 Large Page Support: Disabled
 NUMA Support: Disabled
 Compressed Oops: Enabled (32-bit)
 Alignments: Space 512K, Generation 512K, Heap 2M
 Heap Min Capacity: 100M
 Heap Initial Capacity: 100M
 Heap Max Capacity: 2G
 Pre-touch: Disabled
 Parallel Workers: 8
Heap:
 PSYoungGen      total 21504K, used 16476K [0x00000000d5580000, 0x00000000d6f80000, 0x0000000100000000)
  eden space 20480K, 75% used [0x00000000d5580000,0x00000000d649e658,0x00000000d6980000)
  from space 1024K, 97% used [0x00000000d6980000,0x00000000d6a789b8,0x00000000d6a80000)
  to   space 3072K, 0% used [0x00000000d6c80000,0x00000000d6c80000,0x00000000d6f80000)
 ParOldGen       total 68608K, used 33161K [0x0000000080000000, 0x0000000084300000, 0x00000000d5580000)
  object space 68608K, 48% used [0x0000000080000000,0x00000000820626b0,0x0000000084300000)
 Metaspace       used 43218K, committed 44352K, reserved 1114112K
  class space    used 4371K, committed 4864K, reserved 1048576K
GC Heap History (20 events):
Event: 12.539 GC heap before
{Heap before GC invocations=16 (full 1):
 PSYoungGen      total 23552K, used 23108K [0x00000000d5580000, 0x00000000d6f80000, 0x0000000100000000)
  eden space 20992K, 100% used [0x00000000d5580000,0x00000000d6a00000,0x00000000d6a00000)
  from space 2560K, 82% used [0x00000000d6d00000,0x00000000d6f11000,0x00000000d6f80000)
  to   space 2560K, 0% used [0x00000000d6a00000,0x00000000d6a00000,0x00000000d6c80000)
 ParOldGen       total 68608K, used 23338K [0x0000000080000000, 0x0000000084300000, 0x00000000d5580000)
  object space 68608K, 34% used [0x0000000080000000,0x00000000816ca970,0x0000000084300000)
 Metaspace       used 32444K, committed 33536K, reserved 1114112K
  class space    used 3314K, committed 3840K, reserved 1048576K
}
Event: 12.543 GC heap after
{Heap after GC invocations=16 (full 1):
 PSYoungGen      total 23552K, used 2144K [0x00000000d5580000, 0x00000000d6f00000, 0x0000000100000000)
  eden space 20992K, 0% used [0x00000000d5580000,0x00000000d5580000,0x00000000d6a00000)
  from space 2560K, 83% used [0x00000000d6a00000,0x00000000d6c18010,0x00000000d6c80000)
  to   space 2560K, 0% used [0x00000000d6c80000,0x00000000d6c80000,0x00000000d6f00000)
 ParOldGen       total 68608K, used 25325K [0x0000000080000000, 0x0000000084300000, 0x00000000d5580000)
  object space 68608K, 36% used [0x0000000080000000,0x00000000818bb4c0,0x0000000084300000)
 Metaspace       used 32444K, committed 33536K, reserved 1114112K
  class space    used 3314K, committed 3840K, reserved 1048576K
}
Event: 12.606 GC heap before
{Heap before GC invocations=17 (full 1):
 PSYoungGen      total 23552K, used 23136K [0x00000000d5580000, 0x00000000d6f00000, 0x0000000100000000)
  eden space 20992K, 100% used [0x00000000d5580000,0x00000000d6a00000,0x00000000d6a00000)
  from space 2560K, 83% used [0x00000000d6a00000,0x00000000d6c18010,0x00000000d6c80000)
  to   space 2560K, 0% used [0x00000000d6c80000,0x00000000d6c80000,0x00000000d6f00000)
 ParOldGen       total 68608K, used 25325K [0x0000000080000000, 0x0000000084300000, 0x00000000d5580000)
  object space 68608K, 36% used [0x0000000080000000,0x00000000818bb4c0,0x0000000084300000)
 Metaspace       used 32529K, committed 33600K, reserved 1114112K
  class space    used 3316K, committed 3840K, reserved 1048576K
}
Event: 12.608 GC heap after
{Heap after GC invocations=17 (full 1):
 PSYoungGen      total 23040K, used 1976K [0x00000000d5580000, 0x00000000d6e80000, 0x0000000100000000)
  eden space 20992K, 0% used [0x00000000d5580000,0x00000000d5580000,0x00000000d6a00000)
  from space 2048K, 96% used [0x00000000d6c80000,0x00000000d6e6e200,0x00000000d6e80000)
  to   space 2048K, 0% used [0x00000000d6a80000,0x00000000d6a80000,0x00000000d6c80000)
 ParOldGen       total 68608K, used 27397K [0x0000000080000000, 0x0000000084300000, 0x00000000d5580000)
  object space 68608K, 39% used [0x0000000080000000,0x0000000081ac14d0,0x0000000084300000)
 Metaspace       used 32529K, committed 33600K, reserved 1114112K
  class space    used 3316K, committed 3840K, reserved 1048576K
}
Event: 12.766 GC heap before
{Heap before GC invocations=18 (full 1):
 PSYoungGen      total 23040K, used 22968K [0x00000000d5580000, 0x00000000d6e80000, 0x0000000100000000)
  eden space 20992K, 100% used [0x00000000d5580000,0x00000000d6a00000,0x00000000d6a00000)
  from space 2048K, 96% used [0x00000000d6c80000,0x00000000d6e6e200,0x00000000d6e80000)
  to   space 2048K, 0% used [0x00000000d6a80000,0x00000000d6a80000,0x00000000d6c80000)
 ParOldGen       total 68608K, used 27397K [0x0000000080000000, 0x0000000084300000, 0x00000000d5580000)
  object space 68608K, 39% used [0x0000000080000000,0x0000000081ac14d0,0x0000000084300000)
 Metaspace       used 33249K, committed 34304K, reserved 1114112K
  class space    used 3406K, committed 3904K, reserved 1048576K
}
Event: 12.772 GC heap after
{Heap after GC invocations=18 (full 1):
 PSYoungGen      total 23040K, used 1728K [0x00000000d5580000, 0x00000000d6e00000, 0x0000000100000000)
  eden space 20992K, 0% used [0x00000000d5580000,0x00000000d5580000,0x00000000d6a00000)
  from space 2048K, 84% used [0x00000000d6a80000,0x00000000d6c30000,0x00000000d6c80000)
  to   space 1536K, 0% used [0x00000000d6c80000,0x00000000d6c80000,0x00000000d6e00000)
 ParOldGen       total 68608K, used 29261K [0x0000000080000000, 0x0000000084300000, 0x00000000d5580000)
  object space 68608K, 42% used [0x0000000080000000,0x0000000081c936d0,0x0000000084300000)
 Metaspace       used 33249K, committed 34304K, reserved 1114112K
  class space    used 3406K, committed 3904K, reserved 1048576K
}
Event: 17.015 GC heap before
{Heap before GC invocations=19 (full 1):
 PSYoungGen      total 23040K, used 13026K [0x00000000d5580000, 0x00000000d6e00000, 0x0000000100000000)
  eden space 20992K, 53% used [0x00000000d5580000,0x00000000d6088810,0x00000000d6a00000)
  from space 2048K, 84% used [0x00000000d6a80000,0x00000000d6c30000,0x00000000d6c80000)
  to   space 1536K, 0% used [0x00000000d6c80000,0x00000000d6c80000,0x00000000d6e00000)
 ParOldGen       total 68608K, used 29261K [0x0000000080000000, 0x0000000084300000, 0x00000000d5580000)
  object space 68608K, 42% used [0x0000000080000000,0x0000000081c936d0,0x0000000084300000)
 Metaspace       used 34804K, committed 35840K, reserved 1114112K
  class space    used 3564K, committed 4032K, reserved 1048576K
}
Event: 17.019 GC heap after
{Heap after GC invocations=19 (full 1):
 PSYoungGen      total 22016K, used 957K [0x00000000d5580000, 0x00000000d6d80000, 0x0000000100000000)
  eden space 20992K, 0% used [0x00000000d5580000,0x00000000d5580000,0x00000000d6a00000)
  from space 1024K, 93% used [0x00000000d6c80000,0x00000000d6d6f700,0x00000000d6d80000)
  to   space 1536K, 0% used [0x00000000d6a80000,0x00000000d6a80000,0x00000000d6c00000)
 ParOldGen       total 68608K, used 30783K [0x0000000080000000, 0x0000000084300000, 0x00000000d5580000)
  object space 68608K, 44% used [0x0000000080000000,0x0000000081e0ff18,0x0000000084300000)
 Metaspace       used 34804K, committed 35840K, reserved 1114112K
  class space    used 3564K, committed 4032K, reserved 1048576K
}
Event: 17.019 GC heap before
{Heap before GC invocations=20 (full 2):
 PSYoungGen      total 22016K, used 957K [0x00000000d5580000, 0x00000000d6d80000, 0x0000000100000000)
  eden space 20992K, 0% used [0x00000000d5580000,0x00000000d5580000,0x00000000d6a00000)
  from space 1024K, 93% used [0x00000000d6c80000,0x00000000d6d6f700,0x00000000d6d80000)
  to   space 1536K, 0% used [0x00000000d6a80000,0x00000000d6a80000,0x00000000d6c00000)
 ParOldGen       total 68608K, used 30783K [0x0000000080000000, 0x0000000084300000, 0x00000000d5580000)
  object space 68608K, 44% used [0x0000000080000000,0x0000000081e0ff18,0x0000000084300000)
 Metaspace       used 34804K, committed 35840K, reserved 1114112K
  class space    used 3564K, committed 4032K, reserved 1048576K
}
Event: 17.094 GC heap after
{Heap after GC invocations=20 (full 2):
 PSYoungGen      total 22016K, used 0K [0x00000000d5580000, 0x00000000d6d80000, 0x0000000100000000)
  eden space 20992K, 0% used [0x00000000d5580000,0x00000000d5580000,0x00000000d6a00000)
  from space 1024K, 0% used [0x00000000d6c80000,0x00000000d6c80000,0x00000000d6d80000)
  to   space 1536K, 0% used [0x00000000d6a80000,0x00000000d6a80000,0x00000000d6c00000)
 ParOldGen       total 68608K, used 29633K [0x0000000080000000, 0x0000000084300000, 0x00000000d5580000)
  object space 68608K, 43% used [0x0000000080000000,0x0000000081cf0640,0x0000000084300000)
 Metaspace       used 34685K, committed 35840K, reserved 1114112K
  class space    used 3530K, committed 4032K, reserved 1048576K
}
Event: 17.629 GC heap before
{Heap before GC invocations=21 (full 2):
 PSYoungGen      total 22016K, used 20952K [0x00000000d5580000, 0x00000000d6d80000, 0x0000000100000000)
  eden space 20992K, 99% used [0x00000000d5580000,0x00000000d69f60b8,0x00000000d6a00000)
  from space 1024K, 0% used [0x00000000d6c80000,0x00000000d6c80000,0x00000000d6d80000)
  to   space 1536K, 0% used [0x00000000d6a80000,0x00000000d6a80000,0x00000000d6c00000)
 ParOldGen       total 68608K, used 29633K [0x0000000080000000, 0x0000000084300000, 0x00000000d5580000)
  object space 68608K, 43% used [0x0000000080000000,0x0000000081cf0640,0x0000000084300000)
 Metaspace       used 35765K, committed 36736K, reserved 1114112K
  class space    used 3664K, committed 4096K, reserved 1048576K
}
Event: 17.630 GC heap after
{Heap after GC invocations=21 (full 2):
 PSYoungGen      total 22528K, used 448K [0x00000000d5580000, 0x00000000d6d00000, 0x0000000100000000)
  eden space 20992K, 0% used [0x00000000d5580000,0x00000000d5580000,0x00000000d6a00000)
  from space 1536K, 29% used [0x00000000d6a80000,0x00000000d6af0000,0x00000000d6c00000)
  to   space 1024K, 0% used [0x00000000d6c00000,0x00000000d6c00000,0x00000000d6d00000)
 ParOldGen       total 68608K, used 29641K [0x0000000080000000, 0x0000000084300000, 0x00000000d5580000)
  object space 68608K, 43% used [0x0000000080000000,0x0000000081cf2640,0x0000000084300000)
 Metaspace       used 35765K, committed 36736K, reserved 1114112K
  class space    used 3664K, committed 4096K, reserved 1048576K
}
Event: 17.828 GC heap before
{Heap before GC invocations=22 (full 2):
 PSYoungGen      total 22528K, used 21409K [0x00000000d5580000, 0x00000000d6d00000, 0x0000000100000000)
  eden space 20992K, 99% used [0x00000000d5580000,0x00000000d69f8690,0x00000000d6a00000)
  from space 1536K, 29% used [0x00000000d6a80000,0x00000000d6af0000,0x00000000d6c00000)
  to   space 1024K, 0% used [0x00000000d6c00000,0x00000000d6c00000,0x00000000d6d00000)
 ParOldGen       total 68608K, used 29641K [0x0000000080000000, 0x0000000084300000, 0x00000000d5580000)
  object space 68608K, 43% used [0x0000000080000000,0x0000000081cf2640,0x0000000084300000)
 Metaspace       used 37397K, committed 38400K, reserved 1114112K
  class space    used 3827K, committed 4288K, reserved 1048576K
}
Event: 17.829 GC heap after
{Heap after GC invocations=22 (full 2):
 PSYoungGen      total 21504K, used 997K [0x00000000d5580000, 0x00000000d6f00000, 0x0000000100000000)
  eden space 20480K, 0% used [0x00000000d5580000,0x00000000d5580000,0x00000000d6980000)
  from space 1024K, 97% used [0x00000000d6c00000,0x00000000d6cf9540,0x00000000d6d00000)
  to   space 2560K, 0% used [0x00000000d6980000,0x00000000d6980000,0x00000000d6c00000)
 ParOldGen       total 68608K, used 30631K [0x0000000080000000, 0x0000000084300000, 0x00000000d5580000)
  object space 68608K, 44% used [0x0000000080000000,0x0000000081de9e40,0x0000000084300000)
 Metaspace       used 37397K, committed 38400K, reserved 1114112K
  class space    used 3827K, committed 4288K, reserved 1048576K
}
Event: 17.894 GC heap before
{Heap before GC invocations=23 (full 2):
 PSYoungGen      total 21504K, used 21477K [0x00000000d5580000, 0x00000000d6f00000, 0x0000000100000000)
  eden space 20480K, 100% used [0x00000000d5580000,0x00000000d6980000,0x00000000d6980000)
  from space 1024K, 97% used [0x00000000d6c00000,0x00000000d6cf9540,0x00000000d6d00000)
  to   space 2560K, 0% used [0x00000000d6980000,0x00000000d6980000,0x00000000d6c00000)
 ParOldGen       total 68608K, used 30631K [0x0000000080000000, 0x0000000084300000, 0x00000000d5580000)
  object space 68608K, 44% used [0x0000000080000000,0x0000000081de9e40,0x0000000084300000)
 Metaspace       used 37564K, committed 38592K, reserved 1114112K
  class space    used 3830K, committed 4288K, reserved 1048576K
}
Event: 17.895 GC heap after
{Heap after GC invocations=23 (full 2):
 PSYoungGen      total 21504K, used 726K [0x00000000d5580000, 0x00000000d6c80000, 0x0000000100000000)
  eden space 20480K, 0% used [0x00000000d5580000,0x00000000d5580000,0x00000000d6980000)
  from space 1024K, 70% used [0x00000000d6980000,0x00000000d6a359e8,0x00000000d6a80000)
  to   space 1536K, 0% used [0x00000000d6b00000,0x00000000d6b00000,0x00000000d6c80000)
 ParOldGen       total 68608K, used 31588K [0x0000000080000000, 0x0000000084300000, 0x00000000d5580000)
  object space 68608K, 46% used [0x0000000080000000,0x0000000081ed9370,0x0000000084300000)
 Metaspace       used 37564K, committed 38592K, reserved 1114112K
  class space    used 3830K, committed 4288K, reserved 1048576K
}
Event: 18.071 GC heap before
{Heap before GC invocations=24 (full 2):
 PSYoungGen      total 21504K, used 21206K [0x00000000d5580000, 0x00000000d6c80000, 0x0000000100000000)
  eden space 20480K, 100% used [0x00000000d5580000,0x00000000d6980000,0x00000000d6980000)
  from space 1024K, 70% used [0x00000000d6980000,0x00000000d6a359e8,0x00000000d6a80000)
  to   space 1536K, 0% used [0x00000000d6b00000,0x00000000d6b00000,0x00000000d6c80000)
 ParOldGen       total 68608K, used 31588K [0x0000000080000000, 0x0000000084300000, 0x00000000d5580000)
  object space 68608K, 46% used [0x0000000080000000,0x0000000081ed9370,0x0000000084300000)
 Metaspace       used 39173K, committed 40128K, reserved 1114112K
  class space    used 3986K, committed 4416K, reserved 1048576K
}
Event: 18.072 GC heap after
{Heap after GC invocations=24 (full 2):
 PSYoungGen      total 21504K, used 683K [0x00000000d5580000, 0x00000000d6c00000, 0x0000000100000000)
  eden space 20480K, 0% used [0x00000000d5580000,0x00000000d5580000,0x00000000d6980000)
  from space 1024K, 66% used [0x00000000d6b00000,0x00000000d6baac68,0x00000000d6c00000)
  to   space 1024K, 0% used [0x00000000d6980000,0x00000000d6980000,0x00000000d6a80000)
 ParOldGen       total 68608K, used 31612K [0x0000000080000000, 0x0000000084300000, 0x00000000d5580000)
  object space 68608K, 46% used [0x0000000080000000,0x0000000081edf370,0x0000000084300000)
 Metaspace       used 39173K, committed 40128K, reserved 1114112K
  class space    used 3986K, committed 4416K, reserved 1048576K
}
Event: 19.047 GC heap before
{Heap before GC invocations=25 (full 2):
 PSYoungGen      total 21504K, used 21163K [0x00000000d5580000, 0x00000000d6c00000, 0x0000000100000000)
  eden space 20480K, 100% used [0x00000000d5580000,0x00000000d6980000,0x00000000d6980000)
  from space 1024K, 66% used [0x00000000d6b00000,0x00000000d6baac68,0x00000000d6c00000)
  to   space 1024K, 0% used [0x00000000d6980000,0x00000000d6980000,0x00000000d6a80000)
 ParOldGen       total 68608K, used 31612K [0x0000000080000000, 0x0000000084300000, 0x00000000d5580000)
  object space 68608K, 46% used [0x0000000080000000,0x0000000081edf370,0x0000000084300000)
 Metaspace       used 41707K, committed 42688K, reserved 1114112K
  class space    used 4247K, committed 4672K, reserved 1048576K
}
Event: 19.051 GC heap after
{Heap after GC invocations=25 (full 2):
 PSYoungGen      total 21504K, used 994K [0x00000000d5580000, 0x00000000d6f80000, 0x0000000100000000)
  eden space 20480K, 0% used [0x00000000d5580000,0x00000000d5580000,0x00000000d6980000)
  from space 1024K, 97% used [0x00000000d6980000,0x00000000d6a789b8,0x00000000d6a80000)
  to   space 3072K, 0% used [0x00000000d6c80000,0x00000000d6c80000,0x00000000d6f80000)
 ParOldGen       total 68608K, used 33161K [0x0000000080000000, 0x0000000084300000, 0x00000000d5580000)
  object space 68608K, 48% used [0x0000000080000000,0x00000000820626b0,0x0000000084300000)
 Metaspace       used 41707K, committed 42688K, reserved 1114112K
  class space    used 4247K, committed 4672K, reserved 1048576K
}

