# JRE version: OpenJDK Runtime Environment Temurin-21.0.9+10 (21.0.9+10) (build 21.0.9+10-LTS)
# Java VM: OpenJDK 64-Bit Server VM Temurin-21.0.9+10 (21.0.9+10-LTS, mixed mode, sharing, tiered, compressed oops, compressed class ptrs, parallel gc, windows-amd64)
GC Precious Log:
 CardTable entry size: 512
 CPUs: 8 total, 8 available
 Memory: 15610M
 Large Page Support: Disabled
 NUMA Support: Disabled
 Compressed Oops: Enabled (32-bit)
 Alignments: Space 512K, Generation 512K, Heap 2M
 Heap Min Capacity: 100M
 Heap Initial Capacity: 100M
 Heap Max Capacity: 2G
 Pre-touch: Disabled
 Parallel Workers: 8
Heap:
 PSYoungGen      total 7680K, used 7669K [0x00000000d5580000, 0x00000000d6680000, 0x0000000100000000)
  eden space 5120K, 100% used [0x00000000d5580000,0x00000000d5a80000,0x00000000d5a80000)
  from space 2560K, 99% used [0x00000000d5b80000,0x00000000d5dfd600,0x00000000d5e00000)
  to   space 6144K, 0% used [0x00000000d6080000,0x00000000d6080000,0x00000000d6680000)
 ParOldGen       total 1089536K, used 1088691K [0x0000000080000000, 0x00000000c2800000, 0x00000000d5580000)
  object space 1089536K, 99% used [0x0000000080000000,0x00000000c272cfb8,0x00000000c2800000)
 Metaspace       used 57978K, committed 59648K, reserved 1114112K
  class space    used 5415K, committed 6144K, reserved 1048576K
GC Heap History (20 events):
Event: 1203.546 GC heap before
{Heap before GC invocations=2164 (full 4):
 PSYoungGen      total 7168K, used 7040K [0x00000000d5580000, 0x00000000d5e00000, 0x0000000100000000)
  eden space 6656K, 100% used [0x00000000d5580000,0x00000000d5c00000,0x00000000d5c00000)
  from space 512K, 75% used [0x00000000d5c00000,0x00000000d5c60000,0x00000000d5c80000)
  to   space 1024K, 0% used [0x00000000d5d00000,0x00000000d5d00000,0x00000000d5e00000)
 ParOldGen       total 1052160K, used 1051896K [0x0000000080000000, 0x00000000c0380000, 0x00000000d5580000)
  object space 1052160K, 99% used [0x0000000080000000,0x00000000c033e0c8,0x00000000c0380000)
 Metaspace       used 57934K, committed 59648K, reserved 1114112K
  class space    used 5415K, committed 6144K, reserved 1048576K
}
Event: 1203.548 GC heap after
{Heap after GC invocations=2164 (full 4):
 PSYoungGen      total 7168K, used 996K [0x00000000d5580000, 0x00000000d5f00000, 0x0000000100000000)
  eden space 6144K, 0% used [0x00000000d5580000,0x00000000d5580000,0x00000000d5b80000)
  from space 1024K, 97% used [0x00000000d5d00000,0x00000000d5df9210,0x00000000d5e00000)
  to   space 1536K, 0% used [0x00000000d5b80000,0x00000000d5b80000,0x00000000d5d00000)
 ParOldGen       total 1052672K, used 1052200K [0x0000000080000000, 0x00000000c0400000, 0x00000000d5580000)
  object space 1052672K, 99% used [0x0000000080000000,0x00000000c038a0d0,0x00000000c0400000)
 Metaspace       used 57934K, committed 59648K, reserved 1114112K
  class space    used 5415K, committed 6144K, reserved 1048576K
}
Event: 1203.985 GC heap before
{Heap before GC invocations=2165 (full 4):
 PSYoungGen      total 7168K, used 7140K [0x00000000d5580000, 0x00000000d5f00000, 0x0000000100000000)
  eden space 6144K, 99% used [0x00000000d5580000,0x00000000d5b7fff0,0x00000000d5b80000)
  from space 1024K, 97% used [0x00000000d5d00000,0x00000000d5df9210,0x00000000d5e00000)
  to   space 1536K, 0% used [0x00000000d5b80000,0x00000000d5b80000,0x00000000d5d00000)
 ParOldGen       total 1052672K, used 1052200K [0x0000000080000000, 0x00000000c0400000, 0x00000000d5580000)
  object space 1052672K, 99% used [0x0000000080000000,0x00000000c038a0d0,0x00000000c0400000)
 Metaspace       used 57935K, committed 59648K, reserved 1114112K
  class space    used 5415K, committed 6144K, reserved 1048576K
}
Event: 1203.988 GC heap after
{Heap after GC invocations=2165 (full 4):
 PSYoungGen      total 7168K, used 660K [0x00000000d5580000, 0x00000000d5d80000, 0x0000000100000000)
  eden space 6144K, 0% used [0x00000000d5580000,0x00000000d5580000,0x00000000d5b80000)
  from space 1024K, 64% used [0x00000000d5b80000,0x00000000d5c25200,0x00000000d5c80000)
  to   space 1024K, 0% used [0x00000000d5c80000,0x00000000d5c80000,0x00000000d5d80000)
 ParOldGen       total 1053184K, used 1053169K [0x0000000080000000, 0x00000000c0480000, 0x00000000d5580000)
  object space 1053184K, 99% used [0x0000000080000000,0x00000000c047c740,0x00000000c0480000)
 Metaspace       used 57935K, committed 59648K, reserved 1114112K
  class space    used 5415K, committed 6144K, reserved 1048576K
}
Event: 1204.005 GC heap before
{Heap before GC invocations=2166 (full 4):
 PSYoungGen      total 7168K, used 6804K [0x00000000d5580000, 0x00000000d5d80000, 0x0000000100000000)
  eden space 6144K, 100% used [0x00000000d5580000,0x00000000d5b80000,0x00000000d5b80000)
  from space 1024K, 64% used [0x00000000d5b80000,0x00000000d5c25200,0x00000000d5c80000)
  to   space 1024K, 0% used [0x00000000d5c80000,0x00000000d5c80000,0x00000000d5d80000)
 ParOldGen       total 1053184K, used 1053169K [0x0000000080000000, 0x00000000c0480000, 0x00000000d5580000)
  object space 1053184K, 99% used [0x0000000080000000,0x00000000c047c740,0x00000000c0480000)
 Metaspace       used 57937K, committed 59648K, reserved 1114112K
  class space    used 5415K, committed 6144K, reserved 1048576K
}
Event: 1204.007 GC heap after
{Heap after GC invocations=2166 (full 4):
 PSYoungGen      total 7168K, used 548K [0x00000000d5580000, 0x00000000d5d80000, 0x0000000100000000)
  eden space 6144K, 0% used [0x00000000d5580000,0x00000000d5580000,0x00000000d5b80000)
  from space 1024K, 53% used [0x00000000d5c80000,0x00000000d5d09210,0x00000000d5d80000)
  to   space 1024K, 0% used [0x00000000d5b80000,0x00000000d5b80000,0x00000000d5c80000)
 ParOldGen       total 1053696K, used 1053506K [0x0000000080000000, 0x00000000c0500000, 0x00000000d5580000)
  object space 1053696K, 99% used [0x0000000080000000,0x00000000c04d0a90,0x00000000c0500000)
 Metaspace       used 57937K, committed 59648K, reserved 1114112K
  class space    used 5415K, committed 6144K, reserved 1048576K
}
Event: 1204.305 GC heap before
{Heap before GC invocations=2167 (full 4):
 PSYoungGen      total 7168K, used 6692K [0x00000000d5580000, 0x00000000d5d80000, 0x0000000100000000)
  eden space 6144K, 100% used [0x00000000d5580000,0x00000000d5b80000,0x00000000d5b80000)
  from space 1024K, 53% used [0x00000000d5c80000,0x00000000d5d09210,0x00000000d5d80000)
  to   space 1024K, 0% used [0x00000000d5b80000,0x00000000d5b80000,0x00000000d5c80000)
 ParOldGen       total 1053696K, used 1053506K [0x0000000080000000, 0x00000000c0500000, 0x00000000d5580000)
  object space 1053696K, 99% used [0x0000000080000000,0x00000000c04d0a90,0x00000000c0500000)
 Metaspace       used 57951K, committed 59648K, reserved 1114112K
  class space    used 5415K, committed 6144K, reserved 1048576K
}
Event: 1204.308 GC heap after
{Heap after GC invocations=2167 (full 4):
 PSYoungGen      total 7168K, used 256K [0x00000000d5580000, 0x00000000d5d00000, 0x0000000100000000)
  eden space 6144K, 0% used [0x00000000d5580000,0x00000000d5580000,0x00000000d5b80000)
  from space 1024K, 25% used [0x00000000d5b80000,0x00000000d5bc0000,0x00000000d5c80000)
  to   space 512K, 0% used [0x00000000d5c80000,0x00000000d5c80000,0x00000000d5d00000)
 ParOldGen       total 1053696K, used 1053538K [0x0000000080000000, 0x00000000c0500000, 0x00000000d5580000)
  object space 1053696K, 99% used [0x0000000080000000,0x00000000c04d8a90,0x00000000c0500000)
 Metaspace       used 57951K, committed 59648K, reserved 1114112K
  class space    used 5415K, committed 6144K, reserved 1048576K
}
Event: 1206.393 GC heap before
{Heap before GC invocations=2168 (full 4):
 PSYoungGen      total 7168K, used 6400K [0x00000000d5580000, 0x00000000d5d00000, 0x0000000100000000)
  eden space 6144K, 100% used [0x00000000d5580000,0x00000000d5b80000,0x00000000d5b80000)
  from space 1024K, 25% used [0x00000000d5b80000,0x00000000d5bc0000,0x00000000d5c80000)
  to   space 512K, 0% used [0x00000000d5c80000,0x00000000d5c80000,0x00000000d5d00000)
 ParOldGen       total 1053696K, used 1053538K [0x0000000080000000, 0x00000000c0500000, 0x00000000d5580000)
  object space 1053696K, 99% used [0x0000000080000000,0x00000000c04d8a90,0x00000000c0500000)
 Metaspace       used 57975K, committed 59648K, reserved 1114112K
  class space    used 5415K, committed 6144K, reserved 1048576K
}
Event: 1206.397 GC heap after
{Heap after GC invocations=2168 (full 4):
 PSYoungGen      total 4608K, used 512K [0x00000000d5580000, 0x00000000d6180000, 0x0000000100000000)
  eden space 4096K, 0% used [0x00000000d5580000,0x00000000d5580000,0x00000000d5980000)
  from space 512K, 100% used [0x00000000d5c80000,0x00000000d5d00000,0x00000000d5d00000)
  to   space 3072K, 0% used [0x00000000d5980000,0x00000000d5980000,0x00000000d5c80000)
 ParOldGen       total 1055744K, used 1055351K [0x0000000080000000, 0x00000000c0700000, 0x00000000d5580000)
  object space 1055744K, 99% used [0x0000000080000000,0x00000000c069de80,0x00000000c0700000)
 Metaspace       used 57975K, committed 59648K, reserved 1114112K
  class space    used 5415K, committed 6144K, reserved 1048576K
}
Event: 1206.408 GC heap before
{Heap before GC invocations=2169 (full 4):
 PSYoungGen      total 4608K, used 4608K [0x00000000d5580000, 0x00000000d6180000, 0x0000000100000000)
  eden space 4096K, 100% used [0x00000000d5580000,0x00000000d5980000,0x00000000d5980000)
  from space 512K, 100% used [0x00000000d5c80000,0x00000000d5d00000,0x00000000d5d00000)
  to   space 3072K, 0% used [0x00000000d5980000,0x00000000d5980000,0x00000000d5c80000)
 ParOldGen       total 1055744K, used 1055351K [0x0000000080000000, 0x00000000c0700000, 0x00000000d5580000)
  object space 1055744K, 99% used [0x0000000080000000,0x00000000c069de80,0x00000000c0700000)
 Metaspace       used 57976K, committed 59648K, reserved 1114112K
  class space    used 5415K, committed 6144K, reserved 1048576K
}
Event: 1206.412 GC heap after
{Heap after GC invocations=2169 (full 4):
 PSYoungGen      total 7168K, used 3041K [0x00000000d5580000, 0x00000000d6280000, 0x0000000100000000)
  eden space 4096K, 0% used [0x00000000d5580000,0x00000000d5580000,0x00000000d5980000)
  from space 3072K, 99% used [0x00000000d5980000,0x00000000d5c78700,0x00000000d5c80000)
  to   space 4608K, 0% used [0x00000000d5e00000,0x00000000d5e00000,0x00000000d6280000)
 ParOldGen       total 1056256K, used 1056216K [0x0000000080000000, 0x00000000c0780000, 0x00000000d5580000)
  object space 1056256K, 99% used [0x0000000080000000,0x00000000c07762e0,0x00000000c0780000)
 Metaspace       used 57976K, committed 59648K, reserved 1114112K
  class space    used 5415K, committed 6144K, reserved 1048576K
}
Event: 1206.419 GC heap before
{Heap before GC invocations=2170 (full 4):
 PSYoungGen      total 7168K, used 7137K [0x00000000d5580000, 0x00000000d6280000, 0x0000000100000000)
  eden space 4096K, 100% used [0x00000000d5580000,0x00000000d5980000,0x00000000d5980000)
  from space 3072K, 99% used [0x00000000d5980000,0x00000000d5c78700,0x00000000d5c80000)
  to   space 4608K, 0% used [0x00000000d5e00000,0x00000000d5e00000,0x00000000d6280000)
 ParOldGen       total 1056256K, used 1056216K [0x0000000080000000, 0x00000000c0780000, 0x00000000d5580000)
  object space 1056256K, 99% used [0x0000000080000000,0x00000000c07762e0,0x00000000c0780000)
 Metaspace       used 57976K, committed 59648K, reserved 1114112K
  class space    used 5415K, committed 6144K, reserved 1048576K
}
Event: 1206.424 GC heap after
{Heap after GC invocations=2170 (full 4):
 PSYoungGen      total 8704K, used 4192K [0x00000000d5580000, 0x00000000d6280000, 0x0000000100000000)
  eden space 4096K, 0% used [0x00000000d5580000,0x00000000d5580000,0x00000000d5980000)
  from space 4608K, 90% used [0x00000000d5e00000,0x00000000d6218160,0x00000000d6280000)
  to   space 4608K, 0% used [0x00000000d5980000,0x00000000d5980000,0x00000000d5e00000)
 ParOldGen       total 1059328K, used 1059303K [0x0000000080000000, 0x00000000c0a80000, 0x00000000d5580000)
  object space 1059328K, 99% used [0x0000000080000000,0x00000000c0a79f08,0x00000000c0a80000)
 Metaspace       used 57976K, committed 59648K, reserved 1114112K
  class space    used 5415K, committed 6144K, reserved 1048576K
}
Event: 1206.433 GC heap before
{Heap before GC invocations=2171 (full 4):
 PSYoungGen      total 8704K, used 8288K [0x00000000d5580000, 0x00000000d6280000, 0x0000000100000000)
  eden space 4096K, 100% used [0x00000000d5580000,0x00000000d5980000,0x00000000d5980000)
  from space 4608K, 90% used [0x00000000d5e00000,0x00000000d6218160,0x00000000d6280000)
  to   space 4608K, 0% used [0x00000000d5980000,0x00000000d5980000,0x00000000d5e00000)
 ParOldGen       total 1059328K, used 1059303K [0x0000000080000000, 0x00000000c0a80000, 0x00000000d5580000)
  object space 1059328K, 99% used [0x0000000080000000,0x00000000c0a79f08,0x00000000c0a80000)
 Metaspace       used 57976K, committed 59648K, reserved 1114112K
  class space    used 5415K, committed 6144K, reserved 1048576K
}
Event: 1206.439 GC heap after
{Heap after GC invocations=2171 (full 4):
 PSYoungGen      total 8704K, used 3258K [0x00000000d5580000, 0x00000000d6280000, 0x0000000100000000)
  eden space 4096K, 0% used [0x00000000d5580000,0x00000000d5580000,0x00000000d5980000)
  from space 4608K, 70% used [0x00000000d5980000,0x00000000d5caebb8,0x00000000d5e00000)
  to   space 4096K, 0% used [0x00000000d5e80000,0x00000000d5e80000,0x00000000d6280000)
 ParOldGen       total 1063424K, used 1063378K [0x0000000080000000, 0x00000000c0e80000, 0x00000000d5580000)
  object space 1063424K, 99% used [0x0000000080000000,0x00000000c0e74950,0x00000000c0e80000)
 Metaspace       used 57976K, committed 59648K, reserved 1114112K
  class space    used 5415K, committed 6144K, reserved 1048576K
}
Event: 1206.463 GC heap before
{Heap before GC invocations=2172 (full 4):
 PSYoungGen      total 8704K, used 7354K [0x00000000d5580000, 0x00000000d6280000, 0x0000000100000000)
  eden space 4096K, 100% used [0x00000000d5580000,0x00000000d5980000,0x00000000d5980000)
  from space 4608K, 70% used [0x00000000d5980000,0x00000000d5caebb8,0x00000000d5e00000)
  to   space 4096K, 0% used [0x00000000d5e80000,0x00000000d5e80000,0x00000000d6280000)
 ParOldGen       total 1063424K, used 1063378K [0x0000000080000000, 0x00000000c0e80000, 0x00000000d5580000)
  object space 1063424K, 99% used [0x0000000080000000,0x00000000c0e74950,0x00000000c0e80000)
 Metaspace       used 57976K, committed 59648K, reserved 1114112K
  class space    used 5415K, committed 6144K, reserved 1048576K
}
Event: 1206.469 GC heap after
{Heap after GC invocations=2172 (full 4):
 PSYoungGen      total 7168K, used 1728K [0x00000000d5580000, 0x00000000d6080000, 0x0000000100000000)
  eden space 5120K, 0% used [0x00000000d5580000,0x00000000d5580000,0x00000000d5a80000)
  from space 2048K, 84% used [0x00000000d5e80000,0x00000000d6030000,0x00000000d6080000)
  to   space 2560K, 0% used [0x00000000d5b80000,0x00000000d5b80000,0x00000000d5e00000)
 ParOldGen       total 1067008K, used 1066599K [0x0000000080000000, 0x00000000c1200000, 0x00000000d5580000)
  object space 1067008K, 99% used [0x0000000080000000,0x00000000c1199ec8,0x00000000c1200000)
 Metaspace       used 57976K, committed 59648K, reserved 1114112K
  class space    used 5415K, committed 6144K, reserved 1048576K
}
Event: 1206.507 GC heap before
{Heap before GC invocations=2173 (full 4):
 PSYoungGen      total 7168K, used 6523K [0x00000000d5580000, 0x00000000d6080000, 0x0000000100000000)
  eden space 5120K, 93% used [0x00000000d5580000,0x00000000d5a2ec40,0x00000000d5a80000)
  from space 2048K, 84% used [0x00000000d5e80000,0x00000000d6030000,0x00000000d6080000)
  to   space 2560K, 0% used [0x00000000d5b80000,0x00000000d5b80000,0x00000000d5e00000)
 ParOldGen       total 1067008K, used 1066599K [0x0000000080000000, 0x00000000c1200000, 0x00000000d5580000)
  object space 1067008K, 99% used [0x0000000080000000,0x00000000c1199ec8,0x00000000c1200000)
 Metaspace       used 57978K, committed 59648K, reserved 1114112K
  class space    used 5415K, committed 6144K, reserved 1048576K
}
Event: 1206.513 GC heap after
{Heap after GC invocations=2173 (full 4):
 PSYoungGen      total 7680K, used 2549K [0x00000000d5580000, 0x00000000d6680000, 0x0000000100000000)
  eden space 5120K, 0% used [0x00000000d5580000,0x00000000d5580000,0x00000000d5a80000)
  from space 2560K, 99% used [0x00000000d5b80000,0x00000000d5dfd600,0x00000000d5e00000)
  to   space 6144K, 0% used [0x00000000d6080000,0x00000000d6080000,0x00000000d6680000)
 ParOldGen       total 1069568K, used 1069491K [0x0000000080000000, 0x00000000c1480000, 0x00000000d5580000)
  object space 1069568K, 99% used [0x0000000080000000,0x00000000c146cf98,0x00000000c1480000)
 Metaspace       used 57978K, committed 59648K, reserved 1114112K
  class space    used 5415K, committed 6144K, reserved 1048576K
}

