# JRE version: OpenJDK Runtime Environment Temurin-21.0.9+10 (21.0.9+10) (build 21.0.9+10-LTS)
# Java VM: OpenJDK 64-Bit Server VM Temurin-21.0.9+10 (21.0.9+10-LTS, mixed mode, sharing, tiered, compressed oops, compressed class ptrs, parallel gc, windows-amd64)
GC Precious Log:
 CardTable entry size: 512
 CPUs: 8 total, 8 available
 Memory: 15610M
 Large Page Support: Disabled
 NUMA Support: Disabled
 Compressed Oops: Enabled (32-bit)
 Alignments: Space 512K, Generation 512K, Heap 2M
 Heap Min Capacity: 100M
 Heap Initial Capacity: 100M
 Heap Max Capacity: 2G
 Pre-touch: Disabled
 Parallel Workers: 8
Heap:
 PSYoungGen      total 4608K, used 2418K [0x00000000d5580000, 0x00000000d5d00000, 0x0000000100000000)
  eden space 4096K, 46% used [0x00000000d5580000,0x00000000d575c9d8,0x00000000d5980000)
  from space 512K, 100% used [0x00000000d5c80000,0x00000000d5d00000,0x00000000d5d00000)
  to   space 1536K, 0% used [0x00000000d5a00000,0x00000000d5a00000,0x00000000d5b80000)
 ParOldGen       total 172032K, used 171762K [0x0000000080000000, 0x000000008a800000, 0x00000000d5580000)
  object space 172032K, 99% used [0x0000000080000000,0x000000008a7bcba0,0x000000008a800000)
 Metaspace       used 43291K, committed 44672K, reserved 1114112K
  class space    used 4048K, committed 4608K, reserved 1048576K
GC Heap History (20 events):
Event: 434.440 GC heap after
{Heap after GC invocations=275 (full 2):
 PSYoungGen      total 2560K, used 482K [0x00000000d5580000, 0x00000000d5b80000, 0x0000000100000000)
  eden space 2048K, 0% used [0x00000000d5580000,0x00000000d5580000,0x00000000d5780000)
  from space 512K, 94% used [0x00000000d5880000,0x00000000d58f88f0,0x00000000d5900000)
  to   space 2048K, 0% used [0x00000000d5980000,0x00000000d5980000,0x00000000d5b80000)
 ParOldGen       total 162304K, used 161795K [0x0000000080000000, 0x0000000089e80000, 0x00000000d5580000)
  object space 162304K, 99% used [0x0000000080000000,0x0000000089e00d08,0x0000000089e80000)
 Metaspace       used 42868K, committed 44160K, reserved 1114112K
  class space    used 4020K, committed 4608K, reserved 1048576K
}
Event: 434.445 GC heap before
{Heap before GC invocations=276 (full 2):
 PSYoungGen      total 2560K, used 2530K [0x00000000d5580000, 0x00000000d5b80000, 0x0000000100000000)
  eden space 2048K, 100% used [0x00000000d5580000,0x00000000d5780000,0x00000000d5780000)
  from space 512K, 94% used [0x00000000d5880000,0x00000000d58f88f0,0x00000000d5900000)
  to   space 2048K, 0% used [0x00000000d5980000,0x00000000d5980000,0x00000000d5b80000)
 ParOldGen       total 162304K, used 161795K [0x0000000080000000, 0x0000000089e80000, 0x00000000d5580000)
  object space 162304K, 99% used [0x0000000080000000,0x0000000089e00d08,0x0000000089e80000)
 Metaspace       used 42868K, committed 44160K, reserved 1114112K
  class space    used 4020K, committed 4608K, reserved 1048576K
}
Event: 434.448 GC heap after
{Heap after GC invocations=276 (full 2):
 PSYoungGen      total 3072K, used 2048K [0x00000000d5580000, 0x00000000d5e00000, 0x0000000100000000)
  eden space 1024K, 0% used [0x00000000d5580000,0x00000000d5580000,0x00000000d5680000)
  from space 2048K, 100% used [0x00000000d5980000,0x00000000d5b80000,0x00000000d5b80000)
  to   space 3072K, 0% used [0x00000000d5680000,0x00000000d5680000,0x00000000d5980000)
 ParOldGen       total 162304K, used 162285K [0x0000000080000000, 0x0000000089e80000, 0x00000000d5580000)
  object space 162304K, 99% used [0x0000000080000000,0x0000000089e7b5f8,0x0000000089e80000)
 Metaspace       used 42868K, committed 44160K, reserved 1114112K
  class space    used 4020K, committed 4608K, reserved 1048576K
}
Event: 434.451 GC heap before
{Heap before GC invocations=277 (full 2):
 PSYoungGen      total 3072K, used 3072K [0x00000000d5580000, 0x00000000d5e00000, 0x0000000100000000)
  eden space 1024K, 100% used [0x00000000d5580000,0x00000000d5680000,0x00000000d5680000)
  from space 2048K, 100% used [0x00000000d5980000,0x00000000d5b80000,0x00000000d5b80000)
  to   space 3072K, 0% used [0x00000000d5680000,0x00000000d5680000,0x00000000d5980000)
 ParOldGen       total 162304K, used 162285K [0x0000000080000000, 0x0000000089e80000, 0x00000000d5580000)
  object space 162304K, 99% used [0x0000000080000000,0x0000000089e7b5f8,0x0000000089e80000)
 Metaspace       used 42868K, committed 44160K, reserved 1114112K
  class space    used 4020K, committed 4608K, reserved 1048576K
}
Event: 434.457 GC heap after
{Heap after GC invocations=277 (full 2):
 PSYoungGen      total 2560K, used 1120K [0x00000000d5580000, 0x00000000d5b00000, 0x0000000100000000)
  eden space 1024K, 0% used [0x00000000d5580000,0x00000000d5580000,0x00000000d5680000)
  from space 1536K, 72% used [0x00000000d5680000,0x00000000d5798000,0x00000000d5800000)
  to   space 2048K, 0% used [0x00000000d5900000,0x00000000d5900000,0x00000000d5b00000)
 ParOldGen       total 164352K, used 164333K [0x0000000080000000, 0x000000008a080000, 0x00000000d5580000)
  object space 164352K, 99% used [0x0000000080000000,0x000000008a07b5f8,0x000000008a080000)
 Metaspace       used 42868K, committed 44160K, reserved 1114112K
  class space    used 4020K, committed 4608K, reserved 1048576K
}
Event: 434.460 GC heap before
{Heap before GC invocations=278 (full 2):
 PSYoungGen      total 2560K, used 2144K [0x00000000d5580000, 0x00000000d5b00000, 0x0000000100000000)
  eden space 1024K, 100% used [0x00000000d5580000,0x00000000d5680000,0x00000000d5680000)
  from space 1536K, 72% used [0x00000000d5680000,0x00000000d5798000,0x00000000d5800000)
  to   space 2048K, 0% used [0x00000000d5900000,0x00000000d5900000,0x00000000d5b00000)
 ParOldGen       total 164352K, used 164333K [0x0000000080000000, 0x000000008a080000, 0x00000000d5580000)
  object space 164352K, 99% used [0x0000000080000000,0x000000008a07b5f8,0x000000008a080000)
 Metaspace       used 42868K, committed 44160K, reserved 1114112K
  class space    used 4020K, committed 4608K, reserved 1048576K
}
Event: 434.463 GC heap after
{Heap after GC invocations=278 (full 2):
 PSYoungGen      total 3072K, used 1152K [0x00000000d5580000, 0x00000000d5a80000, 0x0000000100000000)
  eden space 1536K, 0% used [0x00000000d5580000,0x00000000d5580000,0x00000000d5700000)
  from space 1536K, 75% used [0x00000000d5900000,0x00000000d5a20000,0x00000000d5a80000)
  to   space 1536K, 0% used [0x00000000d5780000,0x00000000d5780000,0x00000000d5900000)
 ParOldGen       total 165376K, used 165373K [0x0000000080000000, 0x000000008a180000, 0x00000000d5580000)
  object space 165376K, 99% used [0x0000000080000000,0x000000008a17f5f8,0x000000008a180000)
 Metaspace       used 42868K, committed 44160K, reserved 1114112K
  class space    used 4020K, committed 4608K, reserved 1048576K
}
Event: 434.466 GC heap before
{Heap before GC invocations=279 (full 2):
 PSYoungGen      total 3072K, used 2688K [0x00000000d5580000, 0x00000000d5a80000, 0x0000000100000000)
  eden space 1536K, 100% used [0x00000000d5580000,0x00000000d5700000,0x00000000d5700000)
  from space 1536K, 75% used [0x00000000d5900000,0x00000000d5a20000,0x00000000d5a80000)
  to   space 1536K, 0% used [0x00000000d5780000,0x00000000d5780000,0x00000000d5900000)
 ParOldGen       total 165376K, used 165373K [0x0000000080000000, 0x000000008a180000, 0x00000000d5580000)
  object space 165376K, 99% used [0x0000000080000000,0x000000008a17f5f8,0x000000008a180000)
 Metaspace       used 42868K, committed 44160K, reserved 1114112K
  class space    used 4020K, committed 4608K, reserved 1048576K
}
Event: 434.469 GC heap after
{Heap after GC invocations=279 (full 2):
 PSYoungGen      total 3584K, used 1536K [0x00000000d5580000, 0x00000000d5d80000, 0x0000000100000000)
  eden space 2048K, 0% used [0x00000000d5580000,0x00000000d5580000,0x00000000d5780000)
  from space 1536K, 100% used [0x00000000d5780000,0x00000000d5900000,0x00000000d5900000)
  to   space 3072K, 0% used [0x00000000d5a80000,0x00000000d5a80000,0x00000000d5d80000)
 ParOldGen       total 166912K, used 166429K [0x0000000080000000, 0x000000008a300000, 0x00000000d5580000)
  object space 166912K, 99% used [0x0000000080000000,0x000000008a2875f8,0x000000008a300000)
 Metaspace       used 42868K, committed 44160K, reserved 1114112K
  class space    used 4020K, committed 4608K, reserved 1048576K
}
Event: 434.493 GC heap before
{Heap before GC invocations=280 (full 2):
 PSYoungGen      total 3584K, used 3584K [0x00000000d5580000, 0x00000000d5d80000, 0x0000000100000000)
  eden space 2048K, 100% used [0x00000000d5580000,0x00000000d5780000,0x00000000d5780000)
  from space 1536K, 100% used [0x00000000d5780000,0x00000000d5900000,0x00000000d5900000)
  to   space 3072K, 0% used [0x00000000d5a80000,0x00000000d5a80000,0x00000000d5d80000)
 ParOldGen       total 166912K, used 166429K [0x0000000080000000, 0x000000008a300000, 0x00000000d5580000)
  object space 166912K, 99% used [0x0000000080000000,0x000000008a2875f8,0x000000008a300000)
 Metaspace       used 42870K, committed 44160K, reserved 1114112K
  class space    used 4020K, committed 4608K, reserved 1048576K
}
Event: 434.501 GC heap after
{Heap after GC invocations=280 (full 2):
 PSYoungGen      total 4096K, used 1268K [0x00000000d5580000, 0x00000000d5c00000, 0x0000000100000000)
  eden space 2560K, 0% used [0x00000000d5580000,0x00000000d5580000,0x00000000d5800000)
  from space 1536K, 82% used [0x00000000d5a80000,0x00000000d5bbd200,0x00000000d5c00000)
  to   space 2048K, 0% used [0x00000000d5800000,0x00000000d5800000,0x00000000d5a00000)
 ParOldGen       total 168448K, used 167941K [0x0000000080000000, 0x000000008a480000, 0x00000000d5580000)
  object space 168448K, 99% used [0x0000000080000000,0x000000008a4015f8,0x000000008a480000)
 Metaspace       used 42870K, committed 44160K, reserved 1114112K
  class space    used 4020K, committed 4608K, reserved 1048576K
}
Event: 434.525 GC heap before
{Heap before GC invocations=281 (full 2):
 PSYoungGen      total 4096K, used 3828K [0x00000000d5580000, 0x00000000d5c00000, 0x0000000100000000)
  eden space 2560K, 100% used [0x00000000d5580000,0x00000000d5800000,0x00000000d5800000)
  from space 1536K, 82% used [0x00000000d5a80000,0x00000000d5bbd200,0x00000000d5c00000)
  to   space 2048K, 0% used [0x00000000d5800000,0x00000000d5800000,0x00000000d5a00000)
 ParOldGen       total 168448K, used 167941K [0x0000000080000000, 0x000000008a480000, 0x00000000d5580000)
  object space 168448K, 99% used [0x0000000080000000,0x000000008a4015f8,0x000000008a480000)
 Metaspace       used 42871K, committed 44224K, reserved 1114112K
  class space    used 4020K, committed 4608K, reserved 1048576K
}
Event: 434.528 GC heap after
{Heap after GC invocations=281 (full 2):
 PSYoungGen      total 4608K, used 480K [0x00000000d5580000, 0x00000000d5b00000, 0x0000000100000000)
  eden space 2560K, 0% used [0x00000000d5580000,0x00000000d5580000,0x00000000d5800000)
  from space 2048K, 23% used [0x00000000d5800000,0x00000000d5878000,0x00000000d5a00000)
  to   space 1024K, 0% used [0x00000000d5a00000,0x00000000d5a00000,0x00000000d5b00000)
 ParOldGen       total 169472K, used 169070K [0x0000000080000000, 0x000000008a580000, 0x00000000d5580000)
  object space 169472K, 99% used [0x0000000080000000,0x000000008a51baa8,0x000000008a580000)
 Metaspace       used 42871K, committed 44224K, reserved 1114112K
  class space    used 4020K, committed 4608K, reserved 1048576K
}
Event: 434.715 GC heap before
{Heap before GC invocations=282 (full 2):
 PSYoungGen      total 4608K, used 3040K [0x00000000d5580000, 0x00000000d5b00000, 0x0000000100000000)
  eden space 2560K, 100% used [0x00000000d5580000,0x00000000d5800000,0x00000000d5800000)
  from space 2048K, 23% used [0x00000000d5800000,0x00000000d5878000,0x00000000d5a00000)
  to   space 1024K, 0% used [0x00000000d5a00000,0x00000000d5a00000,0x00000000d5b00000)
 ParOldGen       total 169472K, used 169070K [0x0000000080000000, 0x000000008a580000, 0x00000000d5580000)
  object space 169472K, 99% used [0x0000000080000000,0x000000008a51baa8,0x000000008a580000)
 Metaspace       used 42881K, committed 44288K, reserved 1114112K
  class space    used 4020K, committed 4608K, reserved 1048576K
}
Event: 434.716 GC heap after
{Heap after GC invocations=282 (full 2):
 PSYoungGen      total 4096K, used 576K [0x00000000d5580000, 0x00000000d5b00000, 0x0000000100000000)
  eden space 3072K, 0% used [0x00000000d5580000,0x00000000d5580000,0x00000000d5880000)
  from space 1024K, 56% used [0x00000000d5a00000,0x00000000d5a90000,0x00000000d5b00000)
  to   space 1024K, 0% used [0x00000000d5900000,0x00000000d5900000,0x00000000d5a00000)
 ParOldGen       total 169472K, used 169462K [0x0000000080000000, 0x000000008a580000, 0x00000000d5580000)
  object space 169472K, 99% used [0x0000000080000000,0x000000008a57daa8,0x000000008a580000)
 Metaspace       used 42881K, committed 44288K, reserved 1114112K
  class space    used 4020K, committed 4608K, reserved 1048576K
}
Event: 435.794 GC heap before
{Heap before GC invocations=283 (full 2):
 PSYoungGen      total 4096K, used 3647K [0x00000000d5580000, 0x00000000d5b00000, 0x0000000100000000)
  eden space 3072K, 99% used [0x00000000d5580000,0x00000000d587fff0,0x00000000d5880000)
  from space 1024K, 56% used [0x00000000d5a00000,0x00000000d5a90000,0x00000000d5b00000)
  to   space 1024K, 0% used [0x00000000d5900000,0x00000000d5900000,0x00000000d5a00000)
 ParOldGen       total 169472K, used 169462K [0x0000000080000000, 0x000000008a580000, 0x00000000d5580000)
  object space 169472K, 99% used [0x0000000080000000,0x000000008a57daa8,0x000000008a580000)
 Metaspace       used 43174K, committed 44544K, reserved 1114112K
  class space    used 4040K, committed 4608K, reserved 1048576K
}
Event: 435.795 GC heap after
{Heap after GC invocations=283 (full 2):
 PSYoungGen      total 4096K, used 320K [0x00000000d5580000, 0x00000000d5a80000, 0x0000000100000000)
  eden space 3072K, 0% used [0x00000000d5580000,0x00000000d5580000,0x00000000d5880000)
  from space 1024K, 31% used [0x00000000d5900000,0x00000000d5950000,0x00000000d5a00000)
  to   space 512K, 0% used [0x00000000d5a00000,0x00000000d5a00000,0x00000000d5a80000)
 ParOldGen       total 169984K, used 169886K [0x0000000080000000, 0x000000008a600000, 0x00000000d5580000)
  object space 169984K, 99% used [0x0000000080000000,0x000000008a5e7aa8,0x000000008a600000)
 Metaspace       used 43174K, committed 44544K, reserved 1114112K
  class space    used 4040K, committed 4608K, reserved 1048576K
}
Event: 435.804 GC heap before
{Heap before GC invocations=284 (full 2):
 PSYoungGen      total 4096K, used 3392K [0x00000000d5580000, 0x00000000d5a80000, 0x0000000100000000)
  eden space 3072K, 100% used [0x00000000d5580000,0x00000000d5880000,0x00000000d5880000)
  from space 1024K, 31% used [0x00000000d5900000,0x00000000d5950000,0x00000000d5a00000)
  to   space 512K, 0% used [0x00000000d5a00000,0x00000000d5a00000,0x00000000d5a80000)
 ParOldGen       total 169984K, used 169886K [0x0000000080000000, 0x000000008a600000, 0x00000000d5580000)
  object space 169984K, 99% used [0x0000000080000000,0x000000008a5e7aa8,0x000000008a600000)
 Metaspace       used 43175K, committed 44544K, reserved 1114112K
  class space    used 4040K, committed 4608K, reserved 1048576K
}
Event: 435.805 GC heap after
{Heap after GC invocations=284 (full 2):
 PSYoungGen      total 3584K, used 512K [0x00000000d5580000, 0x00000000d5a80000, 0x0000000100000000)
  eden space 3072K, 0% used [0x00000000d5580000,0x00000000d5580000,0x00000000d5880000)
  from space 512K, 100% used [0x00000000d5a00000,0x00000000d5a80000,0x00000000d5a80000)
  to   space 1024K, 0% used [0x00000000d5880000,0x00000000d5880000,0x00000000d5980000)
 ParOldGen       total 170496K, used 170115K [0x0000000080000000, 0x000000008a680000, 0x00000000d5580000)
  object space 170496K, 99% used [0x0000000080000000,0x000000008a620cb8,0x000000008a680000)
 Metaspace       used 43175K, committed 44544K, reserved 1114112K
  class space    used 4040K, committed 4608K, reserved 1048576K
}
Event: 435.830 GC heap before
{Heap before GC invocations=285 (full 2):
 PSYoungGen      total 3584K, used 3584K [0x00000000d5580000, 0x00000000d5a80000, 0x0000000100000000)
  eden space 3072K, 100% used [0x00000000d5580000,0x00000000d5880000,0x00000000d5880000)
  from space 512K, 100% used [0x00000000d5a00000,0x00000000d5a80000,0x00000000d5a80000)
  to   space 1024K, 0% used [0x00000000d5880000,0x00000000d5880000,0x00000000d5980000)
 ParOldGen       total 170496K, used 170115K [0x0000000080000000, 0x000000008a680000, 0x00000000d5580000)
  object space 170496K, 99% used [0x0000000080000000,0x000000008a620cb8,0x000000008a680000)
 Metaspace       used 43284K, committed 44672K, reserved 1114112K
  class space    used 4048K, committed 4608K, reserved 1048576K
}

