# JRE version: OpenJDK Runtime Environment Temurin-21.0.9+10 (21.0.9+10) (build 21.0.9+10-LTS)
# Java VM: OpenJDK 64-Bit Server VM Temurin-21.0.9+10 (21.0.9+10-LTS, mixed mode, sharing, tiered, compressed oops, compressed class ptrs, parallel gc, windows-amd64)
GC Precious Log:
 CardTable entry size: 512
 CPUs: 8 total, 8 available
 Memory: 15610M
 Large Page Support: Disabled
 NUMA Support: Disabled
 Compressed Oops: Enabled (32-bit)
 Alignments: Space 512K, Generation 512K, Heap 2M
 Heap Min Capacity: 100M
 Heap Initial Capacity: 100M
 Heap Max Capacity: 2G
 Pre-touch: Disabled
 Parallel Workers: 8
Heap:
 PSYoungGen      total 22528K, used 4882K [0x00000000d5580000, 0x00000000d7200000, 0x0000000100000000)
  eden space 20992K, 17% used [0x00000000d5580000,0x00000000d59148a8,0x00000000d6a00000)
  from space 1536K, 79% used [0x00000000d7080000,0x00000000d71b0000,0x00000000d7200000)
  to   space 3584K, 0% used [0x00000000d6b00000,0x00000000d6b00000,0x00000000d6e80000)
 ParOldGen       total 68608K, used 50667K [0x0000000080000000, 0x0000000084300000, 0x00000000d5580000)
  object space 68608K, 73% used [0x0000000080000000,0x000000008317afa0,0x0000000084300000)
 Metaspace       used 27313K, committed 28288K, reserved 1114112K
  class space    used 2464K, committed 2880K, reserved 1048576K
GC Heap History (20 events):
Event: 11.217 GC heap before
{Heap before GC invocations=26 (full 0):
 PSYoungGen      total 22528K, used 22392K [0x00000000d5580000, 0x00000000d6d00000, 0x0000000100000000)
  eden space 20992K, 99% used [0x00000000d5580000,0x00000000d69f9810,0x00000000d6a00000)
  from space 1536K, 92% used [0x00000000d6b00000,0x00000000d6c64b28,0x00000000d6c80000)
  to   space 512K, 0% used [0x00000000d6c80000,0x00000000d6c80000,0x00000000d6d00000)
 ParOldGen       total 68608K, used 40364K [0x0000000080000000, 0x0000000084300000, 0x00000000d5580000)
  object space 68608K, 58% used [0x0000000080000000,0x000000008276b130,0x0000000084300000)
 Metaspace       used 19917K, committed 20800K, reserved 1114112K
  class space    used 1877K, committed 2240K, reserved 1048576K
}
Event: 11.220 GC heap after
{Heap after GC invocations=26 (full 0):
 PSYoungGen      total 21504K, used 512K [0x00000000d5580000, 0x00000000d6f00000, 0x0000000100000000)
  eden space 20992K, 0% used [0x00000000d5580000,0x00000000d5580000,0x00000000d6a00000)
  from space 512K, 100% used [0x00000000d6c80000,0x00000000d6d00000,0x00000000d6d00000)
  to   space 2560K, 0% used [0x00000000d6a00000,0x00000000d6a00000,0x00000000d6c80000)
 ParOldGen       total 68608K, used 41827K [0x0000000080000000, 0x0000000084300000, 0x00000000d5580000)
  object space 68608K, 60% used [0x0000000080000000,0x00000000828d8ed8,0x0000000084300000)
 Metaspace       used 19917K, committed 20800K, reserved 1114112K
  class space    used 1877K, committed 2240K, reserved 1048576K
}
Event: 11.532 GC heap before
{Heap before GC invocations=27 (full 0):
 PSYoungGen      total 21504K, used 13220K [0x00000000d5580000, 0x00000000d6f00000, 0x0000000100000000)
  eden space 20992K, 60% used [0x00000000d5580000,0x00000000d61e9050,0x00000000d6a00000)
  from space 512K, 100% used [0x00000000d6c80000,0x00000000d6d00000,0x00000000d6d00000)
  to   space 2560K, 0% used [0x00000000d6a00000,0x00000000d6a00000,0x00000000d6c80000)
 ParOldGen       total 68608K, used 41827K [0x0000000080000000, 0x0000000084300000, 0x00000000d5580000)
  object space 68608K, 60% used [0x0000000080000000,0x00000000828d8ed8,0x0000000084300000)
 Metaspace       used 20543K, committed 21504K, reserved 1114112K
  class space    used 1946K, committed 2304K, reserved 1048576K
}
Event: 11.534 GC heap after
{Heap after GC invocations=27 (full 0):
 PSYoungGen      total 21504K, used 480K [0x00000000d5580000, 0x00000000d6d00000, 0x0000000100000000)
  eden space 20992K, 0% used [0x00000000d5580000,0x00000000d5580000,0x00000000d6a00000)
  from space 512K, 93% used [0x00000000d6a00000,0x00000000d6a78000,0x00000000d6a80000)
  to   space 1536K, 0% used [0x00000000d6b80000,0x00000000d6b80000,0x00000000d6d00000)
 ParOldGen       total 68608K, used 42347K [0x0000000080000000, 0x0000000084300000, 0x00000000d5580000)
  object space 68608K, 61% used [0x0000000080000000,0x000000008295aed8,0x0000000084300000)
 Metaspace       used 20543K, committed 21504K, reserved 1114112K
  class space    used 1946K, committed 2304K, reserved 1048576K
}
Event: 11.534 GC heap before
{Heap before GC invocations=28 (full 1):
 PSYoungGen      total 21504K, used 480K [0x00000000d5580000, 0x00000000d6d00000, 0x0000000100000000)
  eden space 20992K, 0% used [0x00000000d5580000,0x00000000d5580000,0x00000000d6a00000)
  from space 512K, 93% used [0x00000000d6a00000,0x00000000d6a78000,0x00000000d6a80000)
  to   space 1536K, 0% used [0x00000000d6b80000,0x00000000d6b80000,0x00000000d6d00000)
 ParOldGen       total 68608K, used 42347K [0x0000000080000000, 0x0000000084300000, 0x00000000d5580000)
  object space 68608K, 61% used [0x0000000080000000,0x000000008295aed8,0x0000000084300000)
 Metaspace       used 20543K, committed 21504K, reserved 1114112K
  class space    used 1946K, committed 2304K, reserved 1048576K
}
Event: 11.642 GC heap after
{Heap after GC invocations=28 (full 1):
 PSYoungGen      total 21504K, used 0K [0x00000000d5580000, 0x00000000d6d00000, 0x0000000100000000)
  eden space 20992K, 0% used [0x00000000d5580000,0x00000000d5580000,0x00000000d6a00000)
  from space 512K, 0% used [0x00000000d6a00000,0x00000000d6a00000,0x00000000d6a80000)
  to   space 1536K, 0% used [0x00000000d6b80000,0x00000000d6b80000,0x00000000d6d00000)
 ParOldGen       total 68608K, used 38157K [0x0000000080000000, 0x0000000084300000, 0x00000000d5580000)
  object space 68608K, 55% used [0x0000000080000000,0x00000000825437e0,0x0000000084300000)
 Metaspace       used 20535K, committed 21504K, reserved 1114112K
  class space    used 1944K, committed 2304K, reserved 1048576K
}
Event: 12.149 GC heap before
{Heap before GC invocations=29 (full 1):
 PSYoungGen      total 21504K, used 20992K [0x00000000d5580000, 0x00000000d6d00000, 0x0000000100000000)
  eden space 20992K, 100% used [0x00000000d5580000,0x00000000d6a00000,0x00000000d6a00000)
  from space 512K, 0% used [0x00000000d6a00000,0x00000000d6a00000,0x00000000d6a80000)
  to   space 1536K, 0% used [0x00000000d6b80000,0x00000000d6b80000,0x00000000d6d00000)
 ParOldGen       total 68608K, used 38157K [0x0000000080000000, 0x0000000084300000, 0x00000000d5580000)
  object space 68608K, 55% used [0x0000000080000000,0x00000000825437e0,0x0000000084300000)
 Metaspace       used 21625K, committed 22592K, reserved 1114112K
  class space    used 2046K, committed 2432K, reserved 1048576K
}
Event: 12.152 GC heap after
{Heap after GC invocations=29 (full 1):
 PSYoungGen      total 22528K, used 1056K [0x00000000d5580000, 0x00000000d6d00000, 0x0000000100000000)
  eden space 20992K, 0% used [0x00000000d5580000,0x00000000d5580000,0x00000000d6a00000)
  from space 1536K, 68% used [0x00000000d6b80000,0x00000000d6c88010,0x00000000d6d00000)
  to   space 1536K, 0% used [0x00000000d6a00000,0x00000000d6a00000,0x00000000d6b80000)
 ParOldGen       total 68608K, used 38165K [0x0000000080000000, 0x0000000084300000, 0x00000000d5580000)
  object space 68608K, 55% used [0x0000000080000000,0x00000000825457e0,0x0000000084300000)
 Metaspace       used 21625K, committed 22592K, reserved 1114112K
  class space    used 2046K, committed 2432K, reserved 1048576K
}
Event: 12.712 GC heap before
{Heap before GC invocations=30 (full 1):
 PSYoungGen      total 22528K, used 22048K [0x00000000d5580000, 0x00000000d6d00000, 0x0000000100000000)
  eden space 20992K, 100% used [0x00000000d5580000,0x00000000d6a00000,0x00000000d6a00000)
  from space 1536K, 68% used [0x00000000d6b80000,0x00000000d6c88010,0x00000000d6d00000)
  to   space 1536K, 0% used [0x00000000d6a00000,0x00000000d6a00000,0x00000000d6b80000)
 ParOldGen       total 68608K, used 38165K [0x0000000080000000, 0x0000000084300000, 0x00000000d5580000)
  object space 68608K, 55% used [0x0000000080000000,0x00000000825457e0,0x0000000084300000)
 Metaspace       used 22659K, committed 23616K, reserved 1114112K
  class space    used 2105K, committed 2496K, reserved 1048576K
}
Event: 12.716 GC heap after
{Heap after GC invocations=30 (full 1):
 PSYoungGen      total 22528K, used 1534K [0x00000000d5580000, 0x00000000d7900000, 0x0000000100000000)
  eden space 20992K, 0% used [0x00000000d5580000,0x00000000d5580000,0x00000000d6a00000)
  from space 1536K, 99% used [0x00000000d6a00000,0x00000000d6b7f9c0,0x00000000d6b80000)
  to   space 7680K, 0% used [0x00000000d7180000,0x00000000d7180000,0x00000000d7900000)
 ParOldGen       total 68608K, used 43210K [0x0000000080000000, 0x0000000084300000, 0x00000000d5580000)
  object space 68608K, 62% used [0x0000000080000000,0x0000000082a32818,0x0000000084300000)
 Metaspace       used 22659K, committed 23616K, reserved 1114112K
  class space    used 2105K, committed 2496K, reserved 1048576K
}
Event: 12.828 GC heap before
{Heap before GC invocations=31 (full 1):
 PSYoungGen      total 22528K, used 22526K [0x00000000d5580000, 0x00000000d7900000, 0x0000000100000000)
  eden space 20992K, 100% used [0x00000000d5580000,0x00000000d6a00000,0x00000000d6a00000)
  from space 1536K, 99% used [0x00000000d6a00000,0x00000000d6b7f9c0,0x00000000d6b80000)
  to   space 7680K, 0% used [0x00000000d7180000,0x00000000d7180000,0x00000000d7900000)
 ParOldGen       total 68608K, used 43210K [0x0000000080000000, 0x0000000084300000, 0x00000000d5580000)
  object space 68608K, 62% used [0x0000000080000000,0x0000000082a32818,0x0000000084300000)
 Metaspace       used 22697K, committed 23616K, reserved 1114112K
  class space    used 2105K, committed 2496K, reserved 1048576K
}
Event: 12.831 GC heap after
{Heap after GC invocations=31 (full 1):
 PSYoungGen      total 22016K, used 777K [0x00000000d5580000, 0x00000000d7280000, 0x0000000100000000)
  eden space 20992K, 0% used [0x00000000d5580000,0x00000000d5580000,0x00000000d6a00000)
  from space 1024K, 75% used [0x00000000d7180000,0x00000000d72426e8,0x00000000d7280000)
  to   space 3072K, 0% used [0x00000000d6c80000,0x00000000d6c80000,0x00000000d6f80000)
 ParOldGen       total 68608K, used 44922K [0x0000000080000000, 0x0000000084300000, 0x00000000d5580000)
  object space 68608K, 65% used [0x0000000080000000,0x0000000082bde990,0x0000000084300000)
 Metaspace       used 22697K, committed 23616K, reserved 1114112K
  class space    used 2105K, committed 2496K, reserved 1048576K
}
Event: 13.342 GC heap before
{Heap before GC invocations=32 (full 1):
 PSYoungGen      total 22016K, used 21769K [0x00000000d5580000, 0x00000000d7280000, 0x0000000100000000)
  eden space 20992K, 100% used [0x00000000d5580000,0x00000000d6a00000,0x00000000d6a00000)
  from space 1024K, 75% used [0x00000000d7180000,0x00000000d72426e8,0x00000000d7280000)
  to   space 3072K, 0% used [0x00000000d6c80000,0x00000000d6c80000,0x00000000d6f80000)
 ParOldGen       total 68608K, used 44922K [0x0000000080000000, 0x0000000084300000, 0x00000000d5580000)
  object space 68608K, 65% used [0x0000000080000000,0x0000000082bde990,0x0000000084300000)
 Metaspace       used 24101K, committed 25024K, reserved 1114112K
  class space    used 2238K, committed 2624K, reserved 1048576K
}
Event: 13.346 GC heap after
{Heap after GC invocations=32 (full 1):
 PSYoungGen      total 24064K, used 960K [0x00000000d5580000, 0x00000000d7200000, 0x0000000100000000)
  eden space 20992K, 0% used [0x00000000d5580000,0x00000000d5580000,0x00000000d6a00000)
  from space 3072K, 31% used [0x00000000d6c80000,0x00000000d6d70000,0x00000000d6f80000)
  to   space 1536K, 0% used [0x00000000d7080000,0x00000000d7080000,0x00000000d7200000)
 ParOldGen       total 68608K, used 44962K [0x0000000080000000, 0x0000000084300000, 0x00000000d5580000)
  object space 68608K, 65% used [0x0000000080000000,0x0000000082be8990,0x0000000084300000)
 Metaspace       used 24101K, committed 25024K, reserved 1114112K
  class space    used 2238K, committed 2624K, reserved 1048576K
}
Event: 14.262 GC heap before
{Heap before GC invocations=33 (full 1):
 PSYoungGen      total 24064K, used 21952K [0x00000000d5580000, 0x00000000d7200000, 0x0000000100000000)
  eden space 20992K, 100% used [0x00000000d5580000,0x00000000d6a00000,0x00000000d6a00000)
  from space 3072K, 31% used [0x00000000d6c80000,0x00000000d6d70000,0x00000000d6f80000)
  to   space 1536K, 0% used [0x00000000d7080000,0x00000000d7080000,0x00000000d7200000)
 ParOldGen       total 68608K, used 44962K [0x0000000080000000, 0x0000000084300000, 0x00000000d5580000)
  object space 68608K, 65% used [0x0000000080000000,0x0000000082be8990,0x0000000084300000)
 Metaspace       used 25934K, committed 26880K, reserved 1114112K
  class space    used 2415K, committed 2816K, reserved 1048576K
}
Event: 14.265 GC heap after
{Heap after GC invocations=33 (full 1):
 PSYoungGen      total 22528K, used 1509K [0x00000000d5580000, 0x00000000d7200000, 0x0000000100000000)
  eden space 20992K, 0% used [0x00000000d5580000,0x00000000d5580000,0x00000000d6a00000)
  from space 1536K, 98% used [0x00000000d7080000,0x00000000d71f9498,0x00000000d7200000)
  to   space 4096K, 0% used [0x00000000d6a00000,0x00000000d6a00000,0x00000000d6e00000)
 ParOldGen       total 68608K, used 46845K [0x0000000080000000, 0x0000000084300000, 0x00000000d5580000)
  object space 68608K, 68% used [0x0000000080000000,0x0000000082dbf780,0x0000000084300000)
 Metaspace       used 25934K, committed 26880K, reserved 1114112K
  class space    used 2415K, committed 2816K, reserved 1048576K
}
Event: 14.993 GC heap before
{Heap before GC invocations=34 (full 1):
 PSYoungGen      total 22528K, used 22468K [0x00000000d5580000, 0x00000000d7200000, 0x0000000100000000)
  eden space 20992K, 99% used [0x00000000d5580000,0x00000000d69f7f20,0x00000000d6a00000)
  from space 1536K, 98% used [0x00000000d7080000,0x00000000d71f9498,0x00000000d7200000)
  to   space 4096K, 0% used [0x00000000d6a00000,0x00000000d6a00000,0x00000000d6e00000)
 ParOldGen       total 68608K, used 46845K [0x0000000080000000, 0x0000000084300000, 0x00000000d5580000)
  object space 68608K, 68% used [0x0000000080000000,0x0000000082dbf780,0x0000000084300000)
 Metaspace       used 26829K, committed 27776K, reserved 1114112K
  class space    used 2422K, committed 2816K, reserved 1048576K
}
Event: 17.012 GC heap after
{Heap after GC invocations=34 (full 1):
 PSYoungGen      total 25088K, used 4083K [0x00000000d5580000, 0x00000000d7200000, 0x0000000100000000)
  eden space 20992K, 0% used [0x00000000d5580000,0x00000000d5580000,0x00000000d6a00000)
  from space 4096K, 99% used [0x00000000d6a00000,0x00000000d6dfcce8,0x00000000d6e00000)
  to   space 1536K, 0% used [0x00000000d7080000,0x00000000d7080000,0x00000000d7200000)
 ParOldGen       total 68608K, used 49508K [0x0000000080000000, 0x0000000084300000, 0x00000000d5580000)
  object space 68608K, 72% used [0x0000000080000000,0x0000000083059150,0x0000000084300000)
 Metaspace       used 26829K, committed 27776K, reserved 1114112K
  class space    used 2422K, committed 2816K, reserved 1048576K
}
Event: 19.532 GC heap before
{Heap before GC invocations=35 (full 1):
 PSYoungGen      total 25088K, used 25075K [0x00000000d5580000, 0x00000000d7200000, 0x0000000100000000)
  eden space 20992K, 100% used [0x00000000d5580000,0x00000000d6a00000,0x00000000d6a00000)
  from space 4096K, 99% used [0x00000000d6a00000,0x00000000d6dfcce8,0x00000000d6e00000)
  to   space 1536K, 0% used [0x00000000d7080000,0x00000000d7080000,0x00000000d7200000)
 ParOldGen       total 68608K, used 49508K [0x0000000080000000, 0x0000000084300000, 0x00000000d5580000)
  object space 68608K, 72% used [0x0000000080000000,0x0000000083059150,0x0000000084300000)
 Metaspace       used 27036K, committed 28032K, reserved 1114112K
  class space    used 2445K, committed 2880K, reserved 1048576K
}
Event: 19.534 GC heap after
{Heap after GC invocations=35 (full 1):
 PSYoungGen      total 22528K, used 1216K [0x00000000d5580000, 0x00000000d7200000, 0x0000000100000000)
  eden space 20992K, 0% used [0x00000000d5580000,0x00000000d5580000,0x00000000d6a00000)
  from space 1536K, 79% used [0x00000000d7080000,0x00000000d71b0000,0x00000000d7200000)
  to   space 3584K, 0% used [0x00000000d6b00000,0x00000000d6b00000,0x00000000d6e80000)
 ParOldGen       total 68608K, used 50667K [0x0000000080000000, 0x0000000084300000, 0x00000000d5580000)
  object space 68608K, 73% used [0x0000000080000000,0x000000008317afa0,0x0000000084300000)
 Metaspace       used 27036K, committed 28032K, reserved 1114112K
  class space    used 2445K, committed 2880K, reserved 1048576K
}

