# JRE version: OpenJDK Runtime Environment Temurin-21.0.9+10 (21.0.9+10) (build 21.0.9+10-LTS)
# Java VM: OpenJDK 64-Bit Server VM Temurin-21.0.9+10 (21.0.9+10-LTS, mixed mode, sharing, tiered, compressed oops, compressed class ptrs, parallel gc, windows-amd64)
GC Precious Log:
 CardTable entry size: 512
 CPUs: 8 total, 8 available
 Memory: 15610M
 Large Page Support: Disabled
 NUMA Support: Disabled
 Compressed Oops: Enabled (32-bit)
 Alignments: Space 512K, Generation 512K, Heap 2M
 Heap Min Capacity: 100M
 Heap Initial Capacity: 100M
 Heap Max Capacity: 2G
 Pre-touch: Disabled
 Parallel Workers: 8
Heap:
 PSYoungGen      total 18432K, used 17129K [0x00000000d5580000, 0x00000000d6880000, 0x0000000100000000)
  eden space 17920K, 93% used [0x00000000d5580000,0x00000000d65dd4f8,0x00000000d6700000)
  from space 512K, 72% used [0x00000000d6780000,0x00000000d67dd200,0x00000000d6800000)
  to   space 512K, 0% used [0x00000000d6800000,0x00000000d6800000,0x00000000d6880000)
 ParOldGen       total 72192K, used 72069K [0x0000000080000000, 0x0000000084680000, 0x00000000d5580000)
  object space 72192K, 99% used [0x0000000080000000,0x0000000084661678,0x0000000084680000)
 Metaspace       used 23102K, committed 24064K, reserved 1114112K
  class space    used 2039K, committed 2432K, reserved 1048576K
GC Heap History (20 events):
Event: 12.007 GC heap before
{Heap before GC invocations=61 (full 1):
 PSYoungGen      total 18944K, used 18772K [0x00000000d5580000, 0x00000000d6a00000, 0x0000000100000000)
  eden space 17920K, 100% used [0x00000000d5580000,0x00000000d6700000,0x00000000d6700000)
  from space 1024K, 83% used [0x00000000d6700000,0x00000000d67d5200,0x00000000d6800000)
  to   space 1536K, 0% used [0x00000000d6880000,0x00000000d6880000,0x00000000d6a00000)
 ParOldGen       total 69632K, used 69238K [0x0000000080000000, 0x0000000084400000, 0x00000000d5580000)
  object space 69632K, 99% used [0x0000000080000000,0x000000008439d800,0x0000000084400000)
 Metaspace       used 22702K, committed 23680K, reserved 1114112K
  class space    used 2028K, committed 2432K, reserved 1048576K
}
Event: 12.008 GC heap after
{Heap after GC invocations=61 (full 1):
 PSYoungGen      total 18432K, used 474K [0x00000000d5580000, 0x00000000d6900000, 0x0000000100000000)
  eden space 17920K, 0% used [0x00000000d5580000,0x00000000d5580000,0x00000000d6700000)
  from space 512K, 92% used [0x00000000d6880000,0x00000000d68f6900,0x00000000d6900000)
  to   space 1024K, 0% used [0x00000000d6700000,0x00000000d6700000,0x00000000d6800000)
 ParOldGen       total 69632K, used 69582K [0x0000000080000000, 0x0000000084400000, 0x00000000d5580000)
  object space 69632K, 99% used [0x0000000080000000,0x00000000843f3800,0x0000000084400000)
 Metaspace       used 22702K, committed 23680K, reserved 1114112K
  class space    used 2028K, committed 2432K, reserved 1048576K
}
Event: 12.100 GC heap before
{Heap before GC invocations=62 (full 1):
 PSYoungGen      total 18432K, used 18394K [0x00000000d5580000, 0x00000000d6900000, 0x0000000100000000)
  eden space 17920K, 100% used [0x00000000d5580000,0x00000000d6700000,0x00000000d6700000)
  from space 512K, 92% used [0x00000000d6880000,0x00000000d68f6900,0x00000000d6900000)
  to   space 1024K, 0% used [0x00000000d6700000,0x00000000d6700000,0x00000000d6800000)
 ParOldGen       total 69632K, used 69582K [0x0000000080000000, 0x0000000084400000, 0x00000000d5580000)
  object space 69632K, 99% used [0x0000000080000000,0x00000000843f3800,0x0000000084400000)
 Metaspace       used 22733K, committed 23680K, reserved 1114112K
  class space    used 2029K, committed 2432K, reserved 1048576K
}
Event: 12.101 GC heap after
{Heap after GC invocations=62 (full 1):
 PSYoungGen      total 18944K, used 720K [0x00000000d5580000, 0x00000000d6900000, 0x0000000100000000)
  eden space 17920K, 0% used [0x00000000d5580000,0x00000000d5580000,0x00000000d6700000)
  from space 1024K, 70% used [0x00000000d6700000,0x00000000d67b4398,0x00000000d6800000)
  to   space 1024K, 0% used [0x00000000d6800000,0x00000000d6800000,0x00000000d6900000)
 ParOldGen       total 69632K, used 69598K [0x0000000080000000, 0x0000000084400000, 0x00000000d5580000)
  object space 69632K, 99% used [0x0000000080000000,0x00000000843f7800,0x0000000084400000)
 Metaspace       used 22733K, committed 23680K, reserved 1114112K
  class space    used 2029K, committed 2432K, reserved 1048576K
}
Event: 12.171 GC heap before
{Heap before GC invocations=63 (full 1):
 PSYoungGen      total 18944K, used 18094K [0x00000000d5580000, 0x00000000d6900000, 0x0000000100000000)
  eden space 17920K, 96% used [0x00000000d5580000,0x00000000d66775a8,0x00000000d6700000)
  from space 1024K, 70% used [0x00000000d6700000,0x00000000d67b4398,0x00000000d6800000)
  to   space 1024K, 0% used [0x00000000d6800000,0x00000000d6800000,0x00000000d6900000)
 ParOldGen       total 69632K, used 69598K [0x0000000080000000, 0x0000000084400000, 0x00000000d5580000)
  object space 69632K, 99% used [0x0000000080000000,0x00000000843f7800,0x0000000084400000)
 Metaspace       used 22758K, committed 23744K, reserved 1114112K
  class space    used 2030K, committed 2432K, reserved 1048576K
}
Event: 12.172 GC heap after
{Heap after GC invocations=63 (full 1):
 PSYoungGen      total 18944K, used 410K [0x00000000d5580000, 0x00000000d6900000, 0x0000000100000000)
  eden space 17920K, 0% used [0x00000000d5580000,0x00000000d5580000,0x00000000d6700000)
  from space 1024K, 40% used [0x00000000d6800000,0x00000000d6866900,0x00000000d6900000)
  to   space 1024K, 0% used [0x00000000d6700000,0x00000000d6700000,0x00000000d6800000)
 ParOldGen       total 70144K, used 70042K [0x0000000080000000, 0x0000000084480000, 0x00000000d5580000)
  object space 70144K, 99% used [0x0000000080000000,0x0000000084466998,0x0000000084480000)
 Metaspace       used 22758K, committed 23744K, reserved 1114112K
  class space    used 2030K, committed 2432K, reserved 1048576K
}
Event: 12.222 GC heap before
{Heap before GC invocations=64 (full 1):
 PSYoungGen      total 18944K, used 18292K [0x00000000d5580000, 0x00000000d6900000, 0x0000000100000000)
  eden space 17920K, 99% used [0x00000000d5580000,0x00000000d66f6980,0x00000000d6700000)
  from space 1024K, 40% used [0x00000000d6800000,0x00000000d6866900,0x00000000d6900000)
  to   space 1024K, 0% used [0x00000000d6700000,0x00000000d6700000,0x00000000d6800000)
 ParOldGen       total 70144K, used 70042K [0x0000000080000000, 0x0000000084480000, 0x00000000d5580000)
  object space 70144K, 99% used [0x0000000080000000,0x0000000084466998,0x0000000084480000)
 Metaspace       used 22780K, committed 23744K, reserved 1114112K
  class space    used 2030K, committed 2432K, reserved 1048576K
}
Event: 12.227 GC heap after
{Heap after GC invocations=64 (full 1):
 PSYoungGen      total 18944K, used 867K [0x00000000d5580000, 0x00000000d6900000, 0x0000000100000000)
  eden space 17920K, 0% used [0x00000000d5580000,0x00000000d5580000,0x00000000d6700000)
  from space 1024K, 84% used [0x00000000d6700000,0x00000000d67d8ce8,0x00000000d6800000)
  to   space 1024K, 0% used [0x00000000d6800000,0x00000000d6800000,0x00000000d6900000)
 ParOldGen       total 71680K, used 71571K [0x0000000080000000, 0x0000000084600000, 0x00000000d5580000)
  object space 71680K, 99% used [0x0000000080000000,0x00000000845e4c30,0x0000000084600000)
 Metaspace       used 22780K, committed 23744K, reserved 1114112K
  class space    used 2030K, committed 2432K, reserved 1048576K
}
Event: 12.273 GC heap before
{Heap before GC invocations=65 (full 1):
 PSYoungGen      total 18944K, used 17469K [0x00000000d5580000, 0x00000000d6900000, 0x0000000100000000)
  eden space 17920K, 92% used [0x00000000d5580000,0x00000000d65b6820,0x00000000d6700000)
  from space 1024K, 84% used [0x00000000d6700000,0x00000000d67d8ce8,0x00000000d6800000)
  to   space 1024K, 0% used [0x00000000d6800000,0x00000000d6800000,0x00000000d6900000)
 ParOldGen       total 71680K, used 71571K [0x0000000080000000, 0x0000000084600000, 0x00000000d5580000)
  object space 71680K, 99% used [0x0000000080000000,0x00000000845e4c30,0x0000000084600000)
 Metaspace       used 22804K, committed 23744K, reserved 1114112K
  class space    used 2030K, committed 2432K, reserved 1048576K
}
Event: 12.274 GC heap after
{Heap after GC invocations=65 (full 1):
 PSYoungGen      total 18432K, used 244K [0x00000000d5580000, 0x00000000d6880000, 0x0000000100000000)
  eden space 17920K, 0% used [0x00000000d5580000,0x00000000d5580000,0x00000000d6700000)
  from space 512K, 47% used [0x00000000d6800000,0x00000000d683d200,0x00000000d6880000)
  to   space 512K, 0% used [0x00000000d6780000,0x00000000d6780000,0x00000000d6800000)
 ParOldGen       total 71680K, used 71627K [0x0000000080000000, 0x0000000084600000, 0x00000000d5580000)
  object space 71680K, 99% used [0x0000000080000000,0x00000000845f2c30,0x0000000084600000)
 Metaspace       used 22804K, committed 23744K, reserved 1114112K
  class space    used 2030K, committed 2432K, reserved 1048576K
}
Event: 12.323 GC heap before
{Heap before GC invocations=66 (full 1):
 PSYoungGen      total 18432K, used 18164K [0x00000000d5580000, 0x00000000d6880000, 0x0000000100000000)
  eden space 17920K, 100% used [0x00000000d5580000,0x00000000d6700000,0x00000000d6700000)
  from space 512K, 47% used [0x00000000d6800000,0x00000000d683d200,0x00000000d6880000)
  to   space 512K, 0% used [0x00000000d6780000,0x00000000d6780000,0x00000000d6800000)
 ParOldGen       total 71680K, used 71627K [0x0000000080000000, 0x0000000084600000, 0x00000000d5580000)
  object space 71680K, 99% used [0x0000000080000000,0x00000000845f2c30,0x0000000084600000)
 Metaspace       used 22825K, committed 23808K, reserved 1114112K
  class space    used 2030K, committed 2432K, reserved 1048576K
}
Event: 12.324 GC heap after
{Heap after GC invocations=66 (full 1):
 PSYoungGen      total 18432K, used 256K [0x00000000d5580000, 0x00000000d6880000, 0x0000000100000000)
  eden space 17920K, 0% used [0x00000000d5580000,0x00000000d5580000,0x00000000d6700000)
  from space 512K, 50% used [0x00000000d6780000,0x00000000d67c0000,0x00000000d6800000)
  to   space 512K, 0% used [0x00000000d6800000,0x00000000d6800000,0x00000000d6880000)
 ParOldGen       total 72192K, used 71723K [0x0000000080000000, 0x0000000084680000, 0x00000000d5580000)
  object space 72192K, 99% used [0x0000000080000000,0x000000008460ac30,0x0000000084680000)
 Metaspace       used 22825K, committed 23808K, reserved 1114112K
  class space    used 2030K, committed 2432K, reserved 1048576K
}
Event: 12.455 GC heap before
{Heap before GC invocations=67 (full 1):
 PSYoungGen      total 18432K, used 18176K [0x00000000d5580000, 0x00000000d6880000, 0x0000000100000000)
  eden space 17920K, 100% used [0x00000000d5580000,0x00000000d6700000,0x00000000d6700000)
  from space 512K, 50% used [0x00000000d6780000,0x00000000d67c0000,0x00000000d6800000)
  to   space 512K, 0% used [0x00000000d6800000,0x00000000d6800000,0x00000000d6880000)
 ParOldGen       total 72192K, used 71723K [0x0000000080000000, 0x0000000084680000, 0x00000000d5580000)
  object space 72192K, 99% used [0x0000000080000000,0x000000008460ac30,0x0000000084680000)
 Metaspace       used 22932K, committed 23936K, reserved 1114112K
  class space    used 2037K, committed 2432K, reserved 1048576K
}
Event: 12.456 GC heap after
{Heap after GC invocations=67 (full 1):
 PSYoungGen      total 18432K, used 404K [0x00000000d5580000, 0x00000000d6880000, 0x0000000100000000)
  eden space 17920K, 0% used [0x00000000d5580000,0x00000000d5580000,0x00000000d6700000)
  from space 512K, 79% used [0x00000000d6800000,0x00000000d6865200,0x00000000d6880000)
  to   space 512K, 0% used [0x00000000d6780000,0x00000000d6780000,0x00000000d6800000)
 ParOldGen       total 72192K, used 71787K [0x0000000080000000, 0x0000000084680000, 0x00000000d5580000)
  object space 72192K, 99% used [0x0000000080000000,0x000000008461ac30,0x0000000084680000)
 Metaspace       used 22932K, committed 23936K, reserved 1114112K
  class space    used 2037K, committed 2432K, reserved 1048576K
}
Event: 12.542 GC heap before
{Heap before GC invocations=68 (full 1):
 PSYoungGen      total 18432K, used 18324K [0x00000000d5580000, 0x00000000d6880000, 0x0000000100000000)
  eden space 17920K, 100% used [0x00000000d5580000,0x00000000d6700000,0x00000000d6700000)
  from space 512K, 79% used [0x00000000d6800000,0x00000000d6865200,0x00000000d6880000)
  to   space 512K, 0% used [0x00000000d6780000,0x00000000d6780000,0x00000000d6800000)
 ParOldGen       total 72192K, used 71787K [0x0000000080000000, 0x0000000084680000, 0x00000000d5580000)
  object space 72192K, 99% used [0x0000000080000000,0x000000008461ac30,0x0000000084680000)
 Metaspace       used 22961K, committed 23936K, reserved 1114112K
  class space    used 2037K, committed 2432K, reserved 1048576K
}
Event: 12.543 GC heap after
{Heap after GC invocations=68 (full 1):
 PSYoungGen      total 18432K, used 276K [0x00000000d5580000, 0x00000000d6880000, 0x0000000100000000)
  eden space 17920K, 0% used [0x00000000d5580000,0x00000000d5580000,0x00000000d6700000)
  from space 512K, 54% used [0x00000000d6780000,0x00000000d67c5200,0x00000000d6800000)
  to   space 512K, 0% used [0x00000000d6800000,0x00000000d6800000,0x00000000d6880000)
 ParOldGen       total 72192K, used 71939K [0x0000000080000000, 0x0000000084680000, 0x00000000d5580000)
  object space 72192K, 99% used [0x0000000080000000,0x0000000084640c30,0x0000000084680000)
 Metaspace       used 22961K, committed 23936K, reserved 1114112K
  class space    used 2037K, committed 2432K, reserved 1048576K
}
Event: 12.612 GC heap before
{Heap before GC invocations=69 (full 1):
 PSYoungGen      total 18432K, used 17533K [0x00000000d5580000, 0x00000000d6880000, 0x0000000100000000)
  eden space 17920K, 96% used [0x00000000d5580000,0x00000000d665a4b0,0x00000000d6700000)
  from space 512K, 54% used [0x00000000d6780000,0x00000000d67c5200,0x00000000d6800000)
  to   space 512K, 0% used [0x00000000d6800000,0x00000000d6800000,0x00000000d6880000)
 ParOldGen       total 72192K, used 71939K [0x0000000080000000, 0x0000000084680000, 0x00000000d5580000)
  object space 72192K, 99% used [0x0000000080000000,0x0000000084640c30,0x0000000084680000)
 Metaspace       used 22998K, committed 24000K, reserved 1114112K
  class space    used 2037K, committed 2432K, reserved 1048576K
}
Event: 12.613 GC heap after
{Heap after GC invocations=69 (full 1):
 PSYoungGen      total 18432K, used 192K [0x00000000d5580000, 0x00000000d6880000, 0x0000000100000000)
  eden space 17920K, 0% used [0x00000000d5580000,0x00000000d5580000,0x00000000d6700000)
  from space 512K, 37% used [0x00000000d6800000,0x00000000d6830000,0x00000000d6880000)
  to   space 512K, 0% used [0x00000000d6780000,0x00000000d6780000,0x00000000d6800000)
 ParOldGen       total 72192K, used 72005K [0x0000000080000000, 0x0000000084680000, 0x00000000d5580000)
  object space 72192K, 99% used [0x0000000080000000,0x0000000084651678,0x0000000084680000)
 Metaspace       used 22998K, committed 24000K, reserved 1114112K
  class space    used 2037K, committed 2432K, reserved 1048576K
}
Event: 12.709 GC heap before
{Heap before GC invocations=70 (full 1):
 PSYoungGen      total 18432K, used 17439K [0x00000000d5580000, 0x00000000d6880000, 0x0000000100000000)
  eden space 17920K, 96% used [0x00000000d5580000,0x00000000d6657e78,0x00000000d6700000)
  from space 512K, 37% used [0x00000000d6800000,0x00000000d6830000,0x00000000d6880000)
  to   space 512K, 0% used [0x00000000d6780000,0x00000000d6780000,0x00000000d6800000)
 ParOldGen       total 72192K, used 72005K [0x0000000080000000, 0x0000000084680000, 0x00000000d5580000)
  object space 72192K, 99% used [0x0000000080000000,0x0000000084651678,0x0000000084680000)
 Metaspace       used 23021K, committed 24000K, reserved 1114112K
  class space    used 2039K, committed 2432K, reserved 1048576K
}
Event: 12.710 GC heap after
{Heap after GC invocations=70 (full 1):
 PSYoungGen      total 18432K, used 372K [0x00000000d5580000, 0x00000000d6880000, 0x0000000100000000)
  eden space 17920K, 0% used [0x00000000d5580000,0x00000000d5580000,0x00000000d6700000)
  from space 512K, 72% used [0x00000000d6780000,0x00000000d67dd200,0x00000000d6800000)
  to   space 512K, 0% used [0x00000000d6800000,0x00000000d6800000,0x00000000d6880000)
 ParOldGen       total 72192K, used 72069K [0x0000000080000000, 0x0000000084680000, 0x00000000d5580000)
  object space 72192K, 99% used [0x0000000080000000,0x0000000084661678,0x0000000084680000)
 Metaspace       used 23021K, committed 24000K, reserved 1114112K
  class space    used 2039K, committed 2432K, reserved 1048576K
}

