# JRE version: OpenJDK Runtime Environment Temurin-21.0.9+10 (21.0.9+10) (build 21.0.9+10-LTS)
# Java VM: OpenJDK 64-Bit Server VM Temurin-21.0.9+10 (21.0.9+10-LTS, mixed mode, sharing, tiered, compressed oops, compressed class ptrs, parallel gc, windows-amd64)
GC Precious Log:
 CardTable entry size: 512
 CPUs: 8 total, 8 available
 Memory: 15610M
 Large Page Support: Disabled
 NUMA Support: Disabled
 Compressed Oops: Enabled (32-bit)
 Alignments: Space 512K, Generation 512K, Heap 2M
 Heap Min Capacity: 100M
 Heap Initial Capacity: 100M
 Heap Max Capacity: 2G
 Pre-touch: Disabled
 Parallel Workers: 8
Heap:
 PSYoungGen      total 22528K, used 8118K [0x00000000d5580000, 0x00000000d6f80000, 0x0000000100000000)
  eden space 21504K, 33% used [0x00000000d5580000,0x00000000d5c70488,0x00000000d6a80000)
  from space 1024K, 98% used [0x00000000d6b00000,0x00000000d6bfd4e8,0x00000000d6c00000)
  to   space 2560K, 0% used [0x00000000d6d00000,0x00000000d6d00000,0x00000000d6f80000)
 ParOldGen       total 68608K, used 64362K [0x0000000080000000, 0x0000000084300000, 0x00000000d5580000)
  object space 68608K, 93% used [0x0000000080000000,0x0000000083eda870,0x0000000084300000)
 Metaspace       used 25026K, committed 26112K, reserved 1114112K
  class space    used 2174K, committed 2624K, reserved 1048576K
GC Heap History (20 events):
Event: 10.077 GC heap before
{Heap before GC invocations=34 (full 1):
 PSYoungGen      total 22528K, used 21504K [0x00000000d5580000, 0x00000000d6f00000, 0x0000000100000000)
  eden space 21504K, 100% used [0x00000000d5580000,0x00000000d6a80000,0x00000000d6a80000)
  from space 1024K, 0% used [0x00000000d6e00000,0x00000000d6e00000,0x00000000d6f00000)
  to   space 2048K, 0% used [0x00000000d6b00000,0x00000000d6b00000,0x00000000d6d00000)
 ParOldGen       total 68608K, used 51560K [0x0000000080000000, 0x0000000084300000, 0x00000000d5580000)
  object space 68608K, 75% used [0x0000000080000000,0x000000008325a230,0x0000000084300000)
 Metaspace       used 21199K, committed 22144K, reserved 1114112K
  class space    used 1849K, committed 2240K, reserved 1048576K
}
Event: 10.080 GC heap after
{Heap after GC invocations=34 (full 1):
 PSYoungGen      total 23552K, used 2047K [0x00000000d5580000, 0x00000000d6f80000, 0x0000000100000000)
  eden space 21504K, 0% used [0x00000000d5580000,0x00000000d5580000,0x00000000d6a80000)
  from space 2048K, 99% used [0x00000000d6b00000,0x00000000d6cffdf0,0x00000000d6d00000)
  to   space 2560K, 0% used [0x00000000d6d00000,0x00000000d6d00000,0x00000000d6f80000)
 ParOldGen       total 68608K, used 51768K [0x0000000080000000, 0x0000000084300000, 0x00000000d5580000)
  object space 68608K, 75% used [0x0000000080000000,0x000000008328e230,0x0000000084300000)
 Metaspace       used 21199K, committed 22144K, reserved 1114112K
  class space    used 1849K, committed 2240K, reserved 1048576K
}
Event: 10.559 GC heap before
{Heap before GC invocations=35 (full 1):
 PSYoungGen      total 23552K, used 23551K [0x00000000d5580000, 0x00000000d6f80000, 0x0000000100000000)
  eden space 21504K, 100% used [0x00000000d5580000,0x00000000d6a80000,0x00000000d6a80000)
  from space 2048K, 99% used [0x00000000d6b00000,0x00000000d6cffdf0,0x00000000d6d00000)
  to   space 2560K, 0% used [0x00000000d6d00000,0x00000000d6d00000,0x00000000d6f80000)
 ParOldGen       total 68608K, used 51768K [0x0000000080000000, 0x0000000084300000, 0x00000000d5580000)
  object space 68608K, 75% used [0x0000000080000000,0x000000008328e230,0x0000000084300000)
 Metaspace       used 21530K, committed 22400K, reserved 1114112K
  class space    used 1884K, committed 2240K, reserved 1048576K
}
Event: 10.563 GC heap after
{Heap after GC invocations=35 (full 1):
 PSYoungGen      total 23552K, used 1568K [0x00000000d5580000, 0x00000000d6f00000, 0x0000000100000000)
  eden space 21504K, 0% used [0x00000000d5580000,0x00000000d5580000,0x00000000d6a80000)
  from space 2048K, 76% used [0x00000000d6d00000,0x00000000d6e88000,0x00000000d6f00000)
  to   space 2048K, 0% used [0x00000000d6b00000,0x00000000d6b00000,0x00000000d6d00000)
 ParOldGen       total 68608K, used 53746K [0x0000000080000000, 0x0000000084300000, 0x00000000d5580000)
  object space 68608K, 78% used [0x0000000080000000,0x000000008347ca28,0x0000000084300000)
 Metaspace       used 21530K, committed 22400K, reserved 1114112K
  class space    used 1884K, committed 2240K, reserved 1048576K
}
Event: 11.117 GC heap before
{Heap before GC invocations=36 (full 1):
 PSYoungGen      total 23552K, used 23072K [0x00000000d5580000, 0x00000000d6f00000, 0x0000000100000000)
  eden space 21504K, 100% used [0x00000000d5580000,0x00000000d6a80000,0x00000000d6a80000)
  from space 2048K, 76% used [0x00000000d6d00000,0x00000000d6e88000,0x00000000d6f00000)
  to   space 2048K, 0% used [0x00000000d6b00000,0x00000000d6b00000,0x00000000d6d00000)
 ParOldGen       total 68608K, used 53746K [0x0000000080000000, 0x0000000084300000, 0x00000000d5580000)
  object space 68608K, 78% used [0x0000000080000000,0x000000008347ca28,0x0000000084300000)
 Metaspace       used 21859K, committed 22720K, reserved 1114112K
  class space    used 1893K, committed 2240K, reserved 1048576K
}
Event: 11.120 GC heap after
{Heap after GC invocations=36 (full 1):
 PSYoungGen      total 23552K, used 2048K [0x00000000d5580000, 0x00000000d7280000, 0x0000000100000000)
  eden space 21504K, 0% used [0x00000000d5580000,0x00000000d5580000,0x00000000d6a80000)
  from space 2048K, 100% used [0x00000000d6b00000,0x00000000d6d00000,0x00000000d6d00000)
  to   space 4096K, 0% used [0x00000000d6e80000,0x00000000d6e80000,0x00000000d7280000)
 ParOldGen       total 68608K, used 55334K [0x0000000080000000, 0x0000000084300000, 0x00000000d5580000)
  object space 68608K, 80% used [0x0000000080000000,0x0000000083609a58,0x0000000084300000)
 Metaspace       used 21859K, committed 22720K, reserved 1114112K
  class space    used 1893K, committed 2240K, reserved 1048576K
}
Event: 11.487 GC heap before
{Heap before GC invocations=37 (full 1):
 PSYoungGen      total 23552K, used 23552K [0x00000000d5580000, 0x00000000d7280000, 0x0000000100000000)
  eden space 21504K, 100% used [0x00000000d5580000,0x00000000d6a80000,0x00000000d6a80000)
  from space 2048K, 100% used [0x00000000d6b00000,0x00000000d6d00000,0x00000000d6d00000)
  to   space 4096K, 0% used [0x00000000d6e80000,0x00000000d6e80000,0x00000000d7280000)
 ParOldGen       total 68608K, used 55334K [0x0000000080000000, 0x0000000084300000, 0x00000000d5580000)
  object space 68608K, 80% used [0x0000000080000000,0x0000000083609a58,0x0000000084300000)
 Metaspace       used 22069K, committed 22976K, reserved 1114112K
  class space    used 1893K, committed 2240K, reserved 1048576K
}
Event: 11.493 GC heap after
{Heap after GC invocations=37 (full 1):
 PSYoungGen      total 23040K, used 1360K [0x00000000d5580000, 0x00000000d7000000, 0x0000000100000000)
  eden space 21504K, 0% used [0x00000000d5580000,0x00000000d5580000,0x00000000d6a80000)
  from space 1536K, 88% used [0x00000000d6e80000,0x00000000d6fd4010,0x00000000d7000000)
  to   space 2560K, 0% used [0x00000000d6b00000,0x00000000d6b00000,0x00000000d6d80000)
 ParOldGen       total 68608K, used 57313K [0x0000000080000000, 0x0000000084300000, 0x00000000d5580000)
  object space 68608K, 83% used [0x0000000080000000,0x00000000837f8510,0x0000000084300000)
 Metaspace       used 22069K, committed 22976K, reserved 1114112K
  class space    used 1893K, committed 2240K, reserved 1048576K
}
Event: 11.748 GC heap before
{Heap before GC invocations=38 (full 1):
 PSYoungGen      total 23040K, used 22864K [0x00000000d5580000, 0x00000000d7000000, 0x0000000100000000)
  eden space 21504K, 100% used [0x00000000d5580000,0x00000000d6a80000,0x00000000d6a80000)
  from space 1536K, 88% used [0x00000000d6e80000,0x00000000d6fd4010,0x00000000d7000000)
  to   space 2560K, 0% used [0x00000000d6b00000,0x00000000d6b00000,0x00000000d6d80000)
 ParOldGen       total 68608K, used 57313K [0x0000000080000000, 0x0000000084300000, 0x00000000d5580000)
  object space 68608K, 83% used [0x0000000080000000,0x00000000837f8510,0x0000000084300000)
 Metaspace       used 22246K, committed 23168K, reserved 1114112K
  class space    used 1912K, committed 2304K, reserved 1048576K
}
Event: 11.751 GC heap after
{Heap after GC invocations=38 (full 1):
 PSYoungGen      total 23552K, used 1856K [0x00000000d5580000, 0x00000000d6f00000, 0x0000000100000000)
  eden space 21504K, 0% used [0x00000000d5580000,0x00000000d5580000,0x00000000d6a80000)
  from space 2048K, 90% used [0x00000000d6b00000,0x00000000d6cd0000,0x00000000d6d00000)
  to   space 2048K, 0% used [0x00000000d6d00000,0x00000000d6d00000,0x00000000d6f00000)
 ParOldGen       total 68608K, used 58473K [0x0000000080000000, 0x0000000084300000, 0x00000000d5580000)
  object space 68608K, 85% used [0x0000000080000000,0x000000008391a510,0x0000000084300000)
 Metaspace       used 22246K, committed 23168K, reserved 1114112K
  class space    used 1912K, committed 2304K, reserved 1048576K
}
Event: 11.869 GC heap before
{Heap before GC invocations=39 (full 1):
 PSYoungGen      total 23552K, used 23360K [0x00000000d5580000, 0x00000000d6f00000, 0x0000000100000000)
  eden space 21504K, 100% used [0x00000000d5580000,0x00000000d6a80000,0x00000000d6a80000)
  from space 2048K, 90% used [0x00000000d6b00000,0x00000000d6cd0000,0x00000000d6d00000)
  to   space 2048K, 0% used [0x00000000d6d00000,0x00000000d6d00000,0x00000000d6f00000)
 ParOldGen       total 68608K, used 58473K [0x0000000080000000, 0x0000000084300000, 0x00000000d5580000)
  object space 68608K, 85% used [0x0000000080000000,0x000000008391a510,0x0000000084300000)
 Metaspace       used 22377K, committed 23296K, reserved 1114112K
  class space    used 1912K, committed 2304K, reserved 1048576K
}
Event: 11.873 GC heap after
{Heap after GC invocations=39 (full 1):
 PSYoungGen      total 23040K, used 1504K [0x00000000d5580000, 0x00000000d6e80000, 0x0000000100000000)
  eden space 21504K, 0% used [0x00000000d5580000,0x00000000d5580000,0x00000000d6a80000)
  from space 1536K, 97% used [0x00000000d6d00000,0x00000000d6e78000,0x00000000d6e80000)
  to   space 2048K, 0% used [0x00000000d6a80000,0x00000000d6a80000,0x00000000d6c80000)
 ParOldGen       total 68608K, used 59870K [0x0000000080000000, 0x0000000084300000, 0x00000000d5580000)
  object space 68608K, 87% used [0x0000000080000000,0x0000000083a779f0,0x0000000084300000)
 Metaspace       used 22377K, committed 23296K, reserved 1114112K
  class space    used 1912K, committed 2304K, reserved 1048576K
}
Event: 12.264 GC heap before
{Heap before GC invocations=40 (full 1):
 PSYoungGen      total 23040K, used 23008K [0x00000000d5580000, 0x00000000d6e80000, 0x0000000100000000)
  eden space 21504K, 100% used [0x00000000d5580000,0x00000000d6a80000,0x00000000d6a80000)
  from space 1536K, 97% used [0x00000000d6d00000,0x00000000d6e78000,0x00000000d6e80000)
  to   space 2048K, 0% used [0x00000000d6a80000,0x00000000d6a80000,0x00000000d6c80000)
 ParOldGen       total 68608K, used 59870K [0x0000000080000000, 0x0000000084300000, 0x00000000d5580000)
  object space 68608K, 87% used [0x0000000080000000,0x0000000083a779f0,0x0000000084300000)
 Metaspace       used 22702K, committed 23616K, reserved 1114112K
  class space    used 1943K, committed 2304K, reserved 1048576K
}
Event: 12.267 GC heap after
{Heap after GC invocations=40 (full 1):
 PSYoungGen      total 23552K, used 1520K [0x00000000d5580000, 0x00000000d6e80000, 0x0000000100000000)
  eden space 21504K, 0% used [0x00000000d5580000,0x00000000d5580000,0x00000000d6a80000)
  from space 2048K, 74% used [0x00000000d6a80000,0x00000000d6bfc010,0x00000000d6c80000)
  to   space 2048K, 0% used [0x00000000d6c80000,0x00000000d6c80000,0x00000000d6e80000)
 ParOldGen       total 68608K, used 60902K [0x0000000080000000, 0x0000000084300000, 0x00000000d5580000)
  object space 68608K, 88% used [0x0000000080000000,0x0000000083b799f0,0x0000000084300000)
 Metaspace       used 22702K, committed 23616K, reserved 1114112K
  class space    used 1943K, committed 2304K, reserved 1048576K
}
Event: 12.650 GC heap before
{Heap before GC invocations=41 (full 1):
 PSYoungGen      total 23552K, used 23024K [0x00000000d5580000, 0x00000000d6e80000, 0x0000000100000000)
  eden space 21504K, 100% used [0x00000000d5580000,0x00000000d6a80000,0x00000000d6a80000)
  from space 2048K, 74% used [0x00000000d6a80000,0x00000000d6bfc010,0x00000000d6c80000)
  to   space 2048K, 0% used [0x00000000d6c80000,0x00000000d6c80000,0x00000000d6e80000)
 ParOldGen       total 68608K, used 60902K [0x0000000080000000, 0x0000000084300000, 0x00000000d5580000)
  object space 68608K, 88% used [0x0000000080000000,0x0000000083b799f0,0x0000000084300000)
 Metaspace       used 23194K, committed 24192K, reserved 1114112K
  class space    used 1986K, committed 2368K, reserved 1048576K
}
Event: 12.653 GC heap after
{Heap after GC invocations=41 (full 1):
 PSYoungGen      total 22528K, used 741K [0x00000000d5580000, 0x00000000d6d80000, 0x0000000100000000)
  eden space 21504K, 0% used [0x00000000d5580000,0x00000000d5580000,0x00000000d6a80000)
  from space 1024K, 72% used [0x00000000d6c80000,0x00000000d6d39420,0x00000000d6d80000)
  to   space 1536K, 0% used [0x00000000d6a80000,0x00000000d6a80000,0x00000000d6c00000)
 ParOldGen       total 68608K, used 62006K [0x0000000080000000, 0x0000000084300000, 0x00000000d5580000)
  object space 68608K, 90% used [0x0000000080000000,0x0000000083c8d9f0,0x0000000084300000)
 Metaspace       used 23194K, committed 24192K, reserved 1114112K
  class space    used 1986K, committed 2368K, reserved 1048576K
}
Event: 13.399 GC heap before
{Heap before GC invocations=42 (full 1):
 PSYoungGen      total 22528K, used 22245K [0x00000000d5580000, 0x00000000d6d80000, 0x0000000100000000)
  eden space 21504K, 99% used [0x00000000d5580000,0x00000000d6a7fff0,0x00000000d6a80000)
  from space 1024K, 72% used [0x00000000d6c80000,0x00000000d6d39420,0x00000000d6d80000)
  to   space 1536K, 0% used [0x00000000d6a80000,0x00000000d6a80000,0x00000000d6c00000)
 ParOldGen       total 68608K, used 62006K [0x0000000080000000, 0x0000000084300000, 0x00000000d5580000)
  object space 68608K, 90% used [0x0000000080000000,0x0000000083c8d9f0,0x0000000084300000)
 Metaspace       used 23926K, committed 24960K, reserved 1114112K
  class space    used 2075K, committed 2496K, reserved 1048576K
}
Event: 13.402 GC heap after
{Heap after GC invocations=42 (full 1):
 PSYoungGen      total 23040K, used 728K [0x00000000d5580000, 0x00000000d6d00000, 0x0000000100000000)
  eden space 21504K, 0% used [0x00000000d5580000,0x00000000d5580000,0x00000000d6a80000)
  from space 1536K, 47% used [0x00000000d6a80000,0x00000000d6b361c8,0x00000000d6c00000)
  to   space 1024K, 0% used [0x00000000d6c00000,0x00000000d6c00000,0x00000000d6d00000)
 ParOldGen       total 68608K, used 62650K [0x0000000080000000, 0x0000000084300000, 0x00000000d5580000)
  object space 68608K, 91% used [0x0000000080000000,0x0000000083d2eb88,0x0000000084300000)
 Metaspace       used 23926K, committed 24960K, reserved 1114112K
  class space    used 2075K, committed 2496K, reserved 1048576K
}
Event: 13.736 GC heap before
{Heap before GC invocations=43 (full 1):
 PSYoungGen      total 23040K, used 22232K [0x00000000d5580000, 0x00000000d6d00000, 0x0000000100000000)
  eden space 21504K, 100% used [0x00000000d5580000,0x00000000d6a80000,0x00000000d6a80000)
  from space 1536K, 47% used [0x00000000d6a80000,0x00000000d6b361c8,0x00000000d6c00000)
  to   space 1024K, 0% used [0x00000000d6c00000,0x00000000d6c00000,0x00000000d6d00000)
 ParOldGen       total 68608K, used 62650K [0x0000000080000000, 0x0000000084300000, 0x00000000d5580000)
  object space 68608K, 91% used [0x0000000080000000,0x0000000083d2eb88,0x0000000084300000)
 Metaspace       used 24633K, committed 25728K, reserved 1114112K
  class space    used 2156K, committed 2560K, reserved 1048576K
}
Event: 13.738 GC heap after
{Heap after GC invocations=43 (full 1):
 PSYoungGen      total 22528K, used 720K [0x00000000d5580000, 0x00000000d6d00000, 0x0000000100000000)
  eden space 21504K, 0% used [0x00000000d5580000,0x00000000d5580000,0x00000000d6a80000)
  from space 1024K, 70% used [0x00000000d6c00000,0x00000000d6cb4050,0x00000000d6d00000)
  to   space 1024K, 0% used [0x00000000d6b00000,0x00000000d6b00000,0x00000000d6c00000)
 ParOldGen       total 68608K, used 63213K [0x0000000080000000, 0x0000000084300000, 0x00000000d5580000)
  object space 68608K, 92% used [0x0000000080000000,0x0000000083dbb618,0x0000000084300000)
 Metaspace       used 24633K, committed 25728K, reserved 1114112K
  class space    used 2156K, committed 2560K, reserved 1048576K
}

