# JRE version: OpenJDK Runtime Environment Temurin-21.0.9+10 (21.0.9+10) (build 21.0.9+10-LTS)
# Java VM: OpenJDK 64-Bit Server VM Temurin-21.0.9+10 (21.0.9+10-LTS, mixed mode, sharing, tiered, compressed oops, compressed class ptrs, parallel gc, windows-amd64)
GC Precious Log:
 CardTable entry size: 512
 CPUs: 8 total, 8 available
 Memory: 15610M
 Large Page Support: Disabled
 NUMA Support: Disabled
 Compressed Oops: Enabled (32-bit)
 Alignments: Space 512K, Generation 512K, Heap 2M
 Heap Min Capacity: 100M
 Heap Initial Capacity: 100M
 Heap Max Capacity: 2G
 Pre-touch: Disabled
 Parallel Workers: 8
Heap:
 PSYoungGen      total 19968K, used 18755K [0x00000000d5580000, 0x00000000d6c00000, 0x0000000100000000)
  eden space 17920K, 94% used [0x00000000d5580000,0x00000000d6600538,0x00000000d6700000)
  from space 2048K, 90% used [0x00000000d6800000,0x00000000d69d07a0,0x00000000d6a00000)
  to   space 2048K, 0% used [0x00000000d6a00000,0x00000000d6a00000,0x00000000d6c00000)
 ParOldGen       total 68608K, used 52066K [0x0000000080000000, 0x0000000084300000, 0x00000000d5580000)
  object space 68608K, 75% used [0x0000000080000000,0x00000000832d8a68,0x0000000084300000)
 Metaspace       used 21202K, committed 22144K, reserved 1114112K
  class space    used 1867K, committed 2240K, reserved 1048576K
GC Heap History (20 events):
Event: 6.103 GC heap before
{Heap before GC invocations=29 (full 0):
 PSYoungGen      total 18944K, used 18688K [0x00000000d5580000, 0x00000000d6d80000, 0x0000000100000000)
  eden space 17920K, 100% used [0x00000000d5580000,0x00000000d6700000,0x00000000d6700000)
  from space 1024K, 75% used [0x00000000d6c80000,0x00000000d6d40000,0x00000000d6d80000)
  to   space 1024K, 0% used [0x00000000d6b80000,0x00000000d6b80000,0x00000000d6c80000)
 ParOldGen       total 68608K, used 49736K [0x0000000080000000, 0x0000000084300000, 0x00000000d5580000)
  object space 68608K, 72% used [0x0000000080000000,0x00000000830923f8,0x0000000084300000)
 Metaspace       used 16971K, committed 17856K, reserved 1114112K
  class space    used 1586K, committed 1920K, reserved 1048576K
}
Event: 6.109 GC heap after
{Heap after GC invocations=29 (full 0):
 PSYoungGen      total 18944K, used 704K [0x00000000d5580000, 0x00000000d6d00000, 0x0000000100000000)
  eden space 17920K, 0% used [0x00000000d5580000,0x00000000d5580000,0x00000000d6700000)
  from space 1024K, 68% used [0x00000000d6b80000,0x00000000d6c30000,0x00000000d6c80000)
  to   space 512K, 0% used [0x00000000d6c80000,0x00000000d6c80000,0x00000000d6d00000)
 ParOldGen       total 68608K, used 50401K [0x0000000080000000, 0x0000000084300000, 0x00000000d5580000)
  object space 68608K, 73% used [0x0000000080000000,0x0000000083138418,0x0000000084300000)
 Metaspace       used 16971K, committed 17856K, reserved 1114112K
  class space    used 1586K, committed 1920K, reserved 1048576K
}
Event: 6.310 GC heap before
{Heap before GC invocations=30 (full 0):
 PSYoungGen      total 18944K, used 18624K [0x00000000d5580000, 0x00000000d6d00000, 0x0000000100000000)
  eden space 17920K, 100% used [0x00000000d5580000,0x00000000d6700000,0x00000000d6700000)
  from space 1024K, 68% used [0x00000000d6b80000,0x00000000d6c30000,0x00000000d6c80000)
  to   space 512K, 0% used [0x00000000d6c80000,0x00000000d6c80000,0x00000000d6d00000)
 ParOldGen       total 68608K, used 50401K [0x0000000080000000, 0x0000000084300000, 0x00000000d5580000)
  object space 68608K, 73% used [0x0000000080000000,0x0000000083138418,0x0000000084300000)
 Metaspace       used 17391K, committed 18240K, reserved 1114112K
  class space    used 1630K, committed 1984K, reserved 1048576K
}
Event: 6.312 GC heap after
{Heap after GC invocations=30 (full 0):
 PSYoungGen      total 18432K, used 480K [0x00000000d5580000, 0x00000000d6d00000, 0x0000000100000000)
  eden space 17920K, 0% used [0x00000000d5580000,0x00000000d5580000,0x00000000d6700000)
  from space 512K, 93% used [0x00000000d6c80000,0x00000000d6cf8010,0x00000000d6d00000)
  to   space 1536K, 0% used [0x00000000d6a00000,0x00000000d6a00000,0x00000000d6b80000)
 ParOldGen       total 68608K, used 51301K [0x0000000080000000, 0x0000000084300000, 0x00000000d5580000)
  object space 68608K, 74% used [0x0000000080000000,0x00000000832197e0,0x0000000084300000)
 Metaspace       used 17391K, committed 18240K, reserved 1114112K
  class space    used 1630K, committed 1984K, reserved 1048576K
}
Event: 6.515 GC heap before
{Heap before GC invocations=31 (full 0):
 PSYoungGen      total 18432K, used 18400K [0x00000000d5580000, 0x00000000d6d00000, 0x0000000100000000)
  eden space 17920K, 100% used [0x00000000d5580000,0x00000000d6700000,0x00000000d6700000)
  from space 512K, 93% used [0x00000000d6c80000,0x00000000d6cf8010,0x00000000d6d00000)
  to   space 1536K, 0% used [0x00000000d6a00000,0x00000000d6a00000,0x00000000d6b80000)
 ParOldGen       total 68608K, used 51301K [0x0000000080000000, 0x0000000084300000, 0x00000000d5580000)
  object space 68608K, 74% used [0x0000000080000000,0x00000000832197e0,0x0000000084300000)
 Metaspace       used 18042K, committed 18944K, reserved 1114112K
  class space    used 1656K, committed 1984K, reserved 1048576K
}
Event: 6.517 GC heap after
{Heap after GC invocations=31 (full 0):
 PSYoungGen      total 19456K, used 1521K [0x00000000d5580000, 0x00000000d7200000, 0x0000000100000000)
  eden space 17920K, 0% used [0x00000000d5580000,0x00000000d5580000,0x00000000d6700000)
  from space 1536K, 99% used [0x00000000d6a00000,0x00000000d6b7c6d0,0x00000000d6b80000)
  to   space 5632K, 0% used [0x00000000d6c80000,0x00000000d6c80000,0x00000000d7200000)
 ParOldGen       total 68608K, used 54406K [0x0000000080000000, 0x0000000084300000, 0x00000000d5580000)
  object space 68608K, 79% used [0x0000000080000000,0x0000000083521878,0x0000000084300000)
 Metaspace       used 18042K, committed 18944K, reserved 1114112K
  class space    used 1656K, committed 1984K, reserved 1048576K
}
Event: 6.587 GC heap before
{Heap before GC invocations=32 (full 0):
 PSYoungGen      total 19456K, used 19441K [0x00000000d5580000, 0x00000000d7200000, 0x0000000100000000)
  eden space 17920K, 100% used [0x00000000d5580000,0x00000000d6700000,0x00000000d6700000)
  from space 1536K, 99% used [0x00000000d6a00000,0x00000000d6b7c6d0,0x00000000d6b80000)
  to   space 5632K, 0% used [0x00000000d6c80000,0x00000000d6c80000,0x00000000d7200000)
 ParOldGen       total 68608K, used 54406K [0x0000000080000000, 0x0000000084300000, 0x00000000d5580000)
  object space 68608K, 79% used [0x0000000080000000,0x0000000083521878,0x0000000084300000)
 Metaspace       used 18137K, committed 19072K, reserved 1114112K
  class space    used 1663K, committed 1984K, reserved 1048576K
}
Event: 6.590 GC heap after
{Heap after GC invocations=32 (full 0):
 PSYoungGen      total 19968K, used 1647K [0x00000000d5580000, 0x00000000d6e80000, 0x0000000100000000)
  eden space 17920K, 0% used [0x00000000d5580000,0x00000000d5580000,0x00000000d6700000)
  from space 2048K, 80% used [0x00000000d6c80000,0x00000000d6e1be50,0x00000000d6e80000)
  to   space 3072K, 0% used [0x00000000d6880000,0x00000000d6880000,0x00000000d6b80000)
 ParOldGen       total 68608K, used 55934K [0x0000000080000000, 0x0000000084300000, 0x00000000d5580000)
  object space 68608K, 81% used [0x0000000080000000,0x000000008369f848,0x0000000084300000)
 Metaspace       used 18137K, committed 19072K, reserved 1114112K
  class space    used 1663K, committed 1984K, reserved 1048576K
}
Event: 6.634 GC heap before
{Heap before GC invocations=33 (full 0):
 PSYoungGen      total 19968K, used 19567K [0x00000000d5580000, 0x00000000d6e80000, 0x0000000100000000)
  eden space 17920K, 100% used [0x00000000d5580000,0x00000000d6700000,0x00000000d6700000)
  from space 2048K, 80% used [0x00000000d6c80000,0x00000000d6e1be50,0x00000000d6e80000)
  to   space 3072K, 0% used [0x00000000d6880000,0x00000000d6880000,0x00000000d6b80000)
 ParOldGen       total 68608K, used 55934K [0x0000000080000000, 0x0000000084300000, 0x00000000d5580000)
  object space 68608K, 81% used [0x0000000080000000,0x000000008369f848,0x0000000084300000)
 Metaspace       used 18142K, committed 19072K, reserved 1114112K
  class space    used 1663K, committed 1984K, reserved 1048576K
}
Event: 6.635 GC heap after
{Heap after GC invocations=33 (full 0):
 PSYoungGen      total 20992K, used 746K [0x00000000d5580000, 0x00000000d6d00000, 0x0000000100000000)
  eden space 17920K, 0% used [0x00000000d5580000,0x00000000d5580000,0x00000000d6700000)
  from space 3072K, 24% used [0x00000000d6880000,0x00000000d693ab40,0x00000000d6b80000)
  to   space 1536K, 0% used [0x00000000d6b80000,0x00000000d6b80000,0x00000000d6d00000)
 ParOldGen       total 68608K, used 56745K [0x0000000080000000, 0x0000000084300000, 0x00000000d5580000)
  object space 68608K, 82% used [0x0000000080000000,0x000000008376a4e8,0x0000000084300000)
 Metaspace       used 18142K, committed 19072K, reserved 1114112K
  class space    used 1663K, committed 1984K, reserved 1048576K
}
Event: 7.038 GC heap before
{Heap before GC invocations=34 (full 0):
 PSYoungGen      total 20992K, used 18661K [0x00000000d5580000, 0x00000000d6d00000, 0x0000000100000000)
  eden space 17920K, 99% used [0x00000000d5580000,0x00000000d66febd0,0x00000000d6700000)
  from space 3072K, 24% used [0x00000000d6880000,0x00000000d693ab40,0x00000000d6b80000)
  to   space 1536K, 0% used [0x00000000d6b80000,0x00000000d6b80000,0x00000000d6d00000)
 ParOldGen       total 68608K, used 56745K [0x0000000080000000, 0x0000000084300000, 0x00000000d5580000)
  object space 68608K, 82% used [0x0000000080000000,0x000000008376a4e8,0x0000000084300000)
 Metaspace       used 19639K, committed 20544K, reserved 1114112K
  class space    used 1790K, committed 2176K, reserved 1048576K
}
Event: 7.041 GC heap after
{Heap after GC invocations=34 (full 0):
 PSYoungGen      total 19456K, used 1527K [0x00000000d5580000, 0x00000000d6d00000, 0x0000000100000000)
  eden space 17920K, 0% used [0x00000000d5580000,0x00000000d5580000,0x00000000d6700000)
  from space 1536K, 99% used [0x00000000d6b80000,0x00000000d6cfde88,0x00000000d6d00000)
  to   space 2048K, 0% used [0x00000000d6900000,0x00000000d6900000,0x00000000d6b00000)
 ParOldGen       total 68608K, used 56937K [0x0000000080000000, 0x0000000084300000, 0x00000000d5580000)
  object space 68608K, 82% used [0x0000000080000000,0x000000008379a4f0,0x0000000084300000)
 Metaspace       used 19639K, committed 20544K, reserved 1114112K
  class space    used 1790K, committed 2176K, reserved 1048576K
}
Event: 7.614 GC heap before
{Heap before GC invocations=35 (full 0):
 PSYoungGen      total 19456K, used 19447K [0x00000000d5580000, 0x00000000d6d00000, 0x0000000100000000)
  eden space 17920K, 100% used [0x00000000d5580000,0x00000000d6700000,0x00000000d6700000)
  from space 1536K, 99% used [0x00000000d6b80000,0x00000000d6cfde88,0x00000000d6d00000)
  to   space 2048K, 0% used [0x00000000d6900000,0x00000000d6900000,0x00000000d6b00000)
 ParOldGen       total 68608K, used 56937K [0x0000000080000000, 0x0000000084300000, 0x00000000d5580000)
  object space 68608K, 82% used [0x0000000080000000,0x000000008379a4f0,0x0000000084300000)
 Metaspace       used 20495K, committed 21440K, reserved 1114112K
  class space    used 1843K, committed 2240K, reserved 1048576K
}
Event: 7.618 GC heap after
{Heap after GC invocations=35 (full 0):
 PSYoungGen      total 19968K, used 2034K [0x00000000d5580000, 0x00000000d7000000, 0x0000000100000000)
  eden space 17920K, 0% used [0x00000000d5580000,0x00000000d5580000,0x00000000d6700000)
  from space 2048K, 99% used [0x00000000d6900000,0x00000000d6afcb78,0x00000000d6b00000)
  to   space 4608K, 0% used [0x00000000d6b80000,0x00000000d6b80000,0x00000000d7000000)
 ParOldGen       total 68608K, used 58693K [0x0000000080000000, 0x0000000084300000, 0x00000000d5580000)
  object space 68608K, 85% used [0x0000000080000000,0x0000000083951670,0x0000000084300000)
 Metaspace       used 20495K, committed 21440K, reserved 1114112K
  class space    used 1843K, committed 2240K, reserved 1048576K
}
Event: 7.674 GC heap before
{Heap before GC invocations=36 (full 0):
 PSYoungGen      total 19968K, used 4202K [0x00000000d5580000, 0x00000000d7000000, 0x0000000100000000)
  eden space 17920K, 12% used [0x00000000d5580000,0x00000000d579de38,0x00000000d6700000)
  from space 2048K, 99% used [0x00000000d6900000,0x00000000d6afcb78,0x00000000d6b00000)
  to   space 4608K, 0% used [0x00000000d6b80000,0x00000000d6b80000,0x00000000d7000000)
 ParOldGen       total 68608K, used 58693K [0x0000000080000000, 0x0000000084300000, 0x00000000d5580000)
  object space 68608K, 85% used [0x0000000080000000,0x0000000083951670,0x0000000084300000)
 Metaspace       used 20579K, committed 21504K, reserved 1114112K
  class space    used 1843K, committed 2240K, reserved 1048576K
}
Event: 7.676 GC heap after
{Heap after GC invocations=36 (full 0):
 PSYoungGen      total 18432K, used 466K [0x00000000d5580000, 0x00000000d6c00000, 0x0000000100000000)
  eden space 17920K, 0% used [0x00000000d5580000,0x00000000d5580000,0x00000000d6700000)
  from space 512K, 91% used [0x00000000d6b80000,0x00000000d6bf4990,0x00000000d6c00000)
  to   space 2048K, 0% used [0x00000000d6800000,0x00000000d6800000,0x00000000d6a00000)
 ParOldGen       total 68608K, used 60743K [0x0000000080000000, 0x0000000084300000, 0x00000000d5580000)
  object space 68608K, 88% used [0x0000000080000000,0x0000000083b51c60,0x0000000084300000)
 Metaspace       used 20579K, committed 21504K, reserved 1114112K
  class space    used 1843K, committed 2240K, reserved 1048576K
}
Event: 7.676 GC heap before
{Heap before GC invocations=37 (full 1):
 PSYoungGen      total 18432K, used 466K [0x00000000d5580000, 0x00000000d6c00000, 0x0000000100000000)
  eden space 17920K, 0% used [0x00000000d5580000,0x00000000d5580000,0x00000000d6700000)
  from space 512K, 91% used [0x00000000d6b80000,0x00000000d6bf4990,0x00000000d6c00000)
  to   space 2048K, 0% used [0x00000000d6800000,0x00000000d6800000,0x00000000d6a00000)
 ParOldGen       total 68608K, used 60743K [0x0000000080000000, 0x0000000084300000, 0x00000000d5580000)
  object space 68608K, 88% used [0x0000000080000000,0x0000000083b51c60,0x0000000084300000)
 Metaspace       used 20579K, committed 21504K, reserved 1114112K
  class space    used 1843K, committed 2240K, reserved 1048576K
}
Event: 7.759 GC heap after
{Heap after GC invocations=37 (full 1):
 PSYoungGen      total 18432K, used 0K [0x00000000d5580000, 0x00000000d6c00000, 0x0000000100000000)
  eden space 17920K, 0% used [0x00000000d5580000,0x00000000d5580000,0x00000000d6700000)
  from space 512K, 0% used [0x00000000d6b80000,0x00000000d6b80000,0x00000000d6c00000)
  to   space 2048K, 0% used [0x00000000d6800000,0x00000000d6800000,0x00000000d6a00000)
 ParOldGen       total 68608K, used 52058K [0x0000000080000000, 0x0000000084300000, 0x00000000d5580000)
  object space 68608K, 75% used [0x0000000080000000,0x00000000832d6a68,0x0000000084300000)
 Metaspace       used 20572K, committed 21504K, reserved 1114112K
  class space    used 1841K, committed 2240K, reserved 1048576K
}
Event: 8.305 GC heap before
{Heap before GC invocations=38 (full 1):
 PSYoungGen      total 18432K, used 17920K [0x00000000d5580000, 0x00000000d6c00000, 0x0000000100000000)
  eden space 17920K, 100% used [0x00000000d5580000,0x00000000d6700000,0x00000000d6700000)
  from space 512K, 0% used [0x00000000d6b80000,0x00000000d6b80000,0x00000000d6c00000)
  to   space 2048K, 0% used [0x00000000d6800000,0x00000000d6800000,0x00000000d6a00000)
 ParOldGen       total 68608K, used 52058K [0x0000000080000000, 0x0000000084300000, 0x00000000d5580000)
  object space 68608K, 75% used [0x0000000080000000,0x00000000832d6a68,0x0000000084300000)
 Metaspace       used 21059K, committed 21952K, reserved 1114112K
  class space    used 1850K, committed 2240K, reserved 1048576K
}
Event: 8.308 GC heap after
{Heap after GC invocations=38 (full 1):
 PSYoungGen      total 19968K, used 1857K [0x00000000d5580000, 0x00000000d6c00000, 0x0000000100000000)
  eden space 17920K, 0% used [0x00000000d5580000,0x00000000d5580000,0x00000000d6700000)
  from space 2048K, 90% used [0x00000000d6800000,0x00000000d69d07a0,0x00000000d6a00000)
  to   space 2048K, 0% used [0x00000000d6a00000,0x00000000d6a00000,0x00000000d6c00000)
 ParOldGen       total 68608K, used 52066K [0x0000000080000000, 0x0000000084300000, 0x00000000d5580000)
  object space 68608K, 75% used [0x0000000080000000,0x00000000832d8a68,0x0000000084300000)
 Metaspace       used 21059K, committed 21952K, reserved 1114112K
  class space    used 1850K, committed 2240K, reserved 1048576K
}

