# JRE version: OpenJDK Runtime Environment Temurin-21.0.9+10 (21.0.9+10) (build 21.0.9+10-LTS)
# Java VM: OpenJDK 64-Bit Server VM Temurin-21.0.9+10 (21.0.9+10-LTS, mixed mode, sharing, tiered, compressed oops, compressed class ptrs, parallel gc, windows-amd64)
GC Precious Log:
 CardTable entry size: 512
 CPUs: 8 total, 8 available
 Memory: 15610M
 Large Page Support: Disabled
 NUMA Support: Disabled
 Compressed Oops: Enabled (32-bit)
 Alignments: Space 512K, Generation 512K, Heap 2M
 Heap Min Capacity: 100M
 Heap Initial Capacity: 100M
 Heap Max Capacity: 2G
 Pre-touch: Disabled
 Parallel Workers: 8
Heap:
 PSYoungGen      total 24064K, used 7761K [0x00000000d5580000, 0x00000000d7300000, 0x0000000100000000)
  eden space 22016K, 26% used [0x00000000d5580000,0x00000000d5b1ad10,0x00000000d6b00000)
  from space 2048K, 98% used [0x00000000d7100000,0x00000000d72f99a8,0x00000000d7300000)
  to   space 3584K, 0% used [0x00000000d6c00000,0x00000000d6c00000,0x00000000d6f80000)
 ParOldGen       total 68608K, used 18864K [0x0000000080000000, 0x0000000084300000, 0x00000000d5580000)
  object space 68608K, 27% used [0x0000000080000000,0x000000008126c2d0,0x0000000084300000)
 Metaspace       used 12564K, committed 13312K, reserved 1114112K
  class space    used 1141K, committed 1472K, reserved 1048576K
GC Heap History (20 events):
Event: 4.167 GC heap before
{Heap before GC invocations=3 (full 0):
 PSYoungGen      total 29696K, used 29686K [0x00000000d5580000, 0x00000000d7680000, 0x0000000100000000)
  eden space 25600K, 100% used [0x00000000d5580000,0x00000000d6e80000,0x00000000d6e80000)
  from space 4096K, 99% used [0x00000000d7280000,0x00000000d767d810,0x00000000d7680000)
  to   space 4096K, 0% used [0x00000000d6e80000,0x00000000d6e80000,0x00000000d7280000)
 ParOldGen       total 68608K, used 2057K [0x0000000080000000, 0x0000000084300000, 0x00000000d5580000)
  object space 68608K, 2% used [0x0000000080000000,0x00000000802025f0,0x0000000084300000)
 Metaspace       used 5856K, committed 6144K, reserved 1114112K
  class space    used 539K, committed 704K, reserved 1048576K
}
Event: 4.174 GC heap after
{Heap after GC invocations=3 (full 0):
 PSYoungGen      total 29696K, used 4085K [0x00000000d5580000, 0x00000000d7680000, 0x0000000100000000)
  eden space 25600K, 0% used [0x00000000d5580000,0x00000000d5580000,0x00000000d6e80000)
  from space 4096K, 99% used [0x00000000d6e80000,0x00000000d727d7b8,0x00000000d7280000)
  to   space 4096K, 0% used [0x00000000d7280000,0x00000000d7280000,0x00000000d7680000)
 ParOldGen       total 68608K, used 5446K [0x0000000080000000, 0x0000000084300000, 0x00000000d5580000)
  object space 68608K, 7% used [0x0000000080000000,0x0000000080551800,0x0000000084300000)
 Metaspace       used 5856K, committed 6144K, reserved 1114112K
  class space    used 539K, committed 704K, reserved 1048576K
}
Event: 5.007 GC heap before
{Heap before GC invocations=4 (full 0):
 PSYoungGen      total 29696K, used 29685K [0x00000000d5580000, 0x00000000d7680000, 0x0000000100000000)
  eden space 25600K, 100% used [0x00000000d5580000,0x00000000d6e80000,0x00000000d6e80000)
  from space 4096K, 99% used [0x00000000d6e80000,0x00000000d727d7b8,0x00000000d7280000)
  to   space 4096K, 0% used [0x00000000d7280000,0x00000000d7280000,0x00000000d7680000)
 ParOldGen       total 68608K, used 5446K [0x0000000080000000, 0x0000000084300000, 0x00000000d5580000)
  object space 68608K, 7% used [0x0000000080000000,0x0000000080551800,0x0000000084300000)
 Metaspace       used 6436K, committed 6784K, reserved 1114112K
  class space    used 575K, committed 768K, reserved 1048576K
}
Event: 5.011 GC heap after
{Heap after GC invocations=4 (full 0):
 PSYoungGen      total 29696K, used 4090K [0x00000000d5580000, 0x00000000d7680000, 0x0000000100000000)
  eden space 25600K, 0% used [0x00000000d5580000,0x00000000d5580000,0x00000000d6e80000)
  from space 4096K, 99% used [0x00000000d7280000,0x00000000d767ea78,0x00000000d7680000)
  to   space 4096K, 0% used [0x00000000d6e80000,0x00000000d6e80000,0x00000000d7280000)
 ParOldGen       total 68608K, used 6818K [0x0000000080000000, 0x0000000084300000, 0x00000000d5580000)
  object space 68608K, 9% used [0x0000000080000000,0x00000000806a8bd8,0x0000000084300000)
 Metaspace       used 6436K, committed 6784K, reserved 1114112K
  class space    used 575K, committed 768K, reserved 1048576K
}
Event: 5.508 GC heap before
{Heap before GC invocations=5 (full 0):
 PSYoungGen      total 29696K, used 29690K [0x00000000d5580000, 0x00000000d7680000, 0x0000000100000000)
  eden space 25600K, 100% used [0x00000000d5580000,0x00000000d6e80000,0x00000000d6e80000)
  from space 4096K, 99% used [0x00000000d7280000,0x00000000d767ea78,0x00000000d7680000)
  to   space 4096K, 0% used [0x00000000d6e80000,0x00000000d6e80000,0x00000000d7280000)
 ParOldGen       total 68608K, used 6818K [0x0000000080000000, 0x0000000084300000, 0x00000000d5580000)
  object space 68608K, 9% used [0x0000000080000000,0x00000000806a8bd8,0x0000000084300000)
 Metaspace       used 7524K, committed 7936K, reserved 1114112K
  class space    used 685K, committed 896K, reserved 1048576K
}
Event: 5.512 GC heap after
{Heap after GC invocations=5 (full 0):
 PSYoungGen      total 29184K, used 4074K [0x00000000d5580000, 0x00000000d7900000, 0x0000000100000000)
  eden space 25088K, 0% used [0x00000000d5580000,0x00000000d5580000,0x00000000d6e00000)
  from space 4096K, 99% used [0x00000000d6e80000,0x00000000d727a890,0x00000000d7280000)
  to   space 5632K, 0% used [0x00000000d7380000,0x00000000d7380000,0x00000000d7900000)
 ParOldGen       total 68608K, used 7968K [0x0000000080000000, 0x0000000084300000, 0x00000000d5580000)
  object space 68608K, 11% used [0x0000000080000000,0x00000000807c8258,0x0000000084300000)
 Metaspace       used 7524K, committed 7936K, reserved 1114112K
  class space    used 685K, committed 896K, reserved 1048576K
}
Event: 6.266 GC heap before
{Heap before GC invocations=6 (full 0):
 PSYoungGen      total 29184K, used 29162K [0x00000000d5580000, 0x00000000d7900000, 0x0000000100000000)
  eden space 25088K, 100% used [0x00000000d5580000,0x00000000d6e00000,0x00000000d6e00000)
  from space 4096K, 99% used [0x00000000d6e80000,0x00000000d727a890,0x00000000d7280000)
  to   space 5632K, 0% used [0x00000000d7380000,0x00000000d7380000,0x00000000d7900000)
 ParOldGen       total 68608K, used 7968K [0x0000000080000000, 0x0000000084300000, 0x00000000d5580000)
  object space 68608K, 11% used [0x0000000080000000,0x00000000807c8258,0x0000000084300000)
 Metaspace       used 8577K, committed 9152K, reserved 1114112K
  class space    used 785K, committed 1024K, reserved 1048576K
}
Event: 6.270 GC heap after
{Heap after GC invocations=6 (full 0):
 PSYoungGen      total 29696K, used 4776K [0x00000000d5580000, 0x00000000d7880000, 0x0000000100000000)
  eden space 24576K, 0% used [0x00000000d5580000,0x00000000d5580000,0x00000000d6d80000)
  from space 5120K, 93% used [0x00000000d7380000,0x00000000d782a2c8,0x00000000d7880000)
  to   space 5120K, 0% used [0x00000000d6e80000,0x00000000d6e80000,0x00000000d7380000)
 ParOldGen       total 68608K, used 7976K [0x0000000080000000, 0x0000000084300000, 0x00000000d5580000)
  object space 68608K, 11% used [0x0000000080000000,0x00000000807ca258,0x0000000084300000)
 Metaspace       used 8577K, committed 9152K, reserved 1114112K
  class space    used 785K, committed 1024K, reserved 1048576K
}
Event: 7.708 GC heap before
{Heap before GC invocations=7 (full 0):
 PSYoungGen      total 29696K, used 29352K [0x00000000d5580000, 0x00000000d7880000, 0x0000000100000000)
  eden space 24576K, 100% used [0x00000000d5580000,0x00000000d6d80000,0x00000000d6d80000)
  from space 5120K, 93% used [0x00000000d7380000,0x00000000d782a2c8,0x00000000d7880000)
  to   space 5120K, 0% used [0x00000000d6e80000,0x00000000d6e80000,0x00000000d7380000)
 ParOldGen       total 68608K, used 7976K [0x0000000080000000, 0x0000000084300000, 0x00000000d5580000)
  object space 68608K, 11% used [0x0000000080000000,0x00000000807ca258,0x0000000084300000)
 Metaspace       used 9129K, committed 9792K, reserved 1114112K
  class space    used 850K, committed 1152K, reserved 1048576K
}
Event: 7.711 GC heap after
{Heap after GC invocations=7 (full 0):
 PSYoungGen      total 29184K, used 5112K [0x00000000d5580000, 0x00000000d7b00000, 0x0000000100000000)
  eden space 24064K, 0% used [0x00000000d5580000,0x00000000d5580000,0x00000000d6d00000)
  from space 5120K, 99% used [0x00000000d6e80000,0x00000000d737e260,0x00000000d7380000)
  to   space 7168K, 0% used [0x00000000d7400000,0x00000000d7400000,0x00000000d7b00000)
 ParOldGen       total 68608K, used 9412K [0x0000000080000000, 0x0000000084300000, 0x00000000d5580000)
  object space 68608K, 13% used [0x0000000080000000,0x00000000809311e8,0x0000000084300000)
 Metaspace       used 9129K, committed 9792K, reserved 1114112K
  class space    used 850K, committed 1152K, reserved 1048576K
}
Event: 7.864 GC heap before
{Heap before GC invocations=8 (full 0):
 PSYoungGen      total 29184K, used 29111K [0x00000000d5580000, 0x00000000d7b00000, 0x0000000100000000)
  eden space 24064K, 99% used [0x00000000d5580000,0x00000000d6cef9f0,0x00000000d6d00000)
  from space 5120K, 99% used [0x00000000d6e80000,0x00000000d737e260,0x00000000d7380000)
  to   space 7168K, 0% used [0x00000000d7400000,0x00000000d7400000,0x00000000d7b00000)
 ParOldGen       total 68608K, used 9412K [0x0000000080000000, 0x0000000084300000, 0x00000000d5580000)
  object space 68608K, 13% used [0x0000000080000000,0x00000000809311e8,0x0000000084300000)
 Metaspace       used 10181K, committed 10816K, reserved 1114112K
  class space    used 917K, committed 1216K, reserved 1048576K
}
Event: 7.867 GC heap after
{Heap after GC invocations=8 (full 0):
 PSYoungGen      total 28672K, used 4802K [0x00000000d5580000, 0x00000000d7900000, 0x0000000100000000)
  eden space 23552K, 0% used [0x00000000d5580000,0x00000000d5580000,0x00000000d6c80000)
  from space 5120K, 93% used [0x00000000d7400000,0x00000000d78b0be0,0x00000000d7900000)
  to   space 5632K, 0% used [0x00000000d6e00000,0x00000000d6e00000,0x00000000d7380000)
 ParOldGen       total 68608K, used 10420K [0x0000000080000000, 0x0000000084300000, 0x00000000d5580000)
  object space 68608K, 15% used [0x0000000080000000,0x0000000080a2d180,0x0000000084300000)
 Metaspace       used 10181K, committed 10816K, reserved 1114112K
  class space    used 917K, committed 1216K, reserved 1048576K
}
Event: 7.998 GC heap before
{Heap before GC invocations=9 (full 0):
 PSYoungGen      total 28672K, used 28354K [0x00000000d5580000, 0x00000000d7900000, 0x0000000100000000)
  eden space 23552K, 100% used [0x00000000d5580000,0x00000000d6c80000,0x00000000d6c80000)
  from space 5120K, 93% used [0x00000000d7400000,0x00000000d78b0be0,0x00000000d7900000)
  to   space 5632K, 0% used [0x00000000d6e00000,0x00000000d6e00000,0x00000000d7380000)
 ParOldGen       total 68608K, used 10420K [0x0000000080000000, 0x0000000084300000, 0x00000000d5580000)
  object space 68608K, 15% used [0x0000000080000000,0x0000000080a2d180,0x0000000084300000)
 Metaspace       used 11405K, committed 12096K, reserved 1114112K
  class space    used 1028K, committed 1344K, reserved 1048576K
}
Event: 8.001 GC heap after
{Heap after GC invocations=9 (full 0):
 PSYoungGen      total 27648K, used 4418K [0x00000000d5580000, 0x00000000d7600000, 0x0000000100000000)
  eden space 23040K, 0% used [0x00000000d5580000,0x00000000d5580000,0x00000000d6c00000)
  from space 4608K, 95% used [0x00000000d6e00000,0x00000000d72508a0,0x00000000d7280000)
  to   space 3584K, 0% used [0x00000000d7280000,0x00000000d7280000,0x00000000d7600000)
 ParOldGen       total 68608K, used 12460K [0x0000000080000000, 0x0000000084300000, 0x00000000d5580000)
  object space 68608K, 18% used [0x0000000080000000,0x0000000080c2b190,0x0000000084300000)
 Metaspace       used 11405K, committed 12096K, reserved 1114112K
  class space    used 1028K, committed 1344K, reserved 1048576K
}
Event: 9.221 GC heap before
{Heap before GC invocations=10 (full 0):
 PSYoungGen      total 27648K, used 27458K [0x00000000d5580000, 0x00000000d7600000, 0x0000000100000000)
  eden space 23040K, 100% used [0x00000000d5580000,0x00000000d6c00000,0x00000000d6c00000)
  from space 4608K, 95% used [0x00000000d6e00000,0x00000000d72508a0,0x00000000d7280000)
  to   space 3584K, 0% used [0x00000000d7280000,0x00000000d7280000,0x00000000d7600000)
 ParOldGen       total 68608K, used 12460K [0x0000000080000000, 0x0000000084300000, 0x00000000d5580000)
  object space 68608K, 18% used [0x0000000080000000,0x0000000080c2b190,0x0000000084300000)
 Metaspace       used 11849K, committed 12480K, reserved 1114112K
  class space    used 1059K, committed 1344K, reserved 1048576K
}
Event: 9.224 GC heap after
{Heap after GC invocations=10 (full 0):
 PSYoungGen      total 26112K, used 3093K [0x00000000d5580000, 0x00000000d7600000, 0x0000000100000000)
  eden space 22528K, 0% used [0x00000000d5580000,0x00000000d5580000,0x00000000d6b80000)
  from space 3584K, 86% used [0x00000000d7280000,0x00000000d7585418,0x00000000d7600000)
  to   space 4096K, 0% used [0x00000000d6e00000,0x00000000d6e00000,0x00000000d7200000)
 ParOldGen       total 68608K, used 14784K [0x0000000080000000, 0x0000000084300000, 0x00000000d5580000)
  object space 68608K, 21% used [0x0000000080000000,0x0000000080e701f8,0x0000000084300000)
 Metaspace       used 11849K, committed 12480K, reserved 1114112K
  class space    used 1059K, committed 1344K, reserved 1048576K
}
Event: 9.415 GC heap before
{Heap before GC invocations=11 (full 0):
 PSYoungGen      total 26112K, used 25621K [0x00000000d5580000, 0x00000000d7600000, 0x0000000100000000)
  eden space 22528K, 100% used [0x00000000d5580000,0x00000000d6b80000,0x00000000d6b80000)
  from space 3584K, 86% used [0x00000000d7280000,0x00000000d7585418,0x00000000d7600000)
  to   space 4096K, 0% used [0x00000000d6e00000,0x00000000d6e00000,0x00000000d7200000)
 ParOldGen       total 68608K, used 14784K [0x0000000080000000, 0x0000000084300000, 0x00000000d5580000)
  object space 68608K, 21% used [0x0000000080000000,0x0000000080e701f8,0x0000000084300000)
 Metaspace       used 12165K, committed 12864K, reserved 1114112K
  class space    used 1099K, committed 1408K, reserved 1048576K
}
Event: 9.418 GC heap after
{Heap after GC invocations=11 (full 0):
 PSYoungGen      total 23552K, used 1261K [0x00000000d5580000, 0x00000000d7300000, 0x0000000100000000)
  eden space 22016K, 0% used [0x00000000d5580000,0x00000000d5580000,0x00000000d6b00000)
  from space 1536K, 82% used [0x00000000d6e00000,0x00000000d6f3b500,0x00000000d6f80000)
  to   space 2048K, 0% used [0x00000000d7100000,0x00000000d7100000,0x00000000d7300000)
 ParOldGen       total 68608K, used 17784K [0x0000000080000000, 0x0000000084300000, 0x00000000d5580000)
  object space 68608K, 25% used [0x0000000080000000,0x000000008115e330,0x0000000084300000)
 Metaspace       used 12165K, committed 12864K, reserved 1114112K
  class space    used 1099K, committed 1408K, reserved 1048576K
}
Event: 9.679 GC heap before
{Heap before GC invocations=12 (full 0):
 PSYoungGen      total 23552K, used 23277K [0x00000000d5580000, 0x00000000d7300000, 0x0000000100000000)
  eden space 22016K, 100% used [0x00000000d5580000,0x00000000d6b00000,0x00000000d6b00000)
  from space 1536K, 82% used [0x00000000d6e00000,0x00000000d6f3b500,0x00000000d6f80000)
  to   space 2048K, 0% used [0x00000000d7100000,0x00000000d7100000,0x00000000d7300000)
 ParOldGen       total 68608K, used 17784K [0x0000000080000000, 0x0000000084300000, 0x00000000d5580000)
  object space 68608K, 25% used [0x0000000080000000,0x000000008115e330,0x0000000084300000)
 Metaspace       used 12487K, committed 13248K, reserved 1114112K
  class space    used 1133K, committed 1472K, reserved 1048576K
}
Event: 9.682 GC heap after
{Heap after GC invocations=12 (full 0):
 PSYoungGen      total 24064K, used 2022K [0x00000000d5580000, 0x00000000d7300000, 0x0000000100000000)
  eden space 22016K, 0% used [0x00000000d5580000,0x00000000d5580000,0x00000000d6b00000)
  from space 2048K, 98% used [0x00000000d7100000,0x00000000d72f99a8,0x00000000d7300000)
  to   space 3584K, 0% used [0x00000000d6c00000,0x00000000d6c00000,0x00000000d6f80000)
 ParOldGen       total 68608K, used 18864K [0x0000000080000000, 0x0000000084300000, 0x00000000d5580000)
  object space 68608K, 27% used [0x0000000080000000,0x000000008126c2d0,0x0000000084300000)
 Metaspace       used 12487K, committed 13248K, reserved 1114112K
  class space    used 1133K, committed 1472K, reserved 1048576K
}

