# JRE version: OpenJDK Runtime Environment Temurin-21.0.9+10 (21.0.9+10) (build 21.0.9+10-LTS)
# Java VM: OpenJDK 64-Bit Server VM Temurin-21.0.9+10 (21.0.9+10-LTS, mixed mode, sharing, tiered, compressed oops, compressed class ptrs, parallel gc, windows-amd64)
GC Precious Log:
 CardTable entry size: 512
 CPUs: 8 total, 8 available
 Memory: 15610M
 Large Page Support: Disabled
 NUMA Support: Disabled
 Compressed Oops: Enabled (32-bit)
 Alignments: Space 512K, Generation 512K, Heap 2M
 Heap Min Capacity: 100M
 Heap Initial Capacity: 100M
 Heap Max Capacity: 2G
 Pre-touch: Disabled
 Parallel Workers: 8
Heap:
 PSYoungGen      total 11264K, used 5921K [0x00000000d5580000, 0x00000000d7400000, 0x0000000100000000)
  eden space 9216K, 42% used [0x00000000d5580000,0x00000000d5950460,0x00000000d5e80000)
  from space 2048K, 98% used [0x00000000d6780000,0x00000000d6978020,0x00000000d6980000)
  to   space 9216K, 0% used [0x00000000d5e80000,0x00000000d5e80000,0x00000000d6780000)
 ParOldGen       total 165888K, used 165790K [0x0000000080000000, 0x000000008a200000, 0x00000000d5580000)
  object space 165888K, 99% used [0x0000000080000000,0x000000008a1e7b78,0x000000008a200000)
 Metaspace       used 27084K, committed 28224K, reserved 1114112K
  class space    used 2416K, committed 2880K, reserved 1048576K
GC Heap History (20 events):
Event: 21.935 GC heap before
{Heap before GC invocations=68 (full 1):
 PSYoungGen      total 19456K, used 19439K [0x00000000d5580000, 0x00000000d8c80000, 0x0000000100000000)
  eden space 12800K, 100% used [0x00000000d5580000,0x00000000d6200000,0x00000000d6200000)
  from space 6656K, 99% used [0x00000000d7400000,0x00000000d7a7bc50,0x00000000d7a80000)
  to   space 18432K, 0% used [0x00000000d6200000,0x00000000d6200000,0x00000000d7400000)
 ParOldGen       total 137728K, used 137490K [0x0000000080000000, 0x0000000088680000, 0x00000000d5580000)
  object space 137728K, 99% used [0x0000000080000000,0x0000000088644b28,0x0000000088680000)
 Metaspace       used 22747K, committed 23872K, reserved 1114112K
  class space    used 2056K, committed 2496K, reserved 1048576K
}
Event: 21.942 GC heap after
{Heap after GC invocations=68 (full 1):
 PSYoungGen      total 18944K, used 5704K [0x00000000d5580000, 0x00000000d7500000, 0x0000000100000000)
  eden space 12800K, 0% used [0x00000000d5580000,0x00000000d5580000,0x00000000d6200000)
  from space 6144K, 92% used [0x00000000d6200000,0x00000000d67923f0,0x00000000d6800000)
  to   space 9728K, 0% used [0x00000000d6b80000,0x00000000d6b80000,0x00000000d7500000)
 ParOldGen       total 143360K, used 143298K [0x0000000080000000, 0x0000000088c00000, 0x00000000d5580000)
  object space 143360K, 99% used [0x0000000080000000,0x0000000088bf0b28,0x0000000088c00000)
 Metaspace       used 22747K, committed 23872K, reserved 1114112K
  class space    used 2056K, committed 2496K, reserved 1048576K
}
Event: 22.029 GC heap before
{Heap before GC invocations=69 (full 1):
 PSYoungGen      total 18944K, used 18392K [0x00000000d5580000, 0x00000000d7500000, 0x0000000100000000)
  eden space 12800K, 99% used [0x00000000d5580000,0x00000000d61e3f20,0x00000000d6200000)
  from space 6144K, 92% used [0x00000000d6200000,0x00000000d67923f0,0x00000000d6800000)
  to   space 9728K, 0% used [0x00000000d6b80000,0x00000000d6b80000,0x00000000d7500000)
 ParOldGen       total 143360K, used 143298K [0x0000000080000000, 0x0000000088c00000, 0x00000000d5580000)
  object space 143360K, 99% used [0x0000000080000000,0x0000000088bf0b28,0x0000000088c00000)
 Metaspace       used 22774K, committed 23872K, reserved 1114112K
  class space    used 2058K, committed 2496K, reserved 1048576K
}
Event: 22.036 GC heap after
{Heap after GC invocations=69 (full 1):
 PSYoungGen      total 15872K, used 2697K [0x00000000d5580000, 0x00000000d6e80000, 0x0000000100000000)
  eden space 12800K, 0% used [0x00000000d5580000,0x00000000d5580000,0x00000000d6200000)
  from space 3072K, 87% used [0x00000000d6b80000,0x00000000d6e22700,0x00000000d6e80000)
  to   space 4608K, 0% used [0x00000000d6580000,0x00000000d6580000,0x00000000d6a00000)
 ParOldGen       total 148480K, used 148370K [0x0000000080000000, 0x0000000089100000, 0x00000000d5580000)
  object space 148480K, 99% used [0x0000000080000000,0x00000000890e4b28,0x0000000089100000)
 Metaspace       used 22774K, committed 23872K, reserved 1114112K
  class space    used 2058K, committed 2496K, reserved 1048576K
}
Event: 22.121 GC heap before
{Heap before GC invocations=70 (full 1):
 PSYoungGen      total 15872K, used 15497K [0x00000000d5580000, 0x00000000d6e80000, 0x0000000100000000)
  eden space 12800K, 100% used [0x00000000d5580000,0x00000000d6200000,0x00000000d6200000)
  from space 3072K, 87% used [0x00000000d6b80000,0x00000000d6e22700,0x00000000d6e80000)
  to   space 4608K, 0% used [0x00000000d6580000,0x00000000d6580000,0x00000000d6a00000)
 ParOldGen       total 148480K, used 148370K [0x0000000080000000, 0x0000000089100000, 0x00000000d5580000)
  object space 148480K, 99% used [0x0000000080000000,0x00000000890e4b28,0x0000000089100000)
 Metaspace       used 23425K, committed 24512K, reserved 1114112K
  class space    used 2114K, committed 2560K, reserved 1048576K
}
Event: 22.123 GC heap after
{Heap after GC invocations=70 (full 1):
 PSYoungGen      total 17408K, used 192K [0x00000000d5580000, 0x00000000d6c00000, 0x0000000100000000)
  eden space 12800K, 0% used [0x00000000d5580000,0x00000000d5580000,0x00000000d6200000)
  from space 4608K, 4% used [0x00000000d6580000,0x00000000d65b0000,0x00000000d6a00000)
  to   space 1536K, 0% used [0x00000000d6a80000,0x00000000d6a80000,0x00000000d6c00000)
 ParOldGen       total 150528K, used 150098K [0x0000000080000000, 0x0000000089300000, 0x00000000d5580000)
  object space 150528K, 99% used [0x0000000080000000,0x0000000089294b28,0x0000000089300000)
 Metaspace       used 23425K, committed 24512K, reserved 1114112K
  class space    used 2114K, committed 2560K, reserved 1048576K
}
Event: 22.360 GC heap before
{Heap before GC invocations=71 (full 1):
 PSYoungGen      total 17408K, used 12972K [0x00000000d5580000, 0x00000000d6c00000, 0x0000000100000000)
  eden space 12800K, 99% used [0x00000000d5580000,0x00000000d61fb2c0,0x00000000d6200000)
  from space 4608K, 4% used [0x00000000d6580000,0x00000000d65b0000,0x00000000d6a00000)
  to   space 1536K, 0% used [0x00000000d6a80000,0x00000000d6a80000,0x00000000d6c00000)
 ParOldGen       total 150528K, used 150098K [0x0000000080000000, 0x0000000089300000, 0x00000000d5580000)
  object space 150528K, 99% used [0x0000000080000000,0x0000000089294b28,0x0000000089300000)
 Metaspace       used 24889K, committed 25984K, reserved 1114112K
  class space    used 2227K, committed 2688K, reserved 1048576K
}
Event: 22.362 GC heap after
{Heap after GC invocations=71 (full 1):
 PSYoungGen      total 13824K, used 863K [0x00000000d5580000, 0x00000000d6b80000, 0x0000000100000000)
  eden space 12800K, 0% used [0x00000000d5580000,0x00000000d5580000,0x00000000d6200000)
  from space 1024K, 84% used [0x00000000d6a80000,0x00000000d6b57f70,0x00000000d6b80000)
  to   space 1024K, 0% used [0x00000000d6980000,0x00000000d6980000,0x00000000d6a80000)
 ParOldGen       total 150528K, used 150162K [0x0000000080000000, 0x0000000089300000, 0x00000000d5580000)
  object space 150528K, 99% used [0x0000000080000000,0x00000000892a4b28,0x0000000089300000)
 Metaspace       used 24889K, committed 25984K, reserved 1114112K
  class space    used 2227K, committed 2688K, reserved 1048576K
}
Event: 22.453 GC heap before
{Heap before GC invocations=72 (full 1):
 PSYoungGen      total 13824K, used 13663K [0x00000000d5580000, 0x00000000d6b80000, 0x0000000100000000)
  eden space 12800K, 100% used [0x00000000d5580000,0x00000000d6200000,0x00000000d6200000)
  from space 1024K, 84% used [0x00000000d6a80000,0x00000000d6b57f70,0x00000000d6b80000)
  to   space 1024K, 0% used [0x00000000d6980000,0x00000000d6980000,0x00000000d6a80000)
 ParOldGen       total 150528K, used 150162K [0x0000000080000000, 0x0000000089300000, 0x00000000d5580000)
  object space 150528K, 99% used [0x0000000080000000,0x00000000892a4b28,0x0000000089300000)
 Metaspace       used 25161K, committed 26240K, reserved 1114112K
  class space    used 2249K, committed 2688K, reserved 1048576K
}
Event: 22.455 GC heap after
{Heap after GC invocations=72 (full 1):
 PSYoungGen      total 13824K, used 669K [0x00000000d5580000, 0x00000000d6b00000, 0x0000000100000000)
  eden space 12800K, 0% used [0x00000000d5580000,0x00000000d5580000,0x00000000d6200000)
  from space 1024K, 65% used [0x00000000d6980000,0x00000000d6a274e0,0x00000000d6a80000)
  to   space 512K, 0% used [0x00000000d6a80000,0x00000000d6a80000,0x00000000d6b00000)
 ParOldGen       total 151040K, used 150655K [0x0000000080000000, 0x0000000089380000, 0x00000000d5580000)
  object space 151040K, 99% used [0x0000000080000000,0x000000008931fdb8,0x0000000089380000)
 Metaspace       used 25161K, committed 26240K, reserved 1114112K
  class space    used 2249K, committed 2688K, reserved 1048576K
}
Event: 22.584 GC heap before
{Heap before GC invocations=73 (full 1):
 PSYoungGen      total 13824K, used 13469K [0x00000000d5580000, 0x00000000d6b00000, 0x0000000100000000)
  eden space 12800K, 100% used [0x00000000d5580000,0x00000000d6200000,0x00000000d6200000)
  from space 1024K, 65% used [0x00000000d6980000,0x00000000d6a274e0,0x00000000d6a80000)
  to   space 512K, 0% used [0x00000000d6a80000,0x00000000d6a80000,0x00000000d6b00000)
 ParOldGen       total 151040K, used 150655K [0x0000000080000000, 0x0000000089380000, 0x00000000d5580000)
  object space 151040K, 99% used [0x0000000080000000,0x000000008931fdb8,0x0000000089380000)
 Metaspace       used 25382K, committed 26432K, reserved 1114112K
  class space    used 2271K, committed 2688K, reserved 1048576K
}
Event: 22.586 GC heap after
{Heap after GC invocations=73 (full 1):
 PSYoungGen      total 13312K, used 506K [0x00000000d5580000, 0x00000000d6b00000, 0x0000000100000000)
  eden space 12800K, 0% used [0x00000000d5580000,0x00000000d5580000,0x00000000d6200000)
  from space 512K, 98% used [0x00000000d6a80000,0x00000000d6afe920,0x00000000d6b00000)
  to   space 3584K, 0% used [0x00000000d6400000,0x00000000d6400000,0x00000000d6780000)
 ParOldGen       total 153088K, used 153065K [0x0000000080000000, 0x0000000089580000, 0x00000000d5580000)
  object space 153088K, 99% used [0x0000000080000000,0x000000008957a708,0x0000000089580000)
 Metaspace       used 25382K, committed 26432K, reserved 1114112K
  class space    used 2271K, committed 2688K, reserved 1048576K
}
Event: 22.759 GC heap before
{Heap before GC invocations=74 (full 1):
 PSYoungGen      total 13312K, used 13306K [0x00000000d5580000, 0x00000000d6b00000, 0x0000000100000000)
  eden space 12800K, 100% used [0x00000000d5580000,0x00000000d6200000,0x00000000d6200000)
  from space 512K, 98% used [0x00000000d6a80000,0x00000000d6afe920,0x00000000d6b00000)
  to   space 3584K, 0% used [0x00000000d6400000,0x00000000d6400000,0x00000000d6780000)
 ParOldGen       total 153088K, used 153065K [0x0000000080000000, 0x0000000089580000, 0x00000000d5580000)
  object space 153088K, 99% used [0x0000000080000000,0x000000008957a708,0x0000000089580000)
 Metaspace       used 25712K, committed 26752K, reserved 1114112K
  class space    used 2304K, committed 2752K, reserved 1048576K
}
Event: 22.763 GC heap after
{Heap after GC invocations=74 (full 1):
 PSYoungGen      total 16384K, used 3584K [0x00000000d5580000, 0x00000000d7000000, 0x0000000100000000)
  eden space 12800K, 0% used [0x00000000d5580000,0x00000000d5580000,0x00000000d6200000)
  from space 3584K, 100% used [0x00000000d6400000,0x00000000d6780000,0x00000000d6780000)
  to   space 7168K, 0% used [0x00000000d6900000,0x00000000d6900000,0x00000000d7000000)
 ParOldGen       total 156160K, used 155833K [0x0000000080000000, 0x0000000089880000, 0x00000000d5580000)
  object space 156160K, 99% used [0x0000000080000000,0x000000008982e728,0x0000000089880000)
 Metaspace       used 25712K, committed 26752K, reserved 1114112K
  class space    used 2304K, committed 2752K, reserved 1048576K
}
Event: 22.933 GC heap before
{Heap before GC invocations=75 (full 1):
 PSYoungGen      total 16384K, used 16383K [0x00000000d5580000, 0x00000000d7000000, 0x0000000100000000)
  eden space 12800K, 99% used [0x00000000d5580000,0x00000000d61fffa8,0x00000000d6200000)
  from space 3584K, 100% used [0x00000000d6400000,0x00000000d6780000,0x00000000d6780000)
  to   space 7168K, 0% used [0x00000000d6900000,0x00000000d6900000,0x00000000d7000000)
 ParOldGen       total 156160K, used 155833K [0x0000000080000000, 0x0000000089880000, 0x00000000d5580000)
  object space 156160K, 99% used [0x0000000080000000,0x000000008982e728,0x0000000089880000)
 Metaspace       used 26377K, committed 27392K, reserved 1114112K
  class space    used 2364K, committed 2816K, reserved 1048576K
}
Event: 22.937 GC heap after
{Heap after GC invocations=75 (full 1):
 PSYoungGen      total 14848K, used 1584K [0x00000000d5580000, 0x00000000d6b00000, 0x0000000100000000)
  eden space 12800K, 0% used [0x00000000d5580000,0x00000000d5580000,0x00000000d6200000)
  from space 2048K, 77% used [0x00000000d6900000,0x00000000d6a8c1d0,0x00000000d6b00000)
  to   space 3584K, 0% used [0x00000000d6400000,0x00000000d6400000,0x00000000d6780000)
 ParOldGen       total 159744K, used 159449K [0x0000000080000000, 0x0000000089c00000, 0x00000000d5580000)
  object space 159744K, 99% used [0x0000000080000000,0x0000000089bb6728,0x0000000089c00000)
 Metaspace       used 26377K, committed 27392K, reserved 1114112K
  class space    used 2364K, committed 2816K, reserved 1048576K
}
Event: 27.915 GC heap before
{Heap before GC invocations=76 (full 1):
 PSYoungGen      total 14848K, used 14384K [0x00000000d5580000, 0x00000000d6b00000, 0x0000000100000000)
  eden space 12800K, 100% used [0x00000000d5580000,0x00000000d6200000,0x00000000d6200000)
  from space 2048K, 77% used [0x00000000d6900000,0x00000000d6a8c1d0,0x00000000d6b00000)
  to   space 3584K, 0% used [0x00000000d6400000,0x00000000d6400000,0x00000000d6780000)
 ParOldGen       total 159744K, used 159449K [0x0000000080000000, 0x0000000089c00000, 0x00000000d5580000)
  object space 159744K, 99% used [0x0000000080000000,0x0000000089bb6728,0x0000000089c00000)
 Metaspace       used 26812K, committed 27904K, reserved 1114112K
  class space    used 2404K, committed 2880K, reserved 1048576K
}
Event: 27.919 GC heap after
{Heap after GC invocations=76 (full 1):
 PSYoungGen      total 16384K, used 3192K [0x00000000d5580000, 0x00000000d6980000, 0x0000000100000000)
  eden space 12800K, 0% used [0x00000000d5580000,0x00000000d5580000,0x00000000d6200000)
  from space 3584K, 89% used [0x00000000d6400000,0x00000000d671e3e0,0x00000000d6780000)
  to   space 2048K, 0% used [0x00000000d6780000,0x00000000d6780000,0x00000000d6980000)
 ParOldGen       total 160256K, used 159910K [0x0000000080000000, 0x0000000089c80000, 0x00000000d5580000)
  object space 160256K, 99% used [0x0000000080000000,0x0000000089c29bb8,0x0000000089c80000)
 Metaspace       used 26812K, committed 27904K, reserved 1114112K
  class space    used 2404K, committed 2880K, reserved 1048576K
}
Event: 28.422 GC heap before
{Heap before GC invocations=77 (full 1):
 PSYoungGen      total 16384K, used 15992K [0x00000000d5580000, 0x00000000d6980000, 0x0000000100000000)
  eden space 12800K, 99% used [0x00000000d5580000,0x00000000d61ffe48,0x00000000d6200000)
  from space 3584K, 89% used [0x00000000d6400000,0x00000000d671e3e0,0x00000000d6780000)
  to   space 2048K, 0% used [0x00000000d6780000,0x00000000d6780000,0x00000000d6980000)
 ParOldGen       total 160256K, used 159910K [0x0000000080000000, 0x0000000089c80000, 0x00000000d5580000)
  object space 160256K, 99% used [0x0000000080000000,0x0000000089c29bb8,0x0000000089c80000)
 Metaspace       used 26962K, committed 28032K, reserved 1114112K
  class space    used 2413K, committed 2880K, reserved 1048576K
}
Event: 28.428 GC heap after
{Heap after GC invocations=77 (full 1):
 PSYoungGen      total 11264K, used 2016K [0x00000000d5580000, 0x00000000d7400000, 0x0000000100000000)
  eden space 9216K, 0% used [0x00000000d5580000,0x00000000d5580000,0x00000000d5e80000)
  from space 2048K, 98% used [0x00000000d6780000,0x00000000d6978020,0x00000000d6980000)
  to   space 9216K, 0% used [0x00000000d5e80000,0x00000000d5e80000,0x00000000d6780000)
 ParOldGen       total 165888K, used 165790K [0x0000000080000000, 0x000000008a200000, 0x00000000d5580000)
  object space 165888K, 99% used [0x0000000080000000,0x000000008a1e7b78,0x000000008a200000)
 Metaspace       used 26962K, committed 28032K, reserved 1114112K
  class space    used 2413K, committed 2880K, reserved 1048576K
}

