# JRE version: OpenJDK Runtime Environment Temurin-21.0.9+10 (21.0.9+10) (build 21.0.9+10-LTS)
# Java VM: OpenJDK 64-Bit Server VM Temurin-21.0.9+10 (21.0.9+10-LTS, mixed mode, sharing, tiered, compressed oops, compressed class ptrs, parallel gc, windows-amd64)
GC Precious Log:
 CardTable entry size: 512
 CPUs: 8 total, 8 available
 Memory: 15610M
 Large Page Support: Disabled
 NUMA Support: Disabled
 Compressed Oops: Enabled (32-bit)
 Alignments: Space 512K, Generation 512K, Heap 2M
 Heap Min Capacity: 100M
 Heap Initial Capacity: 100M
 Heap Max Capacity: 2G
 Pre-touch: Disabled
 Parallel Workers: 8
Heap:
 PSYoungGen      total 22528K, used 8502K [0x00000000d5580000, 0x00000000d6f80000, 0x0000000100000000)
  eden space 20480K, 32% used [0x00000000d5580000,0x00000000d5c177b0,0x00000000d6980000)
  from space 2048K, 85% used [0x00000000d6b80000,0x00000000d6d36280,0x00000000d6d80000)
  to   space 2048K, 0% used [0x00000000d6d80000,0x00000000d6d80000,0x00000000d6f80000)
 ParOldGen       total 68608K, used 44679K [0x0000000080000000, 0x0000000084300000, 0x00000000d5580000)
  object space 68608K, 65% used [0x0000000080000000,0x0000000082ba1dd8,0x0000000084300000)
 Metaspace       used 25396K, committed 26368K, reserved 1114112K
  class space    used 2393K, committed 2816K, reserved 1048576K
GC Heap History (20 events):
Event: 9.067 GC heap before
{Heap before GC invocations=23 (full 0):
 PSYoungGen      total 23040K, used 23008K [0x00000000d5580000, 0x00000000d7300000, 0x0000000100000000)
  eden space 21504K, 100% used [0x00000000d5580000,0x00000000d6a80000,0x00000000d6a80000)
  from space 1536K, 97% used [0x00000000d6e80000,0x00000000d6ff8010,0x00000000d7000000)
  to   space 4096K, 0% used [0x00000000d6a80000,0x00000000d6a80000,0x00000000d6e80000)
 ParOldGen       total 68608K, used 36281K [0x0000000080000000, 0x0000000084300000, 0x00000000d5580000)
  object space 68608K, 52% used [0x0000000080000000,0x000000008236e610,0x0000000084300000)
 Metaspace       used 16460K, committed 17344K, reserved 1114112K
  class space    used 1483K, committed 1856K, reserved 1048576K
}
Event: 9.072 GC heap after
{Heap after GC invocations=23 (full 0):
 PSYoungGen      total 23552K, used 1720K [0x00000000d5580000, 0x00000000d6f80000, 0x0000000100000000)
  eden space 21504K, 0% used [0x00000000d5580000,0x00000000d5580000,0x00000000d6a80000)
  from space 2048K, 84% used [0x00000000d6a80000,0x00000000d6c2e200,0x00000000d6c80000)
  to   space 2560K, 0% used [0x00000000d6d00000,0x00000000d6d00000,0x00000000d6f80000)
 ParOldGen       total 68608K, used 37793K [0x0000000080000000, 0x0000000084300000, 0x00000000d5580000)
  object space 68608K, 55% used [0x0000000080000000,0x00000000824e8620,0x0000000084300000)
 Metaspace       used 16460K, committed 17344K, reserved 1114112K
  class space    used 1483K, committed 1856K, reserved 1048576K
}
Event: 9.182 GC heap before
{Heap before GC invocations=24 (full 0):
 PSYoungGen      total 23552K, used 23224K [0x00000000d5580000, 0x00000000d6f80000, 0x0000000100000000)
  eden space 21504K, 100% used [0x00000000d5580000,0x00000000d6a80000,0x00000000d6a80000)
  from space 2048K, 84% used [0x00000000d6a80000,0x00000000d6c2e200,0x00000000d6c80000)
  to   space 2560K, 0% used [0x00000000d6d00000,0x00000000d6d00000,0x00000000d6f80000)
 ParOldGen       total 68608K, used 37793K [0x0000000080000000, 0x0000000084300000, 0x00000000d5580000)
  object space 68608K, 55% used [0x0000000080000000,0x00000000824e8620,0x0000000084300000)
 Metaspace       used 17163K, committed 18112K, reserved 1114112K
  class space    used 1562K, committed 1984K, reserved 1048576K
}
Event: 9.187 GC heap after
{Heap after GC invocations=24 (full 0):
 PSYoungGen      total 23552K, used 1788K [0x00000000d5580000, 0x00000000d6f00000, 0x0000000100000000)
  eden space 21504K, 0% used [0x00000000d5580000,0x00000000d5580000,0x00000000d6a80000)
  from space 2048K, 87% used [0x00000000d6d00000,0x00000000d6ebf278,0x00000000d6f00000)
  to   space 2048K, 0% used [0x00000000d6a80000,0x00000000d6a80000,0x00000000d6c80000)
 ParOldGen       total 68608K, used 39338K [0x0000000080000000, 0x0000000084300000, 0x00000000d5580000)
  object space 68608K, 57% used [0x0000000080000000,0x000000008266a820,0x0000000084300000)
 Metaspace       used 17163K, committed 18112K, reserved 1114112K
  class space    used 1562K, committed 1984K, reserved 1048576K
}
Event: 9.800 GC heap before
{Heap before GC invocations=25 (full 0):
 PSYoungGen      total 23552K, used 23277K [0x00000000d5580000, 0x00000000d6f00000, 0x0000000100000000)
  eden space 21504K, 99% used [0x00000000d5580000,0x00000000d6a7c538,0x00000000d6a80000)
  from space 2048K, 87% used [0x00000000d6d00000,0x00000000d6ebf278,0x00000000d6f00000)
  to   space 2048K, 0% used [0x00000000d6a80000,0x00000000d6a80000,0x00000000d6c80000)
 ParOldGen       total 68608K, used 39338K [0x0000000080000000, 0x0000000084300000, 0x00000000d5580000)
  object space 68608K, 57% used [0x0000000080000000,0x000000008266a820,0x0000000084300000)
 Metaspace       used 19071K, committed 19968K, reserved 1114112K
  class space    used 1765K, committed 2176K, reserved 1048576K
}
Event: 9.805 GC heap after
{Heap after GC invocations=25 (full 0):
 PSYoungGen      total 23552K, used 1803K [0x00000000d5580000, 0x00000000d6e80000, 0x0000000100000000)
  eden space 21504K, 0% used [0x00000000d5580000,0x00000000d5580000,0x00000000d6a80000)
  from space 2048K, 88% used [0x00000000d6a80000,0x00000000d6c42fc0,0x00000000d6c80000)
  to   space 2048K, 0% used [0x00000000d6c80000,0x00000000d6c80000,0x00000000d6e80000)
 ParOldGen       total 68608K, used 40766K [0x0000000080000000, 0x0000000084300000, 0x00000000d5580000)
  object space 68608K, 59% used [0x0000000080000000,0x00000000827cfb78,0x0000000084300000)
 Metaspace       used 19071K, committed 19968K, reserved 1114112K
  class space    used 1765K, committed 2176K, reserved 1048576K
}
Event: 10.882 GC heap before
{Heap before GC invocations=26 (full 0):
 PSYoungGen      total 23552K, used 23300K [0x00000000d5580000, 0x00000000d6e80000, 0x0000000100000000)
  eden space 21504K, 99% used [0x00000000d5580000,0x00000000d6a7e400,0x00000000d6a80000)
  from space 2048K, 88% used [0x00000000d6a80000,0x00000000d6c42fc0,0x00000000d6c80000)
  to   space 2048K, 0% used [0x00000000d6c80000,0x00000000d6c80000,0x00000000d6e80000)
 ParOldGen       total 68608K, used 40766K [0x0000000080000000, 0x0000000084300000, 0x00000000d5580000)
  object space 68608K, 59% used [0x0000000080000000,0x00000000827cfb78,0x0000000084300000)
 Metaspace       used 20021K, committed 20928K, reserved 1114112K
  class space    used 1896K, committed 2304K, reserved 1048576K
}
Event: 10.891 GC heap after
{Heap after GC invocations=26 (full 0):
 PSYoungGen      total 23040K, used 1243K [0x00000000d5580000, 0x00000000d6e00000, 0x0000000100000000)
  eden space 21504K, 0% used [0x00000000d5580000,0x00000000d5580000,0x00000000d6a80000)
  from space 1536K, 80% used [0x00000000d6c80000,0x00000000d6db6ea8,0x00000000d6e00000)
  to   space 1536K, 0% used [0x00000000d6b00000,0x00000000d6b00000,0x00000000d6c80000)
 ParOldGen       total 68608K, used 42221K [0x0000000080000000, 0x0000000084300000, 0x00000000d5580000)
  object space 68608K, 61% used [0x0000000080000000,0x000000008293b448,0x0000000084300000)
 Metaspace       used 20021K, committed 20928K, reserved 1114112K
  class space    used 1896K, committed 2304K, reserved 1048576K
}
Event: 11.355 GC heap before
{Heap before GC invocations=27 (full 0):
 PSYoungGen      total 23040K, used 12381K [0x00000000d5580000, 0x00000000d6e00000, 0x0000000100000000)
  eden space 21504K, 51% used [0x00000000d5580000,0x00000000d60605d8,0x00000000d6a80000)
  from space 1536K, 80% used [0x00000000d6c80000,0x00000000d6db6ea8,0x00000000d6e00000)
  to   space 1536K, 0% used [0x00000000d6b00000,0x00000000d6b00000,0x00000000d6c80000)
 ParOldGen       total 68608K, used 42221K [0x0000000080000000, 0x0000000084300000, 0x00000000d5580000)
  object space 68608K, 61% used [0x0000000080000000,0x000000008293b448,0x0000000084300000)
 Metaspace       used 20608K, committed 21504K, reserved 1114112K
  class space    used 1956K, committed 2368K, reserved 1048576K
}
Event: 11.359 GC heap after
{Heap after GC invocations=27 (full 0):
 PSYoungGen      total 22016K, used 448K [0x00000000d5580000, 0x00000000d6d00000, 0x0000000100000000)
  eden space 21504K, 0% used [0x00000000d5580000,0x00000000d5580000,0x00000000d6a80000)
  from space 512K, 87% used [0x00000000d6b00000,0x00000000d6b70250,0x00000000d6b80000)
  to   space 1024K, 0% used [0x00000000d6c00000,0x00000000d6c00000,0x00000000d6d00000)
 ParOldGen       total 68608K, used 43292K [0x0000000080000000, 0x0000000084300000, 0x00000000d5580000)
  object space 68608K, 63% used [0x0000000080000000,0x0000000082a47238,0x0000000084300000)
 Metaspace       used 20608K, committed 21504K, reserved 1114112K
  class space    used 1956K, committed 2368K, reserved 1048576K
}
Event: 11.359 GC heap before
{Heap before GC invocations=28 (full 1):
 PSYoungGen      total 22016K, used 448K [0x00000000d5580000, 0x00000000d6d00000, 0x0000000100000000)
  eden space 21504K, 0% used [0x00000000d5580000,0x00000000d5580000,0x00000000d6a80000)
  from space 512K, 87% used [0x00000000d6b00000,0x00000000d6b70250,0x00000000d6b80000)
  to   space 1024K, 0% used [0x00000000d6c00000,0x00000000d6c00000,0x00000000d6d00000)
 ParOldGen       total 68608K, used 43292K [0x0000000080000000, 0x0000000084300000, 0x00000000d5580000)
  object space 68608K, 63% used [0x0000000080000000,0x0000000082a47238,0x0000000084300000)
 Metaspace       used 20608K, committed 21504K, reserved 1114112K
  class space    used 1956K, committed 2368K, reserved 1048576K
}
Event: 11.475 GC heap after
{Heap after GC invocations=28 (full 1):
 PSYoungGen      total 22016K, used 0K [0x00000000d5580000, 0x00000000d6d00000, 0x0000000100000000)
  eden space 21504K, 0% used [0x00000000d5580000,0x00000000d5580000,0x00000000d6a80000)
  from space 512K, 0% used [0x00000000d6b00000,0x00000000d6b00000,0x00000000d6b80000)
  to   space 1024K, 0% used [0x00000000d6c00000,0x00000000d6c00000,0x00000000d6d00000)
 ParOldGen       total 68608K, used 38852K [0x0000000080000000, 0x0000000084300000, 0x00000000d5580000)
  object space 68608K, 56% used [0x0000000080000000,0x00000000825f13f0,0x0000000084300000)
 Metaspace       used 20600K, committed 21504K, reserved 1114112K
  class space    used 1954K, committed 2368K, reserved 1048576K
}
Event: 12.038 GC heap before
{Heap before GC invocations=29 (full 1):
 PSYoungGen      total 22016K, used 21504K [0x00000000d5580000, 0x00000000d6d00000, 0x0000000100000000)
  eden space 21504K, 100% used [0x00000000d5580000,0x00000000d6a80000,0x00000000d6a80000)
  from space 512K, 0% used [0x00000000d6b00000,0x00000000d6b00000,0x00000000d6b80000)
  to   space 1024K, 0% used [0x00000000d6c00000,0x00000000d6c00000,0x00000000d6d00000)
 ParOldGen       total 68608K, used 38852K [0x0000000080000000, 0x0000000084300000, 0x00000000d5580000)
  object space 68608K, 56% used [0x0000000080000000,0x00000000825f13f0,0x0000000084300000)
 Metaspace       used 21685K, committed 22592K, reserved 1114112K
  class space    used 2063K, committed 2496K, reserved 1048576K
}
Event: 12.040 GC heap after
{Heap after GC invocations=29 (full 1):
 PSYoungGen      total 21504K, used 1008K [0x00000000d5580000, 0x00000000d6f80000, 0x0000000100000000)
  eden space 20480K, 0% used [0x00000000d5580000,0x00000000d5580000,0x00000000d6980000)
  from space 1024K, 98% used [0x00000000d6c00000,0x00000000d6cfc078,0x00000000d6d00000)
  to   space 2560K, 0% used [0x00000000d6980000,0x00000000d6980000,0x00000000d6c00000)
 ParOldGen       total 68608K, used 39939K [0x0000000080000000, 0x0000000084300000, 0x00000000d5580000)
  object space 68608K, 58% used [0x0000000080000000,0x0000000082700e80,0x0000000084300000)
 Metaspace       used 21685K, committed 22592K, reserved 1114112K
  class space    used 2063K, committed 2496K, reserved 1048576K
}
Event: 12.329 GC heap before
{Heap before GC invocations=30 (full 1):
 PSYoungGen      total 21504K, used 21488K [0x00000000d5580000, 0x00000000d6f80000, 0x0000000100000000)
  eden space 20480K, 100% used [0x00000000d5580000,0x00000000d6980000,0x00000000d6980000)
  from space 1024K, 98% used [0x00000000d6c00000,0x00000000d6cfc078,0x00000000d6d00000)
  to   space 2560K, 0% used [0x00000000d6980000,0x00000000d6980000,0x00000000d6c00000)
 ParOldGen       total 68608K, used 39939K [0x0000000080000000, 0x0000000084300000, 0x00000000d5580000)
  object space 68608K, 58% used [0x0000000080000000,0x0000000082700e80,0x0000000084300000)
 Metaspace       used 22578K, committed 23424K, reserved 1114112K
  class space    used 2106K, committed 2496K, reserved 1048576K
}
Event: 12.332 GC heap after
{Heap after GC invocations=30 (full 1):
 PSYoungGen      total 23040K, used 2548K [0x00000000d5580000, 0x00000000d7480000, 0x0000000100000000)
  eden space 20480K, 0% used [0x00000000d5580000,0x00000000d5580000,0x00000000d6980000)
  from space 2560K, 99% used [0x00000000d6980000,0x00000000d6bfd228,0x00000000d6c00000)
  to   space 5632K, 0% used [0x00000000d6f00000,0x00000000d6f00000,0x00000000d7480000)
 ParOldGen       total 68608K, used 42117K [0x0000000080000000, 0x0000000084300000, 0x00000000d5580000)
  object space 68608K, 61% used [0x0000000080000000,0x0000000082921760,0x0000000084300000)
 Metaspace       used 22578K, committed 23424K, reserved 1114112K
  class space    used 2106K, committed 2496K, reserved 1048576K
}
Event: 12.425 GC heap before
{Heap before GC invocations=31 (full 1):
 PSYoungGen      total 23040K, used 23028K [0x00000000d5580000, 0x00000000d7480000, 0x0000000100000000)
  eden space 20480K, 100% used [0x00000000d5580000,0x00000000d6980000,0x00000000d6980000)
  from space 2560K, 99% used [0x00000000d6980000,0x00000000d6bfd228,0x00000000d6c00000)
  to   space 5632K, 0% used [0x00000000d6f00000,0x00000000d6f00000,0x00000000d7480000)
 ParOldGen       total 68608K, used 42117K [0x0000000080000000, 0x0000000084300000, 0x00000000d5580000)
  object space 68608K, 61% used [0x0000000080000000,0x0000000082921760,0x0000000084300000)
 Metaspace       used 22592K, committed 23488K, reserved 1114112K
  class space    used 2106K, committed 2496K, reserved 1048576K
}
Event: 12.427 GC heap after
{Heap after GC invocations=31 (full 1):
 PSYoungGen      total 22016K, used 1104K [0x00000000d5580000, 0x00000000d7080000, 0x0000000100000000)
  eden space 20480K, 0% used [0x00000000d5580000,0x00000000d5580000,0x00000000d6980000)
  from space 1536K, 71% used [0x00000000d6f00000,0x00000000d70143d0,0x00000000d7080000)
  to   space 2560K, 0% used [0x00000000d6b80000,0x00000000d6b80000,0x00000000d6e00000)
 ParOldGen       total 68608K, used 44655K [0x0000000080000000, 0x0000000084300000, 0x00000000d5580000)
  object space 68608K, 65% used [0x0000000080000000,0x0000000082b9bdd8,0x0000000084300000)
 Metaspace       used 22592K, committed 23488K, reserved 1114112K
  class space    used 2106K, committed 2496K, reserved 1048576K
}
Event: 17.046 GC heap before
{Heap before GC invocations=32 (full 1):
 PSYoungGen      total 22016K, used 21584K [0x00000000d5580000, 0x00000000d7080000, 0x0000000100000000)
  eden space 20480K, 100% used [0x00000000d5580000,0x00000000d6980000,0x00000000d6980000)
  from space 1536K, 71% used [0x00000000d6f00000,0x00000000d70143d0,0x00000000d7080000)
  to   space 2560K, 0% used [0x00000000d6b80000,0x00000000d6b80000,0x00000000d6e00000)
 ParOldGen       total 68608K, used 44655K [0x0000000080000000, 0x0000000084300000, 0x00000000d5580000)
  object space 68608K, 65% used [0x0000000080000000,0x0000000082b9bdd8,0x0000000084300000)
 Metaspace       used 24711K, committed 25600K, reserved 1114112K
  class space    used 2295K, committed 2688K, reserved 1048576K
}
Event: 17.048 GC heap after
{Heap after GC invocations=32 (full 1):
 PSYoungGen      total 22528K, used 1752K [0x00000000d5580000, 0x00000000d6f80000, 0x0000000100000000)
  eden space 20480K, 0% used [0x00000000d5580000,0x00000000d5580000,0x00000000d6980000)
  from space 2048K, 85% used [0x00000000d6b80000,0x00000000d6d36280,0x00000000d6d80000)
  to   space 2048K, 0% used [0x00000000d6d80000,0x00000000d6d80000,0x00000000d6f80000)
 ParOldGen       total 68608K, used 44679K [0x0000000080000000, 0x0000000084300000, 0x00000000d5580000)
  object space 68608K, 65% used [0x0000000080000000,0x0000000082ba1dd8,0x0000000084300000)
 Metaspace       used 24711K, committed 25600K, reserved 1114112K
  class space    used 2295K, committed 2688K, reserved 1048576K
}

