# JRE version: OpenJDK Runtime Environment Temurin-21.0.9+10 (21.0.9+10) (build 21.0.9+10-LTS)
# Java VM: OpenJDK 64-Bit Server VM Temurin-21.0.9+10 (21.0.9+10-LTS, mixed mode, sharing, tiered, compressed oops, compressed class ptrs, parallel gc, windows-amd64)
GC Precious Log:
 CardTable entry size: 512
 CPUs: 8 total, 8 available
 Memory: 15610M
 Large Page Support: Disabled
 NUMA Support: Disabled
 Compressed Oops: Enabled (32-bit)
 Alignments: Space 512K, Generation 512K, Heap 2M
 Heap Min Capacity: 100M
 Heap Initial Capacity: 100M
 Heap Max Capacity: 2G
 Pre-touch: Disabled
 Parallel Workers: 8
Heap:
 PSYoungGen      total 2048K, used 1385K [0x00000000d5580000, 0x00000000d5880000, 0x0000000100000000)
  eden space 1536K, 73% used [0x00000000d5580000,0x00000000d569a4a0,0x00000000d5700000)
  from space 512K, 50% used [0x00000000d5800000,0x00000000d5840000,0x00000000d5880000)
  to   space 512K, 0% used [0x00000000d5780000,0x00000000d5780000,0x00000000d5800000)
 ParOldGen       total 293376K, used 293086K [0x0000000080000000, 0x0000000091e80000, 0x00000000d5580000)
  object space 293376K, 99% used [0x0000000080000000,0x0000000091e379a0,0x0000000091e80000)
 Metaspace       used 44450K, committed 45952K, reserved 1114112K
  class space    used 4158K, committed 4736K, reserved 1048576K
GC Heap History (20 events):
Event: 92.466 GC heap before
{Heap before GC invocations=299 (full 2):
 PSYoungGen      total 2560K, used 2464K [0x00000000d5580000, 0x00000000d5980000, 0x0000000100000000)
  eden space 1536K, 100% used [0x00000000d5580000,0x00000000d5700000,0x00000000d5700000)
  from space 1024K, 90% used [0x00000000d5800000,0x00000000d58e8000,0x00000000d5900000)
  to   space 1024K, 0% used [0x00000000d5700000,0x00000000d5700000,0x00000000d5800000)
 ParOldGen       total 289280K, used 289127K [0x0000000080000000, 0x0000000091a80000, 0x00000000d5580000)
  object space 289280K, 99% used [0x0000000080000000,0x0000000091a59c10,0x0000000091a80000)
 Metaspace       used 44281K, committed 45760K, reserved 1114112K
  class space    used 4140K, committed 4736K, reserved 1048576K
}
Event: 92.469 GC heap after
{Heap after GC invocations=299 (full 2):
 PSYoungGen      total 2560K, used 416K [0x00000000d5580000, 0x00000000d5900000, 0x0000000100000000)
  eden space 1536K, 0% used [0x00000000d5580000,0x00000000d5580000,0x00000000d5700000)
  from space 1024K, 40% used [0x00000000d5700000,0x00000000d5768000,0x00000000d5800000)
  to   space 1024K, 0% used [0x00000000d5800000,0x00000000d5800000,0x00000000d5900000)
 ParOldGen       total 290304K, used 289951K [0x0000000080000000, 0x0000000091b80000, 0x00000000d5580000)
  object space 290304K, 99% used [0x0000000080000000,0x0000000091b27c10,0x0000000091b80000)
 Metaspace       used 44281K, committed 45760K, reserved 1114112K
  class space    used 4140K, committed 4736K, reserved 1048576K
}
Event: 92.501 GC heap before
{Heap before GC invocations=300 (full 2):
 PSYoungGen      total 2560K, used 1952K [0x00000000d5580000, 0x00000000d5900000, 0x0000000100000000)
  eden space 1536K, 100% used [0x00000000d5580000,0x00000000d5700000,0x00000000d5700000)
  from space 1024K, 40% used [0x00000000d5700000,0x00000000d5768000,0x00000000d5800000)
  to   space 1024K, 0% used [0x00000000d5800000,0x00000000d5800000,0x00000000d5900000)
 ParOldGen       total 290304K, used 289951K [0x0000000080000000, 0x0000000091b80000, 0x00000000d5580000)
  object space 290304K, 99% used [0x0000000080000000,0x0000000091b27c10,0x0000000091b80000)
 Metaspace       used 44288K, committed 45760K, reserved 1114112K
  class space    used 4140K, committed 4736K, reserved 1048576K
}
Event: 92.504 GC heap after
{Heap after GC invocations=300 (full 2):
 PSYoungGen      total 2048K, used 468K [0x00000000d5580000, 0x00000000d5880000, 0x0000000100000000)
  eden space 1536K, 0% used [0x00000000d5580000,0x00000000d5580000,0x00000000d5700000)
  from space 512K, 91% used [0x00000000d5800000,0x00000000d5875200,0x00000000d5880000)
  to   space 512K, 0% used [0x00000000d5780000,0x00000000d5780000,0x00000000d5800000)
 ParOldGen       total 290816K, used 290319K [0x0000000080000000, 0x0000000091c00000, 0x00000000d5580000)
  object space 290816K, 99% used [0x0000000080000000,0x0000000091b83c10,0x0000000091c00000)
 Metaspace       used 44288K, committed 45760K, reserved 1114112K
  class space    used 4140K, committed 4736K, reserved 1048576K
}
Event: 92.510 GC heap before
{Heap before GC invocations=301 (full 2):
 PSYoungGen      total 2048K, used 2004K [0x00000000d5580000, 0x00000000d5880000, 0x0000000100000000)
  eden space 1536K, 100% used [0x00000000d5580000,0x00000000d5700000,0x00000000d5700000)
  from space 512K, 91% used [0x00000000d5800000,0x00000000d5875200,0x00000000d5880000)
  to   space 512K, 0% used [0x00000000d5780000,0x00000000d5780000,0x00000000d5800000)
 ParOldGen       total 290816K, used 290319K [0x0000000080000000, 0x0000000091c00000, 0x00000000d5580000)
  object space 290816K, 99% used [0x0000000080000000,0x0000000091b83c10,0x0000000091c00000)
 Metaspace       used 44288K, committed 45760K, reserved 1114112K
  class space    used 4140K, committed 4736K, reserved 1048576K
}
Event: 92.512 GC heap after
{Heap after GC invocations=301 (full 2):
 PSYoungGen      total 2048K, used 432K [0x00000000d5580000, 0x00000000d5880000, 0x0000000100000000)
  eden space 1536K, 0% used [0x00000000d5580000,0x00000000d5580000,0x00000000d5700000)
  from space 512K, 84% used [0x00000000d5780000,0x00000000d57ec010,0x00000000d5800000)
  to   space 512K, 0% used [0x00000000d5800000,0x00000000d5800000,0x00000000d5880000)
 ParOldGen       total 290816K, used 290656K [0x0000000080000000, 0x0000000091c00000, 0x00000000d5580000)
  object space 290816K, 99% used [0x0000000080000000,0x0000000091bd8290,0x0000000091c00000)
 Metaspace       used 44288K, committed 45760K, reserved 1114112K
  class space    used 4140K, committed 4736K, reserved 1048576K
}
Event: 92.527 GC heap before
{Heap before GC invocations=302 (full 2):
 PSYoungGen      total 2048K, used 1968K [0x00000000d5580000, 0x00000000d5880000, 0x0000000100000000)
  eden space 1536K, 100% used [0x00000000d5580000,0x00000000d5700000,0x00000000d5700000)
  from space 512K, 84% used [0x00000000d5780000,0x00000000d57ec010,0x00000000d5800000)
  to   space 512K, 0% used [0x00000000d5800000,0x00000000d5800000,0x00000000d5880000)
 ParOldGen       total 290816K, used 290656K [0x0000000080000000, 0x0000000091c00000, 0x00000000d5580000)
  object space 290816K, 99% used [0x0000000080000000,0x0000000091bd8290,0x0000000091c00000)
 Metaspace       used 44289K, committed 45760K, reserved 1114112K
  class space    used 4140K, committed 4736K, reserved 1048576K
}
Event: 92.531 GC heap after
{Heap after GC invocations=302 (full 2):
 PSYoungGen      total 2048K, used 416K [0x00000000d5580000, 0x00000000d5880000, 0x0000000100000000)
  eden space 1536K, 0% used [0x00000000d5580000,0x00000000d5580000,0x00000000d5700000)
  from space 512K, 81% used [0x00000000d5800000,0x00000000d5868000,0x00000000d5880000)
  to   space 512K, 0% used [0x00000000d5780000,0x00000000d5780000,0x00000000d5800000)
 ParOldGen       total 291328K, used 291010K [0x0000000080000000, 0x0000000091c80000, 0x00000000d5580000)
  object space 291328K, 99% used [0x0000000080000000,0x0000000091c30b48,0x0000000091c80000)
 Metaspace       used 44289K, committed 45760K, reserved 1114112K
  class space    used 4140K, committed 4736K, reserved 1048576K
}
Event: 92.591 GC heap before
{Heap before GC invocations=303 (full 2):
 PSYoungGen      total 2048K, used 1952K [0x00000000d5580000, 0x00000000d5880000, 0x0000000100000000)
  eden space 1536K, 100% used [0x00000000d5580000,0x00000000d5700000,0x00000000d5700000)
  from space 512K, 81% used [0x00000000d5800000,0x00000000d5868000,0x00000000d5880000)
  to   space 512K, 0% used [0x00000000d5780000,0x00000000d5780000,0x00000000d5800000)
 ParOldGen       total 291328K, used 291010K [0x0000000080000000, 0x0000000091c80000, 0x00000000d5580000)
  object space 291328K, 99% used [0x0000000080000000,0x0000000091c30b48,0x0000000091c80000)
 Metaspace       used 44292K, committed 45760K, reserved 1114112K
  class space    used 4140K, committed 4736K, reserved 1048576K
}
Event: 92.593 GC heap after
{Heap after GC invocations=303 (full 2):
 PSYoungGen      total 2048K, used 512K [0x00000000d5580000, 0x00000000d5900000, 0x0000000100000000)
  eden space 1536K, 0% used [0x00000000d5580000,0x00000000d5580000,0x00000000d5700000)
  from space 512K, 100% used [0x00000000d5780000,0x00000000d5800000,0x00000000d5800000)
  to   space 1024K, 0% used [0x00000000d5800000,0x00000000d5800000,0x00000000d5900000)
 ParOldGen       total 291328K, used 291318K [0x0000000080000000, 0x0000000091c80000, 0x00000000d5580000)
  object space 291328K, 99% used [0x0000000080000000,0x0000000091c7db58,0x0000000091c80000)
 Metaspace       used 44292K, committed 45760K, reserved 1114112K
  class space    used 4140K, committed 4736K, reserved 1048576K
}
Event: 92.628 GC heap before
{Heap before GC invocations=304 (full 2):
 PSYoungGen      total 2048K, used 2048K [0x00000000d5580000, 0x00000000d5900000, 0x0000000100000000)
  eden space 1536K, 100% used [0x00000000d5580000,0x00000000d5700000,0x00000000d5700000)
  from space 512K, 100% used [0x00000000d5780000,0x00000000d5800000,0x00000000d5800000)
  to   space 1024K, 0% used [0x00000000d5800000,0x00000000d5800000,0x00000000d5900000)
 ParOldGen       total 291328K, used 291318K [0x0000000080000000, 0x0000000091c80000, 0x00000000d5580000)
  object space 291328K, 99% used [0x0000000080000000,0x0000000091c7db58,0x0000000091c80000)
 Metaspace       used 44308K, committed 45760K, reserved 1114112K
  class space    used 4140K, committed 4736K, reserved 1048576K
}
Event: 92.634 GC heap after
{Heap after GC invocations=304 (full 2):
 PSYoungGen      total 2560K, used 372K [0x00000000d5580000, 0x00000000d5900000, 0x0000000100000000)
  eden space 1536K, 0% used [0x00000000d5580000,0x00000000d5580000,0x00000000d5700000)
  from space 1024K, 36% used [0x00000000d5800000,0x00000000d585d200,0x00000000d5900000)
  to   space 1024K, 0% used [0x00000000d5700000,0x00000000d5700000,0x00000000d5800000)
 ParOldGen       total 291840K, used 291699K [0x0000000080000000, 0x0000000091d00000, 0x00000000d5580000)
  object space 291840K, 99% used [0x0000000080000000,0x0000000091cdcfd8,0x0000000091d00000)
 Metaspace       used 44308K, committed 45760K, reserved 1114112K
  class space    used 4140K, committed 4736K, reserved 1048576K
}
Event: 92.644 GC heap before
{Heap before GC invocations=305 (full 2):
 PSYoungGen      total 2560K, used 1908K [0x00000000d5580000, 0x00000000d5900000, 0x0000000100000000)
  eden space 1536K, 100% used [0x00000000d5580000,0x00000000d5700000,0x00000000d5700000)
  from space 1024K, 36% used [0x00000000d5800000,0x00000000d585d200,0x00000000d5900000)
  to   space 1024K, 0% used [0x00000000d5700000,0x00000000d5700000,0x00000000d5800000)
 ParOldGen       total 291840K, used 291699K [0x0000000080000000, 0x0000000091d00000, 0x00000000d5580000)
  object space 291840K, 99% used [0x0000000080000000,0x0000000091cdcfd8,0x0000000091d00000)
 Metaspace       used 44308K, committed 45760K, reserved 1114112K
  class space    used 4140K, committed 4736K, reserved 1048576K
}
Event: 92.651 GC heap after
{Heap after GC invocations=305 (full 2):
 PSYoungGen      total 2560K, used 432K [0x00000000d5580000, 0x00000000d5880000, 0x0000000100000000)
  eden space 1536K, 0% used [0x00000000d5580000,0x00000000d5580000,0x00000000d5700000)
  from space 1024K, 42% used [0x00000000d5700000,0x00000000d576c010,0x00000000d5800000)
  to   space 512K, 0% used [0x00000000d5800000,0x00000000d5800000,0x00000000d5880000)
 ParOldGen       total 292352K, used 291988K [0x0000000080000000, 0x0000000091d80000, 0x00000000d5580000)
  object space 292352K, 99% used [0x0000000080000000,0x0000000091d250c8,0x0000000091d80000)
 Metaspace       used 44308K, committed 45760K, reserved 1114112K
  class space    used 4140K, committed 4736K, reserved 1048576K
}
Event: 92.692 GC heap before
{Heap before GC invocations=306 (full 2):
 PSYoungGen      total 2560K, used 1968K [0x00000000d5580000, 0x00000000d5880000, 0x0000000100000000)
  eden space 1536K, 100% used [0x00000000d5580000,0x00000000d5700000,0x00000000d5700000)
  from space 1024K, 42% used [0x00000000d5700000,0x00000000d576c010,0x00000000d5800000)
  to   space 512K, 0% used [0x00000000d5800000,0x00000000d5800000,0x00000000d5880000)
 ParOldGen       total 292352K, used 291988K [0x0000000080000000, 0x0000000091d80000, 0x00000000d5580000)
  object space 292352K, 99% used [0x0000000080000000,0x0000000091d250c8,0x0000000091d80000)
 Metaspace       used 44311K, committed 45760K, reserved 1114112K
  class space    used 4140K, committed 4736K, reserved 1048576K
}
Event: 92.695 GC heap after
{Heap after GC invocations=306 (full 2):
 PSYoungGen      total 2048K, used 512K [0x00000000d5580000, 0x00000000d5900000, 0x0000000100000000)
  eden space 1536K, 0% used [0x00000000d5580000,0x00000000d5580000,0x00000000d5700000)
  from space 512K, 100% used [0x00000000d5800000,0x00000000d5880000,0x00000000d5880000)
  to   space 1024K, 0% used [0x00000000d5700000,0x00000000d5700000,0x00000000d5800000)
 ParOldGen       total 292864K, used 292378K [0x0000000080000000, 0x0000000091e00000, 0x00000000d5580000)
  object space 292864K, 99% used [0x0000000080000000,0x0000000091d86990,0x0000000091e00000)
 Metaspace       used 44311K, committed 45760K, reserved 1114112K
  class space    used 4140K, committed 4736K, reserved 1048576K
}
Event: 92.757 GC heap before
{Heap before GC invocations=307 (full 2):
 PSYoungGen      total 2048K, used 2048K [0x00000000d5580000, 0x00000000d5900000, 0x0000000100000000)
  eden space 1536K, 100% used [0x00000000d5580000,0x00000000d5700000,0x00000000d5700000)
  from space 512K, 100% used [0x00000000d5800000,0x00000000d5880000,0x00000000d5880000)
  to   space 1024K, 0% used [0x00000000d5700000,0x00000000d5700000,0x00000000d5800000)
 ParOldGen       total 292864K, used 292378K [0x0000000080000000, 0x0000000091e00000, 0x00000000d5580000)
  object space 292864K, 99% used [0x0000000080000000,0x0000000091d86990,0x0000000091e00000)
 Metaspace       used 44349K, committed 45824K, reserved 1114112K
  class space    used 4140K, committed 4736K, reserved 1048576K
}
Event: 92.759 GC heap after
{Heap after GC invocations=307 (full 2):
 PSYoungGen      total 2560K, used 352K [0x00000000d5580000, 0x00000000d5900000, 0x0000000100000000)
  eden space 1536K, 0% used [0x00000000d5580000,0x00000000d5580000,0x00000000d5700000)
  from space 1024K, 34% used [0x00000000d5700000,0x00000000d5758000,0x00000000d5800000)
  to   space 1024K, 0% used [0x00000000d5800000,0x00000000d5800000,0x00000000d5900000)
 ParOldGen       total 293376K, used 292870K [0x0000000080000000, 0x0000000091e80000, 0x00000000d5580000)
  object space 293376K, 99% used [0x0000000080000000,0x0000000091e019a0,0x0000000091e80000)
 Metaspace       used 44349K, committed 45824K, reserved 1114112K
  class space    used 4140K, committed 4736K, reserved 1048576K
}
Event: 93.067 GC heap before
{Heap before GC invocations=308 (full 2):
 PSYoungGen      total 2560K, used 1887K [0x00000000d5580000, 0x00000000d5900000, 0x0000000100000000)
  eden space 1536K, 99% used [0x00000000d5580000,0x00000000d56fffe8,0x00000000d5700000)
  from space 1024K, 34% used [0x00000000d5700000,0x00000000d5758000,0x00000000d5800000)
  to   space 1024K, 0% used [0x00000000d5800000,0x00000000d5800000,0x00000000d5900000)
 ParOldGen       total 293376K, used 292870K [0x0000000080000000, 0x0000000091e80000, 0x00000000d5580000)
  object space 293376K, 99% used [0x0000000080000000,0x0000000091e019a0,0x0000000091e80000)
 Metaspace       used 44414K, committed 45952K, reserved 1114112K
  class space    used 4152K, committed 4736K, reserved 1048576K
}
Event: 93.070 GC heap after
{Heap after GC invocations=308 (full 2):
 PSYoungGen      total 2048K, used 256K [0x00000000d5580000, 0x00000000d5880000, 0x0000000100000000)
  eden space 1536K, 0% used [0x00000000d5580000,0x00000000d5580000,0x00000000d5700000)
  from space 512K, 50% used [0x00000000d5800000,0x00000000d5840000,0x00000000d5880000)
  to   space 512K, 0% used [0x00000000d5780000,0x00000000d5780000,0x00000000d5800000)
 ParOldGen       total 293376K, used 293086K [0x0000000080000000, 0x0000000091e80000, 0x00000000d5580000)
  object space 293376K, 99% used [0x0000000080000000,0x0000000091e379a0,0x0000000091e80000)
 Metaspace       used 44414K, committed 45952K, reserved 1114112K
  class space    used 4152K, committed 4736K, reserved 1048576K
}

