# JRE version: OpenJDK Runtime Environment Temurin-21.0.9+10 (21.0.9+10) (build 21.0.9+10-LTS)
# Java VM: OpenJDK 64-Bit Server VM Temurin-21.0.9+10 (21.0.9+10-LTS, mixed mode, sharing, tiered, compressed oops, compressed class ptrs, parallel gc, windows-amd64)
GC Precious Log:
 CardTable entry size: 512
 CPUs: 8 total, 8 available
 Memory: 15610M
 Large Page Support: Disabled
 NUMA Support: Disabled
 Compressed Oops: Enabled (32-bit)
 Alignments: Space 512K, Generation 512K, Heap 2M
 Heap Min Capacity: 100M
 Heap Initial Capacity: 100M
 Heap Max Capacity: 2G
 Pre-touch: Disabled
 Parallel Workers: 8
Heap:
 PSYoungGen      total 12800K, used 8782K [0x00000000d5580000, 0x00000000d7180000, 0x0000000100000000)
  eden space 12288K, 67% used [0x00000000d5580000,0x00000000d5d95448,0x00000000d6180000)
  from space 512K, 98% used [0x00000000d6200000,0x00000000d627e498,0x00000000d6280000)
  to   space 8192K, 0% used [0x00000000d6980000,0x00000000d6980000,0x00000000d7180000)
 ParOldGen       total 208896K, used 208479K [0x0000000080000000, 0x000000008cc00000, 0x00000000d5580000)
  object space 208896K, 99% used [0x0000000080000000,0x000000008cb97ca0,0x000000008cc00000)
 Metaspace       used 29339K, committed 30464K, reserved 1114112K
  class space    used 2582K, committed 3008K, reserved 1048576K
GC Heap History (20 events):
Event: 144.199 GC heap before
{Heap before GC invocations=183 (full 1):
 PSYoungGen      total 13312K, used 13262K [0x00000000d5580000, 0x00000000d6400000, 0x0000000100000000)
  eden space 12288K, 100% used [0x00000000d5580000,0x00000000d6180000,0x00000000d6180000)
  from space 1024K, 95% used [0x00000000d6180000,0x00000000d6273b20,0x00000000d6280000)
  to   space 1024K, 0% used [0x00000000d6300000,0x00000000d6300000,0x00000000d6400000)
 ParOldGen       total 198656K, used 198600K [0x0000000080000000, 0x000000008c200000, 0x00000000d5580000)
  object space 198656K, 99% used [0x0000000080000000,0x000000008c1f2058,0x000000008c200000)
 Metaspace       used 28533K, committed 29696K, reserved 1114112K
  class space    used 2569K, committed 3008K, reserved 1048576K
}
Event: 144.201 GC heap after
{Heap after GC invocations=183 (full 1):
 PSYoungGen      total 13312K, used 862K [0x00000000d5580000, 0x00000000d6400000, 0x0000000100000000)
  eden space 12288K, 0% used [0x00000000d5580000,0x00000000d5580000,0x00000000d6180000)
  from space 1024K, 84% used [0x00000000d6300000,0x00000000d63d7b10,0x00000000d6400000)
  to   space 1024K, 0% used [0x00000000d6180000,0x00000000d6180000,0x00000000d6280000)
 ParOldGen       total 199168K, used 199108K [0x0000000080000000, 0x000000008c280000, 0x00000000d5580000)
  object space 199168K, 99% used [0x0000000080000000,0x000000008c271268,0x000000008c280000)
 Metaspace       used 28533K, committed 29696K, reserved 1114112K
  class space    used 2569K, committed 3008K, reserved 1048576K
}
Event: 147.656 GC heap before
{Heap before GC invocations=184 (full 1):
 PSYoungGen      total 13312K, used 13150K [0x00000000d5580000, 0x00000000d6400000, 0x0000000100000000)
  eden space 12288K, 100% used [0x00000000d5580000,0x00000000d6180000,0x00000000d6180000)
  from space 1024K, 84% used [0x00000000d6300000,0x00000000d63d7b10,0x00000000d6400000)
  to   space 1024K, 0% used [0x00000000d6180000,0x00000000d6180000,0x00000000d6280000)
 ParOldGen       total 199168K, used 199108K [0x0000000080000000, 0x000000008c280000, 0x00000000d5580000)
  object space 199168K, 99% used [0x0000000080000000,0x000000008c271268,0x000000008c280000)
 Metaspace       used 28640K, committed 29824K, reserved 1114112K
  class space    used 2569K, committed 3008K, reserved 1048576K
}
Event: 147.658 GC heap after
{Heap after GC invocations=184 (full 1):
 PSYoungGen      total 13312K, used 841K [0x00000000d5580000, 0x00000000d6380000, 0x0000000100000000)
  eden space 12288K, 0% used [0x00000000d5580000,0x00000000d5580000,0x00000000d6180000)
  from space 1024K, 82% used [0x00000000d6180000,0x00000000d6252420,0x00000000d6280000)
  to   space 1024K, 0% used [0x00000000d6280000,0x00000000d6280000,0x00000000d6380000)
 ParOldGen       total 199680K, used 199625K [0x0000000080000000, 0x000000008c300000, 0x00000000d5580000)
  object space 199680K, 99% used [0x0000000080000000,0x000000008c2f2478,0x000000008c300000)
 Metaspace       used 28640K, committed 29824K, reserved 1114112K
  class space    used 2569K, committed 3008K, reserved 1048576K
}
Event: 198.096 GC heap before
{Heap before GC invocations=185 (full 1):
 PSYoungGen      total 13312K, used 13127K [0x00000000d5580000, 0x00000000d6380000, 0x0000000100000000)
  eden space 12288K, 99% used [0x00000000d5580000,0x00000000d617faa8,0x00000000d6180000)
  from space 1024K, 82% used [0x00000000d6180000,0x00000000d6252420,0x00000000d6280000)
  to   space 1024K, 0% used [0x00000000d6280000,0x00000000d6280000,0x00000000d6380000)
 ParOldGen       total 199680K, used 199625K [0x0000000080000000, 0x000000008c300000, 0x00000000d5580000)
  object space 199680K, 99% used [0x0000000080000000,0x000000008c2f2478,0x000000008c300000)
 Metaspace       used 28709K, committed 29888K, reserved 1114112K
  class space    used 2569K, committed 3008K, reserved 1048576K
}
Event: 198.098 GC heap after
{Heap after GC invocations=185 (full 1):
 PSYoungGen      total 13312K, used 346K [0x00000000d5580000, 0x00000000d6380000, 0x0000000100000000)
  eden space 12288K, 0% used [0x00000000d5580000,0x00000000d5580000,0x00000000d6180000)
  from space 1024K, 33% used [0x00000000d6280000,0x00000000d62d6900,0x00000000d6380000)
  to   space 1024K, 0% used [0x00000000d6180000,0x00000000d6180000,0x00000000d6280000)
 ParOldGen       total 200192K, used 200029K [0x0000000080000000, 0x000000008c380000, 0x00000000d5580000)
  object space 200192K, 99% used [0x0000000080000000,0x000000008c357688,0x000000008c380000)
 Metaspace       used 28709K, committed 29888K, reserved 1114112K
  class space    used 2569K, committed 3008K, reserved 1048576K
}
Event: 199.331 GC heap before
{Heap before GC invocations=186 (full 1):
 PSYoungGen      total 13312K, used 12634K [0x00000000d5580000, 0x00000000d6380000, 0x0000000100000000)
  eden space 12288K, 100% used [0x00000000d5580000,0x00000000d6180000,0x00000000d6180000)
  from space 1024K, 33% used [0x00000000d6280000,0x00000000d62d6900,0x00000000d6380000)
  to   space 1024K, 0% used [0x00000000d6180000,0x00000000d6180000,0x00000000d6280000)
 ParOldGen       total 200192K, used 200029K [0x0000000080000000, 0x000000008c380000, 0x00000000d5580000)
  object space 200192K, 99% used [0x0000000080000000,0x000000008c357688,0x000000008c380000)
 Metaspace       used 28764K, committed 29952K, reserved 1114112K
  class space    used 2569K, committed 3008K, reserved 1048576K
}
Event: 199.332 GC heap after
{Heap after GC invocations=186 (full 1):
 PSYoungGen      total 13312K, used 681K [0x00000000d5580000, 0x00000000d6380000, 0x0000000100000000)
  eden space 12288K, 0% used [0x00000000d5580000,0x00000000d5580000,0x00000000d6180000)
  from space 1024K, 66% used [0x00000000d6180000,0x00000000d622a400,0x00000000d6280000)
  to   space 1024K, 0% used [0x00000000d6280000,0x00000000d6280000,0x00000000d6380000)
 ParOldGen       total 200192K, used 200173K [0x0000000080000000, 0x000000008c380000, 0x00000000d5580000)
  object space 200192K, 99% used [0x0000000080000000,0x000000008c37b688,0x000000008c380000)
 Metaspace       used 28764K, committed 29952K, reserved 1114112K
  class space    used 2569K, committed 3008K, reserved 1048576K
}
Event: 201.498 GC heap before
{Heap before GC invocations=187 (full 1):
 PSYoungGen      total 13312K, used 12969K [0x00000000d5580000, 0x00000000d6380000, 0x0000000100000000)
  eden space 12288K, 100% used [0x00000000d5580000,0x00000000d6180000,0x00000000d6180000)
  from space 1024K, 66% used [0x00000000d6180000,0x00000000d622a400,0x00000000d6280000)
  to   space 1024K, 0% used [0x00000000d6280000,0x00000000d6280000,0x00000000d6380000)
 ParOldGen       total 200192K, used 200173K [0x0000000080000000, 0x000000008c380000, 0x00000000d5580000)
  object space 200192K, 99% used [0x0000000080000000,0x000000008c37b688,0x000000008c380000)
 Metaspace       used 28839K, committed 30016K, reserved 1114112K
  class space    used 2574K, committed 3008K, reserved 1048576K
}
Event: 201.500 GC heap after
{Heap after GC invocations=187 (full 1):
 PSYoungGen      total 13312K, used 734K [0x00000000d5580000, 0x00000000d6380000, 0x0000000100000000)
  eden space 12288K, 0% used [0x00000000d5580000,0x00000000d5580000,0x00000000d6180000)
  from space 1024K, 71% used [0x00000000d6280000,0x00000000d6337b10,0x00000000d6380000)
  to   space 1024K, 0% used [0x00000000d6180000,0x00000000d6180000,0x00000000d6280000)
 ParOldGen       total 200704K, used 200690K [0x0000000080000000, 0x000000008c400000, 0x00000000d5580000)
  object space 200704K, 99% used [0x0000000080000000,0x000000008c3fc898,0x000000008c400000)
 Metaspace       used 28839K, committed 30016K, reserved 1114112K
  class space    used 2574K, committed 3008K, reserved 1048576K
}
Event: 261.915 GC heap before
{Heap before GC invocations=188 (full 1):
 PSYoungGen      total 13312K, used 13022K [0x00000000d5580000, 0x00000000d6380000, 0x0000000100000000)
  eden space 12288K, 100% used [0x00000000d5580000,0x00000000d6180000,0x00000000d6180000)
  from space 1024K, 71% used [0x00000000d6280000,0x00000000d6337b10,0x00000000d6380000)
  to   space 1024K, 0% used [0x00000000d6180000,0x00000000d6180000,0x00000000d6280000)
 ParOldGen       total 200704K, used 200690K [0x0000000080000000, 0x000000008c400000, 0x00000000d5580000)
  object space 200704K, 99% used [0x0000000080000000,0x000000008c3fc898,0x000000008c400000)
 Metaspace       used 28907K, committed 30080K, reserved 1114112K
  class space    used 2574K, committed 3008K, reserved 1048576K
}
Event: 261.917 GC heap after
{Heap after GC invocations=188 (full 1):
 PSYoungGen      total 13312K, used 698K [0x00000000d5580000, 0x00000000d6380000, 0x0000000100000000)
  eden space 12288K, 0% used [0x00000000d5580000,0x00000000d5580000,0x00000000d6180000)
  from space 1024K, 68% used [0x00000000d6180000,0x00000000d622e920,0x00000000d6280000)
  to   space 1024K, 0% used [0x00000000d6280000,0x00000000d6280000,0x00000000d6380000)
 ParOldGen       total 201216K, used 201190K [0x0000000080000000, 0x000000008c480000, 0x00000000d5580000)
  object space 201216K, 99% used [0x0000000080000000,0x000000008c479aa8,0x000000008c480000)
 Metaspace       used 28907K, committed 30080K, reserved 1114112K
  class space    used 2574K, committed 3008K, reserved 1048576K
}
Event: 265.175 GC heap before
{Heap before GC invocations=189 (full 1):
 PSYoungGen      total 13312K, used 12986K [0x00000000d5580000, 0x00000000d6380000, 0x0000000100000000)
  eden space 12288K, 100% used [0x00000000d5580000,0x00000000d6180000,0x00000000d6180000)
  from space 1024K, 68% used [0x00000000d6180000,0x00000000d622e920,0x00000000d6280000)
  to   space 1024K, 0% used [0x00000000d6280000,0x00000000d6280000,0x00000000d6380000)
 ParOldGen       total 201216K, used 201190K [0x0000000080000000, 0x000000008c480000, 0x00000000d5580000)
  object space 201216K, 99% used [0x0000000080000000,0x000000008c479aa8,0x000000008c480000)
 Metaspace       used 28992K, committed 30144K, reserved 1114112K
  class space    used 2575K, committed 3008K, reserved 1048576K
}
Event: 265.176 GC heap after
{Heap after GC invocations=189 (full 1):
 PSYoungGen      total 13312K, used 590K [0x00000000d5580000, 0x00000000d6380000, 0x0000000100000000)
  eden space 12288K, 0% used [0x00000000d5580000,0x00000000d5580000,0x00000000d6180000)
  from space 1024K, 57% used [0x00000000d6280000,0x00000000d6313b00,0x00000000d6380000)
  to   space 1024K, 0% used [0x00000000d6180000,0x00000000d6180000,0x00000000d6280000)
 ParOldGen       total 201728K, used 201699K [0x0000000080000000, 0x000000008c500000, 0x00000000d5580000)
  object space 201728K, 99% used [0x0000000080000000,0x000000008c4f8cb8,0x000000008c500000)
 Metaspace       used 28992K, committed 30144K, reserved 1114112K
  class space    used 2575K, committed 3008K, reserved 1048576K
}
Event: 265.463 GC heap before
{Heap before GC invocations=190 (full 1):
 PSYoungGen      total 13312K, used 12878K [0x00000000d5580000, 0x00000000d6380000, 0x0000000100000000)
  eden space 12288K, 100% used [0x00000000d5580000,0x00000000d6180000,0x00000000d6180000)
  from space 1024K, 57% used [0x00000000d6280000,0x00000000d6313b00,0x00000000d6380000)
  to   space 1024K, 0% used [0x00000000d6180000,0x00000000d6180000,0x00000000d6280000)
 ParOldGen       total 201728K, used 201699K [0x0000000080000000, 0x000000008c500000, 0x00000000d5580000)
  object space 201728K, 99% used [0x0000000080000000,0x000000008c4f8cb8,0x000000008c500000)
 Metaspace       used 29107K, committed 30272K, reserved 1114112K
  class space    used 2580K, committed 3008K, reserved 1048576K
}
Event: 265.465 GC heap after
{Heap after GC invocations=190 (full 1):
 PSYoungGen      total 13312K, used 288K [0x00000000d5580000, 0x00000000d6300000, 0x0000000100000000)
  eden space 12288K, 0% used [0x00000000d5580000,0x00000000d5580000,0x00000000d6180000)
  from space 1024K, 28% used [0x00000000d6180000,0x00000000d61c8000,0x00000000d6280000)
  to   space 512K, 0% used [0x00000000d6280000,0x00000000d6280000,0x00000000d6300000)
 ParOldGen       total 202240K, used 202039K [0x0000000080000000, 0x000000008c580000, 0x00000000d5580000)
  object space 202240K, 99% used [0x0000000080000000,0x000000008c54dec8,0x000000008c580000)
 Metaspace       used 29107K, committed 30272K, reserved 1114112K
  class space    used 2580K, committed 3008K, reserved 1048576K
}
Event: 518.292 GC heap before
{Heap before GC invocations=191 (full 1):
 PSYoungGen      total 13312K, used 12576K [0x00000000d5580000, 0x00000000d6300000, 0x0000000100000000)
  eden space 12288K, 100% used [0x00000000d5580000,0x00000000d6180000,0x00000000d6180000)
  from space 1024K, 28% used [0x00000000d6180000,0x00000000d61c8000,0x00000000d6280000)
  to   space 512K, 0% used [0x00000000d6280000,0x00000000d6280000,0x00000000d6300000)
 ParOldGen       total 202240K, used 202039K [0x0000000080000000, 0x000000008c580000, 0x00000000d5580000)
  object space 202240K, 99% used [0x0000000080000000,0x000000008c54dec8,0x000000008c580000)
 Metaspace       used 29224K, committed 30400K, reserved 1114112K
  class space    used 2580K, committed 3008K, reserved 1048576K
}
Event: 518.294 GC heap after
{Heap after GC invocations=191 (full 1):
 PSYoungGen      total 12800K, used 378K [0x00000000d5580000, 0x00000000d6300000, 0x0000000100000000)
  eden space 12288K, 0% used [0x00000000d5580000,0x00000000d5580000,0x00000000d6180000)
  from space 512K, 73% used [0x00000000d6280000,0x00000000d62de940,0x00000000d6300000)
  to   space 512K, 0% used [0x00000000d6200000,0x00000000d6200000,0x00000000d6280000)
 ParOldGen       total 202752K, used 202255K [0x0000000080000000, 0x000000008c600000, 0x00000000d5580000)
  object space 202752K, 99% used [0x0000000080000000,0x000000008c583ec8,0x000000008c600000)
 Metaspace       used 29224K, committed 30400K, reserved 1114112K
  class space    used 2580K, committed 3008K, reserved 1048576K
}
Event: 535.667 GC heap before
{Heap before GC invocations=192 (full 1):
 PSYoungGen      total 12800K, used 12666K [0x00000000d5580000, 0x00000000d6300000, 0x0000000100000000)
  eden space 12288K, 100% used [0x00000000d5580000,0x00000000d6180000,0x00000000d6180000)
  from space 512K, 73% used [0x00000000d6280000,0x00000000d62de940,0x00000000d6300000)
  to   space 512K, 0% used [0x00000000d6200000,0x00000000d6200000,0x00000000d6280000)
 ParOldGen       total 202752K, used 202255K [0x0000000080000000, 0x000000008c600000, 0x00000000d5580000)
  object space 202752K, 99% used [0x0000000080000000,0x000000008c583ec8,0x000000008c600000)
 Metaspace       used 29272K, committed 30464K, reserved 1114112K
  class space    used 2581K, committed 3008K, reserved 1048576K
}
Event: 535.672 GC heap after
{Heap after GC invocations=192 (full 1):
 PSYoungGen      total 12800K, used 505K [0x00000000d5580000, 0x00000000d7180000, 0x0000000100000000)
  eden space 12288K, 0% used [0x00000000d5580000,0x00000000d5580000,0x00000000d6180000)
  from space 512K, 98% used [0x00000000d6200000,0x00000000d627e498,0x00000000d6280000)
  to   space 8192K, 0% used [0x00000000d6980000,0x00000000d6980000,0x00000000d7180000)
 ParOldGen       total 208896K, used 208479K [0x0000000080000000, 0x000000008cc00000, 0x00000000d5580000)
  object space 208896K, 99% used [0x0000000080000000,0x000000008cb97ca0,0x000000008cc00000)
 Metaspace       used 29272K, committed 30464K, reserved 1114112K
  class space    used 2581K, committed 3008K, reserved 1048576K
}

