# JRE version: OpenJDK Runtime Environment Temurin-21.0.9+10 (21.0.9+10) (build 21.0.9+10-LTS)
# Java VM: OpenJDK 64-Bit Server VM Temurin-21.0.9+10 (21.0.9+10-LTS, mixed mode, sharing, tiered, compressed oops, compressed class ptrs, parallel gc, windows-amd64)
GC Precious Log:
 CardTable entry size: 512
 CPUs: 8 total, 8 available
 Memory: 15610M
 Large Page Support: Disabled
 NUMA Support: Disabled
 Compressed Oops: Enabled (32-bit)
 Alignments: Space 512K, Generation 512K, Heap 2M
 Heap Min Capacity: 100M
 Heap Initial Capacity: 100M
 Heap Max Capacity: 2G
 Pre-touch: Disabled
 Parallel Workers: 8
Heap:
 PSYoungGen      total 21504K, used 19653K [0x00000000d5580000, 0x00000000d6e00000, 0x0000000100000000)
  eden space 19968K, 90% used [0x00000000d5580000,0x00000000d6738480,0x00000000d6900000)
  from space 1536K, 98% used [0x00000000d6b80000,0x00000000d6cf9210,0x00000000d6d00000)
  to   space 2560K, 0% used [0x00000000d6900000,0x00000000d6900000,0x00000000d6b80000)
 ParOldGen       total 100864K, used 73075K [0x0000000080000000, 0x0000000086280000, 0x00000000d5580000)
  object space 100864K, 72% used [0x0000000080000000,0x000000008475cda8,0x0000000086280000)
 Metaspace       used 40488K, committed 41728K, reserved 1114112K
  class space    used 3747K, committed 4288K, reserved 1048576K
GC Heap History (20 events):
Event: 21.500 GC heap before
{Heap before GC invocations=113 (full 1):
 PSYoungGen      total 22528K, used 22336K [0x00000000d5580000, 0x00000000d6d00000, 0x0000000100000000)
  eden space 22016K, 100% used [0x00000000d5580000,0x00000000d6b00000,0x00000000d6b00000)
  from space 512K, 62% used [0x00000000d6c00000,0x00000000d6c50000,0x00000000d6c80000)
  to   space 512K, 0% used [0x00000000d6c80000,0x00000000d6c80000,0x00000000d6d00000)
 ParOldGen       total 98304K, used 98081K [0x0000000080000000, 0x0000000086000000, 0x00000000d5580000)
  object space 98304K, 99% used [0x0000000080000000,0x0000000085fc84c0,0x0000000086000000)
 Metaspace       used 34475K, committed 35712K, reserved 1114112K
  class space    used 3155K, committed 3712K, reserved 1048576K
}
Event: 21.502 GC heap after
{Heap after GC invocations=113 (full 1):
 PSYoungGen      total 22528K, used 416K [0x00000000d5580000, 0x00000000d6d00000, 0x0000000100000000)
  eden space 22016K, 0% used [0x00000000d5580000,0x00000000d5580000,0x00000000d6b00000)
  from space 512K, 81% used [0x00000000d6c80000,0x00000000d6ce8000,0x00000000d6d00000)
  to   space 512K, 0% used [0x00000000d6c00000,0x00000000d6c00000,0x00000000d6c80000)
 ParOldGen       total 98304K, used 98281K [0x0000000080000000, 0x0000000086000000, 0x00000000d5580000)
  object space 98304K, 99% used [0x0000000080000000,0x0000000085ffa4c0,0x0000000086000000)
 Metaspace       used 34475K, committed 35712K, reserved 1114112K
  class space    used 3155K, committed 3712K, reserved 1048576K
}
Event: 21.531 GC heap before
{Heap before GC invocations=114 (full 1):
 PSYoungGen      total 22528K, used 22432K [0x00000000d5580000, 0x00000000d6d00000, 0x0000000100000000)
  eden space 22016K, 100% used [0x00000000d5580000,0x00000000d6b00000,0x00000000d6b00000)
  from space 512K, 81% used [0x00000000d6c80000,0x00000000d6ce8000,0x00000000d6d00000)
  to   space 512K, 0% used [0x00000000d6c00000,0x00000000d6c00000,0x00000000d6c80000)
 ParOldGen       total 98304K, used 98281K [0x0000000080000000, 0x0000000086000000, 0x00000000d5580000)
  object space 98304K, 99% used [0x0000000080000000,0x0000000085ffa4c0,0x0000000086000000)
 Metaspace       used 34504K, committed 35712K, reserved 1114112K
  class space    used 3156K, committed 3712K, reserved 1048576K
}
Event: 21.535 GC heap after
{Heap after GC invocations=114 (full 1):
 PSYoungGen      total 22528K, used 388K [0x00000000d5580000, 0x00000000d6d00000, 0x0000000100000000)
  eden space 22016K, 0% used [0x00000000d5580000,0x00000000d5580000,0x00000000d6b00000)
  from space 512K, 75% used [0x00000000d6c00000,0x00000000d6c61210,0x00000000d6c80000)
  to   space 512K, 0% used [0x00000000d6c80000,0x00000000d6c80000,0x00000000d6d00000)
 ParOldGen       total 98816K, used 98465K [0x0000000080000000, 0x0000000086080000, 0x00000000d5580000)
  object space 98816K, 99% used [0x0000000080000000,0x00000000860284c0,0x0000000086080000)
 Metaspace       used 34504K, committed 35712K, reserved 1114112K
  class space    used 3156K, committed 3712K, reserved 1048576K
}
Event: 21.679 GC heap before
{Heap before GC invocations=115 (full 1):
 PSYoungGen      total 22528K, used 15662K [0x00000000d5580000, 0x00000000d6d00000, 0x0000000100000000)
  eden space 22016K, 69% used [0x00000000d5580000,0x00000000d646a8f8,0x00000000d6b00000)
  from space 512K, 75% used [0x00000000d6c00000,0x00000000d6c61210,0x00000000d6c80000)
  to   space 512K, 0% used [0x00000000d6c80000,0x00000000d6c80000,0x00000000d6d00000)
 ParOldGen       total 98816K, used 98465K [0x0000000080000000, 0x0000000086080000, 0x00000000d5580000)
  object space 98816K, 99% used [0x0000000080000000,0x00000000860284c0,0x0000000086080000)
 Metaspace       used 34687K, committed 35840K, reserved 1114112K
  class space    used 3180K, committed 3712K, reserved 1048576K
}
Event: 21.684 GC heap after
{Heap after GC invocations=115 (full 1):
 PSYoungGen      total 20480K, used 497K [0x00000000d5580000, 0x00000000d7200000, 0x0000000100000000)
  eden space 19968K, 0% used [0x00000000d5580000,0x00000000d5580000,0x00000000d6900000)
  from space 512K, 97% used [0x00000000d6c80000,0x00000000d6cfc7d8,0x00000000d6d00000)
  to   space 3584K, 0% used [0x00000000d6900000,0x00000000d6900000,0x00000000d6c80000)
 ParOldGen       total 100864K, used 100815K [0x0000000080000000, 0x0000000086280000, 0x00000000d5580000)
  object space 100864K, 99% used [0x0000000080000000,0x0000000086273f78,0x0000000086280000)
 Metaspace       used 34687K, committed 35840K, reserved 1114112K
  class space    used 3180K, committed 3712K, reserved 1048576K
}
Event: 21.684 GC heap before
{Heap before GC invocations=116 (full 2):
 PSYoungGen      total 20480K, used 497K [0x00000000d5580000, 0x00000000d7200000, 0x0000000100000000)
  eden space 19968K, 0% used [0x00000000d5580000,0x00000000d5580000,0x00000000d6900000)
  from space 512K, 97% used [0x00000000d6c80000,0x00000000d6cfc7d8,0x00000000d6d00000)
  to   space 3584K, 0% used [0x00000000d6900000,0x00000000d6900000,0x00000000d6c80000)
 ParOldGen       total 100864K, used 100815K [0x0000000080000000, 0x0000000086280000, 0x00000000d5580000)
  object space 100864K, 99% used [0x0000000080000000,0x0000000086273f78,0x0000000086280000)
 Metaspace       used 34687K, committed 35840K, reserved 1114112K
  class space    used 3180K, committed 3712K, reserved 1048576K
}
Event: 21.827 GC heap after
{Heap after GC invocations=116 (full 2):
 PSYoungGen      total 20480K, used 0K [0x00000000d5580000, 0x00000000d7200000, 0x0000000100000000)
  eden space 19968K, 0% used [0x00000000d5580000,0x00000000d5580000,0x00000000d6900000)
  from space 512K, 0% used [0x00000000d6c80000,0x00000000d6c80000,0x00000000d6d00000)
  to   space 3584K, 0% used [0x00000000d6900000,0x00000000d6900000,0x00000000d6c80000)
 ParOldGen       total 100864K, used 67336K [0x0000000080000000, 0x0000000086280000, 0x00000000d5580000)
  object space 100864K, 66% used [0x0000000080000000,0x00000000841c2208,0x0000000086280000)
 Metaspace       used 34684K, committed 35840K, reserved 1114112K
  class space    used 3179K, committed 3712K, reserved 1048576K
}
Event: 22.830 GC heap before
{Heap before GC invocations=117 (full 2):
 PSYoungGen      total 20480K, used 19968K [0x00000000d5580000, 0x00000000d7200000, 0x0000000100000000)
  eden space 19968K, 100% used [0x00000000d5580000,0x00000000d6900000,0x00000000d6900000)
  from space 512K, 0% used [0x00000000d6c80000,0x00000000d6c80000,0x00000000d6d00000)
  to   space 3584K, 0% used [0x00000000d6900000,0x00000000d6900000,0x00000000d6c80000)
 ParOldGen       total 100864K, used 67336K [0x0000000080000000, 0x0000000086280000, 0x00000000d5580000)
  object space 100864K, 66% used [0x0000000080000000,0x00000000841c2208,0x0000000086280000)
 Metaspace       used 35245K, committed 36480K, reserved 1114112K
  class space    used 3208K, committed 3776K, reserved 1048576K
}
Event: 22.834 GC heap after
{Heap after GC invocations=117 (full 2):
 PSYoungGen      total 23552K, used 2996K [0x00000000d5580000, 0x00000000d7000000, 0x0000000100000000)
  eden space 19968K, 0% used [0x00000000d5580000,0x00000000d5580000,0x00000000d6900000)
  from space 3584K, 83% used [0x00000000d6900000,0x00000000d6bed220,0x00000000d6c80000)
  to   space 3584K, 0% used [0x00000000d6c80000,0x00000000d6c80000,0x00000000d7000000)
 ParOldGen       total 100864K, used 67344K [0x0000000080000000, 0x0000000086280000, 0x00000000d5580000)
  object space 100864K, 66% used [0x0000000080000000,0x00000000841c4208,0x0000000086280000)
 Metaspace       used 35245K, committed 36480K, reserved 1114112K
  class space    used 3208K, committed 3776K, reserved 1048576K
}
Event: 23.356 GC heap before
{Heap before GC invocations=118 (full 2):
 PSYoungGen      total 23552K, used 22773K [0x00000000d5580000, 0x00000000d7000000, 0x0000000100000000)
  eden space 19968K, 99% used [0x00000000d5580000,0x00000000d68d0530,0x00000000d6900000)
  from space 3584K, 83% used [0x00000000d6900000,0x00000000d6bed220,0x00000000d6c80000)
  to   space 3584K, 0% used [0x00000000d6c80000,0x00000000d6c80000,0x00000000d7000000)
 ParOldGen       total 100864K, used 67344K [0x0000000080000000, 0x0000000086280000, 0x00000000d5580000)
  object space 100864K, 66% used [0x0000000080000000,0x00000000841c4208,0x0000000086280000)
 Metaspace       used 36477K, committed 37696K, reserved 1114112K
  class space    used 3321K, committed 3840K, reserved 1048576K
}
Event: 23.362 GC heap after
{Heap after GC invocations=118 (full 2):
 PSYoungGen      total 21504K, used 1343K [0x00000000d5580000, 0x00000000d6e00000, 0x0000000100000000)
  eden space 19968K, 0% used [0x00000000d5580000,0x00000000d5580000,0x00000000d6900000)
  from space 1536K, 87% used [0x00000000d6c80000,0x00000000d6dcfe50,0x00000000d6e00000)
  to   space 2048K, 0% used [0x00000000d6a00000,0x00000000d6a00000,0x00000000d6c00000)
 ParOldGen       total 100864K, used 69645K [0x0000000080000000, 0x0000000086280000, 0x00000000d5580000)
  object space 100864K, 69% used [0x0000000080000000,0x00000000844037d8,0x0000000086280000)
 Metaspace       used 36477K, committed 37696K, reserved 1114112K
  class space    used 3321K, committed 3840K, reserved 1048576K
}
Event: 23.855 GC heap before
{Heap before GC invocations=119 (full 2):
 PSYoungGen      total 21504K, used 21311K [0x00000000d5580000, 0x00000000d6e00000, 0x0000000100000000)
  eden space 19968K, 100% used [0x00000000d5580000,0x00000000d6900000,0x00000000d6900000)
  from space 1536K, 87% used [0x00000000d6c80000,0x00000000d6dcfe50,0x00000000d6e00000)
  to   space 2048K, 0% used [0x00000000d6a00000,0x00000000d6a00000,0x00000000d6c00000)
 ParOldGen       total 100864K, used 69645K [0x0000000080000000, 0x0000000086280000, 0x00000000d5580000)
  object space 100864K, 69% used [0x0000000080000000,0x00000000844037d8,0x0000000086280000)
 Metaspace       used 37348K, committed 38592K, reserved 1114112K
  class space    used 3415K, committed 3968K, reserved 1048576K
}
Event: 23.864 GC heap after
{Heap after GC invocations=119 (full 2):
 PSYoungGen      total 21504K, used 1285K [0x00000000d5580000, 0x00000000d6d00000, 0x0000000100000000)
  eden space 19968K, 0% used [0x00000000d5580000,0x00000000d5580000,0x00000000d6900000)
  from space 1536K, 83% used [0x00000000d6a00000,0x00000000d6b41588,0x00000000d6b80000)
  to   space 1536K, 0% used [0x00000000d6b80000,0x00000000d6b80000,0x00000000d6d00000)
 ParOldGen       total 100864K, used 70826K [0x0000000080000000, 0x0000000086280000, 0x00000000d5580000)
  object space 100864K, 70% used [0x0000000080000000,0x000000008452aa30,0x0000000086280000)
 Metaspace       used 37348K, committed 38592K, reserved 1114112K
  class space    used 3415K, committed 3968K, reserved 1048576K
}
Event: 24.297 GC heap before
{Heap before GC invocations=120 (full 2):
 PSYoungGen      total 21504K, used 21239K [0x00000000d5580000, 0x00000000d6d00000, 0x0000000100000000)
  eden space 19968K, 99% used [0x00000000d5580000,0x00000000d68fca28,0x00000000d6900000)
  from space 1536K, 83% used [0x00000000d6a00000,0x00000000d6b41588,0x00000000d6b80000)
  to   space 1536K, 0% used [0x00000000d6b80000,0x00000000d6b80000,0x00000000d6d00000)
 ParOldGen       total 100864K, used 70826K [0x0000000080000000, 0x0000000086280000, 0x00000000d5580000)
  object space 100864K, 70% used [0x0000000080000000,0x000000008452aa30,0x0000000086280000)
 Metaspace       used 38753K, committed 40000K, reserved 1114112K
  class space    used 3541K, committed 4096K, reserved 1048576K
}
Event: 24.306 GC heap after
{Heap after GC invocations=120 (full 2):
 PSYoungGen      total 20992K, used 544K [0x00000000d5580000, 0x00000000d6c80000, 0x0000000100000000)
  eden space 19968K, 0% used [0x00000000d5580000,0x00000000d5580000,0x00000000d6900000)
  from space 1024K, 53% used [0x00000000d6b80000,0x00000000d6c08000,0x00000000d6c80000)
  to   space 1024K, 0% used [0x00000000d6a80000,0x00000000d6a80000,0x00000000d6b80000)
 ParOldGen       total 100864K, used 71817K [0x0000000080000000, 0x0000000086280000, 0x00000000d5580000)
  object space 100864K, 71% used [0x0000000080000000,0x00000000846226c0,0x0000000086280000)
 Metaspace       used 38753K, committed 40000K, reserved 1114112K
  class space    used 3541K, committed 4096K, reserved 1048576K
}
Event: 110.486 GC heap before
{Heap before GC invocations=121 (full 2):
 PSYoungGen      total 20992K, used 20511K [0x00000000d5580000, 0x00000000d6c80000, 0x0000000100000000)
  eden space 19968K, 99% used [0x00000000d5580000,0x00000000d68ffff8,0x00000000d6900000)
  from space 1024K, 53% used [0x00000000d6b80000,0x00000000d6c08000,0x00000000d6c80000)
  to   space 1024K, 0% used [0x00000000d6a80000,0x00000000d6a80000,0x00000000d6b80000)
 ParOldGen       total 100864K, used 71817K [0x0000000080000000, 0x0000000086280000, 0x00000000d5580000)
  object space 100864K, 71% used [0x0000000080000000,0x00000000846226c0,0x0000000086280000)
 Metaspace       used 39808K, committed 40960K, reserved 1114112K
  class space    used 3643K, committed 4160K, reserved 1048576K
}
Event: 110.488 GC heap after
{Heap after GC invocations=121 (full 2):
 PSYoungGen      total 20992K, used 1012K [0x00000000d5580000, 0x00000000d6d00000, 0x0000000100000000)
  eden space 19968K, 0% used [0x00000000d5580000,0x00000000d5580000,0x00000000d6900000)
  from space 1024K, 98% used [0x00000000d6a80000,0x00000000d6b7d3b0,0x00000000d6b80000)
  to   space 1536K, 0% used [0x00000000d6b80000,0x00000000d6b80000,0x00000000d6d00000)
 ParOldGen       total 100864K, used 72526K [0x0000000080000000, 0x0000000086280000, 0x00000000d5580000)
  object space 100864K, 71% used [0x0000000080000000,0x00000000846d38c0,0x0000000086280000)
 Metaspace       used 39808K, committed 40960K, reserved 1114112K
  class space    used 3643K, committed 4160K, reserved 1048576K
}
Event: 154.125 GC heap before
{Heap before GC invocations=122 (full 2):
 PSYoungGen      total 20992K, used 20980K [0x00000000d5580000, 0x00000000d6d00000, 0x0000000100000000)
  eden space 19968K, 100% used [0x00000000d5580000,0x00000000d6900000,0x00000000d6900000)
  from space 1024K, 98% used [0x00000000d6a80000,0x00000000d6b7d3b0,0x00000000d6b80000)
  to   space 1536K, 0% used [0x00000000d6b80000,0x00000000d6b80000,0x00000000d6d00000)
 ParOldGen       total 100864K, used 72526K [0x0000000080000000, 0x0000000086280000, 0x00000000d5580000)
  object space 100864K, 71% used [0x0000000080000000,0x00000000846d38c0,0x0000000086280000)
 Metaspace       used 40010K, committed 41216K, reserved 1114112K
  class space    used 3672K, committed 4224K, reserved 1048576K
}
Event: 154.128 GC heap after
{Heap after GC invocations=122 (full 2):
 PSYoungGen      total 21504K, used 1508K [0x00000000d5580000, 0x00000000d6e00000, 0x0000000100000000)
  eden space 19968K, 0% used [0x00000000d5580000,0x00000000d5580000,0x00000000d6900000)
  from space 1536K, 98% used [0x00000000d6b80000,0x00000000d6cf9210,0x00000000d6d00000)
  to   space 2560K, 0% used [0x00000000d6900000,0x00000000d6900000,0x00000000d6b80000)
 ParOldGen       total 100864K, used 73075K [0x0000000080000000, 0x0000000086280000, 0x00000000d5580000)
  object space 100864K, 72% used [0x0000000080000000,0x000000008475cda8,0x0000000086280000)
 Metaspace       used 40010K, committed 41216K, reserved 1114112K
  class space    used 3672K, committed 4224K, reserved 1048576K
}

