# JRE version: OpenJDK Runtime Environment Temurin-21.0.9+10 (21.0.9+10) (build 21.0.9+10-LTS)
# Java VM: OpenJDK 64-Bit Server VM Temurin-21.0.9+10 (21.0.9+10-LTS, mixed mode, sharing, tiered, compressed oops, compressed class ptrs, parallel gc, windows-amd64)
GC Precious Log:
 CardTable entry size: 512
 CPUs: 8 total, 8 available
 Memory: 15610M
 Large Page Support: Disabled
 NUMA Support: Disabled
 Compressed Oops: Enabled (32-bit)
 Alignments: Space 512K, Generation 512K, Heap 2M
 Heap Min Capacity: 100M
 Heap Initial Capacity: 100M
 Heap Max Capacity: 2G
 Pre-touch: Disabled
 Parallel Workers: 8
Heap:
 PSYoungGen      total 21504K, used 17870K [0x00000000d5580000, 0x00000000d6c00000, 0x0000000100000000)
  eden space 19968K, 84% used [0x00000000d5580000,0x00000000d65eb868,0x00000000d6900000)
  from space 1536K, 68% used [0x00000000d6900000,0x00000000d6a08080,0x00000000d6a80000)
  to   space 1536K, 0% used [0x00000000d6a80000,0x00000000d6a80000,0x00000000d6c00000)
 ParOldGen       total 68608K, used 46436K [0x0000000080000000, 0x0000000084300000, 0x00000000d5580000)
  object space 68608K, 67% used [0x0000000080000000,0x0000000082d593f0,0x0000000084300000)
 Metaspace       used 22996K, committed 24000K, reserved 1114112K
  class space    used 2180K, committed 2624K, reserved 1048576K
GC Heap History (20 events):
Event: 15.701 GC heap before
{Heap before GC invocations=23 (full 0):
 PSYoungGen      total 20480K, used 20450K [0x00000000d5580000, 0x00000000d7100000, 0x0000000100000000)
  eden space 19968K, 100% used [0x00000000d5580000,0x00000000d6900000,0x00000000d6900000)
  from space 512K, 94% used [0x00000000d7080000,0x00000000d70f8800,0x00000000d7100000)
  to   space 4096K, 0% used [0x00000000d6900000,0x00000000d6900000,0x00000000d6d00000)
 ParOldGen       total 68608K, used 38075K [0x0000000080000000, 0x0000000084300000, 0x00000000d5580000)
  object space 68608K, 55% used [0x0000000080000000,0x000000008252ef30,0x0000000084300000)
 Metaspace       used 17682K, committed 18624K, reserved 1114112K
  class space    used 1625K, committed 2048K, reserved 1048576K
}
Event: 15.706 GC heap after
{Heap after GC invocations=23 (full 0):
 PSYoungGen      total 24064K, used 1920K [0x00000000d5580000, 0x00000000d7100000, 0x0000000100000000)
  eden space 19968K, 0% used [0x00000000d5580000,0x00000000d5580000,0x00000000d6900000)
  from space 4096K, 46% used [0x00000000d6900000,0x00000000d6ae0010,0x00000000d6d00000)
  to   space 2560K, 0% used [0x00000000d6e80000,0x00000000d6e80000,0x00000000d7100000)
 ParOldGen       total 68608K, used 38581K [0x0000000080000000, 0x0000000084300000, 0x00000000d5580000)
  object space 68608K, 56% used [0x0000000080000000,0x00000000825ad730,0x0000000084300000)
 Metaspace       used 17682K, committed 18624K, reserved 1114112K
  class space    used 1625K, committed 2048K, reserved 1048576K
}
Event: 15.774 GC heap before
{Heap before GC invocations=24 (full 0):
 PSYoungGen      total 24064K, used 21888K [0x00000000d5580000, 0x00000000d7100000, 0x0000000100000000)
  eden space 19968K, 100% used [0x00000000d5580000,0x00000000d6900000,0x00000000d6900000)
  from space 4096K, 46% used [0x00000000d6900000,0x00000000d6ae0010,0x00000000d6d00000)
  to   space 2560K, 0% used [0x00000000d6e80000,0x00000000d6e80000,0x00000000d7100000)
 ParOldGen       total 68608K, used 38581K [0x0000000080000000, 0x0000000084300000, 0x00000000d5580000)
  object space 68608K, 56% used [0x0000000080000000,0x00000000825ad730,0x0000000084300000)
 Metaspace       used 17696K, committed 18624K, reserved 1114112K
  class space    used 1625K, committed 2048K, reserved 1048576K
}
Event: 15.779 GC heap after
{Heap after GC invocations=24 (full 0):
 PSYoungGen      total 22528K, used 2116K [0x00000000d5580000, 0x00000000d7100000, 0x0000000100000000)
  eden space 19968K, 0% used [0x00000000d5580000,0x00000000d5580000,0x00000000d6900000)
  from space 2560K, 82% used [0x00000000d6e80000,0x00000000d7091000,0x00000000d7100000)
  to   space 2560K, 0% used [0x00000000d6c00000,0x00000000d6c00000,0x00000000d6e80000)
 ParOldGen       total 68608K, used 40437K [0x0000000080000000, 0x0000000084300000, 0x00000000d5580000)
  object space 68608K, 58% used [0x0000000080000000,0x000000008277d740,0x0000000084300000)
 Metaspace       used 17696K, committed 18624K, reserved 1114112K
  class space    used 1625K, committed 2048K, reserved 1048576K
}
Event: 15.835 GC heap before
{Heap before GC invocations=25 (full 0):
 PSYoungGen      total 22528K, used 22084K [0x00000000d5580000, 0x00000000d7100000, 0x0000000100000000)
  eden space 19968K, 100% used [0x00000000d5580000,0x00000000d6900000,0x00000000d6900000)
  from space 2560K, 82% used [0x00000000d6e80000,0x00000000d7091000,0x00000000d7100000)
  to   space 2560K, 0% used [0x00000000d6c00000,0x00000000d6c00000,0x00000000d6e80000)
 ParOldGen       total 68608K, used 40437K [0x0000000080000000, 0x0000000084300000, 0x00000000d5580000)
  object space 68608K, 58% used [0x0000000080000000,0x000000008277d740,0x0000000084300000)
 Metaspace       used 17705K, committed 18624K, reserved 1114112K
  class space    used 1625K, committed 2048K, reserved 1048576K
}
Event: 15.841 GC heap after
{Heap after GC invocations=25 (full 0):
 PSYoungGen      total 22016K, used 1760K [0x00000000d5580000, 0x00000000d6f00000, 0x0000000100000000)
  eden space 19968K, 0% used [0x00000000d5580000,0x00000000d5580000,0x00000000d6900000)
  from space 2048K, 85% used [0x00000000d6c00000,0x00000000d6db8000,0x00000000d6e00000)
  to   space 1024K, 0% used [0x00000000d6e00000,0x00000000d6e00000,0x00000000d6f00000)
 ParOldGen       total 68608K, used 42428K [0x0000000080000000, 0x0000000084300000, 0x00000000d5580000)
  object space 68608K, 61% used [0x0000000080000000,0x000000008296f1f0,0x0000000084300000)
 Metaspace       used 17705K, committed 18624K, reserved 1114112K
  class space    used 1625K, committed 2048K, reserved 1048576K
}
Event: 15.937 GC heap before
{Heap before GC invocations=26 (full 0):
 PSYoungGen      total 22016K, used 21728K [0x00000000d5580000, 0x00000000d6f00000, 0x0000000100000000)
  eden space 19968K, 100% used [0x00000000d5580000,0x00000000d6900000,0x00000000d6900000)
  from space 2048K, 85% used [0x00000000d6c00000,0x00000000d6db8000,0x00000000d6e00000)
  to   space 1024K, 0% used [0x00000000d6e00000,0x00000000d6e00000,0x00000000d6f00000)
 ParOldGen       total 68608K, used 42428K [0x0000000080000000, 0x0000000084300000, 0x00000000d5580000)
  object space 68608K, 61% used [0x0000000080000000,0x000000008296f1f0,0x0000000084300000)
 Metaspace       used 17749K, committed 18688K, reserved 1114112K
  class space    used 1628K, committed 2048K, reserved 1048576K
}
Event: 15.943 GC heap after
{Heap after GC invocations=26 (full 0):
 PSYoungGen      total 20992K, used 1024K [0x00000000d5580000, 0x00000000d7100000, 0x0000000100000000)
  eden space 19968K, 0% used [0x00000000d5580000,0x00000000d5580000,0x00000000d6900000)
  from space 1024K, 100% used [0x00000000d6e00000,0x00000000d6f00000,0x00000000d6f00000)
  to   space 4096K, 0% used [0x00000000d6900000,0x00000000d6900000,0x00000000d6d00000)
 ParOldGen       total 68608K, used 44916K [0x0000000080000000, 0x0000000084300000, 0x00000000d5580000)
  object space 68608K, 65% used [0x0000000080000000,0x0000000082bdd200,0x0000000084300000)
 Metaspace       used 17749K, committed 18688K, reserved 1114112K
  class space    used 1628K, committed 2048K, reserved 1048576K
}
Event: 16.015 GC heap before
{Heap before GC invocations=27 (full 0):
 PSYoungGen      total 20992K, used 20992K [0x00000000d5580000, 0x00000000d7100000, 0x0000000100000000)
  eden space 19968K, 100% used [0x00000000d5580000,0x00000000d6900000,0x00000000d6900000)
  from space 1024K, 100% used [0x00000000d6e00000,0x00000000d6f00000,0x00000000d6f00000)
  to   space 4096K, 0% used [0x00000000d6900000,0x00000000d6900000,0x00000000d6d00000)
 ParOldGen       total 68608K, used 44916K [0x0000000080000000, 0x0000000084300000, 0x00000000d5580000)
  object space 68608K, 65% used [0x0000000080000000,0x0000000082bdd200,0x0000000084300000)
 Metaspace       used 17760K, committed 18688K, reserved 1114112K
  class space    used 1628K, committed 2048K, reserved 1048576K
}
Event: 16.020 GC heap after
{Heap after GC invocations=27 (full 0):
 PSYoungGen      total 22016K, used 1784K [0x00000000d5580000, 0x00000000d6e80000, 0x0000000100000000)
  eden space 19968K, 0% used [0x00000000d5580000,0x00000000d5580000,0x00000000d6900000)
  from space 2048K, 87% used [0x00000000d6900000,0x00000000d6abe200,0x00000000d6b00000)
  to   space 2560K, 0% used [0x00000000d6c00000,0x00000000d6c00000,0x00000000d6e80000)
 ParOldGen       total 68608K, used 45972K [0x0000000080000000, 0x0000000084300000, 0x00000000d5580000)
  object space 68608K, 67% used [0x0000000080000000,0x0000000082ce5200,0x0000000084300000)
 Metaspace       used 17760K, committed 18688K, reserved 1114112K
  class space    used 1628K, committed 2048K, reserved 1048576K
}
Event: 16.457 GC heap before
{Heap before GC invocations=28 (full 0):
 PSYoungGen      total 22016K, used 21752K [0x00000000d5580000, 0x00000000d6e80000, 0x0000000100000000)
  eden space 19968K, 100% used [0x00000000d5580000,0x00000000d6900000,0x00000000d6900000)
  from space 2048K, 87% used [0x00000000d6900000,0x00000000d6abe200,0x00000000d6b00000)
  to   space 2560K, 0% used [0x00000000d6c00000,0x00000000d6c00000,0x00000000d6e80000)
 ParOldGen       total 68608K, used 45972K [0x0000000080000000, 0x0000000084300000, 0x00000000d5580000)
  object space 68608K, 67% used [0x0000000080000000,0x0000000082ce5200,0x0000000084300000)
 Metaspace       used 19916K, committed 20864K, reserved 1114112K
  class space    used 1884K, committed 2304K, reserved 1048576K
}
Event: 16.459 GC heap after
{Heap after GC invocations=28 (full 0):
 PSYoungGen      total 20992K, used 811K [0x00000000d5580000, 0x00000000d6d00000, 0x0000000100000000)
  eden space 19968K, 0% used [0x00000000d5580000,0x00000000d5580000,0x00000000d6900000)
  from space 1024K, 79% used [0x00000000d6c00000,0x00000000d6ccae58,0x00000000d6d00000)
  to   space 1536K, 0% used [0x00000000d6a00000,0x00000000d6a00000,0x00000000d6b80000)
 ParOldGen       total 68608K, used 47649K [0x0000000080000000, 0x0000000084300000, 0x00000000d5580000)
  object space 68608K, 69% used [0x0000000080000000,0x0000000082e88758,0x0000000084300000)
 Metaspace       used 19916K, committed 20864K, reserved 1114112K
  class space    used 1884K, committed 2304K, reserved 1048576K
}
Event: 16.814 GC heap before
{Heap before GC invocations=29 (full 0):
 PSYoungGen      total 20992K, used 14120K [0x00000000d5580000, 0x00000000d6d00000, 0x0000000100000000)
  eden space 19968K, 66% used [0x00000000d5580000,0x00000000d627f4b8,0x00000000d6900000)
  from space 1024K, 79% used [0x00000000d6c00000,0x00000000d6ccae58,0x00000000d6d00000)
  to   space 1536K, 0% used [0x00000000d6a00000,0x00000000d6a00000,0x00000000d6b80000)
 ParOldGen       total 68608K, used 47649K [0x0000000080000000, 0x0000000084300000, 0x00000000d5580000)
  object space 68608K, 69% used [0x0000000080000000,0x0000000082e88758,0x0000000084300000)
 Metaspace       used 20540K, committed 21504K, reserved 1114112K
  class space    used 1952K, committed 2368K, reserved 1048576K
}
Event: 16.815 GC heap after
{Heap after GC invocations=29 (full 0):
 PSYoungGen      total 21504K, used 384K [0x00000000d5580000, 0x00000000d6c80000, 0x0000000100000000)
  eden space 19968K, 0% used [0x00000000d5580000,0x00000000d5580000,0x00000000d6900000)
  from space 1536K, 25% used [0x00000000d6a00000,0x00000000d6a60010,0x00000000d6b80000)
  to   space 1024K, 0% used [0x00000000d6b80000,0x00000000d6b80000,0x00000000d6c80000)
 ParOldGen       total 68608K, used 48365K [0x0000000080000000, 0x0000000084300000, 0x00000000d5580000)
  object space 68608K, 70% used [0x0000000080000000,0x0000000082f3b6c8,0x0000000084300000)
 Metaspace       used 20540K, committed 21504K, reserved 1114112K
  class space    used 1952K, committed 2368K, reserved 1048576K
}
Event: 16.815 GC heap before
{Heap before GC invocations=30 (full 1):
 PSYoungGen      total 21504K, used 384K [0x00000000d5580000, 0x00000000d6c80000, 0x0000000100000000)
  eden space 19968K, 0% used [0x00000000d5580000,0x00000000d5580000,0x00000000d6900000)
  from space 1536K, 25% used [0x00000000d6a00000,0x00000000d6a60010,0x00000000d6b80000)
  to   space 1024K, 0% used [0x00000000d6b80000,0x00000000d6b80000,0x00000000d6c80000)
 ParOldGen       total 68608K, used 48365K [0x0000000080000000, 0x0000000084300000, 0x00000000d5580000)
  object space 68608K, 70% used [0x0000000080000000,0x0000000082f3b6c8,0x0000000084300000)
 Metaspace       used 20540K, committed 21504K, reserved 1114112K
  class space    used 1952K, committed 2368K, reserved 1048576K
}
Event: 16.916 GC heap after
{Heap after GC invocations=30 (full 1):
 PSYoungGen      total 21504K, used 0K [0x00000000d5580000, 0x00000000d6c80000, 0x0000000100000000)
  eden space 19968K, 0% used [0x00000000d5580000,0x00000000d5580000,0x00000000d6900000)
  from space 1536K, 0% used [0x00000000d6a00000,0x00000000d6a00000,0x00000000d6b80000)
  to   space 1024K, 0% used [0x00000000d6b80000,0x00000000d6b80000,0x00000000d6c80000)
 ParOldGen       total 68608K, used 44392K [0x0000000080000000, 0x0000000084300000, 0x00000000d5580000)
  object space 68608K, 64% used [0x0000000080000000,0x0000000082b5a378,0x0000000084300000)
 Metaspace       used 20532K, committed 21504K, reserved 1114112K
  class space    used 1950K, committed 2368K, reserved 1048576K
}
Event: 17.215 GC heap before
{Heap before GC invocations=31 (full 1):
 PSYoungGen      total 21504K, used 19968K [0x00000000d5580000, 0x00000000d6c80000, 0x0000000100000000)
  eden space 19968K, 100% used [0x00000000d5580000,0x00000000d6900000,0x00000000d6900000)
  from space 1536K, 0% used [0x00000000d6a00000,0x00000000d6a00000,0x00000000d6b80000)
  to   space 1024K, 0% used [0x00000000d6b80000,0x00000000d6b80000,0x00000000d6c80000)
 ParOldGen       total 68608K, used 44392K [0x0000000080000000, 0x0000000084300000, 0x00000000d5580000)
  object space 68608K, 64% used [0x0000000080000000,0x0000000082b5a378,0x0000000084300000)
 Metaspace       used 21739K, committed 22720K, reserved 1114112K
  class space    used 2075K, committed 2496K, reserved 1048576K
}
Event: 17.216 GC heap after
{Heap after GC invocations=31 (full 1):
 PSYoungGen      total 20992K, used 1022K [0x00000000d5580000, 0x00000000d6e00000, 0x0000000100000000)
  eden space 19968K, 0% used [0x00000000d5580000,0x00000000d5580000,0x00000000d6900000)
  from space 1024K, 99% used [0x00000000d6b80000,0x00000000d6c7f938,0x00000000d6c80000)
  to   space 2560K, 0% used [0x00000000d6900000,0x00000000d6900000,0x00000000d6b80000)
 ParOldGen       total 68608K, used 45419K [0x0000000080000000, 0x0000000084300000, 0x00000000d5580000)
  object space 68608K, 66% used [0x0000000080000000,0x0000000082c5ae78,0x0000000084300000)
 Metaspace       used 21739K, committed 22720K, reserved 1114112K
  class space    used 2075K, committed 2496K, reserved 1048576K
}
Event: 17.288 GC heap before
{Heap before GC invocations=32 (full 1):
 PSYoungGen      total 20992K, used 20990K [0x00000000d5580000, 0x00000000d6e00000, 0x0000000100000000)
  eden space 19968K, 100% used [0x00000000d5580000,0x00000000d6900000,0x00000000d6900000)
  from space 1024K, 99% used [0x00000000d6b80000,0x00000000d6c7f938,0x00000000d6c80000)
  to   space 2560K, 0% used [0x00000000d6900000,0x00000000d6900000,0x00000000d6b80000)
 ParOldGen       total 68608K, used 45419K [0x0000000080000000, 0x0000000084300000, 0x00000000d5580000)
  object space 68608K, 66% used [0x0000000080000000,0x0000000082c5ae78,0x0000000084300000)
 Metaspace       used 21763K, committed 22720K, reserved 1114112K
  class space    used 2075K, committed 2496K, reserved 1048576K
}
Event: 17.290 GC heap after
{Heap after GC invocations=32 (full 1):
 PSYoungGen      total 21504K, used 1056K [0x00000000d5580000, 0x00000000d6c00000, 0x0000000100000000)
  eden space 19968K, 0% used [0x00000000d5580000,0x00000000d5580000,0x00000000d6900000)
  from space 1536K, 68% used [0x00000000d6900000,0x00000000d6a08080,0x00000000d6a80000)
  to   space 1536K, 0% used [0x00000000d6a80000,0x00000000d6a80000,0x00000000d6c00000)
 ParOldGen       total 68608K, used 46436K [0x0000000080000000, 0x0000000084300000, 0x00000000d5580000)
  object space 68608K, 67% used [0x0000000080000000,0x0000000082d593f0,0x0000000084300000)
 Metaspace       used 21763K, committed 22720K, reserved 1114112K
  class space    used 2075K, committed 2496K, reserved 1048576K
}

