# JRE version: OpenJDK Runtime Environment Temurin-21.0.9+10 (21.0.9+10) (build 21.0.9+10-LTS)
# Java VM: OpenJDK 64-Bit Server VM Temurin-21.0.9+10 (21.0.9+10-LTS, mixed mode, sharing, tiered, compressed oops, compressed class ptrs, parallel gc, windows-amd64)
GC Precious Log:
 CardTable entry size: 512
 CPUs: 8 total, 8 available
 Memory: 15610M
 Large Page Support: Disabled
 NUMA Support: Disabled
 Compressed Oops: Enabled (32-bit)
 Alignments: Space 512K, Generation 512K, Heap 2M
 Heap Min Capacity: 100M
 Heap Initial Capacity: 100M
 Heap Max Capacity: 2G
 Pre-touch: Disabled
 Parallel Workers: 8
Heap:
 PSYoungGen      total 20992K, used 14184K [0x00000000d5580000, 0x00000000d6e80000, 0x0000000100000000)
  eden space 20480K, 66% used [0x00000000d5580000,0x00000000d62da100,0x00000000d6980000)
  from space 512K, 100% used [0x00000000d6e00000,0x00000000d6e80000,0x00000000d6e80000)
  to   space 2048K, 0% used [0x00000000d6a80000,0x00000000d6a80000,0x00000000d6c80000)
 ParOldGen       total 68608K, used 49823K [0x0000000080000000, 0x0000000084300000, 0x00000000d5580000)
  object space 68608K, 72% used [0x0000000080000000,0x00000000830a7d68,0x0000000084300000)
 Metaspace       used 16604K, committed 17408K, reserved 1114112K
  class space    used 1533K, committed 1856K, reserved 1048576K
GC Heap History (20 events):
Event: 5.126 GC heap before
{Heap before GC invocations=17 (full 0):
 PSYoungGen      total 24064K, used 23904K [0x00000000d5580000, 0x00000000d7800000, 0x0000000100000000)
  eden space 20480K, 100% used [0x00000000d5580000,0x00000000d6980000,0x00000000d6980000)
  from space 3584K, 95% used [0x00000000d7480000,0x00000000d77d8010,0x00000000d7800000)
  to   space 6144K, 0% used [0x00000000d6c00000,0x00000000d6c00000,0x00000000d7200000)
 ParOldGen       total 68608K, used 33135K [0x0000000080000000, 0x0000000084300000, 0x00000000d5580000)
  object space 68608K, 48% used [0x0000000080000000,0x000000008205bff8,0x0000000084300000)
 Metaspace       used 13884K, committed 14592K, reserved 1114112K
  class space    used 1264K, committed 1536K, reserved 1048576K
}
Event: 5.131 GC heap after
{Heap after GC invocations=17 (full 0):
 PSYoungGen      total 26624K, used 1986K [0x00000000d5580000, 0x00000000d7500000, 0x0000000100000000)
  eden space 20480K, 0% used [0x00000000d5580000,0x00000000d5580000,0x00000000d6980000)
  from space 6144K, 32% used [0x00000000d6c00000,0x00000000d6df0810,0x00000000d7200000)
  to   space 3072K, 0% used [0x00000000d7200000,0x00000000d7200000,0x00000000d7500000)
 ParOldGen       total 68608K, used 36494K [0x0000000080000000, 0x0000000084300000, 0x00000000d5580000)
  object space 68608K, 53% used [0x0000000080000000,0x00000000823a3b38,0x0000000084300000)
 Metaspace       used 13884K, committed 14592K, reserved 1114112K
  class space    used 1264K, committed 1536K, reserved 1048576K
}
Event: 5.174 GC heap before
{Heap before GC invocations=18 (full 0):
 PSYoungGen      total 26624K, used 22466K [0x00000000d5580000, 0x00000000d7500000, 0x0000000100000000)
  eden space 20480K, 100% used [0x00000000d5580000,0x00000000d6980000,0x00000000d6980000)
  from space 6144K, 32% used [0x00000000d6c00000,0x00000000d6df0810,0x00000000d7200000)
  to   space 3072K, 0% used [0x00000000d7200000,0x00000000d7200000,0x00000000d7500000)
 ParOldGen       total 68608K, used 36494K [0x0000000080000000, 0x0000000084300000, 0x00000000d5580000)
  object space 68608K, 53% used [0x0000000080000000,0x00000000823a3b38,0x0000000084300000)
 Metaspace       used 13954K, committed 14720K, reserved 1114112K
  class space    used 1264K, committed 1536K, reserved 1048576K
}
Event: 5.177 GC heap after
{Heap after GC invocations=18 (full 0):
 PSYoungGen      total 22528K, used 1904K [0x00000000d5580000, 0x00000000d7400000, 0x0000000100000000)
  eden space 20480K, 0% used [0x00000000d5580000,0x00000000d5580000,0x00000000d6980000)
  from space 2048K, 92% used [0x00000000d7200000,0x00000000d73dc020,0x00000000d7400000)
  to   space 2560K, 0% used [0x00000000d6f00000,0x00000000d6f00000,0x00000000d7180000)
 ParOldGen       total 68608K, used 38381K [0x0000000080000000, 0x0000000084300000, 0x00000000d5580000)
  object space 68608K, 55% used [0x0000000080000000,0x000000008257b470,0x0000000084300000)
 Metaspace       used 13954K, committed 14720K, reserved 1114112K
  class space    used 1264K, committed 1536K, reserved 1048576K
}
Event: 5.227 GC heap before
{Heap before GC invocations=19 (full 0):
 PSYoungGen      total 22528K, used 22384K [0x00000000d5580000, 0x00000000d7400000, 0x0000000100000000)
  eden space 20480K, 100% used [0x00000000d5580000,0x00000000d6980000,0x00000000d6980000)
  from space 2048K, 92% used [0x00000000d7200000,0x00000000d73dc020,0x00000000d7400000)
  to   space 2560K, 0% used [0x00000000d6f00000,0x00000000d6f00000,0x00000000d7180000)
 ParOldGen       total 68608K, used 38381K [0x0000000080000000, 0x0000000084300000, 0x00000000d5580000)
  object space 68608K, 55% used [0x0000000080000000,0x000000008257b470,0x0000000084300000)
 Metaspace       used 13978K, committed 14720K, reserved 1114112K
  class space    used 1264K, committed 1536K, reserved 1048576K
}
Event: 5.232 GC heap after
{Heap after GC invocations=19 (full 0):
 PSYoungGen      total 22528K, used 1677K [0x00000000d5580000, 0x00000000d7280000, 0x0000000100000000)
  eden space 20480K, 0% used [0x00000000d5580000,0x00000000d5580000,0x00000000d6980000)
  from space 2048K, 81% used [0x00000000d6f00000,0x00000000d70a3610,0x00000000d7100000)
  to   space 1536K, 0% used [0x00000000d7100000,0x00000000d7100000,0x00000000d7280000)
 ParOldGen       total 68608K, used 40077K [0x0000000080000000, 0x0000000084300000, 0x00000000d5580000)
  object space 68608K, 58% used [0x0000000080000000,0x0000000082723480,0x0000000084300000)
 Metaspace       used 13978K, committed 14720K, reserved 1114112K
  class space    used 1264K, committed 1536K, reserved 1048576K
}
Event: 5.288 GC heap before
{Heap before GC invocations=20 (full 0):
 PSYoungGen      total 22528K, used 22157K [0x00000000d5580000, 0x00000000d7280000, 0x0000000100000000)
  eden space 20480K, 100% used [0x00000000d5580000,0x00000000d6980000,0x00000000d6980000)
  from space 2048K, 81% used [0x00000000d6f00000,0x00000000d70a3610,0x00000000d7100000)
  to   space 1536K, 0% used [0x00000000d7100000,0x00000000d7100000,0x00000000d7280000)
 ParOldGen       total 68608K, used 40077K [0x0000000080000000, 0x0000000084300000, 0x00000000d5580000)
  object space 68608K, 58% used [0x0000000080000000,0x0000000082723480,0x0000000084300000)
 Metaspace       used 14095K, committed 14912K, reserved 1114112K
  class space    used 1269K, committed 1600K, reserved 1048576K
}
Event: 5.292 GC heap after
{Heap after GC invocations=20 (full 0):
 PSYoungGen      total 22016K, used 1508K [0x00000000d5580000, 0x00000000d7280000, 0x0000000100000000)
  eden space 20480K, 0% used [0x00000000d5580000,0x00000000d5580000,0x00000000d6980000)
  from space 1536K, 98% used [0x00000000d7100000,0x00000000d7279000,0x00000000d7280000)
  to   space 3584K, 0% used [0x00000000d6b80000,0x00000000d6b80000,0x00000000d6f00000)
 ParOldGen       total 68608K, used 41751K [0x0000000080000000, 0x0000000084300000, 0x00000000d5580000)
  object space 68608K, 60% used [0x0000000080000000,0x00000000828c5f30,0x0000000084300000)
 Metaspace       used 14095K, committed 14912K, reserved 1114112K
  class space    used 1269K, committed 1600K, reserved 1048576K
}
Event: 5.369 GC heap before
{Heap before GC invocations=21 (full 0):
 PSYoungGen      total 22016K, used 21988K [0x00000000d5580000, 0x00000000d7280000, 0x0000000100000000)
  eden space 20480K, 100% used [0x00000000d5580000,0x00000000d6980000,0x00000000d6980000)
  from space 1536K, 98% used [0x00000000d7100000,0x00000000d7279000,0x00000000d7280000)
  to   space 3584K, 0% used [0x00000000d6b80000,0x00000000d6b80000,0x00000000d6f00000)
 ParOldGen       total 68608K, used 41751K [0x0000000080000000, 0x0000000084300000, 0x00000000d5580000)
  object space 68608K, 60% used [0x0000000080000000,0x00000000828c5f30,0x0000000084300000)
 Metaspace       used 14193K, committed 14976K, reserved 1114112K
  class space    used 1272K, committed 1600K, reserved 1048576K
}
Event: 5.372 GC heap after
{Heap after GC invocations=21 (full 0):
 PSYoungGen      total 24064K, used 1856K [0x00000000d5580000, 0x00000000d7180000, 0x0000000100000000)
  eden space 20480K, 0% used [0x00000000d5580000,0x00000000d5580000,0x00000000d6980000)
  from space 3584K, 51% used [0x00000000d6b80000,0x00000000d6d50010,0x00000000d6f00000)
  to   space 2560K, 0% used [0x00000000d6f00000,0x00000000d6f00000,0x00000000d7180000)
 ParOldGen       total 68608K, used 43275K [0x0000000080000000, 0x0000000084300000, 0x00000000d5580000)
  object space 68608K, 63% used [0x0000000080000000,0x0000000082a42f30,0x0000000084300000)
 Metaspace       used 14193K, committed 14976K, reserved 1114112K
  class space    used 1272K, committed 1600K, reserved 1048576K
}
Event: 5.452 GC heap before
{Heap before GC invocations=22 (full 0):
 PSYoungGen      total 24064K, used 22336K [0x00000000d5580000, 0x00000000d7180000, 0x0000000100000000)
  eden space 20480K, 100% used [0x00000000d5580000,0x00000000d6980000,0x00000000d6980000)
  from space 3584K, 51% used [0x00000000d6b80000,0x00000000d6d50010,0x00000000d6f00000)
  to   space 2560K, 0% used [0x00000000d6f00000,0x00000000d6f00000,0x00000000d7180000)
 ParOldGen       total 68608K, used 43275K [0x0000000080000000, 0x0000000084300000, 0x00000000d5580000)
  object space 68608K, 63% used [0x0000000080000000,0x0000000082a42f30,0x0000000084300000)
 Metaspace       used 14236K, committed 15040K, reserved 1114112K
  class space    used 1273K, committed 1600K, reserved 1048576K
}
Event: 5.456 GC heap after
{Heap after GC invocations=22 (full 0):
 PSYoungGen      total 22016K, used 1440K [0x00000000d5580000, 0x00000000d7080000, 0x0000000100000000)
  eden space 20480K, 0% used [0x00000000d5580000,0x00000000d5580000,0x00000000d6980000)
  from space 1536K, 93% used [0x00000000d6f00000,0x00000000d7068000,0x00000000d7080000)
  to   space 2048K, 0% used [0x00000000d6c80000,0x00000000d6c80000,0x00000000d6e80000)
 ParOldGen       total 68608K, used 44971K [0x0000000080000000, 0x0000000084300000, 0x00000000d5580000)
  object space 68608K, 65% used [0x0000000080000000,0x0000000082beaf40,0x0000000084300000)
 Metaspace       used 14236K, committed 15040K, reserved 1114112K
  class space    used 1273K, committed 1600K, reserved 1048576K
}
Event: 5.515 GC heap before
{Heap before GC invocations=23 (full 0):
 PSYoungGen      total 22016K, used 21920K [0x00000000d5580000, 0x00000000d7080000, 0x0000000100000000)
  eden space 20480K, 100% used [0x00000000d5580000,0x00000000d6980000,0x00000000d6980000)
  from space 1536K, 93% used [0x00000000d6f00000,0x00000000d7068000,0x00000000d7080000)
  to   space 2048K, 0% used [0x00000000d6c80000,0x00000000d6c80000,0x00000000d6e80000)
 ParOldGen       total 68608K, used 44971K [0x0000000080000000, 0x0000000084300000, 0x00000000d5580000)
  object space 68608K, 65% used [0x0000000080000000,0x0000000082beaf40,0x0000000084300000)
 Metaspace       used 14280K, committed 15104K, reserved 1114112K
  class space    used 1273K, committed 1600K, reserved 1048576K
}
Event: 5.518 GC heap after
{Heap after GC invocations=23 (full 0):
 PSYoungGen      total 22016K, used 1496K [0x00000000d5580000, 0x00000000d6f80000, 0x0000000100000000)
  eden space 20480K, 0% used [0x00000000d5580000,0x00000000d5580000,0x00000000d6980000)
  from space 1536K, 97% used [0x00000000d6c80000,0x00000000d6df6200,0x00000000d6e00000)
  to   space 1536K, 0% used [0x00000000d6e00000,0x00000000d6e00000,0x00000000d6f80000)
 ParOldGen       total 68608K, used 46339K [0x0000000080000000, 0x0000000084300000, 0x00000000d5580000)
  object space 68608K, 67% used [0x0000000080000000,0x0000000082d40f40,0x0000000084300000)
 Metaspace       used 14280K, committed 15104K, reserved 1114112K
  class space    used 1273K, committed 1600K, reserved 1048576K
}
Event: 5.824 GC heap before
{Heap before GC invocations=24 (full 0):
 PSYoungGen      total 22016K, used 21968K [0x00000000d5580000, 0x00000000d6f80000, 0x0000000100000000)
  eden space 20480K, 99% used [0x00000000d5580000,0x00000000d697e168,0x00000000d6980000)
  from space 1536K, 97% used [0x00000000d6c80000,0x00000000d6df6200,0x00000000d6e00000)
  to   space 1536K, 0% used [0x00000000d6e00000,0x00000000d6e00000,0x00000000d6f80000)
 ParOldGen       total 68608K, used 46339K [0x0000000080000000, 0x0000000084300000, 0x00000000d5580000)
  object space 68608K, 67% used [0x0000000080000000,0x0000000082d40f40,0x0000000084300000)
 Metaspace       used 15324K, committed 16128K, reserved 1114112K
  class space    used 1388K, committed 1728K, reserved 1048576K
}
Event: 5.826 GC heap after
{Heap after GC invocations=24 (full 0):
 PSYoungGen      total 22016K, used 1088K [0x00000000d5580000, 0x00000000d6f80000, 0x0000000100000000)
  eden space 20480K, 0% used [0x00000000d5580000,0x00000000d5580000,0x00000000d6980000)
  from space 1536K, 70% used [0x00000000d6e00000,0x00000000d6f10000,0x00000000d6f80000)
  to   space 1536K, 0% used [0x00000000d6c80000,0x00000000d6c80000,0x00000000d6e00000)
 ParOldGen       total 68608K, used 47692K [0x0000000080000000, 0x0000000084300000, 0x00000000d5580000)
  object space 68608K, 69% used [0x0000000080000000,0x0000000082e93140,0x0000000084300000)
 Metaspace       used 15324K, committed 16128K, reserved 1114112K
  class space    used 1388K, committed 1728K, reserved 1048576K
}
Event: 6.050 GC heap before
{Heap before GC invocations=25 (full 0):
 PSYoungGen      total 22016K, used 21568K [0x00000000d5580000, 0x00000000d6f80000, 0x0000000100000000)
  eden space 20480K, 100% used [0x00000000d5580000,0x00000000d6980000,0x00000000d6980000)
  from space 1536K, 70% used [0x00000000d6e00000,0x00000000d6f10000,0x00000000d6f80000)
  to   space 1536K, 0% used [0x00000000d6c80000,0x00000000d6c80000,0x00000000d6e00000)
 ParOldGen       total 68608K, used 47692K [0x0000000080000000, 0x0000000084300000, 0x00000000d5580000)
  object space 68608K, 69% used [0x0000000080000000,0x0000000082e93140,0x0000000084300000)
 Metaspace       used 15802K, committed 16640K, reserved 1114112K
  class space    used 1451K, committed 1792K, reserved 1048576K
}
Event: 6.053 GC heap after
{Heap after GC invocations=25 (full 0):
 PSYoungGen      total 22016K, used 1192K [0x00000000d5580000, 0x00000000d6e80000, 0x0000000100000000)
  eden space 20480K, 0% used [0x00000000d5580000,0x00000000d5580000,0x00000000d6980000)
  from space 1536K, 77% used [0x00000000d6c80000,0x00000000d6daa2f8,0x00000000d6e00000)
  to   space 512K, 0% used [0x00000000d6e00000,0x00000000d6e00000,0x00000000d6e80000)
 ParOldGen       total 68608K, used 48511K [0x0000000080000000, 0x0000000084300000, 0x00000000d5580000)
  object space 68608K, 70% used [0x0000000080000000,0x0000000082f5fe30,0x0000000084300000)
 Metaspace       used 15802K, committed 16640K, reserved 1114112K
  class space    used 1451K, committed 1792K, reserved 1048576K
}
Event: 6.356 GC heap before
{Heap before GC invocations=26 (full 0):
 PSYoungGen      total 22016K, used 21672K [0x00000000d5580000, 0x00000000d6e80000, 0x0000000100000000)
  eden space 20480K, 100% used [0x00000000d5580000,0x00000000d6980000,0x00000000d6980000)
  from space 1536K, 77% used [0x00000000d6c80000,0x00000000d6daa2f8,0x00000000d6e00000)
  to   space 512K, 0% used [0x00000000d6e00000,0x00000000d6e00000,0x00000000d6e80000)
 ParOldGen       total 68608K, used 48511K [0x0000000080000000, 0x0000000084300000, 0x00000000d5580000)
  object space 68608K, 70% used [0x0000000080000000,0x0000000082f5fe30,0x0000000084300000)
 Metaspace       used 16069K, committed 16896K, reserved 1114112K
  class space    used 1473K, committed 1792K, reserved 1048576K
}
Event: 6.357 GC heap after
{Heap after GC invocations=26 (full 0):
 PSYoungGen      total 20992K, used 512K [0x00000000d5580000, 0x00000000d6e80000, 0x0000000100000000)
  eden space 20480K, 0% used [0x00000000d5580000,0x00000000d5580000,0x00000000d6980000)
  from space 512K, 100% used [0x00000000d6e00000,0x00000000d6e80000,0x00000000d6e80000)
  to   space 2048K, 0% used [0x00000000d6a80000,0x00000000d6a80000,0x00000000d6c80000)
 ParOldGen       total 68608K, used 49823K [0x0000000080000000, 0x0000000084300000, 0x00000000d5580000)
  object space 68608K, 72% used [0x0000000080000000,0x00000000830a7d68,0x0000000084300000)
 Metaspace       used 16069K, committed 16896K, reserved 1114112K
  class space    used 1473K, committed 1792K, reserved 1048576K
}

