# JRE version: OpenJDK Runtime Environment Temurin-21.0.9+10 (21.0.9+10) (build 21.0.9+10-LTS)
# Java VM: OpenJDK 64-Bit Server VM Temurin-21.0.9+10 (21.0.9+10-LTS, mixed mode, sharing, tiered, compressed oops, compressed class ptrs, parallel gc, windows-amd64)
GC Precious Log:
 CardTable entry size: 512
 CPUs: 8 total, 8 available
 Memory: 15610M
 Large Page Support: Disabled
 NUMA Support: Disabled
 Compressed Oops: Enabled (32-bit)
 Alignments: Space 512K, Generation 512K, Heap 2M
 Heap Min Capacity: 100M
 Heap Initial Capacity: 100M
 Heap Max Capacity: 2G
 Pre-touch: Disabled
 Parallel Workers: 8
Heap:
 PSYoungGen      total 2560K, used 596K [0x00000000d5580000, 0x00000000d5900000, 0x0000000100000000)
  eden space 1536K, 26% used [0x00000000d5580000,0x00000000d55e5038,0x00000000d5700000)
  from space 1024K, 18% used [0x00000000d5700000,0x00000000d5730000,0x00000000d5800000)
  to   space 512K, 0% used [0x00000000d5880000,0x00000000d5880000,0x00000000d5900000)
 ParOldGen       total 205824K, used 205699K [0x0000000080000000, 0x000000008c900000, 0x00000000d5580000)
  object space 205824K, 99% used [0x0000000080000000,0x000000008c8e0cc0,0x000000008c900000)
 Metaspace       used 41309K, committed 42688K, reserved 1114112K
  class space    used 4114K, committed 4672K, reserved 1048576K
GC Heap History (20 events):
Event: 154.900 GC heap before
{Heap before GC invocations=342 (full 2):
 PSYoungGen      total 3072K, used 2751K [0x00000000d5580000, 0x00000000d5980000, 0x0000000100000000)
  eden space 2560K, 99% used [0x00000000d5580000,0x00000000d57fffd8,0x00000000d5800000)
  from space 512K, 37% used [0x00000000d5880000,0x00000000d58b0000,0x00000000d5900000)
  to   space 512K, 0% used [0x00000000d5900000,0x00000000d5900000,0x00000000d5980000)
 ParOldGen       total 200192K, used 198642K [0x0000000080000000, 0x000000008c380000, 0x00000000d5580000)
  object space 200192K, 99% used [0x0000000080000000,0x000000008c1fca88,0x000000008c380000)
 Metaspace       used 41215K, committed 42624K, reserved 1114112K
  class space    used 4106K, committed 4672K, reserved 1048576K
}
Event: 154.902 GC heap after
{Heap after GC invocations=342 (full 2):
 PSYoungGen      total 3072K, used 352K [0x00000000d5580000, 0x00000000d5980000, 0x0000000100000000)
  eden space 2560K, 0% used [0x00000000d5580000,0x00000000d5580000,0x00000000d5800000)
  from space 512K, 68% used [0x00000000d5900000,0x00000000d5958020,0x00000000d5980000)
  to   space 512K, 0% used [0x00000000d5880000,0x00000000d5880000,0x00000000d5900000)
 ParOldGen       total 200192K, used 198714K [0x0000000080000000, 0x000000008c380000, 0x00000000d5580000)
  object space 200192K, 99% used [0x0000000080000000,0x000000008c20ea88,0x000000008c380000)
 Metaspace       used 41215K, committed 42624K, reserved 1114112K
  class space    used 4106K, committed 4672K, reserved 1048576K
}
Event: 159.260 GC heap before
{Heap before GC invocations=343 (full 2):
 PSYoungGen      total 3072K, used 2912K [0x00000000d5580000, 0x00000000d5980000, 0x0000000100000000)
  eden space 2560K, 100% used [0x00000000d5580000,0x00000000d5800000,0x00000000d5800000)
  from space 512K, 68% used [0x00000000d5900000,0x00000000d5958020,0x00000000d5980000)
  to   space 512K, 0% used [0x00000000d5880000,0x00000000d5880000,0x00000000d5900000)
 ParOldGen       total 200192K, used 198714K [0x0000000080000000, 0x000000008c380000, 0x00000000d5580000)
  object space 200192K, 99% used [0x0000000080000000,0x000000008c20ea88,0x000000008c380000)
 Metaspace       used 41222K, committed 42624K, reserved 1114112K
  class space    used 4107K, committed 4672K, reserved 1048576K
}
Event: 159.262 GC heap after
{Heap after GC invocations=343 (full 2):
 PSYoungGen      total 3072K, used 485K [0x00000000d5580000, 0x00000000d5b00000, 0x0000000100000000)
  eden space 2560K, 0% used [0x00000000d5580000,0x00000000d5580000,0x00000000d5800000)
  from space 512K, 94% used [0x00000000d5880000,0x00000000d58f9540,0x00000000d5900000)
  to   space 1536K, 0% used [0x00000000d5980000,0x00000000d5980000,0x00000000d5b00000)
 ParOldGen       total 200192K, used 199276K [0x0000000080000000, 0x000000008c380000, 0x00000000d5580000)
  object space 200192K, 99% used [0x0000000080000000,0x000000008c29b388,0x000000008c380000)
 Metaspace       used 41222K, committed 42624K, reserved 1114112K
  class space    used 4107K, committed 4672K, reserved 1048576K
}
Event: 159.273 GC heap before
{Heap before GC invocations=344 (full 2):
 PSYoungGen      total 3072K, used 3045K [0x00000000d5580000, 0x00000000d5b00000, 0x0000000100000000)
  eden space 2560K, 100% used [0x00000000d5580000,0x00000000d5800000,0x00000000d5800000)
  from space 512K, 94% used [0x00000000d5880000,0x00000000d58f9540,0x00000000d5900000)
  to   space 1536K, 0% used [0x00000000d5980000,0x00000000d5980000,0x00000000d5b00000)
 ParOldGen       total 200192K, used 199276K [0x0000000080000000, 0x000000008c380000, 0x00000000d5580000)
  object space 200192K, 99% used [0x0000000080000000,0x000000008c29b388,0x000000008c380000)
 Metaspace       used 41222K, committed 42624K, reserved 1114112K
  class space    used 4107K, committed 4672K, reserved 1048576K
}
Event: 159.276 GC heap after
{Heap after GC invocations=344 (full 2):
 PSYoungGen      total 2048K, used 1525K [0x00000000d5580000, 0x00000000d5f00000, 0x0000000100000000)
  eden space 512K, 0% used [0x00000000d5580000,0x00000000d5580000,0x00000000d5600000)
  from space 1536K, 99% used [0x00000000d5980000,0x00000000d5afd620,0x00000000d5b00000)
  to   space 3584K, 0% used [0x00000000d5600000,0x00000000d5600000,0x00000000d5980000)
 ParOldGen       total 200704K, used 200528K [0x0000000080000000, 0x000000008c400000, 0x00000000d5580000)
  object space 200704K, 99% used [0x0000000080000000,0x000000008c3d41e0,0x000000008c400000)
 Metaspace       used 41222K, committed 42624K, reserved 1114112K
  class space    used 4107K, committed 4672K, reserved 1048576K
}
Event: 159.280 GC heap before
{Heap before GC invocations=345 (full 2):
 PSYoungGen      total 2048K, used 1934K [0x00000000d5580000, 0x00000000d5f00000, 0x0000000100000000)
  eden space 512K, 79% used [0x00000000d5580000,0x00000000d55e64e0,0x00000000d5600000)
  from space 1536K, 99% used [0x00000000d5980000,0x00000000d5afd620,0x00000000d5b00000)
  to   space 3584K, 0% used [0x00000000d5600000,0x00000000d5600000,0x00000000d5980000)
 ParOldGen       total 200704K, used 200528K [0x0000000080000000, 0x000000008c400000, 0x00000000d5580000)
  object space 200704K, 99% used [0x0000000080000000,0x000000008c3d41e0,0x000000008c400000)
 Metaspace       used 41223K, committed 42624K, reserved 1114112K
  class space    used 4107K, committed 4672K, reserved 1048576K
}
Event: 159.286 GC heap after
{Heap after GC invocations=345 (full 2):
 PSYoungGen      total 1024K, used 467K [0x00000000d5580000, 0x00000000d5a00000, 0x0000000100000000)
  eden space 512K, 0% used [0x00000000d5580000,0x00000000d5580000,0x00000000d5600000)
  from space 512K, 91% used [0x00000000d5600000,0x00000000d5674e20,0x00000000d5680000)
  to   space 1536K, 0% used [0x00000000d5880000,0x00000000d5880000,0x00000000d5a00000)
 ParOldGen       total 202240K, used 202019K [0x0000000080000000, 0x000000008c580000, 0x00000000d5580000)
  object space 202240K, 99% used [0x0000000080000000,0x000000008c548f40,0x000000008c580000)
 Metaspace       used 41223K, committed 42624K, reserved 1114112K
  class space    used 4107K, committed 4672K, reserved 1048576K
}
Event: 159.289 GC heap before
{Heap before GC invocations=346 (full 2):
 PSYoungGen      total 1024K, used 969K [0x00000000d5580000, 0x00000000d5a00000, 0x0000000100000000)
  eden space 512K, 98% used [0x00000000d5580000,0x00000000d55fd730,0x00000000d5600000)
  from space 512K, 91% used [0x00000000d5600000,0x00000000d5674e20,0x00000000d5680000)
  to   space 1536K, 0% used [0x00000000d5880000,0x00000000d5880000,0x00000000d5a00000)
 ParOldGen       total 202240K, used 202019K [0x0000000080000000, 0x000000008c580000, 0x00000000d5580000)
  object space 202240K, 99% used [0x0000000080000000,0x000000008c548f40,0x000000008c580000)
 Metaspace       used 41223K, committed 42624K, reserved 1114112K
  class space    used 4107K, committed 4672K, reserved 1048576K
}
Event: 159.290 GC heap after
{Heap after GC invocations=346 (full 2):
 PSYoungGen      total 2048K, used 607K [0x00000000d5580000, 0x00000000d5980000, 0x0000000100000000)
  eden space 1024K, 0% used [0x00000000d5580000,0x00000000d5580000,0x00000000d5680000)
  from space 1024K, 59% used [0x00000000d5880000,0x00000000d5917de8,0x00000000d5980000)
  to   space 1024K, 0% used [0x00000000d5780000,0x00000000d5780000,0x00000000d5880000)
 ParOldGen       total 202752K, used 202374K [0x0000000080000000, 0x000000008c600000, 0x00000000d5580000)
  object space 202752K, 99% used [0x0000000080000000,0x000000008c5a1bb0,0x000000008c600000)
 Metaspace       used 41223K, committed 42624K, reserved 1114112K
  class space    used 4107K, committed 4672K, reserved 1048576K
}
Event: 159.299 GC heap before
{Heap before GC invocations=347 (full 2):
 PSYoungGen      total 2048K, used 1623K [0x00000000d5580000, 0x00000000d5980000, 0x0000000100000000)
  eden space 1024K, 99% used [0x00000000d5580000,0x00000000d567dfa8,0x00000000d5680000)
  from space 1024K, 59% used [0x00000000d5880000,0x00000000d5917de8,0x00000000d5980000)
  to   space 1024K, 0% used [0x00000000d5780000,0x00000000d5780000,0x00000000d5880000)
 ParOldGen       total 202752K, used 202374K [0x0000000080000000, 0x000000008c600000, 0x00000000d5580000)
  object space 202752K, 99% used [0x0000000080000000,0x000000008c5a1bb0,0x000000008c600000)
 Metaspace       used 41223K, committed 42624K, reserved 1114112K
  class space    used 4107K, committed 4672K, reserved 1048576K
}
Event: 159.301 GC heap after
{Heap after GC invocations=347 (full 2):
 PSYoungGen      total 2560K, used 998K [0x00000000d5580000, 0x00000000d5a00000, 0x0000000100000000)
  eden space 1536K, 0% used [0x00000000d5580000,0x00000000d5580000,0x00000000d5700000)
  from space 1024K, 97% used [0x00000000d5780000,0x00000000d5879b98,0x00000000d5880000)
  to   space 1536K, 0% used [0x00000000d5880000,0x00000000d5880000,0x00000000d5a00000)
 ParOldGen       total 203264K, used 202797K [0x0000000080000000, 0x000000008c680000, 0x00000000d5580000)
  object space 203264K, 99% used [0x0000000080000000,0x000000008c60b758,0x000000008c680000)
 Metaspace       used 41223K, committed 42624K, reserved 1114112K
  class space    used 4107K, committed 4672K, reserved 1048576K
}
Event: 159.314 GC heap before
{Heap before GC invocations=348 (full 2):
 PSYoungGen      total 2560K, used 2534K [0x00000000d5580000, 0x00000000d5a00000, 0x0000000100000000)
  eden space 1536K, 99% used [0x00000000d5580000,0x00000000d56ffdc8,0x00000000d5700000)
  from space 1024K, 97% used [0x00000000d5780000,0x00000000d5879b98,0x00000000d5880000)
  to   space 1536K, 0% used [0x00000000d5880000,0x00000000d5880000,0x00000000d5a00000)
 ParOldGen       total 203264K, used 202797K [0x0000000080000000, 0x000000008c680000, 0x00000000d5580000)
  object space 203264K, 99% used [0x0000000080000000,0x000000008c60b758,0x000000008c680000)
 Metaspace       used 41230K, committed 42624K, reserved 1114112K
  class space    used 4107K, committed 4672K, reserved 1048576K
}
Event: 159.316 GC heap after
{Heap after GC invocations=348 (full 2):
 PSYoungGen      total 3072K, used 1269K [0x00000000d5580000, 0x00000000d5a00000, 0x0000000100000000)
  eden space 1536K, 0% used [0x00000000d5580000,0x00000000d5580000,0x00000000d5700000)
  from space 1536K, 82% used [0x00000000d5880000,0x00000000d59bd428,0x00000000d5a00000)
  to   space 1536K, 0% used [0x00000000d5700000,0x00000000d5700000,0x00000000d5880000)
 ParOldGen       total 203776K, used 203664K [0x0000000080000000, 0x000000008c700000, 0x00000000d5580000)
  object space 203776K, 99% used [0x0000000080000000,0x000000008c6e4288,0x000000008c700000)
 Metaspace       used 41230K, committed 42624K, reserved 1114112K
  class space    used 4107K, committed 4672K, reserved 1048576K
}
Event: 159.330 GC heap before
{Heap before GC invocations=349 (full 2):
 PSYoungGen      total 3072K, used 2805K [0x00000000d5580000, 0x00000000d5a00000, 0x0000000100000000)
  eden space 1536K, 100% used [0x00000000d5580000,0x00000000d5700000,0x00000000d5700000)
  from space 1536K, 82% used [0x00000000d5880000,0x00000000d59bd428,0x00000000d5a00000)
  to   space 1536K, 0% used [0x00000000d5700000,0x00000000d5700000,0x00000000d5880000)
 ParOldGen       total 203776K, used 203664K [0x0000000080000000, 0x000000008c700000, 0x00000000d5580000)
  object space 203776K, 99% used [0x0000000080000000,0x000000008c6e4288,0x000000008c700000)
 Metaspace       used 41230K, committed 42624K, reserved 1114112K
  class space    used 4107K, committed 4672K, reserved 1048576K
}
Event: 159.332 GC heap after
{Heap after GC invocations=349 (full 2):
 PSYoungGen      total 3072K, used 1003K [0x00000000d5580000, 0x00000000d5a00000, 0x0000000100000000)
  eden space 1536K, 0% used [0x00000000d5580000,0x00000000d5580000,0x00000000d5700000)
  from space 1536K, 65% used [0x00000000d5700000,0x00000000d57fafb0,0x00000000d5880000)
  to   space 1536K, 0% used [0x00000000d5880000,0x00000000d5880000,0x00000000d5a00000)
 ParOldGen       total 205312K, used 204804K [0x0000000080000000, 0x000000008c880000, 0x00000000d5580000)
  object space 205312K, 99% used [0x0000000080000000,0x000000008c801228,0x000000008c880000)
 Metaspace       used 41230K, committed 42624K, reserved 1114112K
  class space    used 4107K, committed 4672K, reserved 1048576K
}
Event: 173.058 GC heap before
{Heap before GC invocations=350 (full 2):
 PSYoungGen      total 3072K, used 2539K [0x00000000d5580000, 0x00000000d5a00000, 0x0000000100000000)
  eden space 1536K, 100% used [0x00000000d5580000,0x00000000d5700000,0x00000000d5700000)
  from space 1536K, 65% used [0x00000000d5700000,0x00000000d57fafb0,0x00000000d5880000)
  to   space 1536K, 0% used [0x00000000d5880000,0x00000000d5880000,0x00000000d5a00000)
 ParOldGen       total 205312K, used 204804K [0x0000000080000000, 0x000000008c880000, 0x00000000d5580000)
  object space 205312K, 99% used [0x0000000080000000,0x000000008c801228,0x000000008c880000)
 Metaspace       used 41239K, committed 42624K, reserved 1114112K
  class space    used 4107K, committed 4672K, reserved 1048576K
}
Event: 173.060 GC heap after
{Heap after GC invocations=350 (full 2):
 PSYoungGen      total 2048K, used 320K [0x00000000d5580000, 0x00000000d5900000, 0x0000000100000000)
  eden space 1536K, 0% used [0x00000000d5580000,0x00000000d5580000,0x00000000d5700000)
  from space 512K, 62% used [0x00000000d5880000,0x00000000d58d0000,0x00000000d5900000)
  to   space 1024K, 0% used [0x00000000d5700000,0x00000000d5700000,0x00000000d5800000)
 ParOldGen       total 205824K, used 205523K [0x0000000080000000, 0x000000008c900000, 0x00000000d5580000)
  object space 205824K, 99% used [0x0000000080000000,0x000000008c8b4cc0,0x000000008c900000)
 Metaspace       used 41239K, committed 42624K, reserved 1114112K
  class space    used 4107K, committed 4672K, reserved 1048576K
}
Event: 451.491 GC heap before
{Heap before GC invocations=351 (full 2):
 PSYoungGen      total 2048K, used 1852K [0x00000000d5580000, 0x00000000d5900000, 0x0000000100000000)
  eden space 1536K, 99% used [0x00000000d5580000,0x00000000d56ff078,0x00000000d5700000)
  from space 512K, 62% used [0x00000000d5880000,0x00000000d58d0000,0x00000000d5900000)
  to   space 1024K, 0% used [0x00000000d5700000,0x00000000d5700000,0x00000000d5800000)
 ParOldGen       total 205824K, used 205523K [0x0000000080000000, 0x000000008c900000, 0x00000000d5580000)
  object space 205824K, 99% used [0x0000000080000000,0x000000008c8b4cc0,0x000000008c900000)
 Metaspace       used 41300K, committed 42688K, reserved 1114112K
  class space    used 4113K, committed 4672K, reserved 1048576K
}
Event: 451.492 GC heap after
{Heap after GC invocations=351 (full 2):
 PSYoungGen      total 2560K, used 192K [0x00000000d5580000, 0x00000000d5900000, 0x0000000100000000)
  eden space 1536K, 0% used [0x00000000d5580000,0x00000000d5580000,0x00000000d5700000)
  from space 1024K, 18% used [0x00000000d5700000,0x00000000d5730000,0x00000000d5800000)
  to   space 512K, 0% used [0x00000000d5880000,0x00000000d5880000,0x00000000d5900000)
 ParOldGen       total 205824K, used 205699K [0x0000000080000000, 0x000000008c900000, 0x00000000d5580000)
  object space 205824K, 99% used [0x0000000080000000,0x000000008c8e0cc0,0x000000008c900000)
 Metaspace       used 41300K, committed 42688K, reserved 1114112K
  class space    used 4113K, committed 4672K, reserved 1048576K
}

