# JRE version: OpenJDK Runtime Environment Temurin-21.0.9+10 (21.0.9+10) (build 21.0.9+10-LTS)
# Java VM: OpenJDK 64-Bit Server VM Temurin-21.0.9+10 (21.0.9+10-LTS, mixed mode, sharing, tiered, compressed oops, compressed class ptrs, parallel gc, windows-amd64)
GC Precious Log:
 CardTable entry size: 512
 CPUs: 8 total, 8 available
 Memory: 15610M
 Large Page Support: Disabled
 NUMA Support: Disabled
 Compressed Oops: Enabled (32-bit)
 Alignments: Space 512K, Generation 512K, Heap 2M
 Heap Min Capacity: 100M
 Heap Initial Capacity: 100M
 Heap Max Capacity: 2G
 Pre-touch: Disabled
 Parallel Workers: 8
Heap:
 PSYoungGen      total 20992K, used 483K [0x00000000d5580000, 0x00000000d6c00000, 0x0000000100000000)
  eden space 20480K, 0% used [0x00000000d5580000,0x00000000d5580000,0x00000000d6980000)
  from space 512K, 94% used [0x00000000d6b80000,0x00000000d6bf8df8,0x00000000d6c00000)
  to   space 1024K, 0% used [0x00000000d6a80000,0x00000000d6a80000,0x00000000d6b80000)
 ParOldGen       total 68608K, used 60001K [0x0000000080000000, 0x0000000084300000, 0x00000000d5580000)
  object space 68608K, 87% used [0x0000000080000000,0x0000000083a986d8,0x0000000084300000)
 Metaspace       used 25815K, committed 26880K, reserved 1114112K
  class space    used 2534K, committed 2944K, reserved 1048576K
GC Heap History (20 events):
Event: 20.400 GC heap before
{Heap before GC invocations=27 (full 1):
 PSYoungGen      total 24064K, used 22400K [0x00000000d5580000, 0x00000000d7080000, 0x0000000100000000)
  eden space 20480K, 100% used [0x00000000d5580000,0x00000000d6980000,0x00000000d6980000)
  from space 3584K, 53% used [0x00000000d6a00000,0x00000000d6be0020,0x00000000d6d80000)
  to   space 2560K, 0% used [0x00000000d6e00000,0x00000000d6e00000,0x00000000d7080000)
 ParOldGen       total 68608K, used 37160K [0x0000000080000000, 0x0000000084300000, 0x00000000d5580000)
  object space 68608K, 54% used [0x0000000080000000,0x000000008244a200,0x0000000084300000)
 Metaspace       used 21073K, committed 21888K, reserved 1114112K
  class space    used 2071K, committed 2432K, reserved 1048576K
}
Event: 20.404 GC heap after
{Heap after GC invocations=27 (full 1):
 PSYoungGen      total 22528K, used 1920K [0x00000000d5580000, 0x00000000d7000000, 0x0000000100000000)
  eden space 20480K, 0% used [0x00000000d5580000,0x00000000d5580000,0x00000000d6980000)
  from space 2048K, 93% used [0x00000000d6e00000,0x00000000d6fe0000,0x00000000d7000000)
  to   space 2048K, 0% used [0x00000000d6c00000,0x00000000d6c00000,0x00000000d6e00000)
 ParOldGen       total 68608K, used 38956K [0x0000000080000000, 0x0000000084300000, 0x00000000d5580000)
  object space 68608K, 56% used [0x0000000080000000,0x000000008260b348,0x0000000084300000)
 Metaspace       used 21073K, committed 21888K, reserved 1114112K
  class space    used 2071K, committed 2432K, reserved 1048576K
}
Event: 20.487 GC heap before
{Heap before GC invocations=28 (full 1):
 PSYoungGen      total 22528K, used 22400K [0x00000000d5580000, 0x00000000d7000000, 0x0000000100000000)
  eden space 20480K, 100% used [0x00000000d5580000,0x00000000d6980000,0x00000000d6980000)
  from space 2048K, 93% used [0x00000000d6e00000,0x00000000d6fe0000,0x00000000d7000000)
  to   space 2048K, 0% used [0x00000000d6c00000,0x00000000d6c00000,0x00000000d6e00000)
 ParOldGen       total 68608K, used 38956K [0x0000000080000000, 0x0000000084300000, 0x00000000d5580000)
  object space 68608K, 56% used [0x0000000080000000,0x000000008260b348,0x0000000084300000)
 Metaspace       used 21082K, committed 21888K, reserved 1114112K
  class space    used 2071K, committed 2432K, reserved 1048576K
}
Event: 20.492 GC heap after
{Heap after GC invocations=28 (full 1):
 PSYoungGen      total 22528K, used 2020K [0x00000000d5580000, 0x00000000d7280000, 0x0000000100000000)
  eden space 20480K, 0% used [0x00000000d5580000,0x00000000d5580000,0x00000000d6980000)
  from space 2048K, 98% used [0x00000000d6c00000,0x00000000d6df9000,0x00000000d6e00000)
  to   space 4608K, 0% used [0x00000000d6e00000,0x00000000d6e00000,0x00000000d7280000)
 ParOldGen       total 68608K, used 40764K [0x0000000080000000, 0x0000000084300000, 0x00000000d5580000)
  object space 68608K, 59% used [0x0000000080000000,0x00000000827cf348,0x0000000084300000)
 Metaspace       used 21082K, committed 21888K, reserved 1114112K
  class space    used 2071K, committed 2432K, reserved 1048576K
}
Event: 20.663 GC heap before
{Heap before GC invocations=29 (full 1):
 PSYoungGen      total 22528K, used 22500K [0x00000000d5580000, 0x00000000d7280000, 0x0000000100000000)
  eden space 20480K, 100% used [0x00000000d5580000,0x00000000d6980000,0x00000000d6980000)
  from space 2048K, 98% used [0x00000000d6c00000,0x00000000d6df9000,0x00000000d6e00000)
  to   space 4608K, 0% used [0x00000000d6e00000,0x00000000d6e00000,0x00000000d7280000)
 ParOldGen       total 68608K, used 40764K [0x0000000080000000, 0x0000000084300000, 0x00000000d5580000)
  object space 68608K, 59% used [0x0000000080000000,0x00000000827cf348,0x0000000084300000)
 Metaspace       used 21116K, committed 21952K, reserved 1114112K
  class space    used 2073K, committed 2432K, reserved 1048576K
}
Event: 20.667 GC heap after
{Heap after GC invocations=29 (full 1):
 PSYoungGen      total 23040K, used 2080K [0x00000000d5580000, 0x00000000d7080000, 0x0000000100000000)
  eden space 20480K, 0% used [0x00000000d5580000,0x00000000d5580000,0x00000000d6980000)
  from space 2560K, 81% used [0x00000000d6e00000,0x00000000d7008010,0x00000000d7080000)
  to   space 3072K, 0% used [0x00000000d6a80000,0x00000000d6a80000,0x00000000d6d80000)
 ParOldGen       total 68608K, used 42661K [0x0000000080000000, 0x0000000084300000, 0x00000000d5580000)
  object space 68608K, 62% used [0x0000000080000000,0x00000000829a9448,0x0000000084300000)
 Metaspace       used 21116K, committed 21952K, reserved 1114112K
  class space    used 2073K, committed 2432K, reserved 1048576K
}
Event: 20.787 GC heap before
{Heap before GC invocations=30 (full 1):
 PSYoungGen      total 23040K, used 22560K [0x00000000d5580000, 0x00000000d7080000, 0x0000000100000000)
  eden space 20480K, 100% used [0x00000000d5580000,0x00000000d6980000,0x00000000d6980000)
  from space 2560K, 81% used [0x00000000d6e00000,0x00000000d7008010,0x00000000d7080000)
  to   space 3072K, 0% used [0x00000000d6a80000,0x00000000d6a80000,0x00000000d6d80000)
 ParOldGen       total 68608K, used 42661K [0x0000000080000000, 0x0000000084300000, 0x00000000d5580000)
  object space 68608K, 62% used [0x0000000080000000,0x00000000829a9448,0x0000000084300000)
 Metaspace       used 21124K, committed 21952K, reserved 1114112K
  class space    used 2073K, committed 2432K, reserved 1048576K
}
Event: 20.791 GC heap after
{Heap after GC invocations=30 (full 1):
 PSYoungGen      total 22528K, used 1816K [0x00000000d5580000, 0x00000000d6e80000, 0x0000000100000000)
  eden space 20480K, 0% used [0x00000000d5580000,0x00000000d5580000,0x00000000d6980000)
  from space 2048K, 88% used [0x00000000d6a80000,0x00000000d6c46200,0x00000000d6c80000)
  to   space 2048K, 0% used [0x00000000d6c80000,0x00000000d6c80000,0x00000000d6e80000)
 ParOldGen       total 68608K, used 44613K [0x0000000080000000, 0x0000000084300000, 0x00000000d5580000)
  object space 68608K, 65% used [0x0000000080000000,0x0000000082b91458,0x0000000084300000)
 Metaspace       used 21124K, committed 21952K, reserved 1114112K
  class space    used 2073K, committed 2432K, reserved 1048576K
}
Event: 21.349 GC heap before
{Heap before GC invocations=31 (full 1):
 PSYoungGen      total 22528K, used 22296K [0x00000000d5580000, 0x00000000d6e80000, 0x0000000100000000)
  eden space 20480K, 100% used [0x00000000d5580000,0x00000000d6980000,0x00000000d6980000)
  from space 2048K, 88% used [0x00000000d6a80000,0x00000000d6c46200,0x00000000d6c80000)
  to   space 2048K, 0% used [0x00000000d6c80000,0x00000000d6c80000,0x00000000d6e80000)
 ParOldGen       total 68608K, used 44613K [0x0000000080000000, 0x0000000084300000, 0x00000000d5580000)
  object space 68608K, 65% used [0x0000000080000000,0x0000000082b91458,0x0000000084300000)
 Metaspace       used 22534K, committed 23424K, reserved 1114112K
  class space    used 2227K, committed 2624K, reserved 1048576K
}
Event: 21.352 GC heap after
{Heap after GC invocations=31 (full 1):
 PSYoungGen      total 22016K, used 1099K [0x00000000d5580000, 0x00000000d6e00000, 0x0000000100000000)
  eden space 20480K, 0% used [0x00000000d5580000,0x00000000d5580000,0x00000000d6980000)
  from space 1536K, 71% used [0x00000000d6c80000,0x00000000d6d92e58,0x00000000d6e00000)
  to   space 1536K, 0% used [0x00000000d6b00000,0x00000000d6b00000,0x00000000d6c80000)
 ParOldGen       total 68608K, used 46293K [0x0000000080000000, 0x0000000084300000, 0x00000000d5580000)
  object space 68608K, 67% used [0x0000000080000000,0x0000000082d35658,0x0000000084300000)
 Metaspace       used 22534K, committed 23424K, reserved 1114112K
  class space    used 2227K, committed 2624K, reserved 1048576K
}
Event: 22.176 GC heap before
{Heap before GC invocations=32 (full 1):
 PSYoungGen      total 22016K, used 21579K [0x00000000d5580000, 0x00000000d6e00000, 0x0000000100000000)
  eden space 20480K, 100% used [0x00000000d5580000,0x00000000d6980000,0x00000000d6980000)
  from space 1536K, 71% used [0x00000000d6c80000,0x00000000d6d92e58,0x00000000d6e00000)
  to   space 1536K, 0% used [0x00000000d6b00000,0x00000000d6b00000,0x00000000d6c80000)
 ParOldGen       total 68608K, used 46293K [0x0000000080000000, 0x0000000084300000, 0x00000000d5580000)
  object space 68608K, 67% used [0x0000000080000000,0x0000000082d35658,0x0000000084300000)
 Metaspace       used 22750K, committed 23616K, reserved 1114112K
  class space    used 2239K, committed 2624K, reserved 1048576K
}
Event: 22.177 GC heap after
{Heap after GC invocations=32 (full 1):
 PSYoungGen      total 20992K, used 352K [0x00000000d5580000, 0x00000000d6d00000, 0x0000000100000000)
  eden space 20480K, 0% used [0x00000000d5580000,0x00000000d5580000,0x00000000d6980000)
  from space 512K, 68% used [0x00000000d6b00000,0x00000000d6b58000,0x00000000d6b80000)
  to   space 1024K, 0% used [0x00000000d6c00000,0x00000000d6c00000,0x00000000d6d00000)
 ParOldGen       total 68608K, used 47244K [0x0000000080000000, 0x0000000084300000, 0x00000000d5580000)
  object space 68608K, 68% used [0x0000000080000000,0x0000000082e23010,0x0000000084300000)
 Metaspace       used 22750K, committed 23616K, reserved 1114112K
  class space    used 2239K, committed 2624K, reserved 1048576K
}
Event: 22.558 GC heap before
{Heap before GC invocations=33 (full 1):
 PSYoungGen      total 20992K, used 20808K [0x00000000d5580000, 0x00000000d6d00000, 0x0000000100000000)
  eden space 20480K, 99% used [0x00000000d5580000,0x00000000d697a3b0,0x00000000d6980000)
  from space 512K, 68% used [0x00000000d6b00000,0x00000000d6b58000,0x00000000d6b80000)
  to   space 1024K, 0% used [0x00000000d6c00000,0x00000000d6c00000,0x00000000d6d00000)
 ParOldGen       total 68608K, used 47244K [0x0000000080000000, 0x0000000084300000, 0x00000000d5580000)
  object space 68608K, 68% used [0x0000000080000000,0x0000000082e23010,0x0000000084300000)
 Metaspace       used 23143K, committed 23936K, reserved 1114112K
  class space    used 2268K, committed 2624K, reserved 1048576K
}
Event: 22.568 GC heap after
{Heap after GC invocations=33 (full 1):
 PSYoungGen      total 21504K, used 952K [0x00000000d5580000, 0x00000000d6d00000, 0x0000000100000000)
  eden space 20480K, 0% used [0x00000000d5580000,0x00000000d5580000,0x00000000d6980000)
  from space 1024K, 93% used [0x00000000d6c00000,0x00000000d6cee378,0x00000000d6d00000)
  to   space 1536K, 0% used [0x00000000d6a00000,0x00000000d6a00000,0x00000000d6b80000)
 ParOldGen       total 68608K, used 47674K [0x0000000080000000, 0x0000000084300000, 0x00000000d5580000)
  object space 68608K, 69% used [0x0000000080000000,0x0000000082e8eb38,0x0000000084300000)
 Metaspace       used 23143K, committed 23936K, reserved 1114112K
  class space    used 2268K, committed 2624K, reserved 1048576K
}
Event: 22.802 GC heap before
{Heap before GC invocations=34 (full 1):
 PSYoungGen      total 21504K, used 21432K [0x00000000d5580000, 0x00000000d6d00000, 0x0000000100000000)
  eden space 20480K, 100% used [0x00000000d5580000,0x00000000d6980000,0x00000000d6980000)
  from space 1024K, 93% used [0x00000000d6c00000,0x00000000d6cee378,0x00000000d6d00000)
  to   space 1536K, 0% used [0x00000000d6a00000,0x00000000d6a00000,0x00000000d6b80000)
 ParOldGen       total 68608K, used 47674K [0x0000000080000000, 0x0000000084300000, 0x00000000d5580000)
  object space 68608K, 69% used [0x0000000080000000,0x0000000082e8eb38,0x0000000084300000)
 Metaspace       used 23158K, committed 24064K, reserved 1114112K
  class space    used 2268K, committed 2624K, reserved 1048576K
}
Event: 22.804 GC heap after
{Heap after GC invocations=34 (full 1):
 PSYoungGen      total 22016K, used 1124K [0x00000000d5580000, 0x00000000d6c80000, 0x0000000100000000)
  eden space 20480K, 0% used [0x00000000d5580000,0x00000000d5580000,0x00000000d6980000)
  from space 1536K, 73% used [0x00000000d6a00000,0x00000000d6b190e8,0x00000000d6b80000)
  to   space 1024K, 0% used [0x00000000d6b80000,0x00000000d6b80000,0x00000000d6c80000)
 ParOldGen       total 68608K, used 48296K [0x0000000080000000, 0x0000000084300000, 0x00000000d5580000)
  object space 68608K, 70% used [0x0000000080000000,0x0000000082f2a188,0x0000000084300000)
 Metaspace       used 23158K, committed 24064K, reserved 1114112K
  class space    used 2268K, committed 2624K, reserved 1048576K
}
Event: 23.644 GC heap before
{Heap before GC invocations=35 (full 1):
 PSYoungGen      total 22016K, used 21604K [0x00000000d5580000, 0x00000000d6c80000, 0x0000000100000000)
  eden space 20480K, 100% used [0x00000000d5580000,0x00000000d6980000,0x00000000d6980000)
  from space 1536K, 73% used [0x00000000d6a00000,0x00000000d6b190e8,0x00000000d6b80000)
  to   space 1024K, 0% used [0x00000000d6b80000,0x00000000d6b80000,0x00000000d6c80000)
 ParOldGen       total 68608K, used 48296K [0x0000000080000000, 0x0000000084300000, 0x00000000d5580000)
  object space 68608K, 70% used [0x0000000080000000,0x0000000082f2a188,0x0000000084300000)
 Metaspace       used 24660K, committed 25600K, reserved 1114112K
  class space    used 2402K, committed 2816K, reserved 1048576K
}
Event: 23.645 GC heap after
{Heap after GC invocations=35 (full 1):
 PSYoungGen      total 21504K, used 608K [0x00000000d5580000, 0x00000000d6c80000, 0x0000000100000000)
  eden space 20480K, 0% used [0x00000000d5580000,0x00000000d5580000,0x00000000d6980000)
  from space 1024K, 59% used [0x00000000d6b80000,0x00000000d6c18000,0x00000000d6c80000)
  to   space 1024K, 0% used [0x00000000d6a80000,0x00000000d6a80000,0x00000000d6b80000)
 ParOldGen       total 68608K, used 48328K [0x0000000080000000, 0x0000000084300000, 0x00000000d5580000)
  object space 68608K, 70% used [0x0000000080000000,0x0000000082f32188,0x0000000084300000)
 Metaspace       used 24660K, committed 25600K, reserved 1114112K
  class space    used 2402K, committed 2816K, reserved 1048576K
}
Event: 24.081 GC heap before
{Heap before GC invocations=36 (full 1):
 PSYoungGen      total 21504K, used 20639K [0x00000000d5580000, 0x00000000d6c80000, 0x0000000100000000)
  eden space 20480K, 97% used [0x00000000d5580000,0x00000000d690fd70,0x00000000d6980000)
  from space 1024K, 59% used [0x00000000d6b80000,0x00000000d6c18000,0x00000000d6c80000)
  to   space 1024K, 0% used [0x00000000d6a80000,0x00000000d6a80000,0x00000000d6b80000)
 ParOldGen       total 68608K, used 48328K [0x0000000080000000, 0x0000000084300000, 0x00000000d5580000)
  object space 68608K, 70% used [0x0000000080000000,0x0000000082f32188,0x0000000084300000)
 Metaspace       used 25475K, committed 26432K, reserved 1114112K
  class space    used 2504K, committed 2880K, reserved 1048576K
}
Event: 24.084 GC heap after
{Heap after GC invocations=36 (full 1):
 PSYoungGen      total 21504K, used 847K [0x00000000d5580000, 0x00000000d6c00000, 0x0000000100000000)
  eden space 20480K, 0% used [0x00000000d5580000,0x00000000d5580000,0x00000000d6980000)
  from space 1024K, 82% used [0x00000000d6a80000,0x00000000d6b53db0,0x00000000d6b80000)
  to   space 512K, 0% used [0x00000000d6b80000,0x00000000d6b80000,0x00000000d6c00000)
 ParOldGen       total 68608K, used 51409K [0x0000000080000000, 0x0000000084300000, 0x00000000d5580000)
  object space 68608K, 74% used [0x0000000080000000,0x0000000083234530,0x0000000084300000)
 Metaspace       used 25475K, committed 26432K, reserved 1114112K
  class space    used 2504K, committed 2880K, reserved 1048576K
}

