# JRE version: OpenJDK Runtime Environment Temurin-21.0.9+10 (21.0.9+10) (build 21.0.9+10-LTS)
# Java VM: OpenJDK 64-Bit Server VM Temurin-21.0.9+10 (21.0.9+10-LTS, mixed mode, sharing, tiered, compressed oops, compressed class ptrs, parallel gc, windows-amd64)
GC Precious Log:
 CardTable entry size: 512
 CPUs: 8 total, 8 available
 Memory: 15610M
 Large Page Support: Disabled
 NUMA Support: Disabled
 Compressed Oops: Enabled (32-bit)
 Alignments: Space 512K, Generation 512K, Heap 2M
 Heap Min Capacity: 100M
 Heap Initial Capacity: 100M
 Heap Max Capacity: 2G
 Pre-touch: Disabled
 Parallel Workers: 8
Heap:
 PSYoungGen      total 12288K, used 9581K [0x00000000d5580000, 0x00000000d6980000, 0x0000000100000000)
  eden space 11264K, 77% used [0x00000000d5580000,0x00000000d5e08850,0x00000000d6080000)
  from space 1024K, 82% used [0x00000000d6880000,0x00000000d6952ea8,0x00000000d6980000)
  to   space 1024K, 0% used [0x00000000d6780000,0x00000000d6780000,0x00000000d6880000)
 ParOldGen       total 68608K, used 35602K [0x0000000080000000, 0x0000000084300000, 0x00000000d5580000)
  object space 68608K, 51% used [0x0000000080000000,0x00000000822c4ab8,0x0000000084300000)
 Metaspace       used 15559K, committed 16384K, reserved 1114112K
  class space    used 1404K, committed 1728K, reserved 1048576K
GC Heap History (20 events):
Event: 8.336 GC heap before
{Heap before GC invocations=11 (full 0):
 PSYoungGen      total 25600K, used 25568K [0x00000000d5580000, 0x00000000d7780000, 0x0000000100000000)
  eden space 22528K, 99% used [0x00000000d5580000,0x00000000d6b7fff8,0x00000000d6b80000)
  from space 3072K, 98% used [0x00000000d7200000,0x00000000d74f8188,0x00000000d7500000)
  to   space 6144K, 0% used [0x00000000d6b80000,0x00000000d6b80000,0x00000000d7180000)
 ParOldGen       total 68608K, used 14938K [0x0000000080000000, 0x0000000084300000, 0x00000000d5580000)
  object space 68608K, 21% used [0x0000000080000000,0x0000000080e96b18,0x0000000084300000)
 Metaspace       used 12259K, committed 12928K, reserved 1114112K
  class space    used 1088K, committed 1408K, reserved 1048576K
}
Event: 8.341 GC heap after
{Heap after GC invocations=11 (full 0):
 PSYoungGen      total 23552K, used 1416K [0x00000000d5580000, 0x00000000d7280000, 0x0000000100000000)
  eden space 22016K, 0% used [0x00000000d5580000,0x00000000d5580000,0x00000000d6b00000)
  from space 1536K, 92% used [0x00000000d6b80000,0x00000000d6ce2348,0x00000000d6d00000)
  to   space 3072K, 0% used [0x00000000d6f80000,0x00000000d6f80000,0x00000000d7280000)
 ParOldGen       total 68608K, used 17892K [0x0000000080000000, 0x0000000084300000, 0x00000000d5580000)
  object space 68608K, 26% used [0x0000000080000000,0x0000000081179198,0x0000000084300000)
 Metaspace       used 12259K, committed 12928K, reserved 1114112K
  class space    used 1088K, committed 1408K, reserved 1048576K
}
Event: 8.612 GC heap before
{Heap before GC invocations=12 (full 0):
 PSYoungGen      total 23552K, used 23432K [0x00000000d5580000, 0x00000000d7280000, 0x0000000100000000)
  eden space 22016K, 100% used [0x00000000d5580000,0x00000000d6b00000,0x00000000d6b00000)
  from space 1536K, 92% used [0x00000000d6b80000,0x00000000d6ce2348,0x00000000d6d00000)
  to   space 3072K, 0% used [0x00000000d6f80000,0x00000000d6f80000,0x00000000d7280000)
 ParOldGen       total 68608K, used 17892K [0x0000000080000000, 0x0000000084300000, 0x00000000d5580000)
  object space 68608K, 26% used [0x0000000080000000,0x0000000081179198,0x0000000084300000)
 Metaspace       used 12585K, committed 13312K, reserved 1114112K
  class space    used 1137K, committed 1472K, reserved 1048576K
}
Event: 8.616 GC heap after
{Heap after GC invocations=12 (full 0):
 PSYoungGen      total 24064K, used 1592K [0x00000000d5580000, 0x00000000d7180000, 0x0000000100000000)
  eden space 22016K, 0% used [0x00000000d5580000,0x00000000d5580000,0x00000000d6b00000)
  from space 2048K, 77% used [0x00000000d6f80000,0x00000000d710e1c8,0x00000000d7180000)
  to   space 2048K, 0% used [0x00000000d6d80000,0x00000000d6d80000,0x00000000d6f80000)
 ParOldGen       total 68608K, used 19140K [0x0000000080000000, 0x0000000084300000, 0x00000000d5580000)
  object space 68608K, 27% used [0x0000000080000000,0x00000000812b13d0,0x0000000084300000)
 Metaspace       used 12585K, committed 13312K, reserved 1114112K
  class space    used 1137K, committed 1472K, reserved 1048576K
}
Event: 9.001 GC heap before
{Heap before GC invocations=13 (full 0):
 PSYoungGen      total 24064K, used 23500K [0x00000000d5580000, 0x00000000d7180000, 0x0000000100000000)
  eden space 22016K, 99% used [0x00000000d5580000,0x00000000d6ae50c0,0x00000000d6b00000)
  from space 2048K, 77% used [0x00000000d6f80000,0x00000000d710e1c8,0x00000000d7180000)
  to   space 2048K, 0% used [0x00000000d6d80000,0x00000000d6d80000,0x00000000d6f80000)
 ParOldGen       total 68608K, used 19140K [0x0000000080000000, 0x0000000084300000, 0x00000000d5580000)
  object space 68608K, 27% used [0x0000000080000000,0x00000000812b13d0,0x0000000084300000)
 Metaspace       used 12894K, committed 13632K, reserved 1114112K
  class space    used 1163K, committed 1472K, reserved 1048576K
}
Event: 9.004 GC heap after
{Heap after GC invocations=13 (full 0):
 PSYoungGen      total 23552K, used 1222K [0x00000000d5580000, 0x00000000d7000000, 0x0000000100000000)
  eden space 22016K, 0% used [0x00000000d5580000,0x00000000d5580000,0x00000000d6b00000)
  from space 1536K, 79% used [0x00000000d6d80000,0x00000000d6eb1ac0,0x00000000d6f00000)
  to   space 1024K, 0% used [0x00000000d6f00000,0x00000000d6f00000,0x00000000d7000000)
 ParOldGen       total 68608K, used 20486K [0x0000000080000000, 0x0000000084300000, 0x00000000d5580000)
  object space 68608K, 29% used [0x0000000080000000,0x0000000081401888,0x0000000084300000)
 Metaspace       used 12894K, committed 13632K, reserved 1114112K
  class space    used 1163K, committed 1472K, reserved 1048576K
}
Event: 9.297 GC heap before
{Heap before GC invocations=14 (full 0):
 PSYoungGen      total 23552K, used 23233K [0x00000000d5580000, 0x00000000d7000000, 0x0000000100000000)
  eden space 22016K, 99% used [0x00000000d5580000,0x00000000d6afec10,0x00000000d6b00000)
  from space 1536K, 79% used [0x00000000d6d80000,0x00000000d6eb1ac0,0x00000000d6f00000)
  to   space 1024K, 0% used [0x00000000d6f00000,0x00000000d6f00000,0x00000000d7000000)
 ParOldGen       total 68608K, used 20486K [0x0000000080000000, 0x0000000084300000, 0x00000000d5580000)
  object space 68608K, 29% used [0x0000000080000000,0x0000000081401888,0x0000000084300000)
 Metaspace       used 13433K, committed 14080K, reserved 1114112K
  class space    used 1197K, committed 1472K, reserved 1048576K
}
Event: 9.299 GC heap after
{Heap after GC invocations=14 (full 0):
 PSYoungGen      total 23040K, used 1015K [0x00000000d5580000, 0x00000000d7000000, 0x0000000100000000)
  eden space 22016K, 0% used [0x00000000d5580000,0x00000000d5580000,0x00000000d6b00000)
  from space 1024K, 99% used [0x00000000d6f00000,0x00000000d6ffdf70,0x00000000d7000000)
  to   space 2560K, 0% used [0x00000000d6b00000,0x00000000d6b00000,0x00000000d6d80000)
 ParOldGen       total 68608K, used 21398K [0x0000000080000000, 0x0000000084300000, 0x00000000d5580000)
  object space 68608K, 31% used [0x0000000080000000,0x00000000814e5888,0x0000000084300000)
 Metaspace       used 13433K, committed 14080K, reserved 1114112K
  class space    used 1197K, committed 1472K, reserved 1048576K
}
Event: 9.547 GC heap before
{Heap before GC invocations=15 (full 0):
 PSYoungGen      total 23040K, used 23031K [0x00000000d5580000, 0x00000000d7000000, 0x0000000100000000)
  eden space 22016K, 100% used [0x00000000d5580000,0x00000000d6b00000,0x00000000d6b00000)
  from space 1024K, 99% used [0x00000000d6f00000,0x00000000d6ffdf70,0x00000000d7000000)
  to   space 2560K, 0% used [0x00000000d6b00000,0x00000000d6b00000,0x00000000d6d80000)
 ParOldGen       total 68608K, used 21398K [0x0000000080000000, 0x0000000084300000, 0x00000000d5580000)
  object space 68608K, 31% used [0x0000000080000000,0x00000000814e5888,0x0000000084300000)
 Metaspace       used 13939K, committed 14656K, reserved 1114112K
  class space    used 1224K, committed 1536K, reserved 1048576K
}
Event: 9.550 GC heap after
{Heap after GC invocations=15 (full 0):
 PSYoungGen      total 24576K, used 1856K [0x00000000d5580000, 0x00000000d6f80000, 0x0000000100000000)
  eden space 22016K, 0% used [0x00000000d5580000,0x00000000d5580000,0x00000000d6b00000)
  from space 2560K, 72% used [0x00000000d6b00000,0x00000000d6cd0000,0x00000000d6d80000)
  to   space 2048K, 0% used [0x00000000d6d80000,0x00000000d6d80000,0x00000000d6f80000)
 ParOldGen       total 68608K, used 22276K [0x0000000080000000, 0x0000000084300000, 0x00000000d5580000)
  object space 68608K, 32% used [0x0000000080000000,0x00000000815c1198,0x0000000084300000)
 Metaspace       used 13939K, committed 14656K, reserved 1114112K
  class space    used 1224K, committed 1536K, reserved 1048576K
}
Event: 9.779 GC heap before
{Heap before GC invocations=16 (full 0):
 PSYoungGen      total 24576K, used 23872K [0x00000000d5580000, 0x00000000d6f80000, 0x0000000100000000)
  eden space 22016K, 100% used [0x00000000d5580000,0x00000000d6b00000,0x00000000d6b00000)
  from space 2560K, 72% used [0x00000000d6b00000,0x00000000d6cd0000,0x00000000d6d80000)
  to   space 2048K, 0% used [0x00000000d6d80000,0x00000000d6d80000,0x00000000d6f80000)
 ParOldGen       total 68608K, used 22276K [0x0000000080000000, 0x0000000084300000, 0x00000000d5580000)
  object space 68608K, 32% used [0x0000000080000000,0x00000000815c1198,0x0000000084300000)
 Metaspace       used 14070K, committed 14848K, reserved 1114112K
  class space    used 1232K, committed 1536K, reserved 1048576K
}
Event: 9.786 GC heap after
{Heap after GC invocations=16 (full 0):
 PSYoungGen      total 13312K, used 2044K [0x00000000d5580000, 0x00000000d8500000, 0x0000000100000000)
  eden space 11264K, 0% used [0x00000000d5580000,0x00000000d5580000,0x00000000d6080000)
  from space 2048K, 99% used [0x00000000d6d80000,0x00000000d6f7f358,0x00000000d6f80000)
  to   space 13312K, 0% used [0x00000000d6080000,0x00000000d6080000,0x00000000d6d80000)
 ParOldGen       total 68608K, used 31675K [0x0000000080000000, 0x0000000084300000, 0x00000000d5580000)
  object space 68608K, 46% used [0x0000000080000000,0x0000000081eeee48,0x0000000084300000)
 Metaspace       used 14070K, committed 14848K, reserved 1114112K
  class space    used 1232K, committed 1536K, reserved 1048576K
}
Event: 11.117 GC heap before
{Heap before GC invocations=17 (full 0):
 PSYoungGen      total 13312K, used 13308K [0x00000000d5580000, 0x00000000d8500000, 0x0000000100000000)
  eden space 11264K, 100% used [0x00000000d5580000,0x00000000d6080000,0x00000000d6080000)
  from space 2048K, 99% used [0x00000000d6d80000,0x00000000d6f7f358,0x00000000d6f80000)
  to   space 13312K, 0% used [0x00000000d6080000,0x00000000d6080000,0x00000000d6d80000)
 ParOldGen       total 68608K, used 31675K [0x0000000080000000, 0x0000000084300000, 0x00000000d5580000)
  object space 68608K, 46% used [0x0000000080000000,0x0000000081eeee48,0x0000000084300000)
 Metaspace       used 14183K, committed 14976K, reserved 1114112K
  class space    used 1237K, committed 1536K, reserved 1048576K
}
Event: 11.119 GC heap after
{Heap after GC invocations=17 (full 0):
 PSYoungGen      total 12288K, used 800K [0x00000000d5580000, 0x00000000d6e00000, 0x0000000100000000)
  eden space 11264K, 0% used [0x00000000d5580000,0x00000000d5580000,0x00000000d6080000)
  from space 1024K, 78% used [0x00000000d6080000,0x00000000d6148000,0x00000000d6180000)
  to   space 5120K, 0% used [0x00000000d6900000,0x00000000d6900000,0x00000000d6e00000)
 ParOldGen       total 68608K, used 33651K [0x0000000080000000, 0x0000000084300000, 0x00000000d5580000)
  object space 68608K, 49% used [0x0000000080000000,0x00000000820dcda8,0x0000000084300000)
 Metaspace       used 14183K, committed 14976K, reserved 1114112K
  class space    used 1237K, committed 1536K, reserved 1048576K
}
Event: 11.684 GC heap before
{Heap before GC invocations=18 (full 0):
 PSYoungGen      total 12288K, used 12064K [0x00000000d5580000, 0x00000000d6e00000, 0x0000000100000000)
  eden space 11264K, 100% used [0x00000000d5580000,0x00000000d6080000,0x00000000d6080000)
  from space 1024K, 78% used [0x00000000d6080000,0x00000000d6148000,0x00000000d6180000)
  to   space 5120K, 0% used [0x00000000d6900000,0x00000000d6900000,0x00000000d6e00000)
 ParOldGen       total 68608K, used 33651K [0x0000000080000000, 0x0000000084300000, 0x00000000d5580000)
  object space 68608K, 49% used [0x0000000080000000,0x00000000820dcda8,0x0000000084300000)
 Metaspace       used 14875K, committed 15616K, reserved 1114112K
  class space    used 1329K, committed 1664K, reserved 1048576K
}
Event: 11.686 GC heap after
{Heap after GC invocations=18 (full 0):
 PSYoungGen      total 12288K, used 864K [0x00000000d5580000, 0x00000000d6a00000, 0x0000000100000000)
  eden space 11264K, 0% used [0x00000000d5580000,0x00000000d5580000,0x00000000d6080000)
  from space 1024K, 84% used [0x00000000d6900000,0x00000000d69d8000,0x00000000d6a00000)
  to   space 1536K, 0% used [0x00000000d6700000,0x00000000d6700000,0x00000000d6880000)
 ParOldGen       total 68608K, used 34314K [0x0000000080000000, 0x0000000084300000, 0x00000000d5580000)
  object space 68608K, 50% used [0x0000000080000000,0x0000000082182ab8,0x0000000084300000)
 Metaspace       used 14875K, committed 15616K, reserved 1114112K
  class space    used 1329K, committed 1664K, reserved 1048576K
}
Event: 17.119 GC heap before
{Heap before GC invocations=19 (full 0):
 PSYoungGen      total 12288K, used 12128K [0x00000000d5580000, 0x00000000d6a00000, 0x0000000100000000)
  eden space 11264K, 100% used [0x00000000d5580000,0x00000000d6080000,0x00000000d6080000)
  from space 1024K, 84% used [0x00000000d6900000,0x00000000d69d8000,0x00000000d6a00000)
  to   space 1536K, 0% used [0x00000000d6700000,0x00000000d6700000,0x00000000d6880000)
 ParOldGen       total 68608K, used 34314K [0x0000000080000000, 0x0000000084300000, 0x00000000d5580000)
  object space 68608K, 50% used [0x0000000080000000,0x0000000082182ab8,0x0000000084300000)
 Metaspace       used 15294K, committed 16000K, reserved 1114112K
  class space    used 1374K, committed 1664K, reserved 1048576K
}
Event: 17.121 GC heap after
{Heap after GC invocations=19 (full 0):
 PSYoungGen      total 12800K, used 672K [0x00000000d5580000, 0x00000000d6980000, 0x0000000100000000)
  eden space 11264K, 0% used [0x00000000d5580000,0x00000000d5580000,0x00000000d6080000)
  from space 1536K, 43% used [0x00000000d6700000,0x00000000d67a8000,0x00000000d6880000)
  to   space 1024K, 0% used [0x00000000d6880000,0x00000000d6880000,0x00000000d6980000)
 ParOldGen       total 68608K, used 35042K [0x0000000080000000, 0x0000000084300000, 0x00000000d5580000)
  object space 68608K, 51% used [0x0000000080000000,0x0000000082238ab8,0x0000000084300000)
 Metaspace       used 15294K, committed 16000K, reserved 1114112K
  class space    used 1374K, committed 1664K, reserved 1048576K
}
Event: 18.396 GC heap before
{Heap before GC invocations=20 (full 0):
 PSYoungGen      total 12800K, used 11935K [0x00000000d5580000, 0x00000000d6980000, 0x0000000100000000)
  eden space 11264K, 99% used [0x00000000d5580000,0x00000000d607fff0,0x00000000d6080000)
  from space 1536K, 43% used [0x00000000d6700000,0x00000000d67a8000,0x00000000d6880000)
  to   space 1024K, 0% used [0x00000000d6880000,0x00000000d6880000,0x00000000d6980000)
 ParOldGen       total 68608K, used 35042K [0x0000000080000000, 0x0000000084300000, 0x00000000d5580000)
  object space 68608K, 51% used [0x0000000080000000,0x0000000082238ab8,0x0000000084300000)
 Metaspace       used 15512K, committed 16320K, reserved 1114112K
  class space    used 1404K, committed 1728K, reserved 1048576K
}
Event: 18.399 GC heap after
{Heap after GC invocations=20 (full 0):
 PSYoungGen      total 12288K, used 843K [0x00000000d5580000, 0x00000000d6980000, 0x0000000100000000)
  eden space 11264K, 0% used [0x00000000d5580000,0x00000000d5580000,0x00000000d6080000)
  from space 1024K, 82% used [0x00000000d6880000,0x00000000d6952ea8,0x00000000d6980000)
  to   space 1024K, 0% used [0x00000000d6780000,0x00000000d6780000,0x00000000d6880000)
 ParOldGen       total 68608K, used 35602K [0x0000000080000000, 0x0000000084300000, 0x00000000d5580000)
  object space 68608K, 51% used [0x0000000080000000,0x00000000822c4ab8,0x0000000084300000)
 Metaspace       used 15512K, committed 16320K, reserved 1114112K
  class space    used 1404K, committed 1728K, reserved 1048576K
}

