# JRE version: OpenJDK Runtime Environment Temurin-21.0.9+10 (21.0.9+10) (build 21.0.9+10-LTS)
# Java VM: OpenJDK 64-Bit Server VM Temurin-21.0.9+10 (21.0.9+10-LTS, mixed mode, sharing, tiered, compressed oops, compressed class ptrs, parallel gc, windows-amd64)
GC Precious Log:
 CardTable entry size: 512
 CPUs: 8 total, 8 available
 Memory: 15610M
 Large Page Support: Disabled
 NUMA Support: Disabled
 Compressed Oops: Enabled (32-bit)
 Alignments: Space 512K, Generation 512K, Heap 2M
 Heap Min Capacity: 100M
 Heap Initial Capacity: 100M
 Heap Max Capacity: 2G
 Pre-touch: Disabled
 Parallel Workers: 8
Heap:
 PSYoungGen      total 18432K, used 5622K [0x00000000d5580000, 0x00000000d6b80000, 0x0000000100000000)
  eden space 17408K, 26% used [0x00000000d5580000,0x00000000d59fdf68,0x00000000d6680000)
  from space 1024K, 99% used [0x00000000d6a80000,0x00000000d6b7fc38,0x00000000d6b80000)
  to   space 2048K, 0% used [0x00000000d6780000,0x00000000d6780000,0x00000000d6980000)
 ParOldGen       total 68608K, used 32656K [0x0000000080000000, 0x0000000084300000, 0x00000000d5580000)
  object space 68608K, 47% used [0x0000000080000000,0x0000000081fe43c0,0x0000000084300000)
 Metaspace       used 16115K, committed 16960K, reserved 1114112K
  class space    used 1465K, committed 1792K, reserved 1048576K
GC Heap History (20 events):
Event: 8.658 GC heap before
{Heap before GC invocations=11 (full 0):
 PSYoungGen      total 26112K, used 25706K [0x00000000d5580000, 0x00000000d7400000, 0x0000000100000000)
  eden space 22528K, 100% used [0x00000000d5580000,0x00000000d6b80000,0x00000000d6b80000)
  from space 3584K, 88% used [0x00000000d7080000,0x00000000d739a8d0,0x00000000d7400000)
  to   space 3584K, 0% used [0x00000000d6d00000,0x00000000d6d00000,0x00000000d7080000)
 ParOldGen       total 68608K, used 15034K [0x0000000080000000, 0x0000000084300000, 0x00000000d5580000)
  object space 68608K, 21% used [0x0000000080000000,0x0000000080eae898,0x0000000084300000)
 Metaspace       used 12314K, committed 13056K, reserved 1114112K
  class space    used 1093K, committed 1408K, reserved 1048576K
}
Event: 8.661 GC heap after
{Heap after GC invocations=11 (full 0):
 PSYoungGen      total 24064K, used 1787K [0x00000000d5580000, 0x00000000d7100000, 0x0000000100000000)
  eden space 22016K, 0% used [0x00000000d5580000,0x00000000d5580000,0x00000000d6b00000)
  from space 2048K, 87% used [0x00000000d6d00000,0x00000000d6ebeed0,0x00000000d6f00000)
  to   space 2048K, 0% used [0x00000000d6f00000,0x00000000d6f00000,0x00000000d7100000)
 ParOldGen       total 68608K, used 18106K [0x0000000080000000, 0x0000000084300000, 0x00000000d5580000)
  object space 68608K, 26% used [0x0000000080000000,0x00000000811ae9b0,0x0000000084300000)
 Metaspace       used 12314K, committed 13056K, reserved 1114112K
  class space    used 1093K, committed 1408K, reserved 1048576K
}
Event: 9.000 GC heap before
{Heap before GC invocations=12 (full 0):
 PSYoungGen      total 24064K, used 23803K [0x00000000d5580000, 0x00000000d7100000, 0x0000000100000000)
  eden space 22016K, 99% used [0x00000000d5580000,0x00000000d6affd78,0x00000000d6b00000)
  from space 2048K, 87% used [0x00000000d6d00000,0x00000000d6ebeed0,0x00000000d6f00000)
  to   space 2048K, 0% used [0x00000000d6f00000,0x00000000d6f00000,0x00000000d7100000)
 ParOldGen       total 68608K, used 18106K [0x0000000080000000, 0x0000000084300000, 0x00000000d5580000)
  object space 68608K, 26% used [0x0000000080000000,0x00000000811ae9b0,0x0000000084300000)
 Metaspace       used 12515K, committed 13184K, reserved 1114112K
  class space    used 1114K, committed 1408K, reserved 1048576K
}
Event: 9.004 GC heap after
{Heap after GC invocations=12 (full 0):
 PSYoungGen      total 24064K, used 1824K [0x00000000d5580000, 0x00000000d7100000, 0x0000000100000000)
  eden space 22016K, 0% used [0x00000000d5580000,0x00000000d5580000,0x00000000d6b00000)
  from space 2048K, 89% used [0x00000000d6f00000,0x00000000d70c8000,0x00000000d7100000)
  to   space 2048K, 0% used [0x00000000d6d00000,0x00000000d6d00000,0x00000000d6f00000)
 ParOldGen       total 68608K, used 19716K [0x0000000080000000, 0x0000000084300000, 0x00000000d5580000)
  object space 68608K, 28% used [0x0000000080000000,0x0000000081341058,0x0000000084300000)
 Metaspace       used 12515K, committed 13184K, reserved 1114112K
  class space    used 1114K, committed 1408K, reserved 1048576K
}
Event: 9.679 GC heap before
{Heap before GC invocations=13 (full 0):
 PSYoungGen      total 24064K, used 23840K [0x00000000d5580000, 0x00000000d7100000, 0x0000000100000000)
  eden space 22016K, 100% used [0x00000000d5580000,0x00000000d6b00000,0x00000000d6b00000)
  from space 2048K, 89% used [0x00000000d6f00000,0x00000000d70c8000,0x00000000d7100000)
  to   space 2048K, 0% used [0x00000000d6d00000,0x00000000d6d00000,0x00000000d6f00000)
 ParOldGen       total 68608K, used 19716K [0x0000000080000000, 0x0000000084300000, 0x00000000d5580000)
  object space 68608K, 28% used [0x0000000080000000,0x0000000081341058,0x0000000084300000)
 Metaspace       used 13051K, committed 13760K, reserved 1114112K
  class space    used 1167K, committed 1472K, reserved 1048576K
}
Event: 9.682 GC heap after
{Heap after GC invocations=13 (full 0):
 PSYoungGen      total 24064K, used 1552K [0x00000000d5580000, 0x00000000d6f80000, 0x0000000100000000)
  eden space 22016K, 0% used [0x00000000d5580000,0x00000000d5580000,0x00000000d6b00000)
  from space 2048K, 75% used [0x00000000d6d00000,0x00000000d6e84010,0x00000000d6f00000)
  to   space 512K, 0% used [0x00000000d6f00000,0x00000000d6f00000,0x00000000d6f80000)
 ParOldGen       total 68608K, used 21324K [0x0000000080000000, 0x0000000084300000, 0x00000000d5580000)
  object space 68608K, 31% used [0x0000000080000000,0x00000000814d3058,0x0000000084300000)
 Metaspace       used 13051K, committed 13760K, reserved 1114112K
  class space    used 1167K, committed 1472K, reserved 1048576K
}
Event: 10.508 GC heap before
{Heap before GC invocations=14 (full 0):
 PSYoungGen      total 24064K, used 23568K [0x00000000d5580000, 0x00000000d6f80000, 0x0000000100000000)
  eden space 22016K, 100% used [0x00000000d5580000,0x00000000d6b00000,0x00000000d6b00000)
  from space 2048K, 75% used [0x00000000d6d00000,0x00000000d6e84010,0x00000000d6f00000)
  to   space 512K, 0% used [0x00000000d6f00000,0x00000000d6f00000,0x00000000d6f80000)
 ParOldGen       total 68608K, used 21324K [0x0000000080000000, 0x0000000084300000, 0x00000000d5580000)
  object space 68608K, 31% used [0x0000000080000000,0x00000000814d3058,0x0000000084300000)
 Metaspace       used 13473K, committed 14272K, reserved 1114112K
  class space    used 1202K, committed 1536K, reserved 1048576K
}
Event: 10.511 GC heap after
{Heap after GC invocations=14 (full 0):
 PSYoungGen      total 22528K, used 512K [0x00000000d5580000, 0x00000000d6f80000, 0x0000000100000000)
  eden space 22016K, 0% used [0x00000000d5580000,0x00000000d5580000,0x00000000d6b00000)
  from space 512K, 100% used [0x00000000d6f00000,0x00000000d6f80000,0x00000000d6f80000)
  to   space 2048K, 0% used [0x00000000d6b80000,0x00000000d6b80000,0x00000000d6d80000)
 ParOldGen       total 68608K, used 22781K [0x0000000080000000, 0x0000000084300000, 0x00000000d5580000)
  object space 68608K, 33% used [0x0000000080000000,0x000000008163f4a8,0x0000000084300000)
 Metaspace       used 13473K, committed 14272K, reserved 1114112K
  class space    used 1202K, committed 1536K, reserved 1048576K
}
Event: 11.453 GC heap before
{Heap before GC invocations=15 (full 0):
 PSYoungGen      total 22528K, used 22528K [0x00000000d5580000, 0x00000000d6f80000, 0x0000000100000000)
  eden space 22016K, 100% used [0x00000000d5580000,0x00000000d6b00000,0x00000000d6b00000)
  from space 512K, 100% used [0x00000000d6f00000,0x00000000d6f80000,0x00000000d6f80000)
  to   space 2048K, 0% used [0x00000000d6b80000,0x00000000d6b80000,0x00000000d6d80000)
 ParOldGen       total 68608K, used 22781K [0x0000000080000000, 0x0000000084300000, 0x00000000d5580000)
  object space 68608K, 33% used [0x0000000080000000,0x000000008163f4a8,0x0000000084300000)
 Metaspace       used 13823K, committed 14592K, reserved 1114112K
  class space    used 1216K, committed 1536K, reserved 1048576K
}
Event: 11.456 GC heap after
{Heap after GC invocations=15 (full 0):
 PSYoungGen      total 24064K, used 2031K [0x00000000d5580000, 0x00000000d7100000, 0x0000000100000000)
  eden space 22016K, 0% used [0x00000000d5580000,0x00000000d5580000,0x00000000d6b00000)
  from space 2048K, 99% used [0x00000000d6b80000,0x00000000d6d7bdb0,0x00000000d6d80000)
  to   space 3072K, 0% used [0x00000000d6e00000,0x00000000d6e00000,0x00000000d7100000)
 ParOldGen       total 68608K, used 23413K [0x0000000080000000, 0x0000000084300000, 0x00000000d5580000)
  object space 68608K, 34% used [0x0000000080000000,0x00000000816dd4a8,0x0000000084300000)
 Metaspace       used 13823K, committed 14592K, reserved 1114112K
  class space    used 1216K, committed 1536K, reserved 1048576K
}
Event: 12.128 GC heap before
{Heap before GC invocations=16 (full 0):
 PSYoungGen      total 24064K, used 24047K [0x00000000d5580000, 0x00000000d7100000, 0x0000000100000000)
  eden space 22016K, 100% used [0x00000000d5580000,0x00000000d6b00000,0x00000000d6b00000)
  from space 2048K, 99% used [0x00000000d6b80000,0x00000000d6d7bdb0,0x00000000d6d80000)
  to   space 3072K, 0% used [0x00000000d6e00000,0x00000000d6e00000,0x00000000d7100000)
 ParOldGen       total 68608K, used 23413K [0x0000000080000000, 0x0000000084300000, 0x00000000d5580000)
  object space 68608K, 34% used [0x0000000080000000,0x00000000816dd4a8,0x0000000084300000)
 Metaspace       used 14110K, committed 14848K, reserved 1114112K
  class space    used 1232K, committed 1536K, reserved 1048576K
}
Event: 12.132 GC heap after
{Heap after GC invocations=16 (full 0):
 PSYoungGen      total 20480K, used 3042K [0x00000000d5580000, 0x00000000d7a00000, 0x0000000100000000)
  eden space 17408K, 0% used [0x00000000d5580000,0x00000000d5580000,0x00000000d6680000)
  from space 3072K, 99% used [0x00000000d6e00000,0x00000000d70f88c8,0x00000000d7100000)
  to   space 7680K, 0% used [0x00000000d6680000,0x00000000d6680000,0x00000000d6e00000)
 ParOldGen       total 68608K, used 26920K [0x0000000080000000, 0x0000000084300000, 0x00000000d5580000)
  object space 68608K, 39% used [0x0000000080000000,0x0000000081a4a308,0x0000000084300000)
 Metaspace       used 14110K, committed 14848K, reserved 1114112K
  class space    used 1232K, committed 1536K, reserved 1048576K
}
Event: 12.795 GC heap before
{Heap before GC invocations=17 (full 0):
 PSYoungGen      total 20480K, used 20450K [0x00000000d5580000, 0x00000000d7a00000, 0x0000000100000000)
  eden space 17408K, 100% used [0x00000000d5580000,0x00000000d6680000,0x00000000d6680000)
  from space 3072K, 99% used [0x00000000d6e00000,0x00000000d70f88c8,0x00000000d7100000)
  to   space 7680K, 0% used [0x00000000d6680000,0x00000000d6680000,0x00000000d6e00000)
 ParOldGen       total 68608K, used 26920K [0x0000000080000000, 0x0000000084300000, 0x00000000d5580000)
  object space 68608K, 39% used [0x0000000080000000,0x0000000081a4a308,0x0000000084300000)
 Metaspace       used 14441K, committed 15296K, reserved 1114112K
  class space    used 1257K, committed 1600K, reserved 1048576K
}
Event: 12.798 GC heap after
{Heap after GC invocations=17 (full 0):
 PSYoungGen      total 18944K, used 1248K [0x00000000d5580000, 0x00000000d6e80000, 0x0000000100000000)
  eden space 17408K, 0% used [0x00000000d5580000,0x00000000d5580000,0x00000000d6680000)
  from space 1536K, 81% used [0x00000000d6680000,0x00000000d67b8000,0x00000000d6800000)
  to   space 3584K, 0% used [0x00000000d6b00000,0x00000000d6b00000,0x00000000d6e80000)
 ParOldGen       total 68608K, used 29905K [0x0000000080000000, 0x0000000084300000, 0x00000000d5580000)
  object space 68608K, 43% used [0x0000000080000000,0x0000000081d345d8,0x0000000084300000)
 Metaspace       used 14441K, committed 15296K, reserved 1114112K
  class space    used 1257K, committed 1600K, reserved 1048576K
}
Event: 14.475 GC heap before
{Heap before GC invocations=18 (full 0):
 PSYoungGen      total 18944K, used 18656K [0x00000000d5580000, 0x00000000d6e80000, 0x0000000100000000)
  eden space 17408K, 100% used [0x00000000d5580000,0x00000000d6680000,0x00000000d6680000)
  from space 1536K, 81% used [0x00000000d6680000,0x00000000d67b8000,0x00000000d6800000)
  to   space 3584K, 0% used [0x00000000d6b00000,0x00000000d6b00000,0x00000000d6e80000)
 ParOldGen       total 68608K, used 29905K [0x0000000080000000, 0x0000000084300000, 0x00000000d5580000)
  object space 68608K, 43% used [0x0000000080000000,0x0000000081d345d8,0x0000000084300000)
 Metaspace       used 15342K, committed 16192K, reserved 1114112K
  class space    used 1373K, committed 1728K, reserved 1048576K
}
Event: 14.478 GC heap after
{Heap after GC invocations=18 (full 0):
 PSYoungGen      total 18432K, used 992K [0x00000000d5580000, 0x00000000d6c00000, 0x0000000100000000)
  eden space 17408K, 0% used [0x00000000d5580000,0x00000000d5580000,0x00000000d6680000)
  from space 1024K, 96% used [0x00000000d6b00000,0x00000000d6bf8000,0x00000000d6c00000)
  to   space 1536K, 0% used [0x00000000d6900000,0x00000000d6900000,0x00000000d6a80000)
 ParOldGen       total 68608K, used 30956K [0x0000000080000000, 0x0000000084300000, 0x00000000d5580000)
  object space 68608K, 45% used [0x0000000080000000,0x0000000081e3b308,0x0000000084300000)
 Metaspace       used 15342K, committed 16192K, reserved 1114112K
  class space    used 1373K, committed 1728K, reserved 1048576K
}
Event: 14.909 GC heap before
{Heap before GC invocations=19 (full 0):
 PSYoungGen      total 18432K, used 18379K [0x00000000d5580000, 0x00000000d6c00000, 0x0000000100000000)
  eden space 17408K, 99% used [0x00000000d5580000,0x00000000d667ac40,0x00000000d6680000)
  from space 1024K, 96% used [0x00000000d6b00000,0x00000000d6bf8000,0x00000000d6c00000)
  to   space 1536K, 0% used [0x00000000d6900000,0x00000000d6900000,0x00000000d6a80000)
 ParOldGen       total 68608K, used 30956K [0x0000000080000000, 0x0000000084300000, 0x00000000d5580000)
  object space 68608K, 45% used [0x0000000080000000,0x0000000081e3b308,0x0000000084300000)
 Metaspace       used 15594K, committed 16384K, reserved 1114112K
  class space    used 1404K, committed 1728K, reserved 1048576K
}
Event: 14.912 GC heap after
{Heap after GC invocations=19 (full 0):
 PSYoungGen      total 18944K, used 918K [0x00000000d5580000, 0x00000000d6b80000, 0x0000000100000000)
  eden space 17408K, 0% used [0x00000000d5580000,0x00000000d5580000,0x00000000d6680000)
  from space 1536K, 59% used [0x00000000d6900000,0x00000000d69e59d0,0x00000000d6a80000)
  to   space 1024K, 0% used [0x00000000d6a80000,0x00000000d6a80000,0x00000000d6b80000)
 ParOldGen       total 68608K, used 31812K [0x0000000080000000, 0x0000000084300000, 0x00000000d5580000)
  object space 68608K, 46% used [0x0000000080000000,0x0000000081f11308,0x0000000084300000)
 Metaspace       used 15594K, committed 16384K, reserved 1114112K
  class space    used 1404K, committed 1728K, reserved 1048576K
}
Event: 15.363 GC heap before
{Heap before GC invocations=20 (full 0):
 PSYoungGen      total 18944K, used 18326K [0x00000000d5580000, 0x00000000d6b80000, 0x0000000100000000)
  eden space 17408K, 100% used [0x00000000d5580000,0x00000000d6680000,0x00000000d6680000)
  from space 1536K, 59% used [0x00000000d6900000,0x00000000d69e59d0,0x00000000d6a80000)
  to   space 1024K, 0% used [0x00000000d6a80000,0x00000000d6a80000,0x00000000d6b80000)
 ParOldGen       total 68608K, used 31812K [0x0000000080000000, 0x0000000084300000, 0x00000000d5580000)
  object space 68608K, 46% used [0x0000000080000000,0x0000000081f11308,0x0000000084300000)
 Metaspace       used 15977K, committed 16768K, reserved 1114112K
  class space    used 1459K, committed 1792K, reserved 1048576K
}
Event: 15.372 GC heap after
{Heap after GC invocations=20 (full 0):
 PSYoungGen      total 18432K, used 1023K [0x00000000d5580000, 0x00000000d6b80000, 0x0000000100000000)
  eden space 17408K, 0% used [0x00000000d5580000,0x00000000d5580000,0x00000000d6680000)
  from space 1024K, 99% used [0x00000000d6a80000,0x00000000d6b7fc38,0x00000000d6b80000)
  to   space 2048K, 0% used [0x00000000d6780000,0x00000000d6780000,0x00000000d6980000)
 ParOldGen       total 68608K, used 32656K [0x0000000080000000, 0x0000000084300000, 0x00000000d5580000)
  object space 68608K, 47% used [0x0000000080000000,0x0000000081fe43c0,0x0000000084300000)
 Metaspace       used 15977K, committed 16768K, reserved 1114112K
  class space    used 1459K, committed 1792K, reserved 1048576K
}

