# JRE version: OpenJDK Runtime Environment Temurin-21.0.9+10 (21.0.9+10) (build 21.0.9+10-LTS)
# Java VM: OpenJDK 64-Bit Server VM Temurin-21.0.9+10 (21.0.9+10-LTS, mixed mode, sharing, tiered, compressed oops, compressed class ptrs, parallel gc, windows-amd64)
GC Precious Log:
 CardTable entry size: 512
 CPUs: 8 total, 8 available
 Memory: 15610M
 Large Page Support: Disabled
 NUMA Support: Disabled
 Compressed Oops: Enabled (32-bit)
 Alignments: Space 512K, Generation 512K, Heap 2M
 Heap Min Capacity: 100M
 Heap Initial Capacity: 100M
 Heap Max Capacity: 2G
 Pre-touch: Disabled
 Parallel Workers: 8
Heap:
 PSYoungGen      total 14848K, used 13370K [0x00000000d5580000, 0x00000000d6a80000, 0x0000000100000000)
  eden space 14336K, 89% used [0x00000000d5580000,0x00000000d6212288,0x00000000d6380000)
  from space 512K, 97% used [0x00000000d6600000,0x00000000d667c710,0x00000000d6680000)
  to   space 2560K, 0% used [0x00000000d6380000,0x00000000d6380000,0x00000000d6600000)
 ParOldGen       total 96768K, used 96279K [0x0000000080000000, 0x0000000085e80000, 0x00000000d5580000)
  object space 96768K, 99% used [0x0000000080000000,0x0000000085e05ec8,0x0000000085e80000)
 Metaspace       used 26093K, committed 27072K, reserved 1114112K
  class space    used 2262K, committed 2624K, reserved 1048576K
GC Heap History (20 events):
Event: 14.669 GC heap before
{Heap before GC invocations=118 (full 1):
 PSYoungGen      total 11264K, used 11072K [0x00000000d5580000, 0x00000000d6580000, 0x0000000100000000)
  eden space 10752K, 100% used [0x00000000d5580000,0x00000000d6000000,0x00000000d6000000)
  from space 512K, 62% used [0x00000000d6500000,0x00000000d6550000,0x00000000d6580000)
  to   space 512K, 0% used [0x00000000d6480000,0x00000000d6480000,0x00000000d6500000)
 ParOldGen       total 92160K, used 92067K [0x0000000080000000, 0x0000000085a00000, 0x00000000d5580000)
  object space 92160K, 99% used [0x0000000080000000,0x00000000859e8c38,0x0000000085a00000)
 Metaspace       used 25188K, committed 26176K, reserved 1114112K
  class space    used 2190K, committed 2560K, reserved 1048576K
}
Event: 14.671 GC heap after
{Heap after GC invocations=118 (full 1):
 PSYoungGen      total 11264K, used 402K [0x00000000d5580000, 0x00000000d6580000, 0x0000000100000000)
  eden space 10752K, 0% used [0x00000000d5580000,0x00000000d5580000,0x00000000d6000000)
  from space 512K, 78% used [0x00000000d6480000,0x00000000d64e4940,0x00000000d6500000)
  to   space 512K, 0% used [0x00000000d6500000,0x00000000d6500000,0x00000000d6580000)
 ParOldGen       total 92672K, used 92221K [0x0000000080000000, 0x0000000085a80000, 0x00000000d5580000)
  object space 92672K, 99% used [0x0000000080000000,0x0000000085a0f580,0x0000000085a80000)
 Metaspace       used 25188K, committed 26176K, reserved 1114112K
  class space    used 2190K, committed 2560K, reserved 1048576K
}
Event: 14.688 GC heap before
{Heap before GC invocations=119 (full 1):
 PSYoungGen      total 11264K, used 11154K [0x00000000d5580000, 0x00000000d6580000, 0x0000000100000000)
  eden space 10752K, 100% used [0x00000000d5580000,0x00000000d6000000,0x00000000d6000000)
  from space 512K, 78% used [0x00000000d6480000,0x00000000d64e4940,0x00000000d6500000)
  to   space 512K, 0% used [0x00000000d6500000,0x00000000d6500000,0x00000000d6580000)
 ParOldGen       total 92672K, used 92221K [0x0000000080000000, 0x0000000085a80000, 0x00000000d5580000)
  object space 92672K, 99% used [0x0000000080000000,0x0000000085a0f580,0x0000000085a80000)
 Metaspace       used 25189K, committed 26176K, reserved 1114112K
  class space    used 2190K, committed 2560K, reserved 1048576K
}
Event: 14.690 GC heap after
{Heap after GC invocations=119 (full 1):
 PSYoungGen      total 11264K, used 416K [0x00000000d5580000, 0x00000000d6580000, 0x0000000100000000)
  eden space 10752K, 0% used [0x00000000d5580000,0x00000000d5580000,0x00000000d6000000)
  from space 512K, 81% used [0x00000000d6500000,0x00000000d6568000,0x00000000d6580000)
  to   space 512K, 0% used [0x00000000d6480000,0x00000000d6480000,0x00000000d6500000)
 ParOldGen       total 92672K, used 92467K [0x0000000080000000, 0x0000000085a80000, 0x00000000d5580000)
  object space 92672K, 99% used [0x0000000080000000,0x0000000085a4ccf0,0x0000000085a80000)
 Metaspace       used 25189K, committed 26176K, reserved 1114112K
  class space    used 2190K, committed 2560K, reserved 1048576K
}
Event: 14.715 GC heap before
{Heap before GC invocations=120 (full 1):
 PSYoungGen      total 11264K, used 11168K [0x00000000d5580000, 0x00000000d6580000, 0x0000000100000000)
  eden space 10752K, 100% used [0x00000000d5580000,0x00000000d6000000,0x00000000d6000000)
  from space 512K, 81% used [0x00000000d6500000,0x00000000d6568000,0x00000000d6580000)
  to   space 512K, 0% used [0x00000000d6480000,0x00000000d6480000,0x00000000d6500000)
 ParOldGen       total 92672K, used 92467K [0x0000000080000000, 0x0000000085a80000, 0x00000000d5580000)
  object space 92672K, 99% used [0x0000000080000000,0x0000000085a4ccf0,0x0000000085a80000)
 Metaspace       used 25190K, committed 26176K, reserved 1114112K
  class space    used 2190K, committed 2560K, reserved 1048576K
}
Event: 14.717 GC heap after
{Heap after GC invocations=120 (full 1):
 PSYoungGen      total 11264K, used 467K [0x00000000d5580000, 0x00000000d6580000, 0x0000000100000000)
  eden space 10752K, 0% used [0x00000000d5580000,0x00000000d5580000,0x00000000d6000000)
  from space 512K, 91% used [0x00000000d6480000,0x00000000d64f4fd0,0x00000000d6500000)
  to   space 512K, 0% used [0x00000000d6500000,0x00000000d6500000,0x00000000d6580000)
 ParOldGen       total 92672K, used 92653K [0x0000000080000000, 0x0000000085a80000, 0x00000000d5580000)
  object space 92672K, 99% used [0x0000000080000000,0x0000000085a7b770,0x0000000085a80000)
 Metaspace       used 25190K, committed 26176K, reserved 1114112K
  class space    used 2190K, committed 2560K, reserved 1048576K
}
Event: 14.732 GC heap before
{Heap before GC invocations=121 (full 1):
 PSYoungGen      total 11264K, used 11219K [0x00000000d5580000, 0x00000000d6580000, 0x0000000100000000)
  eden space 10752K, 100% used [0x00000000d5580000,0x00000000d6000000,0x00000000d6000000)
  from space 512K, 91% used [0x00000000d6480000,0x00000000d64f4fd0,0x00000000d6500000)
  to   space 512K, 0% used [0x00000000d6500000,0x00000000d6500000,0x00000000d6580000)
 ParOldGen       total 92672K, used 92653K [0x0000000080000000, 0x0000000085a80000, 0x00000000d5580000)
  object space 92672K, 99% used [0x0000000080000000,0x0000000085a7b770,0x0000000085a80000)
 Metaspace       used 25191K, committed 26176K, reserved 1114112K
  class space    used 2190K, committed 2560K, reserved 1048576K
}
Event: 15.740 GC heap after
{Heap after GC invocations=121 (full 1):
 PSYoungGen      total 13824K, used 389K [0x00000000d5580000, 0x00000000d6580000, 0x0000000100000000)
  eden space 13312K, 0% used [0x00000000d5580000,0x00000000d5580000,0x00000000d6280000)
  from space 512K, 76% used [0x00000000d6500000,0x00000000d65615f8,0x00000000d6580000)
  to   space 512K, 0% used [0x00000000d6480000,0x00000000d6480000,0x00000000d6500000)
 ParOldGen       total 93184K, used 92867K [0x0000000080000000, 0x0000000085b00000, 0x00000000d5580000)
  object space 93184K, 99% used [0x0000000080000000,0x0000000085ab0e98,0x0000000085b00000)
 Metaspace       used 25191K, committed 26176K, reserved 1114112K
  class space    used 2190K, committed 2560K, reserved 1048576K
}
Event: 15.756 GC heap before
{Heap before GC invocations=122 (full 1):
 PSYoungGen      total 13824K, used 13701K [0x00000000d5580000, 0x00000000d6580000, 0x0000000100000000)
  eden space 13312K, 100% used [0x00000000d5580000,0x00000000d6280000,0x00000000d6280000)
  from space 512K, 76% used [0x00000000d6500000,0x00000000d65615f8,0x00000000d6580000)
  to   space 512K, 0% used [0x00000000d6480000,0x00000000d6480000,0x00000000d6500000)
 ParOldGen       total 93184K, used 92867K [0x0000000080000000, 0x0000000085b00000, 0x00000000d5580000)
  object space 93184K, 99% used [0x0000000080000000,0x0000000085ab0e98,0x0000000085b00000)
 Metaspace       used 25211K, committed 26176K, reserved 1114112K
  class space    used 2190K, committed 2560K, reserved 1048576K
}
Event: 15.758 GC heap after
{Heap after GC invocations=122 (full 1):
 PSYoungGen      total 15872K, used 404K [0x00000000d5580000, 0x00000000d6680000, 0x0000000100000000)
  eden space 15360K, 0% used [0x00000000d5580000,0x00000000d5580000,0x00000000d6480000)
  from space 512K, 79% used [0x00000000d6480000,0x00000000d64e5320,0x00000000d6500000)
  to   space 512K, 0% used [0x00000000d6600000,0x00000000d6600000,0x00000000d6680000)
 ParOldGen       total 93184K, used 93035K [0x0000000080000000, 0x0000000085b00000, 0x00000000d5580000)
  object space 93184K, 99% used [0x0000000080000000,0x0000000085adae48,0x0000000085b00000)
 Metaspace       used 25211K, committed 26176K, reserved 1114112K
  class space    used 2190K, committed 2560K, reserved 1048576K
}
Event: 15.774 GC heap before
{Heap before GC invocations=123 (full 1):
 PSYoungGen      total 15872K, used 15764K [0x00000000d5580000, 0x00000000d6680000, 0x0000000100000000)
  eden space 15360K, 100% used [0x00000000d5580000,0x00000000d6480000,0x00000000d6480000)
  from space 512K, 79% used [0x00000000d6480000,0x00000000d64e5320,0x00000000d6500000)
  to   space 512K, 0% used [0x00000000d6600000,0x00000000d6600000,0x00000000d6680000)
 ParOldGen       total 93184K, used 93035K [0x0000000080000000, 0x0000000085b00000, 0x00000000d5580000)
  object space 93184K, 99% used [0x0000000080000000,0x0000000085adae48,0x0000000085b00000)
 Metaspace       used 25230K, committed 26240K, reserved 1114112K
  class space    used 2190K, committed 2560K, reserved 1048576K
}
Event: 15.776 GC heap after
{Heap after GC invocations=123 (full 1):
 PSYoungGen      total 16896K, used 480K [0x00000000d5580000, 0x00000000d6880000, 0x0000000100000000)
  eden space 16384K, 0% used [0x00000000d5580000,0x00000000d5580000,0x00000000d6580000)
  from space 512K, 93% used [0x00000000d6600000,0x00000000d66781b0,0x00000000d6680000)
  to   space 512K, 0% used [0x00000000d6580000,0x00000000d6580000,0x00000000d6600000)
 ParOldGen       total 93696K, used 93269K [0x0000000080000000, 0x0000000085b80000, 0x00000000d5580000)
  object space 93696K, 99% used [0x0000000080000000,0x0000000085b155a0,0x0000000085b80000)
 Metaspace       used 25230K, committed 26240K, reserved 1114112K
  class space    used 2190K, committed 2560K, reserved 1048576K
}
Event: 15.797 GC heap before
{Heap before GC invocations=124 (full 1):
 PSYoungGen      total 16896K, used 16864K [0x00000000d5580000, 0x00000000d6880000, 0x0000000100000000)
  eden space 16384K, 100% used [0x00000000d5580000,0x00000000d6580000,0x00000000d6580000)
  from space 512K, 93% used [0x00000000d6600000,0x00000000d66781b0,0x00000000d6680000)
  to   space 512K, 0% used [0x00000000d6580000,0x00000000d6580000,0x00000000d6600000)
 ParOldGen       total 93696K, used 93269K [0x0000000080000000, 0x0000000085b80000, 0x00000000d5580000)
  object space 93696K, 99% used [0x0000000080000000,0x0000000085b155a0,0x0000000085b80000)
 Metaspace       used 25232K, committed 26240K, reserved 1114112K
  class space    used 2191K, committed 2560K, reserved 1048576K
}
Event: 15.798 GC heap after
{Heap after GC invocations=124 (full 1):
 PSYoungGen      total 16896K, used 416K [0x00000000d5580000, 0x00000000d6680000, 0x0000000100000000)
  eden space 16384K, 0% used [0x00000000d5580000,0x00000000d5580000,0x00000000d6580000)
  from space 512K, 81% used [0x00000000d6580000,0x00000000d65e8000,0x00000000d6600000)
  to   space 512K, 0% used [0x00000000d6600000,0x00000000d6600000,0x00000000d6680000)
 ParOldGen       total 93696K, used 93634K [0x0000000080000000, 0x0000000085b80000, 0x00000000d5580000)
  object space 93696K, 99% used [0x0000000080000000,0x0000000085b70a08,0x0000000085b80000)
 Metaspace       used 25232K, committed 26240K, reserved 1114112K
  class space    used 2191K, committed 2560K, reserved 1048576K
}
Event: 15.833 GC heap before
{Heap before GC invocations=125 (full 1):
 PSYoungGen      total 16896K, used 16800K [0x00000000d5580000, 0x00000000d6680000, 0x0000000100000000)
  eden space 16384K, 100% used [0x00000000d5580000,0x00000000d6580000,0x00000000d6580000)
  from space 512K, 81% used [0x00000000d6580000,0x00000000d65e8000,0x00000000d6600000)
  to   space 512K, 0% used [0x00000000d6600000,0x00000000d6600000,0x00000000d6680000)
 ParOldGen       total 93696K, used 93634K [0x0000000080000000, 0x0000000085b80000, 0x00000000d5580000)
  object space 93696K, 99% used [0x0000000080000000,0x0000000085b70a08,0x0000000085b80000)
 Metaspace       used 25241K, committed 26240K, reserved 1114112K
  class space    used 2191K, committed 2560K, reserved 1048576K
}
Event: 15.834 GC heap after
{Heap after GC invocations=125 (full 1):
 PSYoungGen      total 16896K, used 448K [0x00000000d5580000, 0x00000000d6680000, 0x0000000100000000)
  eden space 16384K, 0% used [0x00000000d5580000,0x00000000d5580000,0x00000000d6580000)
  from space 512K, 87% used [0x00000000d6600000,0x00000000d6670000,0x00000000d6680000)
  to   space 512K, 0% used [0x00000000d6580000,0x00000000d6580000,0x00000000d6600000)
 ParOldGen       total 94208K, used 93882K [0x0000000080000000, 0x0000000085c00000, 0x00000000d5580000)
  object space 94208K, 99% used [0x0000000080000000,0x0000000085baea08,0x0000000085c00000)
 Metaspace       used 25241K, committed 26240K, reserved 1114112K
  class space    used 2191K, committed 2560K, reserved 1048576K
}
Event: 15.863 GC heap before
{Heap before GC invocations=126 (full 1):
 PSYoungGen      total 16896K, used 16832K [0x00000000d5580000, 0x00000000d6680000, 0x0000000100000000)
  eden space 16384K, 100% used [0x00000000d5580000,0x00000000d6580000,0x00000000d6580000)
  from space 512K, 87% used [0x00000000d6600000,0x00000000d6670000,0x00000000d6680000)
  to   space 512K, 0% used [0x00000000d6580000,0x00000000d6580000,0x00000000d6600000)
 ParOldGen       total 94208K, used 93882K [0x0000000080000000, 0x0000000085c00000, 0x00000000d5580000)
  object space 94208K, 99% used [0x0000000080000000,0x0000000085baea08,0x0000000085c00000)
 Metaspace       used 25244K, committed 26240K, reserved 1114112K
  class space    used 2191K, committed 2560K, reserved 1048576K
}
Event: 15.865 GC heap after
{Heap after GC invocations=126 (full 1):
 PSYoungGen      total 16896K, used 384K [0x00000000d5580000, 0x00000000d6680000, 0x0000000100000000)
  eden space 16384K, 0% used [0x00000000d5580000,0x00000000d5580000,0x00000000d6580000)
  from space 512K, 75% used [0x00000000d6580000,0x00000000d65e0000,0x00000000d6600000)
  to   space 512K, 0% used [0x00000000d6600000,0x00000000d6600000,0x00000000d6680000)
 ParOldGen       total 95232K, used 94914K [0x0000000080000000, 0x0000000085d00000, 0x00000000d5580000)
  object space 95232K, 99% used [0x0000000080000000,0x0000000085cb0a08,0x0000000085d00000)
 Metaspace       used 25244K, committed 26240K, reserved 1114112K
  class space    used 2191K, committed 2560K, reserved 1048576K
}
Event: 15.952 GC heap before
{Heap before GC invocations=127 (full 1):
 PSYoungGen      total 16896K, used 16768K [0x00000000d5580000, 0x00000000d6680000, 0x0000000100000000)
  eden space 16384K, 100% used [0x00000000d5580000,0x00000000d6580000,0x00000000d6580000)
  from space 512K, 75% used [0x00000000d6580000,0x00000000d65e0000,0x00000000d6600000)
  to   space 512K, 0% used [0x00000000d6600000,0x00000000d6600000,0x00000000d6680000)
 ParOldGen       total 95232K, used 94914K [0x0000000080000000, 0x0000000085d00000, 0x00000000d5580000)
  object space 95232K, 99% used [0x0000000080000000,0x0000000085cb0a08,0x0000000085d00000)
 Metaspace       used 25369K, committed 26368K, reserved 1114112K
  class space    used 2210K, committed 2624K, reserved 1048576K
}
Event: 15.954 GC heap after
{Heap after GC invocations=127 (full 1):
 PSYoungGen      total 14848K, used 497K [0x00000000d5580000, 0x00000000d6a80000, 0x0000000100000000)
  eden space 14336K, 0% used [0x00000000d5580000,0x00000000d5580000,0x00000000d6380000)
  from space 512K, 97% used [0x00000000d6600000,0x00000000d667c710,0x00000000d6680000)
  to   space 2560K, 0% used [0x00000000d6380000,0x00000000d6380000,0x00000000d6600000)
 ParOldGen       total 96768K, used 96279K [0x0000000080000000, 0x0000000085e80000, 0x00000000d5580000)
  object space 96768K, 99% used [0x0000000080000000,0x0000000085e05ec8,0x0000000085e80000)
 Metaspace       used 25369K, committed 26368K, reserved 1114112K
  class space    used 2210K, committed 2624K, reserved 1048576K
}

